Removed Parameter LatestRevisionDate:17-Jul-2002 from Part R8
Removed Parameter LatestRevisionDate:17-Jul-2002 from Part R31
Removed Parameter LatestRevisionNote:Re-released for DXP Platform. from Part R8
Removed Parameter LatestRevisionNote:Re-released for DXP Platform. from Part R31
Removed Parameter Manufacturer:Abracon from Part U1
Removed Parameter Manufacturer:KEMET from Part C1
Removed Parameter Manufacturer:Lite-On from Part D1
Removed Parameter Manufacturer:Lite-On from Part D4
Removed Parameter Mfr Part No:ASE-25.000MHZ-LC-T from Part U1
Removed Parameter Mfr Part No:C0402T104K4RACTU from Part C1
Removed Parameter Mfr Part No:LTST-C193KRKT-5A from Part D1
Removed Parameter Mfr Part No:LTST-C193KRKT-5A from Part D4
Removed Parameter Package:0402 from Part C1
Removed Parameter Package:0603 from Part D1
Removed Parameter Package:0603 from Part D4
Removed Parameter Package:SMD from Part U1
Removed Parameter PackageDescription:Axial Device, Thru-Hole; 2 Leads; 0.3 in Pin Spacing from Part R8
Removed Parameter PackageDescription:Axial Device, Thru-Hole; 2 Leads; 0.3 in Pin Spacing from Part R31
Removed Parameter PackageReference:AXIAL-0.3 from Part R8
Removed Parameter PackageReference:AXIAL-0.3 from Part R31
Removed Parameter Price:0.1 from Part C1
Removed Parameter Price:0.28 from Part D1
Removed Parameter Price:0.28 from Part D4
Removed Parameter Price:1.5 from Part U1
Removed Parameter Published:8-Jun-2000 from Part R8
Removed Parameter Published:8-Jun-2000 from Part R31
Removed Parameter Publisher:Altium Limited from Part R8
Removed Parameter Publisher:Altium Limited from Part R31
Removed Parameter SPLIT_INST:TRUE from Part P1
Removed Parameter SPLIT_INST:TRUE from Part P1
Removed Parameter SPLIT_INST:TRUE from Part P1
Removed Parameter SPLIT_INST:TRUE from Part P1
Removed Parameter SPLIT_INST:TRUE from Part P1
Removed Parameter SPLIT_INST:TRUE from Part P1
Removed Parameter SPLIT_INST:TRUE from Part P1
Removed Parameter SPLIT_INST:TRUE from Part P1
Removed Parameter SPLIT_INST:TRUE from Part P1
Removed Parameter Stockiest:MOUSER from Part C1
Removed Parameter Stockiest:MOUSER from Part D1
Removed Parameter Stockiest:MOUSER from Part D4
Removed Parameter Stockiest:MOUSER from Part U1
Removed Parameter Stockiest Part No:80-C0402T104K4RACTU from Part C1
Removed Parameter Stockiest Part No:815-ASE25.000MHZLCT from Part U1
Removed Parameter Stockiest Part No:859-LTSTC193KRKT5A from Part D1
Removed Parameter Stockiest Part No:859-LTSTC193KRKT5A from Part D4
Removed Parameter SWAP_INFO:(S1+S2+S3+S4+S5+S6+S7+S8+S9+S10+S11+S12) from Part P1
Removed Parameter SWAP_INFO:(S1+S2+S3+S4+S5+S6+S7+S8+S9+S10+S11+S12) from Part P1
Removed Parameter SWAP_INFO:(S1+S2+S3+S4+S5+S6+S7+S8+S9+S10+S11+S12) from Part P1
Removed Parameter SWAP_INFO:(S1+S2+S3+S4+S5+S6+S7+S8+S9+S10+S11+S12) from Part P1
Removed Parameter SWAP_INFO:(S1+S2+S3+S4+S5+S6+S7+S8+S9+S10+S11+S12) from Part P1
Removed Parameter SWAP_INFO:(S1+S2+S3+S4+S5+S6+S7+S8+S9+S10+S11+S12) from Part P1
Removed Parameter SWAP_INFO:(S1+S2+S3+S4+S5+S6+S7+S8+S9+S10+S11+S12) from Part P1
Removed Parameter SWAP_INFO:(S1+S2+S3+S4+S5+S6+S7+S8+S9+S10+S11+S12) from Part P1
Removed Parameter SWAP_INFO:(S1+S2+S3+S4+S5+S6+S7+S8+S9+S10+S11+S12) from Part P1
Removed Parameter Value:0.1uF/16V from Part C1
Removed Parameter Value:25MHZ from Part U1
Removed Parameter Value:270R from Part R8
Removed Parameter Value:270R from Part R31
Removed Parameter Value:RED from Part D1
Removed Parameter Value:RED from Part D4
