Added Parameter Mfr= to Part C2
Added Parameter Mfr= to Part C3
Added Parameter Mfr= to Part C4
Added Parameter Mfr= to Part C5
Added Parameter Mfr= to Part C6
Added Parameter Mfr= to Part C7
Added Parameter Mfr= to Part C8
Added Parameter Mfr= to Part C9
Added Parameter Mfr= to Part C10
Added Parameter Mfr= to Part L1
Added Parameter Mfr= to Part L2
Added Parameter Mfr= to Part L3
Added Parameter Mfr= to Part P1
Added Parameter Mfr= to Part P1
Added Parameter Mfr Part No= to Part C2
Added Parameter Mfr Part No= to Part C3
Added Parameter Mfr Part No= to Part C4
Added Parameter Mfr Part No= to Part C5
Added Parameter Mfr Part No= to Part C6
Added Parameter Mfr Part No= to Part C7
Added Parameter Mfr Part No= to Part C8
Added Parameter Mfr Part No= to Part C9
Added Parameter Mfr Part No= to Part C10
Added Parameter Mfr Part No= to Part L1
Added Parameter Mfr Part No= to Part L2
Added Parameter Mfr Part No= to Part L3
Added Parameter Mfr Part No= to Part P1
Added Parameter Mfr Part No= to Part P1
Added Parameter Package= to Part C2
Added Parameter Package= to Part C3
Added Parameter Package= to Part C4
Added Parameter Package= to Part C5
Added Parameter Package= to Part C6
Added Parameter Package= to Part C7
Added Parameter Package= to Part C8
Added Parameter Package= to Part C9
Added Parameter Package= to Part C10
Added Parameter Package= to Part L1
Added Parameter Package= to Part L2
Added Parameter Package= to Part L3
Added Parameter Package= to Part P1
Added Parameter Package= to Part P1
Added Parameter Price= to Part C2
Added Parameter Price= to Part C3
Added Parameter Price= to Part C4
Added Parameter Price= to Part C5
Added Parameter Price= to Part C6
Added Parameter Price= to Part C7
Added Parameter Price= to Part C8
Added Parameter Price= to Part C9
Added Parameter Price= to Part C10
Added Parameter Price= to Part L1
Added Parameter Price= to Part L2
Added Parameter Price= to Part L3
Added Parameter Price= to Part P1
Added Parameter Price= to Part P1
Added Parameter Stockiest= to Part C2
Added Parameter Stockiest= to Part C3
Added Parameter Stockiest= to Part C4
Added Parameter Stockiest= to Part C5
Added Parameter Stockiest= to Part C6
Added Parameter Stockiest= to Part C7
Added Parameter Stockiest= to Part C8
Added Parameter Stockiest= to Part C9
Added Parameter Stockiest= to Part C10
Added Parameter Stockiest= to Part L1
Added Parameter Stockiest= to Part L2
Added Parameter Stockiest= to Part L3
Added Parameter Stockiest= to Part P1
Added Parameter Stockiest= to Part P1
Added Parameter Stockiest Part No= to Part C2
Added Parameter Stockiest Part No= to Part C3
Added Parameter Stockiest Part No= to Part C4
Added Parameter Stockiest Part No= to Part C5
Added Parameter Stockiest Part No= to Part C6
Added Parameter Stockiest Part No= to Part C7
Added Parameter Stockiest Part No= to Part C8
Added Parameter Stockiest Part No= to Part C9
Added Parameter Stockiest Part No= to Part C10
Added Parameter Stockiest Part No= to Part L1
Added Parameter Stockiest Part No= to Part L2
Added Parameter Stockiest Part No= to Part L3
Added Parameter Stockiest Part No= to Part P1
Added Parameter Stockiest Part No= to Part P1
Added Parameter Value= to Part C2
Added Parameter Value= to Part C3
Added Parameter Value= to Part C4
Added Parameter Value= to Part C5
Added Parameter Value= to Part C6
Added Parameter Value= to Part C7
Added Parameter Value= to Part C8
Added Parameter Value= to Part C9
Added Parameter Value= to Part C10
Added Parameter Value= to Part L1
Added Parameter Value= to Part L2
Added Parameter Value= to Part L3
Added Parameter Value= to Part P1
Added Parameter Value= to Part P1
