Removed Parameter LatestRevisionDate:17-Jul-2002 from Part R1
Removed Parameter LatestRevisionDate:17-Jul-2002 from Part R2
Removed Parameter LatestRevisionDate:17-Jul-2002 from Part R3
Removed Parameter LatestRevisionDate:17-Jul-2002 from Part R4
Removed Parameter LatestRevisionDate:17-Jul-2002 from Part R5
Removed Parameter LatestRevisionDate:17-Jul-2002 from Part R6
Removed Parameter LatestRevisionDate:17-Jul-2002 from Part R7
Removed Parameter LatestRevisionNote:Re-released for DXP Platform. from Part R1
Removed Parameter LatestRevisionNote:Re-released for DXP Platform. from Part R2
Removed Parameter LatestRevisionNote:Re-released for DXP Platform. from Part R3
Removed Parameter LatestRevisionNote:Re-released for DXP Platform. from Part R4
Removed Parameter LatestRevisionNote:Re-released for DXP Platform. from Part R5
Removed Parameter LatestRevisionNote:Re-released for DXP Platform. from Part R6
Removed Parameter LatestRevisionNote:Re-released for DXP Platform. from Part R7
Removed Parameter PackageDescription:Axial Device, Thru-Hole; 2 Leads; 0.3 in Pin Spacing from Part R1
Removed Parameter PackageDescription:Axial Device, Thru-Hole; 2 Leads; 0.3 in Pin Spacing from Part R2
Removed Parameter PackageDescription:Axial Device, Thru-Hole; 2 Leads; 0.3 in Pin Spacing from Part R3
Removed Parameter PackageDescription:Axial Device, Thru-Hole; 2 Leads; 0.3 in Pin Spacing from Part R4
Removed Parameter PackageDescription:Axial Device, Thru-Hole; 2 Leads; 0.3 in Pin Spacing from Part R5
Removed Parameter PackageDescription:Axial Device, Thru-Hole; 2 Leads; 0.3 in Pin Spacing from Part R6
Removed Parameter PackageDescription:Axial Device, Thru-Hole; 2 Leads; 0.3 in Pin Spacing from Part R7
Removed Parameter PackageReference:AXIAL-0.3 from Part R1
Removed Parameter PackageReference:AXIAL-0.3 from Part R2
Removed Parameter PackageReference:AXIAL-0.3 from Part R3
Removed Parameter PackageReference:AXIAL-0.3 from Part R4
Removed Parameter PackageReference:AXIAL-0.3 from Part R5
Removed Parameter PackageReference:AXIAL-0.3 from Part R6
Removed Parameter PackageReference:AXIAL-0.3 from Part R7
Removed Parameter Published:8-Jun-2000 from Part R1
Removed Parameter Published:8-Jun-2000 from Part R2
Removed Parameter Published:8-Jun-2000 from Part R3
Removed Parameter Published:8-Jun-2000 from Part R4
Removed Parameter Published:8-Jun-2000 from Part R5
Removed Parameter Published:8-Jun-2000 from Part R6
Removed Parameter Published:8-Jun-2000 from Part R7
Removed Parameter Publisher:Altium Limited from Part R1
Removed Parameter Publisher:Altium Limited from Part R2
Removed Parameter Publisher:Altium Limited from Part R3
Removed Parameter Publisher:Altium Limited from Part R4
Removed Parameter Publisher:Altium Limited from Part R5
Removed Parameter Publisher:Altium Limited from Part R6
Removed Parameter Publisher:Altium Limited from Part R7
Removed Parameter SPLIT_INST:TRUE from Part P1
Removed Parameter SWAP_INFO:(S1+S2+S3+S4+S5+S6+S7+S8+S9+S10+S11+S12) from Part P1
Removed Parameter Value:10K from Part R1
Removed Parameter Value:10K from Part R2
Removed Parameter Value:10K from Part R3
Removed Parameter Value:10K from Part R4
Removed Parameter Value:10K from Part R5
Removed Parameter Value:10K from Part R6
Removed Parameter Value:10K from Part R7
