Added Parameter Mfr= to Part P1
Added Parameter Mfr= to Part R1
Added Parameter Mfr= to Part R2
Added Parameter Mfr= to Part R3
Added Parameter Mfr= to Part R4
Added Parameter Mfr= to Part R5
Added Parameter Mfr= to Part R6
Added Parameter Mfr= to Part R7
Added Parameter Mfr Part No= to Part P1
Added Parameter Mfr Part No= to Part R1
Added Parameter Mfr Part No= to Part R2
Added Parameter Mfr Part No= to Part R3
Added Parameter Mfr Part No= to Part R4
Added Parameter Mfr Part No= to Part R5
Added Parameter Mfr Part No= to Part R6
Added Parameter Mfr Part No= to Part R7
Added Parameter Package= to Part P1
Added Parameter Package= to Part R1
Added Parameter Package= to Part R2
Added Parameter Package= to Part R3
Added Parameter Package= to Part R4
Added Parameter Package= to Part R5
Added Parameter Package= to Part R6
Added Parameter Package= to Part R7
Added Parameter Price= to Part P1
Added Parameter Price= to Part R1
Added Parameter Price= to Part R2
Added Parameter Price= to Part R3
Added Parameter Price= to Part R4
Added Parameter Price= to Part R5
Added Parameter Price= to Part R6
Added Parameter Price= to Part R7
Added Parameter Stockiest= to Part P1
Added Parameter Stockiest= to Part R1
Added Parameter Stockiest= to Part R2
Added Parameter Stockiest= to Part R3
Added Parameter Stockiest= to Part R4
Added Parameter Stockiest= to Part R5
Added Parameter Stockiest= to Part R6
Added Parameter Stockiest= to Part R7
Added Parameter Stockiest Part No= to Part P1
Added Parameter Stockiest Part No= to Part R1
Added Parameter Stockiest Part No= to Part R2
Added Parameter Stockiest Part No= to Part R3
Added Parameter Stockiest Part No= to Part R4
Added Parameter Stockiest Part No= to Part R5
Added Parameter Stockiest Part No= to Part R6
Added Parameter Stockiest Part No= to Part R7
Added Parameter Value= to Part P1
Added Parameter Value= to Part R1
Added Parameter Value= to Part R2
Added Parameter Value= to Part R3
Added Parameter Value= to Part R4
Added Parameter Value= to Part R5
Added Parameter Value= to Part R6
Added Parameter Value= to Part R7
