Removed Parameter LatestRevisionDate:17-Jul-2002 from Part C2
Removed Parameter LatestRevisionDate:17-Jul-2002 from Part C3
Removed Parameter LatestRevisionDate:17-Jul-2002 from Part C4
Removed Parameter LatestRevisionDate:17-Jul-2002 from Part C5
Removed Parameter LatestRevisionDate:17-Jul-2002 from Part C6
Removed Parameter LatestRevisionDate:17-Jul-2002 from Part C7
Removed Parameter LatestRevisionDate:17-Jul-2002 from Part C8
Removed Parameter LatestRevisionDate:17-Jul-2002 from Part C9
Removed Parameter LatestRevisionDate:17-Jul-2002 from Part C10
Removed Parameter LatestRevisionNote:Re-released for DXP Platform. from Part C2
Removed Parameter LatestRevisionNote:Re-released for DXP Platform. from Part C3
Removed Parameter LatestRevisionNote:Re-released for DXP Platform. from Part C4
Removed Parameter LatestRevisionNote:Re-released for DXP Platform. from Part C5
Removed Parameter LatestRevisionNote:Re-released for DXP Platform. from Part C6
Removed Parameter LatestRevisionNote:Re-released for DXP Platform. from Part C7
Removed Parameter LatestRevisionNote:Re-released for DXP Platform. from Part C8
Removed Parameter LatestRevisionNote:Re-released for DXP Platform. from Part C9
Removed Parameter LatestRevisionNote:Re-released for DXP Platform. from Part C10
Removed Parameter Manufacturer:TDK from Part L1
Removed Parameter Manufacturer:TDK from Part L2
Removed Parameter Manufacturer:TDK from Part L3
Removed Parameter Mfr Part No:MPZ1608D101BTA00 from Part L1
Removed Parameter Mfr Part No:MPZ1608D101BTA00 from Part L2
Removed Parameter Mfr Part No:MPZ1608D101BTA00 from Part L3
Removed Parameter Package:0603 from Part L1
Removed Parameter Package:0603 from Part L2
Removed Parameter Package:0603 from Part L3
Removed Parameter PackageDescription:Radial Cap, Thru-Hole; 2 Leads; 0.3 in Pin Spacing from Part C2
Removed Parameter PackageDescription:Radial Cap, Thru-Hole; 2 Leads; 0.3 in Pin Spacing from Part C3
Removed Parameter PackageDescription:Radial Cap, Thru-Hole; 2 Leads; 0.3 in Pin Spacing from Part C4
Removed Parameter PackageDescription:Radial Cap, Thru-Hole; 2 Leads; 0.3 in Pin Spacing from Part C5
Removed Parameter PackageDescription:Radial Cap, Thru-Hole; 2 Leads; 0.3 in Pin Spacing from Part C6
Removed Parameter PackageDescription:Radial Cap, Thru-Hole; 2 Leads; 0.3 in Pin Spacing from Part C7
Removed Parameter PackageDescription:Radial Cap, Thru-Hole; 2 Leads; 0.3 in Pin Spacing from Part C8
Removed Parameter PackageDescription:Radial Cap, Thru-Hole; 2 Leads; 0.3 in Pin Spacing from Part C9
Removed Parameter PackageDescription:Radial Cap, Thru-Hole; 2 Leads; 0.3 in Pin Spacing from Part C10
Removed Parameter PackageReference:RAD-0.3 from Part C2
Removed Parameter PackageReference:RAD-0.3 from Part C3
Removed Parameter PackageReference:RAD-0.3 from Part C4
Removed Parameter PackageReference:RAD-0.3 from Part C5
Removed Parameter PackageReference:RAD-0.3 from Part C6
Removed Parameter PackageReference:RAD-0.3 from Part C7
Removed Parameter PackageReference:RAD-0.3 from Part C8
Removed Parameter PackageReference:RAD-0.3 from Part C9
Removed Parameter PackageReference:RAD-0.3 from Part C10
Removed Parameter Price: from Part L1
Removed Parameter Price: from Part L2
Removed Parameter Price: from Part L3
Removed Parameter Published:8-Jun-2000 from Part C2
Removed Parameter Published:8-Jun-2000 from Part C3
Removed Parameter Published:8-Jun-2000 from Part C4
Removed Parameter Published:8-Jun-2000 from Part C5
Removed Parameter Published:8-Jun-2000 from Part C6
Removed Parameter Published:8-Jun-2000 from Part C7
Removed Parameter Published:8-Jun-2000 from Part C8
Removed Parameter Published:8-Jun-2000 from Part C9
Removed Parameter Published:8-Jun-2000 from Part C10
Removed Parameter Publisher:Altium Limited from Part C2
Removed Parameter Publisher:Altium Limited from Part C3
Removed Parameter Publisher:Altium Limited from Part C4
Removed Parameter Publisher:Altium Limited from Part C5
Removed Parameter Publisher:Altium Limited from Part C6
Removed Parameter Publisher:Altium Limited from Part C7
Removed Parameter Publisher:Altium Limited from Part C8
Removed Parameter Publisher:Altium Limited from Part C9
Removed Parameter Publisher:Altium Limited from Part C10
Removed Parameter SPLIT_INST:TRUE from Part P1
Removed Parameter SPLIT_INST:TRUE from Part P1
Removed Parameter Stockiest:MOUSER from Part L1
Removed Parameter Stockiest:MOUSER from Part L2
Removed Parameter Stockiest:MOUSER from Part L3
Removed Parameter Stockiest Part No:810-MPZ1608D101BTA00 from Part L1
Removed Parameter Stockiest Part No:810-MPZ1608D101BTA00 from Part L2
Removed Parameter Stockiest Part No:810-MPZ1608D101BTA00 from Part L3
Removed Parameter SWAP_INFO:(S1+S2+S3+S4+S5+S6+S7+S8+S9+S10+S11+S12) from Part P1
Removed Parameter SWAP_INFO:(S1+S2+S3+S4+S5+S6+S7+S8+S9+S10+S11+S12) from Part P1
Removed Parameter Value:10pF/16V from Part C2
Removed Parameter Value:10pF/16V from Part C3
Removed Parameter Value:10pF/16V from Part C4
Removed Parameter Value:10pF/16V from Part C5
Removed Parameter Value:10pF/16V from Part C6
Removed Parameter Value:10pF/16V from Part C7
Removed Parameter Value:10pF/16V from Part C8
Removed Parameter Value:10pF/16V from Part C9
Removed Parameter Value:10pF/16V from Part C10
Removed Parameter Value:100R/1A from Part L1
Removed Parameter Value:100R/1A from Part L2
Removed Parameter Value:100R/1A from Part L3
