Added Parameter Mfr= to Part C1
Added Parameter Mfr= to Part D1
Added Parameter Mfr= to Part D4
Added Parameter Mfr= to Part P1
Added Parameter Mfr= to Part P1
Added Parameter Mfr= to Part P1
Added Parameter Mfr= to Part P1
Added Parameter Mfr= to Part P1
Added Parameter Mfr= to Part P1
Added Parameter Mfr= to Part P1
Added Parameter Mfr= to Part P1
Added Parameter Mfr= to Part P1
Added Parameter Mfr= to Part R8
Added Parameter Mfr= to Part R31
Added Parameter Mfr= to Part U1
Added Parameter Mfr Part No= to Part C1
Added Parameter Mfr Part No= to Part D1
Added Parameter Mfr Part No= to Part D4
Added Parameter Mfr Part No= to Part P1
Added Parameter Mfr Part No= to Part P1
Added Parameter Mfr Part No= to Part P1
Added Parameter Mfr Part No= to Part P1
Added Parameter Mfr Part No= to Part P1
Added Parameter Mfr Part No= to Part P1
Added Parameter Mfr Part No= to Part P1
Added Parameter Mfr Part No= to Part P1
Added Parameter Mfr Part No= to Part P1
Added Parameter Mfr Part No= to Part R8
Added Parameter Mfr Part No= to Part R31
Added Parameter Mfr Part No= to Part U1
Added Parameter Package= to Part C1
Added Parameter Package= to Part D1
Added Parameter Package= to Part D4
Added Parameter Package= to Part P1
Added Parameter Package= to Part P1
Added Parameter Package= to Part P1
Added Parameter Package= to Part P1
Added Parameter Package= to Part P1
Added Parameter Package= to Part P1
Added Parameter Package= to Part P1
Added Parameter Package= to Part P1
Added Parameter Package= to Part P1
Added Parameter Package= to Part R8
Added Parameter Package= to Part R31
Added Parameter Package= to Part U1
Added Parameter Price= to Part C1
Added Parameter Price= to Part D1
Added Parameter Price= to Part D4
Added Parameter Price= to Part P1
Added Parameter Price= to Part P1
Added Parameter Price= to Part P1
Added Parameter Price= to Part P1
Added Parameter Price= to Part P1
Added Parameter Price= to Part P1
Added Parameter Price= to Part P1
Added Parameter Price= to Part P1
Added Parameter Price= to Part P1
Added Parameter Price= to Part R8
Added Parameter Price= to Part R31
Added Parameter Price= to Part U1
Added Parameter Stockiest= to Part C1
Added Parameter Stockiest= to Part D1
Added Parameter Stockiest= to Part D4
Added Parameter Stockiest= to Part P1
Added Parameter Stockiest= to Part P1
Added Parameter Stockiest= to Part P1
Added Parameter Stockiest= to Part P1
Added Parameter Stockiest= to Part P1
Added Parameter Stockiest= to Part P1
Added Parameter Stockiest= to Part P1
Added Parameter Stockiest= to Part P1
Added Parameter Stockiest= to Part P1
Added Parameter Stockiest= to Part R8
Added Parameter Stockiest= to Part R31
Added Parameter Stockiest= to Part U1
Added Parameter Stockiest Part No= to Part C1
Added Parameter Stockiest Part No= to Part D1
Added Parameter Stockiest Part No= to Part D4
Added Parameter Stockiest Part No= to Part P1
Added Parameter Stockiest Part No= to Part P1
Added Parameter Stockiest Part No= to Part P1
Added Parameter Stockiest Part No= to Part P1
Added Parameter Stockiest Part No= to Part P1
Added Parameter Stockiest Part No= to Part P1
Added Parameter Stockiest Part No= to Part P1
Added Parameter Stockiest Part No= to Part P1
Added Parameter Stockiest Part No= to Part P1
Added Parameter Stockiest Part No= to Part R8
Added Parameter Stockiest Part No= to Part R31
Added Parameter Stockiest Part No= to Part U1
Added Parameter Value= to Part C1
Added Parameter Value= to Part D1
Added Parameter Value= to Part D4
Added Parameter Value= to Part P1
Added Parameter Value= to Part P1
Added Parameter Value= to Part P1
Added Parameter Value= to Part P1
Added Parameter Value= to Part P1
Added Parameter Value= to Part P1
Added Parameter Value= to Part P1
Added Parameter Value= to Part P1
Added Parameter Value= to Part P1
Added Parameter Value= to Part R8
Added Parameter Value= to Part R31
Added Parameter Value= to Part U1
