Change Component Parameter Comment in C11 Old= New=22uF/10V
Change Value of Parameter Mfr in Part C11 Old=Taiyo Yuden New=TDK
Change Value of Parameter Mfr Part No in Part C11 Old=TMK325B7226MMHP New=C1608X5R1A226M080AC
Change Value of Parameter Package in Part C11 Old=1210 New=0603
Change Value of Parameter Price in Part C11 Old=0.807 New=0.413
Change Value of Parameter Stockiest Part No in Part C11 Old=963-TMK325B7226MMHP New=810-C1608X5R1A226M
Change Value of Parameter Value in Part C11 Old=22uF/25V New=22uF/10V
Change Component Parameter Comment in C56 Old= New=22uF/10V
Change Value of Parameter Mfr in Part C56 Old=Taiyo Yuden New=TDK
Change Value of Parameter Mfr Part No in Part C56 Old=TMK325B7226MMHP New=C1608X5R1A226M080AC
Change Value of Parameter Package in Part C56 Old=1210 New=0603
Change Value of Parameter Price in Part C56 Old=0.807 New=0.413
Change Value of Parameter Stockiest Part No in Part C56 Old=963-TMK325B7226MMHP New=810-C1608X5R1A226M
Change Value of Parameter Value in Part C56 Old=22uF/25V New=22uF/10V
Change Component Parameter Comment in C71 Old= New=22uF/10V
Change Value of Parameter Mfr in Part C71 Old=Taiyo Yuden New=TDK
Change Value of Parameter Mfr Part No in Part C71 Old=TMK325B7226MMHP New=C1608X5R1A226M080AC
Change Value of Parameter Package in Part C71 Old=1210 New=0603
Change Value of Parameter Price in Part C71 Old=0.807 New=0.413
Change Value of Parameter Stockiest Part No in Part C71 Old=963-TMK325B7226MMHP New=810-C1608X5R1A226M
Change Value of Parameter Value in Part C71 Old=22uF/25V New=22uF/10V
Change Component Parameter Comment in C72 Old= New=22uF/10V
Change Value of Parameter Mfr in Part C72 Old=Taiyo Yuden New=TDK
Change Value of Parameter Mfr Part No in Part C72 Old=TMK325B7226MMHP New=C1608X5R1A226M080AC
Change Value of Parameter Package in Part C72 Old=1210 New=0603
Change Value of Parameter Price in Part C72 Old=0.807 New=0.413
Change Value of Parameter Stockiest Part No in Part C72 Old=963-TMK325B7226MMHP New=810-C1608X5R1A226M
Change Value of Parameter Value in Part C72 Old=22uF/25V New=22uF/10V
