Removed Pin From Net: NetName=VCC_ONE Pin=C3_POWER1-1
Removed Pin From Net: NetName=VCC_ONE Pin=C3_POWER2-1
Removed Pin From Net: NetName=VCC_ONE Pin=C3_POWER3-1
Removed Pin From Net: NetName=VCC_ONE Pin=C3_POWER4-1
Removed Pin From Net: NetName=VCC_ONE Pin=C4_POWER1-1
Removed Pin From Net: NetName=VCC_ONE Pin=C4_POWER2-1
Removed Pin From Net: NetName=VCC_ONE Pin=C4_POWER3-1
Removed Pin From Net: NetName=VCC_ONE Pin=C4_POWER4-1
Removed Pin From Net: NetName=VCC_ONE Pin=C6_POWER1-1
Removed Pin From Net: NetName=VCC_ONE Pin=C6_POWER2-1
Removed Pin From Net: NetName=VCC_ONE Pin=C6_POWER3-1
Removed Pin From Net: NetName=VCC_ONE Pin=C6_POWER4-1
Removed Pin From Net: NetName=VCC_ONE Pin=C7_POWER1-2
Removed Pin From Net: NetName=VCC_ONE Pin=C7_POWER2-2
Removed Pin From Net: NetName=VCC_ONE Pin=C7_POWER3-2
Removed Pin From Net: NetName=VCC_ONE Pin=C7_POWER4-2
Removed Pin From Net: NetName=VCC_ONE Pin=L1_POWER1-2
Removed Pin From Net: NetName=VCC_ONE Pin=L1_POWER2-2
Removed Pin From Net: NetName=VCC_ONE Pin=L1_POWER3-2
Removed Pin From Net: NetName=VCC_ONE Pin=L1_POWER4-2
Removed Pin From Net: NetName=VCC_ONE Pin=L2_POWER1-1
Removed Pin From Net: NetName=VCC_ONE Pin=L2_POWER2-1
Removed Pin From Net: NetName=VCC_ONE Pin=L2_POWER3-1
Removed Pin From Net: NetName=VCC_ONE Pin=L2_POWER4-1
Added Pin To Net: NetName=VCC_3V3 Pin=L2_POWER1-1
Added Pin To Net: NetName=VCC_3V3 Pin=L2_POWER2-1
Added Pin To Net: NetName=VCC_3V3 Pin=L2_POWER3-1
Added Pin To Net: NetName=VCC_3V3 Pin=L2_POWER4-1
Added Pin To Net: NetName=NetC3_POWER1_1 Pin=C3_POWER1-1
Added Pin To Net: NetName=NetC3_POWER1_1 Pin=C4_POWER1-1
Added Pin To Net: NetName=NetC3_POWER1_1 Pin=C6_POWER1-1
Added Pin To Net: NetName=NetC3_POWER1_1 Pin=C7_POWER1-2
Added Pin To Net: NetName=NetC3_POWER1_1 Pin=L1_POWER1-2
Added Net: Name=NetC3_POWER1_1
Added Pin To Net: NetName=NetC3_POWER2_1 Pin=C3_POWER2-1
Added Pin To Net: NetName=NetC3_POWER2_1 Pin=C4_POWER2-1
Added Pin To Net: NetName=NetC3_POWER2_1 Pin=C6_POWER2-1
Added Pin To Net: NetName=NetC3_POWER2_1 Pin=C7_POWER2-2
Added Pin To Net: NetName=NetC3_POWER2_1 Pin=L1_POWER2-2
Added Net: Name=NetC3_POWER2_1
Added Pin To Net: NetName=NetC3_POWER3_1 Pin=C3_POWER3-1
Added Pin To Net: NetName=NetC3_POWER3_1 Pin=C4_POWER3-1
Added Pin To Net: NetName=NetC3_POWER3_1 Pin=C6_POWER3-1
Added Pin To Net: NetName=NetC3_POWER3_1 Pin=C7_POWER3-2
Added Pin To Net: NetName=NetC3_POWER3_1 Pin=L1_POWER3-2
Added Net: Name=NetC3_POWER3_1
Added Pin To Net: NetName=NetC3_POWER4_1 Pin=C3_POWER4-1
Added Pin To Net: NetName=NetC3_POWER4_1 Pin=C4_POWER4-1
Added Pin To Net: NetName=NetC3_POWER4_1 Pin=C6_POWER4-1
Added Pin To Net: NetName=NetC3_POWER4_1 Pin=C7_POWER4-2
Added Pin To Net: NetName=NetC3_POWER4_1 Pin=L1_POWER4-2
Added Net: Name=NetC3_POWER4_1
Added Room: Name=IO1
Added Room: Name=IO2
Added Room: Name=IO4
Added Room: Name=POWER1
Added Room: Name=POWER2
Added Room: Name=POWER3
Added Room: Name=POWER4
