Added Component: Designator=C5_POWER1(0603C)
Add component (AddParameter): Name = "Mfr"; Value = "Taiyo Yuden"; VariantName = "[No Variations]"
Add component (AddParameter): Name = "Mfr Part No"; Value = "EMK107B7104KAHT"; VariantName = "[No Variations]"
Add component (AddParameter): Name = "Package"; Value = "0603"; VariantName = "[No Variations]"
Add component (AddParameter): Name = "Price"; Value = "0.101"; VariantName = "[No Variations]"
Add component (AddParameter): Name = "Stockiest"; Value = "MOUSER"; VariantName = "[No Variations]"
Add component (AddParameter): Name = "Stockiest Part No"; Value = "963-EMK107B7104KAHT"; VariantName = "[No Variations]"
Add component (AddParameter): Name = "Value"; Value = "0.1uF/16V"; VariantName = "[No Variations]"
Added Component: Designator=C5_POWER1(0603C)
Add component (AddParameter): Name = "Mfr"; Value = "Taiyo Yuden"; VariantName = "[No Variations]"
Add component (AddParameter): Name = "Mfr Part No"; Value = "EMK107B7104KAHT"; VariantName = "[No Variations]"
Add component (AddParameter): Name = "Package"; Value = "0603"; VariantName = "[No Variations]"
Add component (AddParameter): Name = "Price"; Value = "0.101"; VariantName = "[No Variations]"
Add component (AddParameter): Name = "Stockiest"; Value = "MOUSER"; VariantName = "[No Variations]"
Add component (AddParameter): Name = "Stockiest Part No"; Value = "963-EMK107B7104KAHT"; VariantName = "[No Variations]"
Add component (AddParameter): Name = "Value"; Value = "0.1uF/16V"; VariantName = "[No Variations]"
Added Component: Designator=C5_POWER1(0603C)
Add component (AddParameter): Name = "Mfr"; Value = "Taiyo Yuden"; VariantName = "[No Variations]"
Add component (AddParameter): Name = "Mfr Part No"; Value = "EMK107B7104KAHT"; VariantName = "[No Variations]"
Add component (AddParameter): Name = "Package"; Value = "0603"; VariantName = "[No Variations]"
Add component (AddParameter): Name = "Price"; Value = "0.101"; VariantName = "[No Variations]"
Add component (AddParameter): Name = "Stockiest"; Value = "MOUSER"; VariantName = "[No Variations]"
Add component (AddParameter): Name = "Stockiest Part No"; Value = "963-EMK107B7104KAHT"; VariantName = "[No Variations]"
Add component (AddParameter): Name = "Value"; Value = "0.1uF/16V"; VariantName = "[No Variations]"
Added Pin To Net: NetName=VCC_3V3 Pin=C5_POWER1-1
Added Pin To Net: NetName=VCC_3V3 Pin=C5_POWER1-1
Added Pin To Net: NetName=VCC_3V3 Pin=C5_POWER1-1
Added Pin To Net: NetName=GND Pin=C5_POWER1-2
Added Pin To Net: NetName=GND Pin=C5_POWER1-2
Added Pin To Net: NetName=GND Pin=C5_POWER1-2
Change Net Name : Old Net Name=V_OUT_1 New Net Name=V_OUT_151
Change Net Name : Old Net Name=V_OUT_2 New Net Name=V_OUT_152
Change Net Name : Old Net Name=V_OUT_3 New Net Name=V_OUT_153
Change Net Name : Old Net Name=V_OUT_4 New Net Name=V_OUT_154
Change Net Name : Old Net Name=V_OUT_5 New Net Name=V_OUT_155
Change Net Name : Old Net Name=V_OUT_6 New Net Name=V_OUT_156
Change Net Name : Old Net Name=V_OUT_7 New Net Name=V_OUT_157
Change Net Name : Old Net Name=V_OUT_8 New Net Name=V_OUT_158
Change Net Name : Old Net Name=V_OUT_9 New Net Name=V_OUT_159
Change Net Name : Old Net Name=V_OUT_10 New Net Name=V_OUT_160
Change Net Name : Old Net Name=V_OUT_11 New Net Name=V_OUT_161
Change Net Name : Old Net Name=V_OUT_12 New Net Name=V_OUT_162
Added Class: Name=V_OUT_[300..1]
Added Member To Class: ClassName=POWER1 Member=Component C5_POWER1 (C5) 0.1uF/16V
Added Member To Class: ClassName=POWER2 Member=Component C5_POWER1 (C5) 0.1uF/16V
Added Member To Class: ClassName=POWER3 Member=Component C5_POWER1 (C5) 0.1uF/16V
Added Member To Class: ClassName=POWER4 Member=Component C5_POWER1 (C5) 0.1uF/16V
Added Room: Name=IO1
Added Room: Name=IO2
Added Room: Name=IO4
Added Room: Name=POWER1
Added Room: Name=POWER2
Added Room: Name=POWER3
Added Room: Name=POWER4
