Removed Pin From Net: NetName=VCC_A Pin=C8_POWER2-1
Removed Pin From Net: NetName=GND Pin=C8_POWER2-2
Removed Pin From Net: NetName=VCC_A Pin=C8_POWER3-1
Removed Pin From Net: NetName=GND Pin=C8_POWER3-2
Removed Pin From Net: NetName=VCC_A Pin=C8_POWER4-1
Removed Pin From Net: NetName=GND Pin=C8_POWER4-2
Removed Pin From Net: NetName=VCC_IO Pin=C14_POWER2-1
Removed Pin From Net: NetName=GND Pin=C14_POWER2-2
Removed Pin From Net: NetName=VCC_IO Pin=C14_POWER3-1
Removed Pin From Net: NetName=GND Pin=C14_POWER3-2
Removed Pin From Net: NetName=VCC_IO Pin=C14_POWER4-1
Removed Pin From Net: NetName=GND Pin=C14_POWER4-2
Removed Pin From Net: NetName=VCC_A Pin=C50_POWER2-1
Removed Pin From Net: NetName=GND Pin=C50_POWER2-2
Removed Pin From Net: NetName=VCC_A Pin=C50_POWER3-1
Removed Pin From Net: NetName=GND Pin=C50_POWER3-2
Removed Pin From Net: NetName=VCC_A Pin=C50_POWER4-1
Removed Pin From Net: NetName=GND Pin=C50_POWER4-2
Removed Pin From Net: NetName=GND Pin=U15-16
Removed Pin From Net: NetName=GND Pin=U15-17
Removed Pin From Net: NetName=GND Pin=U15-18
Removed Pin From Net: NetName=GND Pin=U15-19
Removed Pin From Net: NetName=GND Pin=U15-20
Removed Pin From Net: NetName=GND Pin=U15-21
Removed Member From Class: ClassName=POWER2 Member=C8_POWER2
Removed Member From Class: ClassName=POWER3 Member=C8_POWER3
Removed Member From Class: ClassName=POWER4 Member=C8_POWER4
Removed Member From Class: ClassName=POWER2 Member=C14_POWER2
Removed Member From Class: ClassName=POWER3 Member=C14_POWER3
Removed Member From Class: ClassName=POWER4 Member=C14_POWER4
Removed Member From Class: ClassName=POWER2 Member=C50_POWER2
Removed Member From Class: ClassName=POWER3 Member=C50_POWER3
Removed Member From Class: ClassName=POWER4 Member=C50_POWER4
Change Component Designator: OldDesignator=L3_POWER2 NewDesignator=L3_POWER1
Change Component Designator: OldDesignator=L3_POWER3 NewDesignator=L3_POWER1
Change Component Designator: OldDesignator=L3_POWER4 NewDesignator=L3_POWER1
Added Component: Designator=C69_POWER4(0805C)
Add component (AddParameter): Name = "Mfr"; Value = "Taiyo Yuden"; VariantName = "[No Variations]"
Add component (AddParameter): Name = "Mfr Part No"; Value = "TMK212BBJ106MG-T"; VariantName = "[No Variations]"
Add component (AddParameter): Name = "Package"; Value = "0805"; VariantName = "[No Variations]"
Add component (AddParameter): Name = "Price"; Value = "0.232"; VariantName = "[No Variations]"
Add component (AddParameter): Name = "Stockiest"; Value = "MOUSER"; VariantName = "[No Variations]"
Add component (AddParameter): Name = "Stockiest Part No"; Value = "963-TMK212BBJ106MG-T"; VariantName = "[No Variations]"
Add component (AddParameter): Name = "Value"; Value = "10uF/25V"; VariantName = "[No Variations]"
Added Component: Designator=C70_POWER4(0805C)
Add component (AddParameter): Name = "Mfr"; Value = "Taiyo Yuden"; VariantName = "[No Variations]"
Add component (AddParameter): Name = "Mfr Part No"; Value = "TMK212BBJ106MG-T"; VariantName = "[No Variations]"
Add component (AddParameter): Name = "Package"; Value = "0805"; VariantName = "[No Variations]"
Add component (AddParameter): Name = "Price"; Value = "0.232"; VariantName = "[No Variations]"
Add component (AddParameter): Name = "Stockiest"; Value = "MOUSER"; VariantName = "[No Variations]"
Add component (AddParameter): Name = "Stockiest Part No"; Value = "963-TMK212BBJ106MG-T"; VariantName = "[No Variations]"
Add component (AddParameter): Name = "Value"; Value = "10uF/25V"; VariantName = "[No Variations]"
Added Pin To Net: NetName=GND Pin=C69_POWER4-1
Added Pin To Net: NetName=VCC_IO Pin=C69_POWER4-2
Added Pin To Net: NetName=GND Pin=C70_POWER4-1
Added Pin To Net: NetName=VCC_IO Pin=C70_POWER4-2
Added Member To Class: ClassName=POWER4 Member=Component C69_POWER4 (C69) 10uF/25V
Added Member To Class: ClassName=POWER4 Member=Component C70_POWER4 (C70) 10uF/25V
