Added Pin To Net: NetName=V_IN_0_VOLT1 Pin=R26_VOLT1-1
Added Net: Name=V_IN_0_VOLT1
Added Pin To Net: NetName=V_IN_0_VOLT2 Pin=R26_VOLT2-1
Added Net: Name=V_IN_0_VOLT2
Added Pin To Net: NetName=V_IN_0_VOLT3 Pin=R26_VOLT3-1
Added Net: Name=V_IN_0_VOLT3
Added Pin To Net: NetName=V_IN_0_VOLT4 Pin=R26_VOLT4-1
Added Net: Name=V_IN_0_VOLT4
Added Pin To Net: NetName=V_IN_0_VOLT5 Pin=R26_VOLT5-1
Added Net: Name=V_IN_0_VOLT5
Added Pin To Net: NetName=V_IN_0_VOLT6 Pin=R26_VOLT6-1
Added Net: Name=V_IN_0_VOLT6
Added Pin To Net: NetName=V_IN_0_VOLT7 Pin=R26_VOLT7-1
Added Net: Name=V_IN_0_VOLT7
Added Pin To Net: NetName=V_IN_0_VOLT8 Pin=R26_VOLT8-1
Added Net: Name=V_IN_0_VOLT8
Added Pin To Net: NetName=V_IN_0_VOLT9 Pin=R26_VOLT9-1
Added Net: Name=V_IN_0_VOLT9
Added Pin To Net: NetName=V_IN_0_VOLT10 Pin=R26_VOLT10-1
Added Net: Name=V_IN_0_VOLT10
Added Pin To Net: NetName=V_IN_0_VOLT11 Pin=R26_VOLT11-1
Added Net: Name=V_IN_0_VOLT11
Added Pin To Net: NetName=V_IN_0_VOLT12 Pin=R26_VOLT12-1
Added Net: Name=V_IN_0_VOLT12
Added Pin To Net: NetName=V_IN_0_VOLT13 Pin=R26_VOLT13-1
Added Net: Name=V_IN_0_VOLT13
Added Pin To Net: NetName=V_IN_0_VOLT14 Pin=R26_VOLT14-1
Added Net: Name=V_IN_0_VOLT14
Added Pin To Net: NetName=V_IN_0_VOLT15 Pin=R26_VOLT15-1
Added Net: Name=V_IN_0_VOLT15
Added Pin To Net: NetName=V_IN_0_VOLT16 Pin=R26_VOLT16-1
Added Net: Name=V_IN_0_VOLT16
Added Pin To Net: NetName=V_IN_0_VOLT17 Pin=R26_VOLT17-1
Added Net: Name=V_IN_0_VOLT17
Added Pin To Net: NetName=V_IN_0_VOLT18 Pin=R26_VOLT18-1
Added Net: Name=V_IN_0_VOLT18
Added Pin To Net: NetName=V_IN_0_VOLT19 Pin=R26_VOLT19-1
Added Net: Name=V_IN_0_VOLT19
Added Pin To Net: NetName=V_IN_0_VOLT20 Pin=R26_VOLT20-1
Added Net: Name=V_IN_0_VOLT20
Added Pin To Net: NetName=V_IN_0_VOLT21 Pin=R26_VOLT21-1
Added Net: Name=V_IN_0_VOLT21
Added Pin To Net: NetName=V_IN_0_VOLT22 Pin=R26_VOLT22-1
Added Net: Name=V_IN_0_VOLT22
Added Pin To Net: NetName=V_IN_0_VOLT23 Pin=R26_VOLT23-1
Added Net: Name=V_IN_0_VOLT23
Added Pin To Net: NetName=V_IN_0_VOLT24 Pin=R26_VOLT24-1
Added Net: Name=V_IN_0_VOLT24
Added Pin To Net: NetName=V_IN_0_VOLT25 Pin=R26_VOLT25-1
Added Net: Name=V_IN_0_VOLT25
Added Pin To Net: NetName=V_IN_0_VOLT26 Pin=R26_VOLT26-1
Added Net: Name=V_IN_0_VOLT26
Added Pin To Net: NetName=V_IN_0_VOLT27 Pin=R26_VOLT27-1
Added Net: Name=V_IN_0_VOLT27
Added Pin To Net: NetName=V_IN_0_VOLT28 Pin=R26_VOLT28-1
Added Net: Name=V_IN_0_VOLT28
Added Pin To Net: NetName=V_IN_0_VOLT29 Pin=R26_VOLT29-1
Added Net: Name=V_IN_0_VOLT29
Added Pin To Net: NetName=V_IN_0_VOLT30 Pin=R26_VOLT30-1
Added Net: Name=V_IN_0_VOLT30
Added Pin To Net: NetName=V_IN_0_VOLT31 Pin=R26_VOLT31-1
Added Net: Name=V_IN_0_VOLT31
Added Pin To Net: NetName=V_IN_0_VOLT32 Pin=R26_VOLT32-1
Added Net: Name=V_IN_0_VOLT32
Added Pin To Net: NetName=V_IN_0_VOLT33 Pin=R26_VOLT33-1
Added Net: Name=V_IN_0_VOLT33
Added Pin To Net: NetName=V_IN_0_VOLT34 Pin=R26_VOLT34-1
Added Net: Name=V_IN_0_VOLT34
Added Pin To Net: NetName=V_IN_0_VOLT35 Pin=R26_VOLT35-1
Added Net: Name=V_IN_0_VOLT35
Added Pin To Net: NetName=V_IN_0_VOLT36 Pin=R26_VOLT36-1
Added Net: Name=V_IN_0_VOLT36
Added Pin To Net: NetName=V_IN_0_VOLT37 Pin=R26_VOLT37-1
Added Net: Name=V_IN_0_VOLT37
Added Pin To Net: NetName=V_IN_0_VOLT38 Pin=R26_VOLT38-1
Added Net: Name=V_IN_0_VOLT38
Added Pin To Net: NetName=V_IN_0_VOLT39 Pin=R26_VOLT39-1
Added Net: Name=V_IN_0_VOLT39
Added Pin To Net: NetName=V_IN_0_VOLT40 Pin=R26_VOLT40-1
Added Net: Name=V_IN_0_VOLT40
Added Pin To Net: NetName=V_IN_0_VOLT41 Pin=R26_VOLT41-1
Added Net: Name=V_IN_0_VOLT41
Added Pin To Net: NetName=V_IN_0_VOLT42 Pin=R26_VOLT42-1
Added Net: Name=V_IN_0_VOLT42
Added Pin To Net: NetName=V_IN_0_VOLT43 Pin=R26_VOLT43-1
Added Net: Name=V_IN_0_VOLT43
Added Pin To Net: NetName=V_IN_0_VOLT44 Pin=R26_VOLT44-1
Added Net: Name=V_IN_0_VOLT44
Added Pin To Net: NetName=V_IN_0_VOLT45 Pin=R26_VOLT45-1
Added Net: Name=V_IN_0_VOLT45
Added Pin To Net: NetName=V_IN_0_VOLT46 Pin=R26_VOLT46-1
Added Net: Name=V_IN_0_VOLT46
Added Pin To Net: NetName=V_IN_0_VOLT47 Pin=R26_VOLT47-1
Added Net: Name=V_IN_0_VOLT47
Added Pin To Net: NetName=V_IN_0_VOLT48 Pin=R26_VOLT48-1
Added Net: Name=V_IN_0_VOLT48
Added Pin To Net: NetName=V_IN_0_VOLT49 Pin=R26_VOLT49-1
Added Net: Name=V_IN_0_VOLT49
Added Pin To Net: NetName=V_IN_0_VOLT50 Pin=R26_VOLT50-1
Added Net: Name=V_IN_0_VOLT50
Added Pin To Net: NetName=V_IN_0_VOLT51 Pin=R26_VOLT51-1
Added Net: Name=V_IN_0_VOLT51
Added Pin To Net: NetName=V_IN_0_VOLT52 Pin=R26_VOLT52-1
Added Net: Name=V_IN_0_VOLT52
Added Pin To Net: NetName=V_IN_0_VOLT53 Pin=R26_VOLT53-1
Added Net: Name=V_IN_0_VOLT53
Added Pin To Net: NetName=V_IN_0_VOLT54 Pin=R26_VOLT54-1
Added Net: Name=V_IN_0_VOLT54
Added Pin To Net: NetName=V_IN_0_VOLT55 Pin=R26_VOLT55-1
Added Net: Name=V_IN_0_VOLT55
Added Pin To Net: NetName=V_IN_0_VOLT56 Pin=R26_VOLT56-1
Added Net: Name=V_IN_0_VOLT56
Added Pin To Net: NetName=V_IN_0_VOLT57 Pin=R26_VOLT57-1
Added Net: Name=V_IN_0_VOLT57
Added Pin To Net: NetName=V_IN_0_VOLT58 Pin=R26_VOLT58-1
Added Net: Name=V_IN_0_VOLT58
Added Pin To Net: NetName=V_IN_0_VOLT59 Pin=R26_VOLT59-1
Added Net: Name=V_IN_0_VOLT59
Added Pin To Net: NetName=V_IN_0_VOLT60 Pin=R26_VOLT60-1
Added Net: Name=V_IN_0_VOLT60
Added Pin To Net: NetName=V_IN_0_VOLT61 Pin=R26_VOLT61-1
Added Net: Name=V_IN_0_VOLT61
Added Pin To Net: NetName=V_IN_0_VOLT62 Pin=R26_VOLT62-1
Added Net: Name=V_IN_0_VOLT62
Added Pin To Net: NetName=V_IN_0_VOLT63 Pin=R26_VOLT63-1
Added Net: Name=V_IN_0_VOLT63
Added Pin To Net: NetName=V_IN_0_VOLT64 Pin=R26_VOLT64-1
Added Net: Name=V_IN_0_VOLT64
Added Pin To Net: NetName=V_IN_0_VOLT65 Pin=R26_VOLT65-1
Added Net: Name=V_IN_0_VOLT65
Added Pin To Net: NetName=V_IN_0_VOLT66 Pin=R26_VOLT66-1
Added Net: Name=V_IN_0_VOLT66
Added Pin To Net: NetName=V_IN_0_VOLT67 Pin=R26_VOLT67-1
Added Net: Name=V_IN_0_VOLT67
Added Pin To Net: NetName=V_IN_0_VOLT68 Pin=R26_VOLT68-1
Added Net: Name=V_IN_0_VOLT68
Added Pin To Net: NetName=V_IN_0_VOLT69 Pin=R26_VOLT69-1
Added Net: Name=V_IN_0_VOLT69
Added Pin To Net: NetName=V_IN_0_VOLT70 Pin=R26_VOLT70-1
Added Net: Name=V_IN_0_VOLT70
Added Pin To Net: NetName=V_IN_0_VOLT71 Pin=R26_VOLT71-1
Added Net: Name=V_IN_0_VOLT71
Added Pin To Net: NetName=V_IN_0_VOLT72 Pin=R26_VOLT72-1
Added Net: Name=V_IN_0_VOLT72
Added Pin To Net: NetName=V_IN_0_VOLT73 Pin=R26_VOLT73-1
Added Net: Name=V_IN_0_VOLT73
Added Pin To Net: NetName=V_IN_0_VOLT74 Pin=R26_VOLT74-1
Added Net: Name=V_IN_0_VOLT74
Added Pin To Net: NetName=V_IN_0_VOLT75 Pin=R26_VOLT75-1
Added Net: Name=V_IN_0_VOLT75
Added Pin To Net: NetName=V_IN_0_VOLT76 Pin=R26_VOLT76-1
Added Net: Name=V_IN_0_VOLT76
Added Pin To Net: NetName=V_IN_0_VOLT77 Pin=R26_VOLT77-1
Added Net: Name=V_IN_0_VOLT77
Added Pin To Net: NetName=V_IN_0_VOLT78 Pin=R26_VOLT78-1
Added Net: Name=V_IN_0_VOLT78
Added Pin To Net: NetName=V_IN_0_VOLT79 Pin=R26_VOLT79-1
Added Net: Name=V_IN_0_VOLT79
Added Pin To Net: NetName=V_IN_0_VOLT80 Pin=R26_VOLT80-1
Added Net: Name=V_IN_0_VOLT80
Added Pin To Net: NetName=V_IN_0_VOLT81 Pin=R26_VOLT81-1
Added Net: Name=V_IN_0_VOLT81
Added Pin To Net: NetName=V_IN_0_VOLT82 Pin=R26_VOLT82-1
Added Net: Name=V_IN_0_VOLT82
Added Pin To Net: NetName=V_IN_0_VOLT83 Pin=R26_VOLT83-1
Added Net: Name=V_IN_0_VOLT83
Added Pin To Net: NetName=V_IN_0_VOLT84 Pin=R26_VOLT84-1
Added Net: Name=V_IN_0_VOLT84
Added Pin To Net: NetName=V_IN_0_VOLT85 Pin=R26_VOLT85-1
Added Net: Name=V_IN_0_VOLT85
Added Pin To Net: NetName=V_IN_0_VOLT86 Pin=R26_VOLT86-1
Added Net: Name=V_IN_0_VOLT86
Added Pin To Net: NetName=V_IN_0_VOLT87 Pin=R26_VOLT87-1
Added Net: Name=V_IN_0_VOLT87
Added Pin To Net: NetName=V_IN_0_VOLT88 Pin=R26_VOLT88-1
Added Net: Name=V_IN_0_VOLT88
Added Pin To Net: NetName=V_IN_0_VOLT89 Pin=R26_VOLT89-1
Added Net: Name=V_IN_0_VOLT89
Added Pin To Net: NetName=V_IN_0_VOLT90 Pin=R26_VOLT90-1
Added Net: Name=V_IN_0_VOLT90
Added Pin To Net: NetName=V_IN_0_VOLT91 Pin=R26_VOLT91-1
Added Net: Name=V_IN_0_VOLT91
Added Pin To Net: NetName=V_IN_0_VOLT92 Pin=R26_VOLT92-1
Added Net: Name=V_IN_0_VOLT92
Added Pin To Net: NetName=V_IN_0_VOLT93 Pin=R26_VOLT93-1
Added Net: Name=V_IN_0_VOLT93
Added Pin To Net: NetName=V_IN_0_VOLT94 Pin=R26_VOLT94-1
Added Net: Name=V_IN_0_VOLT94
Added Pin To Net: NetName=V_IN_0_VOLT95 Pin=R26_VOLT95-1
Added Net: Name=V_IN_0_VOLT95
Added Pin To Net: NetName=V_IN_0_VOLT96 Pin=R26_VOLT96-1
Added Net: Name=V_IN_0_VOLT96
Added Pin To Net: NetName=V_IN_0_VOLT97 Pin=R26_VOLT97-1
Added Net: Name=V_IN_0_VOLT97
Added Pin To Net: NetName=V_IN_0_VOLT98 Pin=R26_VOLT98-1
Added Net: Name=V_IN_0_VOLT98
Added Pin To Net: NetName=V_IN_0_VOLT99 Pin=R26_VOLT99-1
Added Net: Name=V_IN_0_VOLT99
Added Pin To Net: NetName=V_IN_0_VOLT100 Pin=R26_VOLT100-1
Added Net: Name=V_IN_0_VOLT100
Added Pin To Net: NetName=V_IN_0_VOLT101 Pin=R26_VOLT101-1
Added Net: Name=V_IN_0_VOLT101
Added Pin To Net: NetName=V_IN_0_VOLT102 Pin=R26_VOLT102-1
Added Net: Name=V_IN_0_VOLT102
Added Pin To Net: NetName=V_IN_0_VOLT103 Pin=R26_VOLT103-1
Added Net: Name=V_IN_0_VOLT103
Added Pin To Net: NetName=V_IN_0_VOLT104 Pin=R26_VOLT104-1
Added Net: Name=V_IN_0_VOLT104
Added Pin To Net: NetName=V_IN_0_VOLT105 Pin=R26_VOLT105-1
Added Net: Name=V_IN_0_VOLT105
Added Pin To Net: NetName=V_IN_0_VOLT106 Pin=R26_VOLT106-1
Added Net: Name=V_IN_0_VOLT106
Added Pin To Net: NetName=V_IN_0_VOLT107 Pin=R26_VOLT107-1
Added Net: Name=V_IN_0_VOLT107
Added Pin To Net: NetName=V_IN_0_VOLT108 Pin=R26_VOLT108-1
Added Net: Name=V_IN_0_VOLT108
Added Pin To Net: NetName=V_IN_0_VOLT109 Pin=R26_VOLT109-1
Added Net: Name=V_IN_0_VOLT109
Added Pin To Net: NetName=V_IN_0_VOLT110 Pin=R26_VOLT110-1
Added Net: Name=V_IN_0_VOLT110
Added Pin To Net: NetName=V_IN_0_VOLT111 Pin=R26_VOLT111-1
Added Net: Name=V_IN_0_VOLT111
Added Pin To Net: NetName=V_IN_0_VOLT112 Pin=R26_VOLT112-1
Added Net: Name=V_IN_0_VOLT112
Added Pin To Net: NetName=V_IN_0_VOLT113 Pin=R26_VOLT113-1
Added Net: Name=V_IN_0_VOLT113
Added Pin To Net: NetName=V_IN_0_VOLT114 Pin=R26_VOLT114-1
Added Net: Name=V_IN_0_VOLT114
Added Pin To Net: NetName=V_IN_0_VOLT115 Pin=R26_VOLT115-1
Added Net: Name=V_IN_0_VOLT115
Added Pin To Net: NetName=V_IN_0_VOLT116 Pin=R26_VOLT116-1
Added Net: Name=V_IN_0_VOLT116
Added Pin To Net: NetName=V_IN_0_VOLT117 Pin=R26_VOLT117-1
Added Net: Name=V_IN_0_VOLT117
Added Pin To Net: NetName=V_IN_0_VOLT118 Pin=R26_VOLT118-1
Added Net: Name=V_IN_0_VOLT118
Added Pin To Net: NetName=V_IN_0_VOLT119 Pin=R26_VOLT119-1
Added Net: Name=V_IN_0_VOLT119
Added Pin To Net: NetName=V_IN_0_VOLT120 Pin=R26_VOLT120-1
Added Net: Name=V_IN_0_VOLT120
Added Pin To Net: NetName=V_IN_0_VOLT121 Pin=R26_VOLT121-1
Added Net: Name=V_IN_0_VOLT121
Added Pin To Net: NetName=V_IN_0_VOLT122 Pin=R26_VOLT122-1
Added Net: Name=V_IN_0_VOLT122
Added Pin To Net: NetName=V_IN_0_VOLT123 Pin=R26_VOLT123-1
Added Net: Name=V_IN_0_VOLT123
Added Pin To Net: NetName=V_IN_0_VOLT124 Pin=R26_VOLT124-1
Added Net: Name=V_IN_0_VOLT124
Added Pin To Net: NetName=V_IN_0_VOLT125 Pin=R26_VOLT125-1
Added Net: Name=V_IN_0_VOLT125
Added Pin To Net: NetName=V_IN_0_VOLT126 Pin=R26_VOLT126-1
Added Net: Name=V_IN_0_VOLT126
Added Pin To Net: NetName=V_IN_0_VOLT127 Pin=R26_VOLT127-1
Added Net: Name=V_IN_0_VOLT127
Added Pin To Net: NetName=V_IN_0_VOLT128 Pin=R26_VOLT128-1
Added Net: Name=V_IN_0_VOLT128
Added Pin To Net: NetName=V_IN_0_VOLT129 Pin=R26_VOLT129-1
Added Net: Name=V_IN_0_VOLT129
Added Pin To Net: NetName=V_IN_0_VOLT130 Pin=R26_VOLT130-1
Added Net: Name=V_IN_0_VOLT130
Added Pin To Net: NetName=V_IN_0_VOLT131 Pin=R26_VOLT131-1
Added Net: Name=V_IN_0_VOLT131
Added Pin To Net: NetName=V_IN_0_VOLT132 Pin=R26_VOLT132-1
Added Net: Name=V_IN_0_VOLT132
Added Pin To Net: NetName=V_IN_0_VOLT133 Pin=R26_VOLT133-1
Added Net: Name=V_IN_0_VOLT133
Added Pin To Net: NetName=V_IN_0_VOLT134 Pin=R26_VOLT134-1
Added Net: Name=V_IN_0_VOLT134
Added Pin To Net: NetName=V_IN_0_VOLT135 Pin=R26_VOLT135-1
Added Net: Name=V_IN_0_VOLT135
Added Pin To Net: NetName=V_IN_0_VOLT136 Pin=R26_VOLT136-1
Added Net: Name=V_IN_0_VOLT136
Added Pin To Net: NetName=V_IN_0_VOLT137 Pin=R26_VOLT137-1
Added Net: Name=V_IN_0_VOLT137
Added Pin To Net: NetName=V_IN_0_VOLT138 Pin=R26_VOLT138-1
Added Net: Name=V_IN_0_VOLT138
Added Pin To Net: NetName=V_IN_0_VOLT139 Pin=R26_VOLT139-1
Added Net: Name=V_IN_0_VOLT139
Added Pin To Net: NetName=V_IN_0_VOLT140 Pin=R26_VOLT140-1
Added Net: Name=V_IN_0_VOLT140
Added Pin To Net: NetName=V_IN_0_VOLT141 Pin=R26_VOLT141-1
Added Net: Name=V_IN_0_VOLT141
Added Pin To Net: NetName=V_IN_0_VOLT142 Pin=R26_VOLT142-1
Added Net: Name=V_IN_0_VOLT142
Added Pin To Net: NetName=V_IN_0_VOLT143 Pin=R26_VOLT143-1
Added Net: Name=V_IN_0_VOLT143
Added Pin To Net: NetName=V_IN_0_VOLT144 Pin=R26_VOLT144-1
Added Net: Name=V_IN_0_VOLT144
Added Pin To Net: NetName=V_IN_0_VOLT145 Pin=R26_VOLT145-1
Added Net: Name=V_IN_0_VOLT145
Added Pin To Net: NetName=V_IN_0_VOLT146 Pin=R26_VOLT146-1
Added Net: Name=V_IN_0_VOLT146
Added Pin To Net: NetName=V_IN_0_VOLT147 Pin=R26_VOLT147-1
Added Net: Name=V_IN_0_VOLT147
Added Pin To Net: NetName=V_IN_0_VOLT148 Pin=R26_VOLT148-1
Added Net: Name=V_IN_0_VOLT148
Added Pin To Net: NetName=V_IN_0_VOLT149 Pin=R26_VOLT149-1
Added Net: Name=V_IN_0_VOLT149
Added Pin To Net: NetName=V_IN_0_VOLT150 Pin=R26_VOLT150-1
Added Net: Name=V_IN_0_VOLT150
Added Pin To Net: NetName=VIN1 Pin=P1_IO1-6
Added Net: Name=VIN1
Added Pin To Net: NetName=VIN2 Pin=P1_IO1-7
Added Net: Name=VIN2
Added Pin To Net: NetName=VIN3 Pin=P1_IO1-8
Added Net: Name=VIN3
Added Pin To Net: NetName=VIN4 Pin=P1_IO1-10
Added Net: Name=VIN4
Added Pin To Net: NetName=VIN5 Pin=P1_IO1-11
Added Net: Name=VIN5
Added Pin To Net: NetName=VIN6 Pin=P1_IO1-12
Added Net: Name=VIN6
Added Pin To Net: NetName=VIN7 Pin=P1_IO1-13
Added Net: Name=VIN7
Added Pin To Net: NetName=VIN8 Pin=P1_IO1-14
Added Net: Name=VIN8
Added Pin To Net: NetName=VIN9 Pin=P1_IO1-21
Added Net: Name=VIN9
Added Pin To Net: NetName=VIN10 Pin=P1_IO1-22
Added Net: Name=VIN10
Added Pin To Net: NetName=VIN11 Pin=P1_IO1-24
Added Net: Name=VIN11
Added Pin To Net: NetName=VIN12 Pin=P1_IO1-25
Added Net: Name=VIN12
Added Pin To Net: NetName=VIN13 Pin=P1_IO1-38
Added Net: Name=VIN13
Added Pin To Net: NetName=VIN14 Pin=P1_IO1-39
Added Net: Name=VIN14
Added Pin To Net: NetName=VIN15 Pin=P1_IO1-41
Added Net: Name=VIN15
Added Pin To Net: NetName=VIN16 Pin=P1_IO1-43
Added Net: Name=VIN16
Added Pin To Net: NetName=VIN17 Pin=P1_IO1-44
Added Net: Name=VIN17
Added Pin To Net: NetName=VIN18 Pin=P1_IO1-45
Added Net: Name=VIN18
Added Pin To Net: NetName=VIN19 Pin=P1_IO1-46
Added Net: Name=VIN19
Added Pin To Net: NetName=VIN20 Pin=P1_IO1-47
Added Net: Name=VIN20
Added Pin To Net: NetName=VIN21 Pin=P1_IO1-50
Added Net: Name=VIN21
Added Pin To Net: NetName=VIN22 Pin=P1_IO1-52
Added Net: Name=VIN22
Added Pin To Net: NetName=VIN23 Pin=P1_IO1-54
Added Net: Name=VIN23
Added Pin To Net: NetName=VIN24 Pin=P1_IO1-55
Added Net: Name=VIN24
Added Pin To Net: NetName=VIN25 Pin=P1_IO1-56
Added Net: Name=VIN25
Added Pin To Net: NetName=VIN26 Pin=P1_IO1-57
Added Net: Name=VIN26
Added Pin To Net: NetName=VIN27 Pin=P1_IO1-58
Added Net: Name=VIN27
Added Pin To Net: NetName=VIN28 Pin=P1_IO1-59
Added Net: Name=VIN28
Added Pin To Net: NetName=VIN29 Pin=P1_IO1-60
Added Net: Name=VIN29
Added Pin To Net: NetName=VIN30 Pin=P1_IO1-62
Added Net: Name=VIN30
Added Pin To Net: NetName=VIN31 Pin=P1_IO1-64
Added Net: Name=VIN31
Added Pin To Net: NetName=VIN32 Pin=P1_IO1-65
Added Net: Name=VIN32
Added Pin To Net: NetName=VIN33 Pin=P1_IO1-66
Added Net: Name=VIN33
Added Pin To Net: NetName=VIN34 Pin=P1_IO1-69
Added Net: Name=VIN34
Added Pin To Net: NetName=VIN35 Pin=P1_IO1-70
Added Net: Name=VIN35
Added Pin To Net: NetName=VIN36 Pin=P1_IO1-75
Added Net: Name=VIN36
Added Pin To Net: NetName=VIN37 Pin=P1_IO1-74
Added Net: Name=VIN37
Added Pin To Net: NetName=VIN38 Pin=P1_IO1-77
Added Net: Name=VIN38
Added Pin To Net: NetName=VIN39 Pin=P1_IO1-76
Added Net: Name=VIN39
Added Pin To Net: NetName=VIN40 Pin=P1_IO1-79
Added Net: Name=VIN40
Added Pin To Net: NetName=VIN41 Pin=P1_IO1-78
Added Net: Name=VIN41
Added Pin To Net: NetName=VIN42 Pin=P1_IO1-81
Added Net: Name=VIN42
Added Pin To Net: NetName=VIN43 Pin=P1_IO1-85
Added Net: Name=VIN43
Added Pin To Net: NetName=VIN44 Pin=P1_IO1-87
Added Net: Name=VIN44
Added Pin To Net: NetName=VIN45 Pin=P1_IO1-84
Added Net: Name=VIN45
Added Pin To Net: NetName=VIN46 Pin=P1_IO1-86
Added Net: Name=VIN46
Added Pin To Net: NetName=VIN47 Pin=P1_IO1-92
Added Net: Name=VIN47
Added Pin To Net: NetName=VIN48 Pin=P1_IO1-93
Added Net: Name=VIN48
Added Pin To Net: NetName=VIN49 Pin=P1_IO1-99
Added Net: Name=VIN49
Added Pin To Net: NetName=VIN50 Pin=P1_IO1-100
Added Net: Name=VIN50
Added Pin To Net: NetName=VIN51 Pin=P1_IO1-101
Added Net: Name=VIN51
Added Pin To Net: NetName=VIN52 Pin=P1_IO1-102
Added Net: Name=VIN52
Added Pin To Net: NetName=VIN53 Pin=P1_IO1-105
Added Net: Name=VIN53
Added Pin To Net: NetName=VIN54 Pin=P1_IO1-106
Added Net: Name=VIN54
Added Pin To Net: NetName=VIN55 Pin=P1_IO1-110
Added Net: Name=VIN55
Added Pin To Net: NetName=VIN56 Pin=P1_IO1-111
Added Net: Name=VIN56
Added Pin To Net: NetName=VIN57 Pin=P1_IO1-113
Added Net: Name=VIN57
Added Pin To Net: NetName=VIN58 Pin=P1_IO1-114
Added Net: Name=VIN58
Added Pin To Net: NetName=VIN59 Pin=P1_IO1-118
Added Net: Name=VIN59
Added Pin To Net: NetName=VIN60 Pin=P1_IO1-119
Added Net: Name=VIN60
Added Pin To Net: NetName=VIN61 Pin=P1_IO1-120
Added Net: Name=VIN61
Added Pin To Net: NetName=VIN62 Pin=P1_IO1-124
Added Net: Name=VIN62
Added Pin To Net: NetName=VIN63 Pin=P1_IO1-127
Added Net: Name=VIN63
Added Pin To Net: NetName=VIN64 Pin=P1_IO1-130
Added Net: Name=VIN64
Added Pin To Net: NetName=VIN65 Pin=P1_IO1-131
Added Net: Name=VIN65
Added Pin To Net: NetName=VIN66 Pin=P1_IO1-132
Added Net: Name=VIN66
Added Pin To Net: NetName=VIN67 Pin=P1_IO1-135
Added Net: Name=VIN67
Added Pin To Net: NetName=VIN68 Pin=P1_IO1-140
Added Net: Name=VIN68
Added Pin To Net: NetName=VIN69 Pin=P1_IO1-141
Added Net: Name=VIN69
Added Pin To Net: NetName=VIN70 Pin=P1_IO1-28
Added Net: Name=VIN70
Added Pin To Net: NetName=VIN71 Pin=P1_IO1-29
Added Net: Name=VIN71
Added Pin To Net: NetName=VIN72 Pin=P1_IO1-88
Added Net: Name=VIN72
Added Pin To Net: NetName=VIN73 Pin=P1_IO1-89
Added Net: Name=VIN73
Added Pin To Net: NetName=VIN74 Pin=P1_IO1-90
Added Net: Name=VIN74
Added Pin To Net: NetName=VIN75 Pin=P1_IO1-91
Added Net: Name=VIN75
Added Pin To Net: NetName=VIN76 Pin=P1_IO2-6
Added Net: Name=VIN76
Added Pin To Net: NetName=VIN77 Pin=P1_IO2-7
Added Net: Name=VIN77
Added Pin To Net: NetName=VIN78 Pin=P1_IO2-8
Added Net: Name=VIN78
Added Pin To Net: NetName=VIN79 Pin=P1_IO2-10
Added Net: Name=VIN79
Added Pin To Net: NetName=VIN80 Pin=P1_IO2-11
Added Net: Name=VIN80
Added Pin To Net: NetName=VIN81 Pin=P1_IO2-12
Added Net: Name=VIN81
Added Pin To Net: NetName=VIN82 Pin=P1_IO2-13
Added Net: Name=VIN82
Added Pin To Net: NetName=VIN83 Pin=P1_IO2-14
Added Net: Name=VIN83
Added Pin To Net: NetName=VIN84 Pin=P1_IO2-21
Added Net: Name=VIN84
Added Pin To Net: NetName=VIN85 Pin=P1_IO2-22
Added Net: Name=VIN85
Added Pin To Net: NetName=VIN86 Pin=P1_IO2-24
Added Net: Name=VIN86
Added Pin To Net: NetName=VIN87 Pin=P1_IO2-25
Added Net: Name=VIN87
Added Pin To Net: NetName=VIN88 Pin=P1_IO2-38
Added Net: Name=VIN88
Added Pin To Net: NetName=VIN89 Pin=P1_IO2-39
Added Net: Name=VIN89
Added Pin To Net: NetName=VIN90 Pin=P1_IO2-41
Added Net: Name=VIN90
Added Pin To Net: NetName=VIN91 Pin=P1_IO2-43
Added Net: Name=VIN91
Added Pin To Net: NetName=VIN92 Pin=P1_IO2-44
Added Net: Name=VIN92
Added Pin To Net: NetName=VIN93 Pin=P1_IO2-45
Added Net: Name=VIN93
Added Pin To Net: NetName=VIN94 Pin=P1_IO2-46
Added Net: Name=VIN94
Added Pin To Net: NetName=VIN95 Pin=P1_IO2-47
Added Net: Name=VIN95
Added Pin To Net: NetName=VIN96 Pin=P1_IO2-50
Added Net: Name=VIN96
Added Pin To Net: NetName=VIN97 Pin=P1_IO2-52
Added Net: Name=VIN97
Added Pin To Net: NetName=VIN98 Pin=P1_IO2-54
Added Net: Name=VIN98
Added Pin To Net: NetName=VIN99 Pin=P1_IO2-55
Added Net: Name=VIN99
Added Pin To Net: NetName=VIN100 Pin=P1_IO2-56
Added Net: Name=VIN100
Added Pin To Net: NetName=VIN101 Pin=P1_IO2-57
Added Net: Name=VIN101
Added Pin To Net: NetName=VIN102 Pin=P1_IO2-58
Added Net: Name=VIN102
Added Pin To Net: NetName=VIN103 Pin=P1_IO2-59
Added Net: Name=VIN103
Added Pin To Net: NetName=VIN104 Pin=P1_IO2-60
Added Net: Name=VIN104
Added Pin To Net: NetName=VIN105 Pin=P1_IO2-62
Added Net: Name=VIN105
Added Pin To Net: NetName=VIN106 Pin=P1_IO2-64
Added Net: Name=VIN106
Added Pin To Net: NetName=VIN107 Pin=P1_IO2-65
Added Net: Name=VIN107
Added Pin To Net: NetName=VIN108 Pin=P1_IO2-66
Added Net: Name=VIN108
Added Pin To Net: NetName=VIN109 Pin=P1_IO2-69
Added Net: Name=VIN109
Added Pin To Net: NetName=VIN110 Pin=P1_IO2-70
Added Net: Name=VIN110
Added Pin To Net: NetName=VIN111 Pin=P1_IO2-75
Added Net: Name=VIN111
Added Pin To Net: NetName=VIN112 Pin=P1_IO2-74
Added Net: Name=VIN112
Added Pin To Net: NetName=VIN113 Pin=P1_IO2-77
Added Net: Name=VIN113
Added Pin To Net: NetName=VIN114 Pin=P1_IO2-76
Added Net: Name=VIN114
Added Pin To Net: NetName=VIN115 Pin=P1_IO2-79
Added Net: Name=VIN115
Added Pin To Net: NetName=VIN116 Pin=P1_IO2-78
Added Net: Name=VIN116
Added Pin To Net: NetName=VIN117 Pin=P1_IO2-81
Added Net: Name=VIN117
Added Pin To Net: NetName=VIN118 Pin=P1_IO2-85
Added Net: Name=VIN118
Added Pin To Net: NetName=VIN119 Pin=P1_IO2-87
Added Net: Name=VIN119
Added Pin To Net: NetName=VIN120 Pin=P1_IO2-84
Added Net: Name=VIN120
Added Pin To Net: NetName=VIN121 Pin=P1_IO2-86
Added Net: Name=VIN121
Added Pin To Net: NetName=VIN122 Pin=P1_IO2-92
Added Net: Name=VIN122
Added Pin To Net: NetName=VIN123 Pin=P1_IO2-93
Added Net: Name=VIN123
Added Pin To Net: NetName=VIN124 Pin=P1_IO2-99
Added Net: Name=VIN124
Added Pin To Net: NetName=VIN125 Pin=P1_IO2-100
Added Net: Name=VIN125
Added Pin To Net: NetName=VIN126 Pin=P1_IO2-101
Added Net: Name=VIN126
Added Pin To Net: NetName=VIN127 Pin=P1_IO2-102
Added Net: Name=VIN127
Added Pin To Net: NetName=VIN128 Pin=P1_IO2-105
Added Net: Name=VIN128
Added Pin To Net: NetName=VIN129 Pin=P1_IO2-106
Added Net: Name=VIN129
Added Pin To Net: NetName=VIN130 Pin=P1_IO2-110
Added Net: Name=VIN130
Added Pin To Net: NetName=VIN131 Pin=P1_IO2-111
Added Net: Name=VIN131
Added Pin To Net: NetName=VIN132 Pin=P1_IO2-113
Added Net: Name=VIN132
Added Pin To Net: NetName=VIN133 Pin=P1_IO2-114
Added Net: Name=VIN133
Added Pin To Net: NetName=VIN134 Pin=P1_IO2-118
Added Net: Name=VIN134
Added Pin To Net: NetName=VIN135 Pin=P1_IO2-119
Added Net: Name=VIN135
Added Pin To Net: NetName=VIN136 Pin=P1_IO2-120
Added Net: Name=VIN136
Added Pin To Net: NetName=VIN137 Pin=P1_IO2-124
Added Net: Name=VIN137
Added Pin To Net: NetName=VIN138 Pin=P1_IO2-127
Added Net: Name=VIN138
Added Pin To Net: NetName=VIN139 Pin=P1_IO2-130
Added Net: Name=VIN139
Added Pin To Net: NetName=VIN140 Pin=P1_IO2-131
Added Net: Name=VIN140
Added Pin To Net: NetName=VIN141 Pin=P1_IO2-132
Added Net: Name=VIN141
Added Pin To Net: NetName=VIN142 Pin=P1_IO2-135
Added Net: Name=VIN142
Added Pin To Net: NetName=VIN143 Pin=P1_IO2-140
Added Net: Name=VIN143
Added Pin To Net: NetName=VIN144 Pin=P1_IO2-141
Added Net: Name=VIN144
Added Pin To Net: NetName=VIN145 Pin=P1_IO2-28
Added Net: Name=VIN145
Added Pin To Net: NetName=VIN146 Pin=P1_IO2-29
Added Net: Name=VIN146
Added Pin To Net: NetName=VIN147 Pin=P1_IO2-88
Added Net: Name=VIN147
Added Pin To Net: NetName=VIN148 Pin=P1_IO2-89
Added Net: Name=VIN148
Added Pin To Net: NetName=VIN149 Pin=P1_IO2-90
Added Net: Name=VIN149
Added Pin To Net: NetName=VIN150 Pin=P1_IO2-91
Added Net: Name=VIN150
Change Class Name : Old Net Name=VIN[300..151] New Net Name=VIN[300..1]
Added Member To Class: ClassName=VIN[300..1] Member=Element[1]: GPIO_0_IO1
Added Member To Class: ClassName=VIN[300..1] Member=Element[2]: GPIO_1_IO1
Added Member To Class: ClassName=VIN[300..1] Member=Element[3]: GPIO_2_IO1
Added Member To Class: ClassName=VIN[300..1] Member=Element[4]: GPIO_3_IO1
Added Member To Class: ClassName=VIN[300..1] Member=Element[5]: GPIO_4_IO1
Added Member To Class: ClassName=VIN[300..1] Member=Element[6]: GPIO_5_IO1
Added Member To Class: ClassName=VIN[300..1] Member=Element[7]: GPIO_6_IO1
Added Member To Class: ClassName=VIN[300..1] Member=Element[8]: GPIO_7_IO1
Added Member To Class: ClassName=VIN[300..1] Member=Element[9]: GPIO_8_IO1
Added Member To Class: ClassName=VIN[300..1] Member=Element[10]: GPIO_9_IO1
Added Member To Class: ClassName=VIN[300..1] Member=Element[11]: GPIO_10_IO1
Added Member To Class: ClassName=VIN[300..1] Member=Element[12]: GPIO_11_IO1
Added Member To Class: ClassName=VIN[300..1] Member=Element[13]: GPIO_12_IO1
Added Member To Class: ClassName=VIN[300..1] Member=Element[14]: GPIO_13_IO1
Added Member To Class: ClassName=VIN[300..1] Member=Element[15]: GPIO_14_IO1
Added Member To Class: ClassName=VIN[300..1] Member=Element[16]: GPIO_15_IO1
Added Member To Class: ClassName=VIN[300..1] Member=Element[17]: GPIO_16_IO1
Added Member To Class: ClassName=VIN[300..1] Member=Element[18]: GPIO_17_IO1
Added Member To Class: ClassName=VIN[300..1] Member=Element[19]: GPIO_18_IO1
Added Member To Class: ClassName=VIN[300..1] Member=Element[20]: GPIO_19_IO1
Added Member To Class: ClassName=VIN[300..1] Member=Element[21]: GPIO_20_IO1
Added Member To Class: ClassName=VIN[300..1] Member=Element[22]: GPIO_21_IO1
Added Member To Class: ClassName=VIN[300..1] Member=Element[23]: GPIO_22_IO1
Added Member To Class: ClassName=VIN[300..1] Member=Element[24]: GPIO_23_IO1
Added Member To Class: ClassName=VIN[300..1] Member=Element[25]: GPIO_24_IO1
Added Member To Class: ClassName=VIN[300..1] Member=Element[26]: GPIO_25_IO1
Added Member To Class: ClassName=VIN[300..1] Member=Element[27]: GPIO_26_IO1
Added Member To Class: ClassName=VIN[300..1] Member=Element[28]: GPIO_27_IO1
Added Member To Class: ClassName=VIN[300..1] Member=Element[29]: GPIO_28_IO1
Added Member To Class: ClassName=VIN[300..1] Member=Element[30]: GPIO_29_IO1
Added Member To Class: ClassName=VIN[300..1] Member=Element[31]: GPIO_30_IO1
Added Member To Class: ClassName=VIN[300..1] Member=Element[32]: GPIO_31_IO1
Added Member To Class: ClassName=VIN[300..1] Member=Element[33]: GPIO_32_IO1
Added Member To Class: ClassName=VIN[300..1] Member=Element[34]: GPIO_33_IO1
Added Member To Class: ClassName=VIN[300..1] Member=Element[35]: GPIO_34_IO1
Added Member To Class: ClassName=VIN[300..1] Member=Element[36]: GPIO_35_IO1
Added Member To Class: ClassName=VIN[300..1] Member=Element[37]: GPIO_36_IO1
Added Member To Class: ClassName=VIN[300..1] Member=Element[38]: GPIO_37_IO1
Added Member To Class: ClassName=VIN[300..1] Member=Element[39]: GPIO_38_IO1
Added Member To Class: ClassName=VIN[300..1] Member=Element[40]: GPIO_39_IO1
Added Member To Class: ClassName=VIN[300..1] Member=Element[41]: GPIO_40_IO1
Added Member To Class: ClassName=VIN[300..1] Member=Element[42]: GPIO_41_IO1
Added Member To Class: ClassName=VIN[300..1] Member=Element[43]: GPIO_42_IO1
Added Member To Class: ClassName=VIN[300..1] Member=Element[44]: GPIO_43_IO1
Added Member To Class: ClassName=VIN[300..1] Member=Element[45]: GPIO_44_IO1
Added Member To Class: ClassName=VIN[300..1] Member=Element[46]: GPIO_45_IO1
Added Member To Class: ClassName=VIN[300..1] Member=Element[47]: GPIO_46_IO1
Added Member To Class: ClassName=VIN[300..1] Member=Element[48]: GPIO_47_IO1
Added Member To Class: ClassName=VIN[300..1] Member=Element[49]: GPIO_48_IO1
Added Member To Class: ClassName=VIN[300..1] Member=Element[50]: GPIO_49_IO1
Added Member To Class: ClassName=VIN[300..1] Member=Element[51]: GPIO_50_IO1
Added Member To Class: ClassName=VIN[300..1] Member=Element[52]: GPIO_51_IO1
Added Member To Class: ClassName=VIN[300..1] Member=Element[53]: GPIO_52_IO1
Added Member To Class: ClassName=VIN[300..1] Member=Element[54]: GPIO_53_IO1
Added Member To Class: ClassName=VIN[300..1] Member=Element[55]: GPIO_54_IO1
Added Member To Class: ClassName=VIN[300..1] Member=Element[56]: GPIO_55_IO1
Added Member To Class: ClassName=VIN[300..1] Member=Element[57]: GPIO_56_IO1
Added Member To Class: ClassName=VIN[300..1] Member=Element[58]: GPIO_57_IO1
Added Member To Class: ClassName=VIN[300..1] Member=Element[59]: GPIO_58_IO1
Added Member To Class: ClassName=VIN[300..1] Member=Element[60]: GPIO_59_IO1
Added Member To Class: ClassName=VIN[300..1] Member=Element[61]: GPIO_60_IO1
Added Member To Class: ClassName=VIN[300..1] Member=Element[62]: GPIO_61_IO1
Added Member To Class: ClassName=VIN[300..1] Member=Element[63]: GPIO_62_IO1
Added Member To Class: ClassName=VIN[300..1] Member=Element[64]: GPIO_63_IO1
Added Member To Class: ClassName=VIN[300..1] Member=Element[65]: GPIO_64_IO1
Added Member To Class: ClassName=VIN[300..1] Member=Element[66]: GPIO_65_IO1
Added Member To Class: ClassName=VIN[300..1] Member=Element[67]: GPIO_66_IO1
Added Member To Class: ClassName=VIN[300..1] Member=Element[68]: GPIO_67_IO1
Added Member To Class: ClassName=VIN[300..1] Member=Element[69]: GPIO_68_IO1
Added Member To Class: ClassName=VIN[300..1] Member=Element[70]: GPIO_69_IO1
Added Member To Class: ClassName=VIN[300..1] Member=Element[71]: GPIO_70_IO1
Added Member To Class: ClassName=VIN[300..1] Member=Element[72]: GPIO_71_IO1
Added Member To Class: ClassName=VIN[300..1] Member=Element[73]: GPIO_72_IO1
Added Member To Class: ClassName=VIN[300..1] Member=Element[74]: GPIO_73_IO1
Added Member To Class: ClassName=VIN[300..1] Member=Element[75]: GPIO_74_IO1
Added Member To Class: ClassName=VIN[300..1] Member=Element[76]: GPIO_0_IO2
Added Member To Class: ClassName=VIN[300..1] Member=Element[77]: GPIO_1_IO2
Added Member To Class: ClassName=VIN[300..1] Member=Element[78]: GPIO_2_IO2
Added Member To Class: ClassName=VIN[300..1] Member=Element[79]: GPIO_3_IO2
Added Member To Class: ClassName=VIN[300..1] Member=Element[80]: GPIO_4_IO2
Added Member To Class: ClassName=VIN[300..1] Member=Element[81]: GPIO_5_IO2
Added Member To Class: ClassName=VIN[300..1] Member=Element[82]: GPIO_6_IO2
Added Member To Class: ClassName=VIN[300..1] Member=Element[83]: GPIO_7_IO2
Added Member To Class: ClassName=VIN[300..1] Member=Element[84]: GPIO_8_IO2
Added Member To Class: ClassName=VIN[300..1] Member=Element[85]: GPIO_9_IO2
Added Member To Class: ClassName=VIN[300..1] Member=Element[86]: GPIO_10_IO2
Added Member To Class: ClassName=VIN[300..1] Member=Element[87]: GPIO_11_IO2
Added Member To Class: ClassName=VIN[300..1] Member=Element[88]: GPIO_12_IO2
Added Member To Class: ClassName=VIN[300..1] Member=Element[89]: GPIO_13_IO2
Added Member To Class: ClassName=VIN[300..1] Member=Element[90]: GPIO_14_IO2
Added Member To Class: ClassName=VIN[300..1] Member=Element[91]: GPIO_15_IO2
Added Member To Class: ClassName=VIN[300..1] Member=Element[92]: GPIO_16_IO2
Added Member To Class: ClassName=VIN[300..1] Member=Element[93]: GPIO_17_IO2
Added Member To Class: ClassName=VIN[300..1] Member=Element[94]: GPIO_18_IO2
Added Member To Class: ClassName=VIN[300..1] Member=Element[95]: GPIO_19_IO2
Added Member To Class: ClassName=VIN[300..1] Member=Element[96]: GPIO_20_IO2
Added Member To Class: ClassName=VIN[300..1] Member=Element[97]: GPIO_21_IO2
Added Member To Class: ClassName=VIN[300..1] Member=Element[98]: GPIO_22_IO2
Added Member To Class: ClassName=VIN[300..1] Member=Element[99]: GPIO_23_IO2
Added Member To Class: ClassName=VIN[300..1] Member=Element[100]: GPIO_24_IO2
Added Member To Class: ClassName=VIN[300..1] Member=Element[101]: GPIO_25_IO2
Added Member To Class: ClassName=VIN[300..1] Member=Element[102]: GPIO_26_IO2
Added Member To Class: ClassName=VIN[300..1] Member=Element[103]: GPIO_27_IO2
Added Member To Class: ClassName=VIN[300..1] Member=Element[104]: GPIO_28_IO2
Added Member To Class: ClassName=VIN[300..1] Member=Element[105]: GPIO_29_IO2
Added Member To Class: ClassName=VIN[300..1] Member=Element[106]: GPIO_30_IO2
Added Member To Class: ClassName=VIN[300..1] Member=Element[107]: GPIO_31_IO2
Added Member To Class: ClassName=VIN[300..1] Member=Element[108]: GPIO_32_IO2
Added Member To Class: ClassName=VIN[300..1] Member=Element[109]: GPIO_33_IO2
Added Member To Class: ClassName=VIN[300..1] Member=Element[110]: GPIO_34_IO2
Added Member To Class: ClassName=VIN[300..1] Member=Element[111]: GPIO_35_IO2
Added Member To Class: ClassName=VIN[300..1] Member=Element[112]: GPIO_36_IO2
Added Member To Class: ClassName=VIN[300..1] Member=Element[113]: GPIO_37_IO2
Added Member To Class: ClassName=VIN[300..1] Member=Element[114]: GPIO_38_IO2
Added Member To Class: ClassName=VIN[300..1] Member=Element[115]: GPIO_39_IO2
Added Member To Class: ClassName=VIN[300..1] Member=Element[116]: GPIO_40_IO2
Added Member To Class: ClassName=VIN[300..1] Member=Element[117]: GPIO_41_IO2
Added Member To Class: ClassName=VIN[300..1] Member=Element[118]: GPIO_42_IO2
Added Member To Class: ClassName=VIN[300..1] Member=Element[119]: GPIO_43_IO2
Added Member To Class: ClassName=VIN[300..1] Member=Element[120]: GPIO_44_IO2
Added Member To Class: ClassName=VIN[300..1] Member=Element[121]: GPIO_45_IO2
Added Member To Class: ClassName=VIN[300..1] Member=Element[122]: GPIO_46_IO2
Added Member To Class: ClassName=VIN[300..1] Member=Element[123]: GPIO_47_IO2
Added Member To Class: ClassName=VIN[300..1] Member=Element[124]: GPIO_48_IO2
Added Member To Class: ClassName=VIN[300..1] Member=Element[125]: GPIO_49_IO2
Added Member To Class: ClassName=VIN[300..1] Member=Element[126]: GPIO_50_IO2
Added Member To Class: ClassName=VIN[300..1] Member=Element[127]: GPIO_51_IO2
Added Member To Class: ClassName=VIN[300..1] Member=Element[128]: GPIO_52_IO2
Added Member To Class: ClassName=VIN[300..1] Member=Element[129]: GPIO_53_IO2
Added Member To Class: ClassName=VIN[300..1] Member=Element[130]: GPIO_54_IO2
Added Member To Class: ClassName=VIN[300..1] Member=Element[131]: GPIO_55_IO2
Added Member To Class: ClassName=VIN[300..1] Member=Element[132]: GPIO_56_IO2
Added Member To Class: ClassName=VIN[300..1] Member=Element[133]: GPIO_57_IO2
Added Member To Class: ClassName=VIN[300..1] Member=Element[134]: GPIO_58_IO2
Added Member To Class: ClassName=VIN[300..1] Member=Element[135]: GPIO_59_IO2
Added Member To Class: ClassName=VIN[300..1] Member=Element[136]: GPIO_60_IO2
Added Member To Class: ClassName=VIN[300..1] Member=Element[137]: GPIO_61_IO2
Added Member To Class: ClassName=VIN[300..1] Member=Element[138]: GPIO_62_IO2
Added Member To Class: ClassName=VIN[300..1] Member=Element[139]: GPIO_63_IO2
Added Member To Class: ClassName=VIN[300..1] Member=Element[140]: GPIO_64_IO2
Added Member To Class: ClassName=VIN[300..1] Member=Element[141]: GPIO_65_IO2
Added Member To Class: ClassName=VIN[300..1] Member=Element[142]: GPIO_66_IO2
Added Member To Class: ClassName=VIN[300..1] Member=Element[143]: GPIO_67_IO2
Added Member To Class: ClassName=VIN[300..1] Member=Element[144]: GPIO_68_IO2
Added Member To Class: ClassName=VIN[300..1] Member=Element[145]: GPIO_69_IO2
Added Member To Class: ClassName=VIN[300..1] Member=Element[146]: GPIO_70_IO2
Added Member To Class: ClassName=VIN[300..1] Member=Element[147]: GPIO_71_IO2
Added Member To Class: ClassName=VIN[300..1] Member=Element[148]: GPIO_72_IO2
Added Member To Class: ClassName=VIN[300..1] Member=Element[149]: GPIO_73_IO2
Added Member To Class: ClassName=VIN[300..1] Member=Element[150]: GPIO_74_IO2
