Removed Member From Class: ClassName=IO4 Member=C1_IO1
Removed Member From Class: ClassName=IO2 Member=C1_IO3
Removed Member From Class: ClassName=POWER4 Member=C2_POWER1
Removed Member From Class: ClassName=POWER3 Member=C2_POWER2
Removed Member From Class: ClassName=POWER3 Member=C3_POWER2
Removed Member From Class: ClassName=POWER1 Member=C3_POWER4
Removed Member From Class: ClassName=POWER4 Member=C4_POWER1
Removed Member From Class: ClassName=POWER2 Member=C4_POWER3
Removed Member From Class: ClassName=POWER4 Member=C5_POWER1
Removed Member From Class: ClassName=POWER3 Member=C5_POWER2
Removed Member From Class: ClassName=POWER4 Member=C6_POWER1
Removed Member From Class: ClassName=POWER2 Member=C6_POWER3
Removed Member From Class: ClassName=POWER4 Member=C7_POWER1
Removed Member From Class: ClassName=POWER3 Member=C7_POWER2
Removed Member From Class: ClassName=POWER3 Member=C9_POWER2
Removed Member From Class: ClassName=POWER1 Member=C9_POWER4
Removed Member From Class: ClassName=POWER4 Member=C10_POWER1
Removed Member From Class: ClassName=POWER2 Member=C10_POWER3
Removed Member From Class: ClassName=POWER3 Member=C11_POWER2
Removed Member From Class: ClassName=POWER1 Member=C11_POWER4
Removed Member From Class: ClassName=POWER4 Member=C12_POWER1
Removed Member From Class: ClassName=POWER2 Member=C12_POWER3
Removed Member From Class: ClassName=POWER4 Member=C13_POWER1
Removed Member From Class: ClassName=POWER3 Member=C13_POWER2
Removed Member From Class: ClassName=POWER3 Member=C15_POWER2
Removed Member From Class: ClassName=POWER1 Member=C15_POWER4
Removed Member From Class: ClassName=POWER4 Member=C16_POWER1
Removed Member From Class: ClassName=POWER2 Member=C16_POWER3
Removed Member From Class: ClassName=POWER4 Member=C17_POWER1
Removed Member From Class: ClassName=POWER2 Member=C17_POWER3
Removed Member From Class: ClassName=POWER3 Member=C23_POWER2
Removed Member From Class: ClassName=POWER1 Member=C23_POWER4
Removed Member From Class: ClassName=POWER4 Member=C24_POWER1
Removed Member From Class: ClassName=POWER2 Member=C24_POWER3
Removed Member From Class: ClassName=POWER4 Member=C45_POWER1
Removed Member From Class: ClassName=POWER2 Member=C45_POWER3
Removed Member From Class: ClassName=POWER3 Member=C46_POWER2
Removed Member From Class: ClassName=POWER1 Member=C46_POWER4
Removed Member From Class: ClassName=POWER4 Member=C47_POWER1
Removed Member From Class: ClassName=POWER2 Member=C47_POWER3
Removed Member From Class: ClassName=POWER3 Member=C48_POWER2
Removed Member From Class: ClassName=POWER1 Member=C48_POWER4
Removed Member From Class: ClassName=POWER4 Member=C49_POWER1
Removed Member From Class: ClassName=POWER2 Member=C49_POWER3
Removed Member From Class: ClassName=POWER4 Member=C51_POWER1
Removed Member From Class: ClassName=POWER2 Member=C51_POWER3
Removed Member From Class: ClassName=POWER4 Member=C52_POWER1
Removed Member From Class: ClassName=POWER3 Member=C52_POWER2
Removed Member From Class: ClassName=POWER4 Member=C53_POWER1
Removed Member From Class: ClassName=POWER2 Member=C53_POWER3
Removed Member From Class: ClassName=POWER4 Member=C54_POWER1
Removed Member From Class: ClassName=POWER3 Member=C54_POWER2
Removed Member From Class: ClassName=POWER4 Member=C55_POWER1
Removed Member From Class: ClassName=POWER2 Member=C55_POWER3
Removed Member From Class: ClassName=POWER4 Member=C56_POWER1
Removed Member From Class: ClassName=POWER2 Member=C56_POWER3
Removed Member From Class: ClassName=POWER3 Member=C57_POWER2
Removed Member From Class: ClassName=POWER1 Member=C57_POWER4
Removed Member From Class: ClassName=POWER4 Member=C58_POWER1
Removed Member From Class: ClassName=POWER2 Member=C58_POWER3
Removed Member From Class: ClassName=POWER4 Member=C59_POWER1
Removed Member From Class: ClassName=POWER3 Member=C59_POWER2
Removed Member From Class: ClassName=POWER4 Member=C60_POWER1
Removed Member From Class: ClassName=POWER2 Member=C60_POWER3
Removed Member From Class: ClassName=POWER4 Member=C61_POWER1
Removed Member From Class: ClassName=POWER2 Member=C61_POWER3
Removed Member From Class: ClassName=POWER3 Member=C62_POWER2
Removed Member From Class: ClassName=POWER1 Member=C62_POWER4
Removed Member From Class: ClassName=POWER4 Member=C64_POWER1
Removed Member From Class: ClassName=POWER2 Member=C64_POWER3
Removed Member From Class: ClassName=POWER3 Member=C65_POWER2
Removed Member From Class: ClassName=POWER1 Member=C65_POWER4
Removed Member From Class: ClassName=POWER4 Member=C66_POWER1
Removed Member From Class: ClassName=POWER2 Member=C66_POWER3
Removed Member From Class: ClassName=POWER4 Member=C67_POWER1
Removed Member From Class: ClassName=POWER2 Member=C67_POWER3
Removed Member From Class: ClassName=POWER4 Member=C68_POWER1
Removed Member From Class: ClassName=POWER3 Member=C68_POWER2
Removed Member From Class: ClassName=POWER4 Member=C69_POWER1
Removed Member From Class: ClassName=POWER2 Member=C69_POWER3
Removed Member From Class: ClassName=POWER4 Member=C70_POWER1
Removed Member From Class: ClassName=POWER3 Member=C70_POWER2
Removed Member From Class: ClassName=POWER4 Member=C71_POWER1
Removed Member From Class: ClassName=POWER2 Member=C71_POWER3
Removed Member From Class: ClassName=POWER4 Member=C72_POWER1
Removed Member From Class: ClassName=POWER2 Member=C72_POWER3
Removed Member From Class: ClassName=IO3 Member=D1_IO2
Removed Member From Class: ClassName=IO1 Member=D1_IO4
Removed Member From Class: ClassName=IO3 Member=D2_IO2
Removed Member From Class: ClassName=IO1 Member=D2_IO4
Removed Member From Class: ClassName=POWER3 Member=L1_POWER2
Removed Member From Class: ClassName=POWER1 Member=L1_POWER4
Removed Member From Class: ClassName=POWER4 Member=L2_POWER1
Removed Member From Class: ClassName=POWER2 Member=L2_POWER3
Removed Member From Class: ClassName=POWER3 Member=L3_POWER2
Removed Member From Class: ClassName=POWER1 Member=L3_POWER4
Removed Member From Class: ClassName=IO4 Member=P1_IO1
Removed Member From Class: ClassName=IO2 Member=P1_IO3
Removed Member From Class: ClassName=IO4 Member=R1_IO1
Removed Member From Class: ClassName=IO3 Member=R1_IO2
Removed Member From Class: ClassName=IO4 Member=R2_IO1
Removed Member From Class: ClassName=IO2 Member=R2_IO3
Removed Member From Class: ClassName=IO4 Member=R3_IO1
Removed Member From Class: ClassName=IO2 Member=R3_IO3
Removed Member From Class: ClassName=IO4 Member=R4_IO1
Removed Member From Class: ClassName=IO2 Member=R4_IO3
Removed Member From Class: ClassName=IO4 Member=R5_IO1
Removed Member From Class: ClassName=IO3 Member=R5_IO2
Removed Member From Class: ClassName=IO3 Member=R6_IO2
Removed Member From Class: ClassName=IO1 Member=R6_IO4
Removed Member From Class: ClassName=IO3 Member=R7_IO2
Removed Member From Class: ClassName=IO1 Member=R7_IO4
Removed Member From Class: ClassName=IO3 Member=R8_IO2
Removed Member From Class: ClassName=IO1 Member=R8_IO4
Removed Member From Class: ClassName=IO4 Member=R13_IO1
Removed Member From Class: ClassName=IO2 Member=R13_IO3
Removed Member From Class: ClassName=IO4 Member=R14_IO1
Removed Member From Class: ClassName=IO2 Member=R14_IO3
Removed Member From Class: ClassName=IO4 Member=R20_IO1
Removed Member From Class: ClassName=IO2 Member=R20_IO3
Removed Member From Class: ClassName=IO4 Member=R21_IO1
Removed Member From Class: ClassName=IO2 Member=R21_IO3
Removed Member From Class: ClassName=IO3 Member=U1_IO2
Removed Member From Class: ClassName=IO1 Member=U1_IO4
Change Net Name : Old Net Name=CMD_TX_IO1 New Net Name=CMD_TX1
Change Net Name : Old Net Name=CMD_TX_IO2 New Net Name=CMD_TX2
Change Net Name : Old Net Name=CMD_TX_IO3 New Net Name=CMD_TX3
Change Net Name : Old Net Name=CMD_TX_IO4 New Net Name=CMD_TX4
Change Net Name : Old Net Name=GPIO_0_IO1 New Net Name=VIN1
Change Net Name : Old Net Name=GPIO_0_IO2 New Net Name=VIN76
Change Net Name : Old Net Name=GPIO_0_IO3 New Net Name=VIN151
Change Net Name : Old Net Name=GPIO_0_IO4 New Net Name=VIN226
Change Net Name : Old Net Name=GPIO_1_IO1 New Net Name=VIN2
Change Net Name : Old Net Name=GPIO_1_IO2 New Net Name=VIN77
Change Net Name : Old Net Name=GPIO_1_IO3 New Net Name=VIN152
Change Net Name : Old Net Name=GPIO_1_IO4 New Net Name=VIN227
Change Net Name : Old Net Name=GPIO_2_IO1 New Net Name=VIN3
Change Net Name : Old Net Name=GPIO_2_IO2 New Net Name=VIN78
Change Net Name : Old Net Name=GPIO_2_IO3 New Net Name=VIN153
Change Net Name : Old Net Name=GPIO_2_IO4 New Net Name=VIN228
Change Net Name : Old Net Name=GPIO_3_IO1 New Net Name=VIN4
Change Net Name : Old Net Name=GPIO_3_IO2 New Net Name=VIN79
Change Net Name : Old Net Name=GPIO_3_IO3 New Net Name=VIN154
Change Net Name : Old Net Name=GPIO_3_IO4 New Net Name=VIN229
Change Net Name : Old Net Name=GPIO_4_IO1 New Net Name=VIN5
Change Net Name : Old Net Name=GPIO_4_IO2 New Net Name=VIN80
Change Net Name : Old Net Name=GPIO_4_IO3 New Net Name=VIN155
Change Net Name : Old Net Name=GPIO_4_IO4 New Net Name=VIN230
Change Net Name : Old Net Name=GPIO_5_IO1 New Net Name=VIN6
Change Net Name : Old Net Name=GPIO_5_IO2 New Net Name=VIN81
Change Net Name : Old Net Name=GPIO_5_IO3 New Net Name=VIN156
Change Net Name : Old Net Name=GPIO_5_IO4 New Net Name=VIN231
Change Net Name : Old Net Name=GPIO_6_IO1 New Net Name=VIN7
Change Net Name : Old Net Name=GPIO_6_IO2 New Net Name=VIN82
Change Net Name : Old Net Name=GPIO_6_IO3 New Net Name=VIN157
Change Net Name : Old Net Name=GPIO_6_IO4 New Net Name=VIN232
Change Net Name : Old Net Name=GPIO_7_IO1 New Net Name=VIN8
Change Net Name : Old Net Name=GPIO_7_IO2 New Net Name=VIN83
Change Net Name : Old Net Name=GPIO_7_IO3 New Net Name=VIN158
Change Net Name : Old Net Name=GPIO_7_IO4 New Net Name=VIN233
Change Net Name : Old Net Name=GPIO_8_IO1 New Net Name=VIN9
Change Net Name : Old Net Name=GPIO_8_IO2 New Net Name=VIN84
Change Net Name : Old Net Name=GPIO_8_IO3 New Net Name=VIN159
Change Net Name : Old Net Name=GPIO_8_IO4 New Net Name=VIN234
Change Net Name : Old Net Name=GPIO_9_IO1 New Net Name=VIN10
Change Net Name : Old Net Name=GPIO_9_IO2 New Net Name=VIN85
Change Net Name : Old Net Name=GPIO_9_IO3 New Net Name=VIN160
Change Net Name : Old Net Name=GPIO_9_IO4 New Net Name=VIN235
Change Net Name : Old Net Name=GPIO_10_IO1 New Net Name=VIN11
Change Net Name : Old Net Name=GPIO_10_IO2 New Net Name=VIN86
Change Net Name : Old Net Name=GPIO_10_IO3 New Net Name=VIN161
Change Net Name : Old Net Name=GPIO_10_IO4 New Net Name=VIN236
Change Net Name : Old Net Name=GPIO_11_IO1 New Net Name=VIN12
Change Net Name : Old Net Name=GPIO_11_IO2 New Net Name=VIN87
Change Net Name : Old Net Name=GPIO_11_IO3 New Net Name=VIN162
Change Net Name : Old Net Name=GPIO_11_IO4 New Net Name=VIN237
Change Net Name : Old Net Name=GPIO_12_IO1 New Net Name=VIN13
Change Net Name : Old Net Name=GPIO_12_IO2 New Net Name=VIN88
Change Net Name : Old Net Name=GPIO_12_IO3 New Net Name=VIN163
Change Net Name : Old Net Name=GPIO_12_IO4 New Net Name=VIN238
Change Net Name : Old Net Name=GPIO_13_IO1 New Net Name=VIN14
Change Net Name : Old Net Name=GPIO_13_IO2 New Net Name=VIN89
Change Net Name : Old Net Name=GPIO_13_IO3 New Net Name=VIN164
Change Net Name : Old Net Name=GPIO_13_IO4 New Net Name=VIN239
Change Net Name : Old Net Name=GPIO_14_IO1 New Net Name=VIN15
Change Net Name : Old Net Name=GPIO_14_IO2 New Net Name=VIN90
Change Net Name : Old Net Name=GPIO_14_IO3 New Net Name=VIN165
Change Net Name : Old Net Name=GPIO_14_IO4 New Net Name=VIN240
Change Net Name : Old Net Name=GPIO_15_IO1 New Net Name=VIN16
Change Net Name : Old Net Name=GPIO_15_IO2 New Net Name=VIN91
Change Net Name : Old Net Name=GPIO_15_IO3 New Net Name=VIN166
Change Net Name : Old Net Name=GPIO_15_IO4 New Net Name=VIN241
Change Net Name : Old Net Name=GPIO_16_IO1 New Net Name=VIN17
Change Net Name : Old Net Name=GPIO_16_IO2 New Net Name=VIN92
Change Net Name : Old Net Name=GPIO_16_IO3 New Net Name=VIN167
Change Net Name : Old Net Name=GPIO_16_IO4 New Net Name=VIN242
Change Net Name : Old Net Name=GPIO_17_IO1 New Net Name=VIN18
Change Net Name : Old Net Name=GPIO_17_IO2 New Net Name=VIN93
Change Net Name : Old Net Name=GPIO_17_IO3 New Net Name=VIN168
Change Net Name : Old Net Name=GPIO_17_IO4 New Net Name=VIN243
Change Net Name : Old Net Name=GPIO_18_IO1 New Net Name=VIN19
Change Net Name : Old Net Name=GPIO_18_IO2 New Net Name=VIN94
Change Net Name : Old Net Name=GPIO_18_IO3 New Net Name=VIN169
Change Net Name : Old Net Name=GPIO_18_IO4 New Net Name=VIN244
Change Net Name : Old Net Name=GPIO_19_IO1 New Net Name=VIN20
Change Net Name : Old Net Name=GPIO_19_IO2 New Net Name=VIN95
Change Net Name : Old Net Name=GPIO_19_IO3 New Net Name=VIN170
Change Net Name : Old Net Name=GPIO_19_IO4 New Net Name=VIN245
Change Net Name : Old Net Name=GPIO_20_IO1 New Net Name=VIN21
Change Net Name : Old Net Name=GPIO_20_IO2 New Net Name=VIN96
Change Net Name : Old Net Name=GPIO_20_IO3 New Net Name=VIN171
Change Net Name : Old Net Name=GPIO_20_IO4 New Net Name=VIN246
Change Net Name : Old Net Name=GPIO_21_IO1 New Net Name=VIN22
Change Net Name : Old Net Name=GPIO_21_IO2 New Net Name=VIN97
Change Net Name : Old Net Name=GPIO_21_IO3 New Net Name=VIN172
Change Net Name : Old Net Name=GPIO_21_IO4 New Net Name=VIN247
Change Net Name : Old Net Name=GPIO_22_IO1 New Net Name=VIN23
Change Net Name : Old Net Name=GPIO_22_IO2 New Net Name=VIN98
Change Net Name : Old Net Name=GPIO_22_IO3 New Net Name=VIN173
Change Net Name : Old Net Name=GPIO_22_IO4 New Net Name=VIN248
Change Net Name : Old Net Name=GPIO_23_IO1 New Net Name=VIN24
Change Net Name : Old Net Name=GPIO_23_IO2 New Net Name=VIN99
Change Net Name : Old Net Name=GPIO_23_IO3 New Net Name=VIN174
Change Net Name : Old Net Name=GPIO_23_IO4 New Net Name=VIN249
Change Net Name : Old Net Name=GPIO_24_IO1 New Net Name=VIN25
Change Net Name : Old Net Name=GPIO_24_IO2 New Net Name=VIN100
Change Net Name : Old Net Name=GPIO_24_IO3 New Net Name=VIN175
Change Net Name : Old Net Name=GPIO_24_IO4 New Net Name=VIN250
Change Net Name : Old Net Name=GPIO_25_IO1 New Net Name=VIN26
Change Net Name : Old Net Name=GPIO_25_IO2 New Net Name=VIN101
Change Net Name : Old Net Name=GPIO_25_IO3 New Net Name=VIN176
Change Net Name : Old Net Name=GPIO_25_IO4 New Net Name=VIN251
Change Net Name : Old Net Name=GPIO_26_IO1 New Net Name=VIN27
Change Net Name : Old Net Name=GPIO_26_IO2 New Net Name=VIN102
Change Net Name : Old Net Name=GPIO_26_IO3 New Net Name=VIN177
Change Net Name : Old Net Name=GPIO_26_IO4 New Net Name=VIN252
Change Net Name : Old Net Name=GPIO_27_IO1 New Net Name=VIN28
Change Net Name : Old Net Name=GPIO_27_IO2 New Net Name=VIN103
Change Net Name : Old Net Name=GPIO_27_IO3 New Net Name=VIN178
Change Net Name : Old Net Name=GPIO_27_IO4 New Net Name=VIN253
Change Net Name : Old Net Name=GPIO_28_IO1 New Net Name=VIN29
Change Net Name : Old Net Name=GPIO_28_IO2 New Net Name=VIN104
Change Net Name : Old Net Name=GPIO_28_IO3 New Net Name=VIN179
Change Net Name : Old Net Name=GPIO_28_IO4 New Net Name=VIN254
Change Net Name : Old Net Name=GPIO_29_IO1 New Net Name=VIN30
Change Net Name : Old Net Name=GPIO_29_IO2 New Net Name=VIN105
Change Net Name : Old Net Name=GPIO_29_IO3 New Net Name=VIN180
Change Net Name : Old Net Name=GPIO_29_IO4 New Net Name=VIN255
Change Net Name : Old Net Name=GPIO_30_IO1 New Net Name=VIN31
Change Net Name : Old Net Name=GPIO_30_IO2 New Net Name=VIN106
Change Net Name : Old Net Name=GPIO_30_IO3 New Net Name=VIN181
Change Net Name : Old Net Name=GPIO_30_IO4 New Net Name=VIN256
Change Net Name : Old Net Name=GPIO_31_IO1 New Net Name=VIN32
Change Net Name : Old Net Name=GPIO_31_IO2 New Net Name=VIN107
Change Net Name : Old Net Name=GPIO_31_IO3 New Net Name=VIN182
Change Net Name : Old Net Name=GPIO_31_IO4 New Net Name=VIN257
Change Net Name : Old Net Name=GPIO_32_IO1 New Net Name=VIN33
Change Net Name : Old Net Name=GPIO_32_IO2 New Net Name=VIN108
Change Net Name : Old Net Name=GPIO_32_IO3 New Net Name=VIN183
Change Net Name : Old Net Name=GPIO_32_IO4 New Net Name=VIN258
Change Net Name : Old Net Name=GPIO_33_IO1 New Net Name=VIN34
Change Net Name : Old Net Name=GPIO_33_IO2 New Net Name=VIN109
Change Net Name : Old Net Name=GPIO_33_IO3 New Net Name=VIN184
Change Net Name : Old Net Name=GPIO_33_IO4 New Net Name=VIN259
Change Net Name : Old Net Name=GPIO_34_IO1 New Net Name=VIN35
Change Net Name : Old Net Name=GPIO_34_IO2 New Net Name=VIN110
Change Net Name : Old Net Name=GPIO_34_IO3 New Net Name=VIN185
Change Net Name : Old Net Name=GPIO_34_IO4 New Net Name=VIN260
Change Net Name : Old Net Name=GPIO_35_IO1 New Net Name=VIN36
Change Net Name : Old Net Name=GPIO_35_IO2 New Net Name=VIN111
Change Net Name : Old Net Name=GPIO_35_IO3 New Net Name=VIN186
Change Net Name : Old Net Name=GPIO_35_IO4 New Net Name=VIN261
Change Net Name : Old Net Name=GPIO_36_IO1 New Net Name=VIN37
Change Net Name : Old Net Name=GPIO_36_IO2 New Net Name=VIN112
Change Net Name : Old Net Name=GPIO_36_IO3 New Net Name=VIN187
Change Net Name : Old Net Name=GPIO_36_IO4 New Net Name=VIN262
Change Net Name : Old Net Name=GPIO_37_IO1 New Net Name=VIN38
Change Net Name : Old Net Name=GPIO_37_IO2 New Net Name=VIN113
Change Net Name : Old Net Name=GPIO_37_IO3 New Net Name=VIN188
Change Net Name : Old Net Name=GPIO_37_IO4 New Net Name=VIN263
Change Net Name : Old Net Name=GPIO_38_IO1 New Net Name=VIN39
Change Net Name : Old Net Name=GPIO_38_IO2 New Net Name=VIN114
Change Net Name : Old Net Name=GPIO_38_IO3 New Net Name=VIN189
Change Net Name : Old Net Name=GPIO_38_IO4 New Net Name=VIN264
Change Net Name : Old Net Name=GPIO_39_IO1 New Net Name=VIN40
Change Net Name : Old Net Name=GPIO_39_IO2 New Net Name=VIN115
Change Net Name : Old Net Name=GPIO_39_IO3 New Net Name=VIN190
Change Net Name : Old Net Name=GPIO_39_IO4 New Net Name=VIN265
Change Net Name : Old Net Name=GPIO_40_IO1 New Net Name=VIN41
Change Net Name : Old Net Name=GPIO_40_IO2 New Net Name=VIN116
Change Net Name : Old Net Name=GPIO_40_IO3 New Net Name=VIN191
Change Net Name : Old Net Name=GPIO_40_IO4 New Net Name=VIN266
Change Net Name : Old Net Name=GPIO_41_IO1 New Net Name=VIN42
Change Net Name : Old Net Name=GPIO_41_IO2 New Net Name=VIN117
Change Net Name : Old Net Name=GPIO_41_IO3 New Net Name=VIN192
Change Net Name : Old Net Name=GPIO_41_IO4 New Net Name=VIN267
Change Net Name : Old Net Name=GPIO_42_IO1 New Net Name=VIN43
Change Net Name : Old Net Name=GPIO_42_IO2 New Net Name=VIN118
Change Net Name : Old Net Name=GPIO_42_IO3 New Net Name=VIN193
Change Net Name : Old Net Name=GPIO_42_IO4 New Net Name=VIN268
Change Net Name : Old Net Name=GPIO_43_IO1 New Net Name=VIN44
Change Net Name : Old Net Name=GPIO_43_IO2 New Net Name=VIN119
Change Net Name : Old Net Name=GPIO_43_IO3 New Net Name=VIN194
Change Net Name : Old Net Name=GPIO_43_IO4 New Net Name=VIN269
Change Net Name : Old Net Name=GPIO_44_IO1 New Net Name=VIN45
Change Net Name : Old Net Name=GPIO_44_IO2 New Net Name=VIN120
Change Net Name : Old Net Name=GPIO_44_IO3 New Net Name=VIN195
Change Net Name : Old Net Name=GPIO_44_IO4 New Net Name=VIN270
Change Net Name : Old Net Name=GPIO_45_IO1 New Net Name=VIN46
Change Net Name : Old Net Name=GPIO_45_IO2 New Net Name=VIN121
Change Net Name : Old Net Name=GPIO_45_IO3 New Net Name=VIN196
Change Net Name : Old Net Name=GPIO_45_IO4 New Net Name=VIN271
Change Net Name : Old Net Name=GPIO_46_IO1 New Net Name=VIN47
Change Net Name : Old Net Name=GPIO_46_IO2 New Net Name=VIN122
Change Net Name : Old Net Name=GPIO_46_IO3 New Net Name=VIN197
Change Net Name : Old Net Name=GPIO_46_IO4 New Net Name=VIN272
Change Net Name : Old Net Name=GPIO_47_IO1 New Net Name=VIN48
Change Net Name : Old Net Name=GPIO_47_IO2 New Net Name=VIN123
Change Net Name : Old Net Name=GPIO_47_IO3 New Net Name=VIN198
Change Net Name : Old Net Name=GPIO_47_IO4 New Net Name=VIN273
Change Net Name : Old Net Name=GPIO_48_IO1 New Net Name=VIN49
Change Net Name : Old Net Name=GPIO_48_IO2 New Net Name=VIN124
Change Net Name : Old Net Name=GPIO_48_IO3 New Net Name=VIN199
Change Net Name : Old Net Name=GPIO_48_IO4 New Net Name=VIN274
Change Net Name : Old Net Name=GPIO_49_IO1 New Net Name=VIN50
Change Net Name : Old Net Name=GPIO_49_IO2 New Net Name=VIN125
Change Net Name : Old Net Name=GPIO_49_IO3 New Net Name=VIN200
Change Net Name : Old Net Name=GPIO_49_IO4 New Net Name=VIN275
Change Net Name : Old Net Name=GPIO_50_IO1 New Net Name=VIN51
Change Net Name : Old Net Name=GPIO_50_IO2 New Net Name=VIN126
Change Net Name : Old Net Name=GPIO_50_IO3 New Net Name=VIN201
Change Net Name : Old Net Name=GPIO_50_IO4 New Net Name=VIN276
Change Net Name : Old Net Name=GPIO_51_IO1 New Net Name=VIN52
Change Net Name : Old Net Name=GPIO_51_IO2 New Net Name=VIN127
Change Net Name : Old Net Name=GPIO_51_IO3 New Net Name=VIN202
Change Net Name : Old Net Name=GPIO_51_IO4 New Net Name=VIN277
Change Net Name : Old Net Name=GPIO_52_IO1 New Net Name=VIN53
Change Net Name : Old Net Name=GPIO_52_IO2 New Net Name=VIN128
Change Net Name : Old Net Name=GPIO_52_IO3 New Net Name=VIN203
Change Net Name : Old Net Name=GPIO_52_IO4 New Net Name=VIN278
Change Net Name : Old Net Name=GPIO_53_IO1 New Net Name=VIN54
Change Net Name : Old Net Name=GPIO_53_IO2 New Net Name=VIN129
Change Net Name : Old Net Name=GPIO_53_IO3 New Net Name=VIN204
Change Net Name : Old Net Name=GPIO_53_IO4 New Net Name=VIN279
Change Net Name : Old Net Name=GPIO_54_IO1 New Net Name=VIN55
Change Net Name : Old Net Name=GPIO_54_IO2 New Net Name=VIN130
Change Net Name : Old Net Name=GPIO_54_IO3 New Net Name=VIN205
Change Net Name : Old Net Name=GPIO_54_IO4 New Net Name=VIN280
Change Net Name : Old Net Name=GPIO_55_IO1 New Net Name=VIN56
Change Net Name : Old Net Name=GPIO_55_IO2 New Net Name=VIN131
Change Net Name : Old Net Name=GPIO_55_IO3 New Net Name=VIN206
Change Net Name : Old Net Name=GPIO_55_IO4 New Net Name=VIN281
Change Net Name : Old Net Name=GPIO_56_IO1 New Net Name=VIN57
Change Net Name : Old Net Name=GPIO_56_IO2 New Net Name=VIN132
Change Net Name : Old Net Name=GPIO_56_IO3 New Net Name=VIN207
Change Net Name : Old Net Name=GPIO_56_IO4 New Net Name=VIN282
Change Net Name : Old Net Name=GPIO_57_IO1 New Net Name=VIN58
Change Net Name : Old Net Name=GPIO_57_IO2 New Net Name=VIN133
Change Net Name : Old Net Name=GPIO_57_IO3 New Net Name=VIN208
Change Net Name : Old Net Name=GPIO_57_IO4 New Net Name=VIN283
Change Net Name : Old Net Name=GPIO_58_IO1 New Net Name=VIN59
Change Net Name : Old Net Name=GPIO_58_IO2 New Net Name=VIN134
Change Net Name : Old Net Name=GPIO_58_IO3 New Net Name=VIN209
Change Net Name : Old Net Name=GPIO_58_IO4 New Net Name=VIN284
Change Net Name : Old Net Name=GPIO_59_IO1 New Net Name=VIN60
Change Net Name : Old Net Name=GPIO_59_IO2 New Net Name=VIN135
Change Net Name : Old Net Name=GPIO_59_IO3 New Net Name=VIN210
Change Net Name : Old Net Name=GPIO_59_IO4 New Net Name=VIN285
Change Net Name : Old Net Name=GPIO_60_IO1 New Net Name=VIN61
Change Net Name : Old Net Name=GPIO_60_IO2 New Net Name=VIN136
Change Net Name : Old Net Name=GPIO_60_IO3 New Net Name=VIN211
Change Net Name : Old Net Name=GPIO_60_IO4 New Net Name=VIN286
Change Net Name : Old Net Name=GPIO_61_IO1 New Net Name=VIN62
Change Net Name : Old Net Name=GPIO_61_IO2 New Net Name=VIN137
Change Net Name : Old Net Name=GPIO_61_IO3 New Net Name=VIN212
Change Net Name : Old Net Name=GPIO_61_IO4 New Net Name=VIN287
Change Net Name : Old Net Name=GPIO_62_IO1 New Net Name=VIN63
Change Net Name : Old Net Name=GPIO_62_IO2 New Net Name=VIN138
Change Net Name : Old Net Name=GPIO_62_IO3 New Net Name=VIN213
Change Net Name : Old Net Name=GPIO_62_IO4 New Net Name=VIN288
Change Net Name : Old Net Name=GPIO_63_IO1 New Net Name=VIN64
Change Net Name : Old Net Name=GPIO_63_IO2 New Net Name=VIN139
Change Net Name : Old Net Name=GPIO_63_IO3 New Net Name=VIN214
Change Net Name : Old Net Name=GPIO_63_IO4 New Net Name=VIN289
Change Net Name : Old Net Name=GPIO_64_IO1 New Net Name=VIN65
Change Net Name : Old Net Name=GPIO_64_IO2 New Net Name=VIN140
Change Net Name : Old Net Name=GPIO_64_IO3 New Net Name=VIN215
Change Net Name : Old Net Name=GPIO_64_IO4 New Net Name=VIN290
Change Net Name : Old Net Name=GPIO_65_IO1 New Net Name=VIN66
Change Net Name : Old Net Name=GPIO_65_IO2 New Net Name=VIN141
Change Net Name : Old Net Name=GPIO_65_IO3 New Net Name=VIN216
Change Net Name : Old Net Name=GPIO_65_IO4 New Net Name=VIN291
Change Net Name : Old Net Name=GPIO_66_IO1 New Net Name=VIN67
Change Net Name : Old Net Name=GPIO_66_IO2 New Net Name=VIN142
Change Net Name : Old Net Name=GPIO_66_IO3 New Net Name=VIN217
Change Net Name : Old Net Name=GPIO_66_IO4 New Net Name=VIN292
Change Net Name : Old Net Name=GPIO_67_IO1 New Net Name=VIN68
Change Net Name : Old Net Name=GPIO_67_IO2 New Net Name=VIN143
Change Net Name : Old Net Name=GPIO_67_IO3 New Net Name=VIN218
Change Net Name : Old Net Name=GPIO_67_IO4 New Net Name=VIN293
Change Net Name : Old Net Name=GPIO_68_IO1 New Net Name=VIN69
Change Net Name : Old Net Name=GPIO_68_IO2 New Net Name=VIN144
Change Net Name : Old Net Name=GPIO_68_IO3 New Net Name=VIN219
Change Net Name : Old Net Name=GPIO_68_IO4 New Net Name=VIN294
Change Net Name : Old Net Name=GPIO_69_IO1 New Net Name=VIN70
Change Net Name : Old Net Name=GPIO_69_IO2 New Net Name=VIN145
Change Net Name : Old Net Name=GPIO_69_IO3 New Net Name=VIN220
Change Net Name : Old Net Name=GPIO_69_IO4 New Net Name=VIN295
Change Net Name : Old Net Name=GPIO_70_IO1 New Net Name=VIN71
Change Net Name : Old Net Name=GPIO_70_IO2 New Net Name=VIN146
Change Net Name : Old Net Name=GPIO_70_IO3 New Net Name=VIN221
Change Net Name : Old Net Name=GPIO_70_IO4 New Net Name=VIN296
Change Net Name : Old Net Name=GPIO_71_IO1 New Net Name=VIN72
Change Net Name : Old Net Name=GPIO_71_IO2 New Net Name=VIN147
Change Net Name : Old Net Name=GPIO_71_IO3 New Net Name=VIN222
Change Net Name : Old Net Name=GPIO_71_IO4 New Net Name=VIN297
Change Net Name : Old Net Name=GPIO_72_IO1 New Net Name=VIN73
Change Net Name : Old Net Name=GPIO_72_IO2 New Net Name=VIN148
Change Net Name : Old Net Name=GPIO_72_IO3 New Net Name=VIN223
Change Net Name : Old Net Name=GPIO_72_IO4 New Net Name=VIN298
Change Net Name : Old Net Name=GPIO_73_IO1 New Net Name=VIN74
Change Net Name : Old Net Name=GPIO_73_IO2 New Net Name=VIN149
Change Net Name : Old Net Name=GPIO_73_IO3 New Net Name=VIN224
Change Net Name : Old Net Name=GPIO_73_IO4 New Net Name=VIN299
Change Net Name : Old Net Name=GPIO_74_IO1 New Net Name=VIN75
Change Net Name : Old Net Name=GPIO_74_IO2 New Net Name=VIN150
Change Net Name : Old Net Name=GPIO_74_IO3 New Net Name=VIN225
Change Net Name : Old Net Name=GPIO_74_IO4 New Net Name=VIN300
Change Net Name : Old Net Name=ID0_IO1 New Net Name=IDA0
Change Net Name : Old Net Name=ID0_IO2 New Net Name=IDB0
Change Net Name : Old Net Name=ID0_IO3 New Net Name=IDC0
Change Net Name : Old Net Name=ID0_IO4 New Net Name=IDD0
Change Net Name : Old Net Name=ID1_IO1 New Net Name=IDA1
Change Net Name : Old Net Name=ID1_IO2 New Net Name=IDB1
Change Net Name : Old Net Name=ID1_IO3 New Net Name=IDC1
Change Net Name : Old Net Name=ID1_IO4 New Net Name=IDD1
Added Class: Name=VIN[300..1]
Added Member To Class: ClassName=IO2 Member=Component C1_IO2 (C1) 0.1uF/16V
Added Member To Class: ClassName=IO4 Member=Component C1_IO4 (C1) 0.1uF/16V
Added Member To Class: ClassName=POWER3 Member=Component C2_POWER3 (C2) 0.01uF/16V
Added Member To Class: ClassName=POWER4 Member=Component C2_POWER4 (C2) 0.01uF/16V
Added Member To Class: ClassName=POWER1 Member=Component C3_POWER1 (C3) 0.01uF/16V
Added Member To Class: ClassName=POWER3 Member=Component C3_POWER3 (C3) 0.01uF/16V
Added Member To Class: ClassName=POWER2 Member=Component C4_POWER2 (C4) 0.1uF/16V
Added Member To Class: ClassName=POWER4 Member=Component C4_POWER4 (C4) 0.1uF/16V
Added Member To Class: ClassName=POWER3 Member=Component C5_POWER3 (C5) 0.1uF/16V
Added Member To Class: ClassName=POWER4 Member=Component C5_POWER4 (C5) 0.1uF/16V
Added Member To Class: ClassName=POWER2 Member=Component C6_POWER2 (C6) 0.1uF/16V
Added Member To Class: ClassName=POWER4 Member=Component C6_POWER4 (C6) 0.1uF/16V
Added Member To Class: ClassName=POWER3 Member=Component C7_POWER3 (C7) 0.47uF/16V
Added Member To Class: ClassName=POWER4 Member=Component C7_POWER4 (C7) 0.47uF/16V
Added Member To Class: ClassName=POWER1 Member=Component C9_POWER1 (C9) 0.1uF/16V
Added Member To Class: ClassName=POWER3 Member=Component C9_POWER3 (C9) 0.1uF/16V
Added Member To Class: ClassName=POWER2 Member=Component C10_POWER2 (C10) 10uF/25V
Added Member To Class: ClassName=POWER4 Member=Component C10_POWER4 (C10) 10uF/25V
Added Member To Class: ClassName=POWER1 Member=Component C11_POWER1 (C11) 22uF/10V
Added Member To Class: ClassName=POWER3 Member=Component C11_POWER3 (C11) 22uF/10V
Added Member To Class: ClassName=POWER2 Member=Component C12_POWER2 (C12) 0.1uF/16V
Added Member To Class: ClassName=POWER4 Member=Component C12_POWER4 (C12) 0.1uF/16V
Added Member To Class: ClassName=POWER3 Member=Component C13_POWER3 (C13) 0.1uF/16V
Added Member To Class: ClassName=POWER4 Member=Component C13_POWER4 (C13) 0.1uF/16V
Added Member To Class: ClassName=POWER1 Member=Component C15_POWER1 (C15) 0.1uF/16V
Added Member To Class: ClassName=POWER3 Member=Component C15_POWER3 (C15) 0.1uF/16V
Added Member To Class: ClassName=POWER2 Member=Component C16_POWER2 (C16) 0.1uF/16V
Added Member To Class: ClassName=POWER4 Member=Component C16_POWER4 (C16) 0.1uF/16V
Added Member To Class: ClassName=POWER2 Member=Component C17_POWER2 (C17) 0.1uF/16V
Added Member To Class: ClassName=POWER4 Member=Component C17_POWER4 (C17) 0.1uF/16V
Added Member To Class: ClassName=POWER1 Member=Component C23_POWER1 (C23) 0.1uF/16V
Added Member To Class: ClassName=POWER3 Member=Component C23_POWER3 (C23) 0.1uF/16V
Added Member To Class: ClassName=POWER2 Member=Component C24_POWER2 (C24) 0.1uF/16V
Added Member To Class: ClassName=POWER4 Member=Component C24_POWER4 (C24) 0.1uF/16V
Added Member To Class: ClassName=POWER2 Member=Component C45_POWER2 (C45) 0.1uF/16V
Added Member To Class: ClassName=POWER4 Member=Component C45_POWER4 (C45) 0.1uF/16V
Added Member To Class: ClassName=POWER1 Member=Component C46_POWER1 (C46) 10uF/25V
Added Member To Class: ClassName=POWER3 Member=Component C46_POWER3 (C46) 10uF/25V
Added Member To Class: ClassName=POWER2 Member=Component C47_POWER2 (C47) 0.47uF/16V
Added Member To Class: ClassName=POWER4 Member=Component C47_POWER4 (C47) 0.47uF/16V
Added Member To Class: ClassName=POWER1 Member=Component C48_POWER1 (C48) 0.1uF/16V
Added Member To Class: ClassName=POWER3 Member=Component C48_POWER3 (C48) 0.1uF/16V
Added Member To Class: ClassName=POWER2 Member=Component C49_POWER2 (C49) 0.1uF/16V
Added Member To Class: ClassName=POWER4 Member=Component C49_POWER4 (C49) 0.1uF/16V
Added Member To Class: ClassName=POWER2 Member=Component C51_POWER2 (C51) 0.1uF/16V
Added Member To Class: ClassName=POWER4 Member=Component C51_POWER4 (C51) 0.1uF/16V
Added Member To Class: ClassName=POWER3 Member=Component C52_POWER3 (C52) 0.1uF/16V
Added Member To Class: ClassName=POWER4 Member=Component C52_POWER4 (C52) 0.1uF/16V
Added Member To Class: ClassName=POWER2 Member=Component C53_POWER2 (C53) 0.01uF/16V
Added Member To Class: ClassName=POWER4 Member=Component C53_POWER4 (C53) 0.01uF/16V
Added Member To Class: ClassName=POWER3 Member=Component C54_POWER3 (C54) 0.47uF/16V
Added Member To Class: ClassName=POWER4 Member=Component C54_POWER4 (C54) 0.47uF/16V
Added Member To Class: ClassName=POWER2 Member=Component C55_POWER2 (C55) 10uF/25V
Added Member To Class: ClassName=POWER4 Member=Component C55_POWER4 (C55) 10uF/25V
Added Member To Class: ClassName=POWER2 Member=Component C56_POWER2 (C56) 22uF/10V
Added Member To Class: ClassName=POWER4 Member=Component C56_POWER4 (C56) 22uF/10V
Added Member To Class: ClassName=POWER1 Member=Component C57_POWER1 (C57) 0.1uF/16V
Added Member To Class: ClassName=POWER3 Member=Component C57_POWER3 (C57) 0.1uF/16V
Added Member To Class: ClassName=POWER2 Member=Component C58_POWER2 (C58) 0.1uF/16V
Added Member To Class: ClassName=POWER4 Member=Component C58_POWER4 (C58) 0.1uF/16V
Added Member To Class: ClassName=POWER3 Member=Component C59_POWER3 (C59) 0.1uF/16V
Added Member To Class: ClassName=POWER4 Member=Component C59_POWER4 (C59) 0.1uF/16V
Added Member To Class: ClassName=POWER2 Member=Component C60_POWER2 (C60) 0.1uF/16V
Added Member To Class: ClassName=POWER4 Member=Component C60_POWER4 (C60) 0.1uF/16V
Added Member To Class: ClassName=POWER2 Member=Component C61_POWER2 (C61) 0.1uF/16V
Added Member To Class: ClassName=POWER4 Member=Component C61_POWER4 (C61) 0.1uF/16V
Added Member To Class: ClassName=POWER1 Member=Component C62_POWER1 (C62) 0.1uF/16V
Added Member To Class: ClassName=POWER3 Member=Component C62_POWER3 (C62) 0.1uF/16V
Added Member To Class: ClassName=POWER2 Member=Component C64_POWER2 (C64) 0.1uF/16V
Added Member To Class: ClassName=POWER4 Member=Component C64_POWER4 (C64) 0.1uF/16V
Added Member To Class: ClassName=POWER1 Member=Component C65_POWER1 (C65) 0.1uF/16V
Added Member To Class: ClassName=POWER3 Member=Component C65_POWER3 (C65) 0.1uF/16V
Added Member To Class: ClassName=POWER2 Member=Component C66_POWER2 (C66) 0.1uF/16V
Added Member To Class: ClassName=POWER4 Member=Component C66_POWER4 (C66) 0.1uF/16V
Added Member To Class: ClassName=POWER2 Member=Component C67_POWER2 (C67) 0.1uF/16V
Added Member To Class: ClassName=POWER4 Member=Component C67_POWER4 (C67) 0.1uF/16V
Added Member To Class: ClassName=POWER3 Member=Component C68_POWER3 (C68) 0.47uF/16V
Added Member To Class: ClassName=POWER4 Member=Component C68_POWER4 (C68) 0.47uF/16V
Added Member To Class: ClassName=POWER2 Member=Component C69_POWER2 (C69) 10uF/25V
Added Member To Class: ClassName=POWER4 Member=Component C69_POWER4 (C69) 10uF/25V
Added Member To Class: ClassName=POWER3 Member=Component C70_POWER3 (C70) 10uF/25V
Added Member To Class: ClassName=POWER4 Member=Component C70_POWER4 (C70) 10uF/25V
Added Member To Class: ClassName=POWER2 Member=Component C71_POWER2 (C71) 22uF/10V
Added Member To Class: ClassName=POWER4 Member=Component C71_POWER4 (C71) 22uF/10V
Added Member To Class: ClassName=POWER2 Member=Component C72_POWER2 (C72) 22uF/10V
Added Member To Class: ClassName=POWER4 Member=Component C72_POWER4 (C72) 22uF/10V
Added Member To Class: ClassName=IO1 Member=Component D1_IO1 (D1) LEDR
Added Member To Class: ClassName=IO3 Member=Component D1_IO3 (D1) LEDR
Added Member To Class: ClassName=IO1 Member=Component D2_IO1 (D2) LEDR
Added Member To Class: ClassName=IO3 Member=Component D2_IO3 (D2) LEDR
Added Member To Class: ClassName=POWER1 Member=Component L1_POWER1 (L1) 100R,1A
Added Member To Class: ClassName=POWER3 Member=Component L1_POWER3 (L1) 100R,1A
Added Member To Class: ClassName=POWER2 Member=Component L2_POWER2 (L2) 100R,1A
Added Member To Class: ClassName=POWER4 Member=Component L2_POWER4 (L2) 100R,1A
Added Member To Class: ClassName=POWER1 Member=Component L3_POWER1 (L3) 100R,1A
Added Member To Class: ClassName=POWER3 Member=Component L3_POWER3 (L3) 100R,1A
Added Member To Class: ClassName=IO2 Member=Component P1_IO2 (P1A) 10M04SC E144
Added Member To Class: ClassName=IO4 Member=Component P1_IO4 (P1A) 10M04SC E144
Added Member To Class: ClassName=IO3 Member=Component R1_IO3 (R1) 10K
Added Member To Class: ClassName=IO4 Member=Component R1_IO4 (R1) 10K
Added Member To Class: ClassName=IO2 Member=Component R2_IO2 (R2) 10K
Added Member To Class: ClassName=IO4 Member=Component R2_IO4 (R2) 10K
Added Member To Class: ClassName=IO2 Member=Component R3_IO2 (R3) 10K
Added Member To Class: ClassName=IO4 Member=Component R3_IO4 (R3) 10K
Added Member To Class: ClassName=IO2 Member=Component R4_IO2 (R4) 10K
Added Member To Class: ClassName=IO4 Member=Component R4_IO4 (R4) 10K
Added Member To Class: ClassName=IO3 Member=Component R5_IO3 (R5) 10K
Added Member To Class: ClassName=IO4 Member=Component R5_IO4 (R5) 10K
Added Member To Class: ClassName=IO1 Member=Component R6_IO1 (R6) 10K
Added Member To Class: ClassName=IO3 Member=Component R6_IO3 (R6) 10K
Added Member To Class: ClassName=IO1 Member=Component R7_IO1 (R7) 10K
Added Member To Class: ClassName=IO3 Member=Component R7_IO3 (R7) 10K
Added Member To Class: ClassName=IO1 Member=Component R8_IO1 (R8) 220R
Added Member To Class: ClassName=IO3 Member=Component R8_IO3 (R8) 220R
Added Member To Class: ClassName=IO2 Member=Component R13_IO2 (R13) 1K
Added Member To Class: ClassName=IO4 Member=Component R13_IO4 (R13) 1K
Added Member To Class: ClassName=IO2 Member=Component R14_IO2 (R14) 4.7K
Added Member To Class: ClassName=IO4 Member=Component R14_IO4 (R14) 4.7K
Added Member To Class: ClassName=IO2 Member=Component R20_IO2 (R20) 4.7K
Added Member To Class: ClassName=IO4 Member=Component R20_IO4 (R20) 4.7K
Added Member To Class: ClassName=IO2 Member=Component R21_IO2 (R21) 220R
Added Member To Class: ClassName=IO4 Member=Component R21_IO4 (R21) 220R
Added Member To Class: ClassName=IO1 Member=Component U1_IO1 (U1) OSC-25
Added Member To Class: ClassName=IO3 Member=Component U1_IO3 (U1) OSC-25
