Removed Member From Class: ClassName=VIN[300..1] Member=VIN1
Removed Member From Class: ClassName=VIN[300..1] Member=VIN2
Removed Member From Class: ClassName=VIN[300..1] Member=VIN3
Removed Member From Class: ClassName=VIN[300..1] Member=VIN4
Removed Member From Class: ClassName=VIN[300..1] Member=VIN5
Removed Member From Class: ClassName=VIN[300..1] Member=VIN6
Removed Member From Class: ClassName=VIN[300..1] Member=VIN7
Removed Member From Class: ClassName=VIN[300..1] Member=VIN8
Removed Member From Class: ClassName=VIN[300..1] Member=VIN9
Removed Member From Class: ClassName=VIN[300..1] Member=VIN10
Removed Member From Class: ClassName=VIN[300..1] Member=VIN11
Removed Member From Class: ClassName=VIN[300..1] Member=VIN12
Removed Member From Class: ClassName=VIN[300..1] Member=VIN13
Removed Member From Class: ClassName=VIN[300..1] Member=VIN14
Removed Member From Class: ClassName=VIN[300..1] Member=VIN15
Removed Member From Class: ClassName=VIN[300..1] Member=VIN16
Removed Member From Class: ClassName=VIN[300..1] Member=VIN17
Removed Member From Class: ClassName=VIN[300..1] Member=VIN18
Removed Member From Class: ClassName=VIN[300..1] Member=VIN19
Removed Member From Class: ClassName=VIN[300..1] Member=VIN20
Removed Member From Class: ClassName=VIN[300..1] Member=VIN21
Removed Member From Class: ClassName=VIN[300..1] Member=VIN22
Removed Member From Class: ClassName=VIN[300..1] Member=VIN23
Removed Member From Class: ClassName=VIN[300..1] Member=VIN24
Removed Member From Class: ClassName=VIN[300..1] Member=VIN25
Removed Member From Class: ClassName=VIN[300..1] Member=VIN26
Removed Member From Class: ClassName=VIN[300..1] Member=VIN27
Removed Member From Class: ClassName=VIN[300..1] Member=VIN28
Removed Member From Class: ClassName=VIN[300..1] Member=VIN29
Removed Member From Class: ClassName=VIN[300..1] Member=VIN30
Removed Member From Class: ClassName=VIN[300..1] Member=VIN31
Removed Member From Class: ClassName=VIN[300..1] Member=VIN32
Removed Member From Class: ClassName=VIN[300..1] Member=VIN33
Removed Member From Class: ClassName=VIN[300..1] Member=VIN34
Removed Member From Class: ClassName=VIN[300..1] Member=VIN35
Removed Member From Class: ClassName=VIN[300..1] Member=VIN36
Removed Member From Class: ClassName=VIN[300..1] Member=VIN37
Removed Member From Class: ClassName=VIN[300..1] Member=VIN38
Removed Member From Class: ClassName=VIN[300..1] Member=VIN39
Removed Member From Class: ClassName=VIN[300..1] Member=VIN40
Removed Member From Class: ClassName=VIN[300..1] Member=VIN41
Removed Member From Class: ClassName=VIN[300..1] Member=VIN42
Removed Member From Class: ClassName=VIN[300..1] Member=VIN43
Removed Member From Class: ClassName=VIN[300..1] Member=VIN44
Removed Member From Class: ClassName=VIN[300..1] Member=VIN45
Removed Member From Class: ClassName=VIN[300..1] Member=VIN46
Removed Member From Class: ClassName=VIN[300..1] Member=VIN47
Removed Member From Class: ClassName=VIN[300..1] Member=VIN48
Removed Member From Class: ClassName=VIN[300..1] Member=VIN49
Removed Member From Class: ClassName=VIN[300..1] Member=VIN50
Removed Member From Class: ClassName=VIN[300..1] Member=VIN51
Removed Member From Class: ClassName=VIN[300..1] Member=VIN52
Removed Member From Class: ClassName=VIN[300..1] Member=VIN53
Removed Member From Class: ClassName=VIN[300..1] Member=VIN54
Removed Member From Class: ClassName=VIN[300..1] Member=VIN55
Removed Member From Class: ClassName=VIN[300..1] Member=VIN56
Removed Member From Class: ClassName=VIN[300..1] Member=VIN57
Removed Member From Class: ClassName=VIN[300..1] Member=VIN58
Removed Member From Class: ClassName=VIN[300..1] Member=VIN59
Removed Member From Class: ClassName=VIN[300..1] Member=VIN60
Removed Member From Class: ClassName=VIN[300..1] Member=VIN61
Removed Member From Class: ClassName=VIN[300..1] Member=VIN62
Removed Member From Class: ClassName=VIN[300..1] Member=VIN63
Removed Member From Class: ClassName=VIN[300..1] Member=VIN64
Removed Member From Class: ClassName=VIN[300..1] Member=VIN65
Removed Member From Class: ClassName=VIN[300..1] Member=VIN66
Removed Member From Class: ClassName=VIN[300..1] Member=VIN67
Removed Member From Class: ClassName=VIN[300..1] Member=VIN68
Removed Member From Class: ClassName=VIN[300..1] Member=VIN69
Removed Member From Class: ClassName=VIN[300..1] Member=VIN70
Removed Member From Class: ClassName=VIN[300..1] Member=VIN71
Removed Member From Class: ClassName=VIN[300..1] Member=VIN72
Removed Member From Class: ClassName=VIN[300..1] Member=VIN73
Removed Member From Class: ClassName=VIN[300..1] Member=VIN74
Removed Member From Class: ClassName=VIN[300..1] Member=VIN75
Removed Member From Class: ClassName=VIN[300..1] Member=VIN76
Removed Member From Class: ClassName=VIN[300..1] Member=VIN77
Removed Member From Class: ClassName=VIN[300..1] Member=VIN78
Removed Member From Class: ClassName=VIN[300..1] Member=VIN79
Removed Member From Class: ClassName=VIN[300..1] Member=VIN80
Removed Member From Class: ClassName=VIN[300..1] Member=VIN81
Removed Member From Class: ClassName=VIN[300..1] Member=VIN82
Removed Member From Class: ClassName=VIN[300..1] Member=VIN83
Removed Member From Class: ClassName=VIN[300..1] Member=VIN84
Removed Member From Class: ClassName=VIN[300..1] Member=VIN85
Removed Member From Class: ClassName=VIN[300..1] Member=VIN86
Removed Member From Class: ClassName=VIN[300..1] Member=VIN87
Removed Member From Class: ClassName=VIN[300..1] Member=VIN88
Removed Member From Class: ClassName=VIN[300..1] Member=VIN89
Removed Member From Class: ClassName=VIN[300..1] Member=VIN90
Removed Member From Class: ClassName=VIN[300..1] Member=VIN91
Removed Member From Class: ClassName=VIN[300..1] Member=VIN92
Removed Member From Class: ClassName=VIN[300..1] Member=VIN93
Removed Member From Class: ClassName=VIN[300..1] Member=VIN94
Removed Member From Class: ClassName=VIN[300..1] Member=VIN95
Removed Member From Class: ClassName=VIN[300..1] Member=VIN96
Removed Member From Class: ClassName=VIN[300..1] Member=VIN97
Removed Member From Class: ClassName=VIN[300..1] Member=VIN98
Removed Member From Class: ClassName=VIN[300..1] Member=VIN99
Removed Member From Class: ClassName=VIN[300..1] Member=VIN100
Removed Member From Class: ClassName=VIN[300..1] Member=VIN101
Removed Member From Class: ClassName=VIN[300..1] Member=VIN102
Removed Member From Class: ClassName=VIN[300..1] Member=VIN103
Removed Member From Class: ClassName=VIN[300..1] Member=VIN104
Removed Member From Class: ClassName=VIN[300..1] Member=VIN105
Removed Member From Class: ClassName=VIN[300..1] Member=VIN106
Removed Member From Class: ClassName=VIN[300..1] Member=VIN107
Removed Member From Class: ClassName=VIN[300..1] Member=VIN108
Removed Member From Class: ClassName=VIN[300..1] Member=VIN109
Removed Member From Class: ClassName=VIN[300..1] Member=VIN110
Removed Member From Class: ClassName=VIN[300..1] Member=VIN111
Removed Member From Class: ClassName=VIN[300..1] Member=VIN112
Removed Member From Class: ClassName=VIN[300..1] Member=VIN113
Removed Member From Class: ClassName=VIN[300..1] Member=VIN114
Removed Member From Class: ClassName=VIN[300..1] Member=VIN115
Removed Member From Class: ClassName=VIN[300..1] Member=VIN116
Removed Member From Class: ClassName=VIN[300..1] Member=VIN117
Removed Member From Class: ClassName=VIN[300..1] Member=VIN118
Removed Member From Class: ClassName=VIN[300..1] Member=VIN119
Removed Member From Class: ClassName=VIN[300..1] Member=VIN120
Removed Member From Class: ClassName=VIN[300..1] Member=VIN121
Removed Member From Class: ClassName=VIN[300..1] Member=VIN122
Removed Member From Class: ClassName=VIN[300..1] Member=VIN123
Removed Member From Class: ClassName=VIN[300..1] Member=VIN124
Removed Member From Class: ClassName=VIN[300..1] Member=VIN125
Removed Member From Class: ClassName=VIN[300..1] Member=VIN126
Removed Member From Class: ClassName=VIN[300..1] Member=VIN127
Removed Member From Class: ClassName=VIN[300..1] Member=VIN128
Removed Member From Class: ClassName=VIN[300..1] Member=VIN129
Removed Member From Class: ClassName=VIN[300..1] Member=VIN130
Removed Member From Class: ClassName=VIN[300..1] Member=VIN131
Removed Member From Class: ClassName=VIN[300..1] Member=VIN132
Removed Member From Class: ClassName=VIN[300..1] Member=VIN133
Removed Member From Class: ClassName=VIN[300..1] Member=VIN134
Removed Member From Class: ClassName=VIN[300..1] Member=VIN135
Removed Member From Class: ClassName=VIN[300..1] Member=VIN136
Removed Member From Class: ClassName=VIN[300..1] Member=VIN137
Removed Member From Class: ClassName=VIN[300..1] Member=VIN138
Removed Member From Class: ClassName=VIN[300..1] Member=VIN139
Removed Member From Class: ClassName=VIN[300..1] Member=VIN140
Removed Member From Class: ClassName=VIN[300..1] Member=VIN141
Removed Member From Class: ClassName=VIN[300..1] Member=VIN142
Removed Member From Class: ClassName=VIN[300..1] Member=VIN143
Removed Member From Class: ClassName=VIN[300..1] Member=VIN144
Removed Member From Class: ClassName=VIN[300..1] Member=VIN145
Removed Member From Class: ClassName=VIN[300..1] Member=VIN146
Removed Member From Class: ClassName=VIN[300..1] Member=VIN147
Removed Member From Class: ClassName=VIN[300..1] Member=VIN148
Removed Member From Class: ClassName=VIN[300..1] Member=VIN149
Removed Member From Class: ClassName=VIN[300..1] Member=VIN150
Added Pin To Net: NetName=GPIO_0_IO1 Pin=P1_IO1-6
Added Pin To Net: NetName=GPIO_0_IO1 Pin=R26_VOLT1-1
Added Net: Name=GPIO_0_IO1
Added Pin To Net: NetName=GPIO_0_IO2 Pin=P1_IO2-6
Added Pin To Net: NetName=GPIO_0_IO2 Pin=R26_VOLT76-1
Added Net: Name=GPIO_0_IO2
Added Pin To Net: NetName=GPIO_1_IO1 Pin=P1_IO1-7
Added Pin To Net: NetName=GPIO_1_IO1 Pin=R26_VOLT2-1
Added Net: Name=GPIO_1_IO1
Added Pin To Net: NetName=GPIO_1_IO2 Pin=P1_IO2-7
Added Pin To Net: NetName=GPIO_1_IO2 Pin=R26_VOLT77-1
Added Net: Name=GPIO_1_IO2
Added Pin To Net: NetName=GPIO_2_IO1 Pin=P1_IO1-8
Added Pin To Net: NetName=GPIO_2_IO1 Pin=R26_VOLT3-1
Added Net: Name=GPIO_2_IO1
Added Pin To Net: NetName=GPIO_2_IO2 Pin=P1_IO2-8
Added Pin To Net: NetName=GPIO_2_IO2 Pin=R26_VOLT78-1
Added Net: Name=GPIO_2_IO2
Added Pin To Net: NetName=GPIO_3_IO1 Pin=P1_IO1-10
Added Pin To Net: NetName=GPIO_3_IO1 Pin=R26_VOLT4-1
Added Net: Name=GPIO_3_IO1
Added Pin To Net: NetName=GPIO_3_IO2 Pin=P1_IO2-10
Added Pin To Net: NetName=GPIO_3_IO2 Pin=R26_VOLT79-1
Added Net: Name=GPIO_3_IO2
Added Pin To Net: NetName=GPIO_4_IO1 Pin=P1_IO1-11
Added Pin To Net: NetName=GPIO_4_IO1 Pin=R26_VOLT5-1
Added Net: Name=GPIO_4_IO1
Added Pin To Net: NetName=GPIO_4_IO2 Pin=P1_IO2-11
Added Pin To Net: NetName=GPIO_4_IO2 Pin=R26_VOLT80-1
Added Net: Name=GPIO_4_IO2
Added Pin To Net: NetName=GPIO_5_IO1 Pin=P1_IO1-12
Added Pin To Net: NetName=GPIO_5_IO1 Pin=R26_VOLT6-1
Added Net: Name=GPIO_5_IO1
Added Pin To Net: NetName=GPIO_5_IO2 Pin=P1_IO2-12
Added Pin To Net: NetName=GPIO_5_IO2 Pin=R26_VOLT81-1
Added Net: Name=GPIO_5_IO2
Added Pin To Net: NetName=GPIO_6_IO1 Pin=P1_IO1-13
Added Pin To Net: NetName=GPIO_6_IO1 Pin=R26_VOLT7-1
Added Net: Name=GPIO_6_IO1
Added Pin To Net: NetName=GPIO_6_IO2 Pin=P1_IO2-13
Added Pin To Net: NetName=GPIO_6_IO2 Pin=R26_VOLT82-1
Added Net: Name=GPIO_6_IO2
Added Pin To Net: NetName=GPIO_7_IO1 Pin=P1_IO1-14
Added Pin To Net: NetName=GPIO_7_IO1 Pin=R26_VOLT8-1
Added Net: Name=GPIO_7_IO1
Added Pin To Net: NetName=GPIO_7_IO2 Pin=P1_IO2-14
Added Pin To Net: NetName=GPIO_7_IO2 Pin=R26_VOLT83-1
Added Net: Name=GPIO_7_IO2
Added Pin To Net: NetName=GPIO_8_IO1 Pin=P1_IO1-21
Added Pin To Net: NetName=GPIO_8_IO1 Pin=R26_VOLT9-1
Added Net: Name=GPIO_8_IO1
Added Pin To Net: NetName=GPIO_8_IO2 Pin=P1_IO2-21
Added Pin To Net: NetName=GPIO_8_IO2 Pin=R26_VOLT84-1
Added Net: Name=GPIO_8_IO2
Added Pin To Net: NetName=GPIO_9_IO1 Pin=P1_IO1-22
Added Pin To Net: NetName=GPIO_9_IO1 Pin=R26_VOLT10-1
Added Net: Name=GPIO_9_IO1
Added Pin To Net: NetName=GPIO_9_IO2 Pin=P1_IO2-22
Added Pin To Net: NetName=GPIO_9_IO2 Pin=R26_VOLT85-1
Added Net: Name=GPIO_9_IO2
Added Pin To Net: NetName=GPIO_10_IO1 Pin=P1_IO1-24
Added Pin To Net: NetName=GPIO_10_IO1 Pin=R26_VOLT11-1
Added Net: Name=GPIO_10_IO1
Added Pin To Net: NetName=GPIO_10_IO2 Pin=P1_IO2-24
Added Pin To Net: NetName=GPIO_10_IO2 Pin=R26_VOLT86-1
Added Net: Name=GPIO_10_IO2
Added Pin To Net: NetName=GPIO_11_IO1 Pin=P1_IO1-25
Added Pin To Net: NetName=GPIO_11_IO1 Pin=R26_VOLT12-1
Added Net: Name=GPIO_11_IO1
Added Pin To Net: NetName=GPIO_11_IO2 Pin=P1_IO2-25
Added Pin To Net: NetName=GPIO_11_IO2 Pin=R26_VOLT87-1
Added Net: Name=GPIO_11_IO2
Added Pin To Net: NetName=GPIO_12_IO1 Pin=P1_IO1-38
Added Pin To Net: NetName=GPIO_12_IO1 Pin=R26_VOLT13-1
Added Net: Name=GPIO_12_IO1
Added Pin To Net: NetName=GPIO_12_IO2 Pin=P1_IO2-38
Added Pin To Net: NetName=GPIO_12_IO2 Pin=R26_VOLT88-1
Added Net: Name=GPIO_12_IO2
Added Pin To Net: NetName=GPIO_13_IO1 Pin=P1_IO1-39
Added Pin To Net: NetName=GPIO_13_IO1 Pin=R26_VOLT14-1
Added Net: Name=GPIO_13_IO1
Added Pin To Net: NetName=GPIO_13_IO2 Pin=P1_IO2-39
Added Pin To Net: NetName=GPIO_13_IO2 Pin=R26_VOLT89-1
Added Net: Name=GPIO_13_IO2
Added Pin To Net: NetName=GPIO_14_IO1 Pin=P1_IO1-41
Added Pin To Net: NetName=GPIO_14_IO1 Pin=R26_VOLT15-1
Added Net: Name=GPIO_14_IO1
Added Pin To Net: NetName=GPIO_14_IO2 Pin=P1_IO2-41
Added Pin To Net: NetName=GPIO_14_IO2 Pin=R26_VOLT90-1
Added Net: Name=GPIO_14_IO2
Added Pin To Net: NetName=GPIO_15_IO1 Pin=P1_IO1-43
Added Pin To Net: NetName=GPIO_15_IO1 Pin=R26_VOLT16-1
Added Net: Name=GPIO_15_IO1
Added Pin To Net: NetName=GPIO_15_IO2 Pin=P1_IO2-43
Added Pin To Net: NetName=GPIO_15_IO2 Pin=R26_VOLT91-1
Added Net: Name=GPIO_15_IO2
Added Pin To Net: NetName=GPIO_16_IO1 Pin=P1_IO1-44
Added Pin To Net: NetName=GPIO_16_IO1 Pin=R26_VOLT17-1
Added Net: Name=GPIO_16_IO1
Added Pin To Net: NetName=GPIO_16_IO2 Pin=P1_IO2-44
Added Pin To Net: NetName=GPIO_16_IO2 Pin=R26_VOLT92-1
Added Net: Name=GPIO_16_IO2
Added Pin To Net: NetName=GPIO_17_IO1 Pin=P1_IO1-45
Added Pin To Net: NetName=GPIO_17_IO1 Pin=R26_VOLT18-1
Added Net: Name=GPIO_17_IO1
Added Pin To Net: NetName=GPIO_17_IO2 Pin=P1_IO2-45
Added Pin To Net: NetName=GPIO_17_IO2 Pin=R26_VOLT93-1
Added Net: Name=GPIO_17_IO2
Added Pin To Net: NetName=GPIO_18_IO1 Pin=P1_IO1-46
Added Pin To Net: NetName=GPIO_18_IO1 Pin=R26_VOLT19-1
Added Net: Name=GPIO_18_IO1
Added Pin To Net: NetName=GPIO_18_IO2 Pin=P1_IO2-46
Added Pin To Net: NetName=GPIO_18_IO2 Pin=R26_VOLT94-1
Added Net: Name=GPIO_18_IO2
Added Pin To Net: NetName=GPIO_19_IO1 Pin=P1_IO1-47
Added Pin To Net: NetName=GPIO_19_IO1 Pin=R26_VOLT20-1
Added Net: Name=GPIO_19_IO1
Added Pin To Net: NetName=GPIO_19_IO2 Pin=P1_IO2-47
Added Pin To Net: NetName=GPIO_19_IO2 Pin=R26_VOLT95-1
Added Net: Name=GPIO_19_IO2
Added Pin To Net: NetName=GPIO_20_IO1 Pin=P1_IO1-50
Added Pin To Net: NetName=GPIO_20_IO1 Pin=R26_VOLT21-1
Added Net: Name=GPIO_20_IO1
Added Pin To Net: NetName=GPIO_20_IO2 Pin=P1_IO2-50
Added Pin To Net: NetName=GPIO_20_IO2 Pin=R26_VOLT96-1
Added Net: Name=GPIO_20_IO2
Added Pin To Net: NetName=GPIO_21_IO1 Pin=P1_IO1-52
Added Pin To Net: NetName=GPIO_21_IO1 Pin=R26_VOLT22-1
Added Net: Name=GPIO_21_IO1
Added Pin To Net: NetName=GPIO_21_IO2 Pin=P1_IO2-52
Added Pin To Net: NetName=GPIO_21_IO2 Pin=R26_VOLT97-1
Added Net: Name=GPIO_21_IO2
Added Pin To Net: NetName=GPIO_22_IO1 Pin=P1_IO1-54
Added Pin To Net: NetName=GPIO_22_IO1 Pin=R26_VOLT23-1
Added Net: Name=GPIO_22_IO1
Added Pin To Net: NetName=GPIO_22_IO2 Pin=P1_IO2-54
Added Pin To Net: NetName=GPIO_22_IO2 Pin=R26_VOLT98-1
Added Net: Name=GPIO_22_IO2
Added Pin To Net: NetName=GPIO_23_IO1 Pin=P1_IO1-55
Added Pin To Net: NetName=GPIO_23_IO1 Pin=R26_VOLT24-1
Added Net: Name=GPIO_23_IO1
Added Pin To Net: NetName=GPIO_23_IO2 Pin=P1_IO2-55
Added Pin To Net: NetName=GPIO_23_IO2 Pin=R26_VOLT99-1
Added Net: Name=GPIO_23_IO2
Added Pin To Net: NetName=GPIO_24_IO1 Pin=P1_IO1-56
Added Pin To Net: NetName=GPIO_24_IO1 Pin=R26_VOLT25-1
Added Net: Name=GPIO_24_IO1
Added Pin To Net: NetName=GPIO_24_IO2 Pin=P1_IO2-56
Added Pin To Net: NetName=GPIO_24_IO2 Pin=R26_VOLT100-1
Added Net: Name=GPIO_24_IO2
Added Pin To Net: NetName=GPIO_25_IO1 Pin=P1_IO1-57
Added Pin To Net: NetName=GPIO_25_IO1 Pin=R26_VOLT26-1
Added Net: Name=GPIO_25_IO1
Added Pin To Net: NetName=GPIO_25_IO2 Pin=P1_IO2-57
Added Pin To Net: NetName=GPIO_25_IO2 Pin=R26_VOLT101-1
Added Net: Name=GPIO_25_IO2
Added Pin To Net: NetName=GPIO_26_IO1 Pin=P1_IO1-58
Added Pin To Net: NetName=GPIO_26_IO1 Pin=R26_VOLT27-1
Added Net: Name=GPIO_26_IO1
Added Pin To Net: NetName=GPIO_26_IO2 Pin=P1_IO2-58
Added Pin To Net: NetName=GPIO_26_IO2 Pin=R26_VOLT102-1
Added Net: Name=GPIO_26_IO2
Added Pin To Net: NetName=GPIO_27_IO1 Pin=P1_IO1-59
Added Pin To Net: NetName=GPIO_27_IO1 Pin=R26_VOLT28-1
Added Net: Name=GPIO_27_IO1
Added Pin To Net: NetName=GPIO_27_IO2 Pin=P1_IO2-59
Added Pin To Net: NetName=GPIO_27_IO2 Pin=R26_VOLT103-1
Added Net: Name=GPIO_27_IO2
Added Pin To Net: NetName=GPIO_28_IO1 Pin=P1_IO1-60
Added Pin To Net: NetName=GPIO_28_IO1 Pin=R26_VOLT29-1
Added Net: Name=GPIO_28_IO1
Added Pin To Net: NetName=GPIO_28_IO2 Pin=P1_IO2-60
Added Pin To Net: NetName=GPIO_28_IO2 Pin=R26_VOLT104-1
Added Net: Name=GPIO_28_IO2
Added Pin To Net: NetName=GPIO_29_IO1 Pin=P1_IO1-62
Added Pin To Net: NetName=GPIO_29_IO1 Pin=R26_VOLT30-1
Added Net: Name=GPIO_29_IO1
Added Pin To Net: NetName=GPIO_29_IO2 Pin=P1_IO2-62
Added Pin To Net: NetName=GPIO_29_IO2 Pin=R26_VOLT105-1
Added Net: Name=GPIO_29_IO2
Added Pin To Net: NetName=GPIO_30_IO1 Pin=P1_IO1-64
Added Pin To Net: NetName=GPIO_30_IO1 Pin=R26_VOLT31-1
Added Net: Name=GPIO_30_IO1
Added Pin To Net: NetName=GPIO_30_IO2 Pin=P1_IO2-64
Added Pin To Net: NetName=GPIO_30_IO2 Pin=R26_VOLT106-1
Added Net: Name=GPIO_30_IO2
Added Pin To Net: NetName=GPIO_31_IO1 Pin=P1_IO1-65
Added Pin To Net: NetName=GPIO_31_IO1 Pin=R26_VOLT32-1
Added Net: Name=GPIO_31_IO1
Added Pin To Net: NetName=GPIO_31_IO2 Pin=P1_IO2-65
Added Pin To Net: NetName=GPIO_31_IO2 Pin=R26_VOLT107-1
Added Net: Name=GPIO_31_IO2
Added Pin To Net: NetName=GPIO_32_IO1 Pin=P1_IO1-66
Added Pin To Net: NetName=GPIO_32_IO1 Pin=R26_VOLT33-1
Added Net: Name=GPIO_32_IO1
Added Pin To Net: NetName=GPIO_32_IO2 Pin=P1_IO2-66
Added Pin To Net: NetName=GPIO_32_IO2 Pin=R26_VOLT108-1
Added Net: Name=GPIO_32_IO2
Added Pin To Net: NetName=GPIO_33_IO1 Pin=P1_IO1-69
Added Pin To Net: NetName=GPIO_33_IO1 Pin=R26_VOLT34-1
Added Net: Name=GPIO_33_IO1
Added Pin To Net: NetName=GPIO_33_IO2 Pin=P1_IO2-69
Added Pin To Net: NetName=GPIO_33_IO2 Pin=R26_VOLT109-1
Added Net: Name=GPIO_33_IO2
Added Pin To Net: NetName=GPIO_34_IO1 Pin=P1_IO1-70
Added Pin To Net: NetName=GPIO_34_IO1 Pin=R26_VOLT35-1
Added Net: Name=GPIO_34_IO1
Added Pin To Net: NetName=GPIO_34_IO2 Pin=P1_IO2-70
Added Pin To Net: NetName=GPIO_34_IO2 Pin=R26_VOLT110-1
Added Net: Name=GPIO_34_IO2
Added Pin To Net: NetName=GPIO_35_IO1 Pin=P1_IO1-75
Added Pin To Net: NetName=GPIO_35_IO1 Pin=R26_VOLT36-1
Added Net: Name=GPIO_35_IO1
Added Pin To Net: NetName=GPIO_35_IO2 Pin=P1_IO2-75
Added Pin To Net: NetName=GPIO_35_IO2 Pin=R26_VOLT111-1
Added Net: Name=GPIO_35_IO2
Added Pin To Net: NetName=GPIO_36_IO1 Pin=P1_IO1-74
Added Pin To Net: NetName=GPIO_36_IO1 Pin=R26_VOLT37-1
Added Net: Name=GPIO_36_IO1
Added Pin To Net: NetName=GPIO_36_IO2 Pin=P1_IO2-74
Added Pin To Net: NetName=GPIO_36_IO2 Pin=R26_VOLT112-1
Added Net: Name=GPIO_36_IO2
Added Pin To Net: NetName=GPIO_37_IO1 Pin=P1_IO1-77
Added Pin To Net: NetName=GPIO_37_IO1 Pin=R26_VOLT38-1
Added Net: Name=GPIO_37_IO1
Added Pin To Net: NetName=GPIO_37_IO2 Pin=P1_IO2-77
Added Pin To Net: NetName=GPIO_37_IO2 Pin=R26_VOLT113-1
Added Net: Name=GPIO_37_IO2
Added Pin To Net: NetName=GPIO_38_IO1 Pin=P1_IO1-76
Added Pin To Net: NetName=GPIO_38_IO1 Pin=R26_VOLT39-1
Added Net: Name=GPIO_38_IO1
Added Pin To Net: NetName=GPIO_38_IO2 Pin=P1_IO2-76
Added Pin To Net: NetName=GPIO_38_IO2 Pin=R26_VOLT114-1
Added Net: Name=GPIO_38_IO2
Added Pin To Net: NetName=GPIO_39_IO1 Pin=P1_IO1-79
Added Pin To Net: NetName=GPIO_39_IO1 Pin=R26_VOLT40-1
Added Net: Name=GPIO_39_IO1
Added Pin To Net: NetName=GPIO_39_IO2 Pin=P1_IO2-79
Added Pin To Net: NetName=GPIO_39_IO2 Pin=R26_VOLT115-1
Added Net: Name=GPIO_39_IO2
Added Pin To Net: NetName=GPIO_40_IO1 Pin=P1_IO1-78
Added Pin To Net: NetName=GPIO_40_IO1 Pin=R26_VOLT41-1
Added Net: Name=GPIO_40_IO1
Added Pin To Net: NetName=GPIO_40_IO2 Pin=P1_IO2-78
Added Pin To Net: NetName=GPIO_40_IO2 Pin=R26_VOLT116-1
Added Net: Name=GPIO_40_IO2
Added Pin To Net: NetName=GPIO_41_IO1 Pin=P1_IO1-81
Added Pin To Net: NetName=GPIO_41_IO1 Pin=R26_VOLT42-1
Added Net: Name=GPIO_41_IO1
Added Pin To Net: NetName=GPIO_41_IO2 Pin=P1_IO2-81
Added Pin To Net: NetName=GPIO_41_IO2 Pin=R26_VOLT117-1
Added Net: Name=GPIO_41_IO2
Added Pin To Net: NetName=GPIO_42_IO1 Pin=P1_IO1-85
Added Pin To Net: NetName=GPIO_42_IO1 Pin=R26_VOLT43-1
Added Net: Name=GPIO_42_IO1
Added Pin To Net: NetName=GPIO_42_IO2 Pin=P1_IO2-85
Added Pin To Net: NetName=GPIO_42_IO2 Pin=R26_VOLT118-1
Added Net: Name=GPIO_42_IO2
Added Pin To Net: NetName=GPIO_43_IO1 Pin=P1_IO1-87
Added Pin To Net: NetName=GPIO_43_IO1 Pin=R26_VOLT44-1
Added Net: Name=GPIO_43_IO1
Added Pin To Net: NetName=GPIO_43_IO2 Pin=P1_IO2-87
Added Pin To Net: NetName=GPIO_43_IO2 Pin=R26_VOLT119-1
Added Net: Name=GPIO_43_IO2
Added Pin To Net: NetName=GPIO_44_IO1 Pin=P1_IO1-84
Added Pin To Net: NetName=GPIO_44_IO1 Pin=R26_VOLT45-1
Added Net: Name=GPIO_44_IO1
Added Pin To Net: NetName=GPIO_44_IO2 Pin=P1_IO2-84
Added Pin To Net: NetName=GPIO_44_IO2 Pin=R26_VOLT120-1
Added Net: Name=GPIO_44_IO2
Added Pin To Net: NetName=GPIO_45_IO1 Pin=P1_IO1-86
Added Pin To Net: NetName=GPIO_45_IO1 Pin=R26_VOLT46-1
Added Net: Name=GPIO_45_IO1
Added Pin To Net: NetName=GPIO_45_IO2 Pin=P1_IO2-86
Added Pin To Net: NetName=GPIO_45_IO2 Pin=R26_VOLT121-1
Added Net: Name=GPIO_45_IO2
Added Pin To Net: NetName=GPIO_46_IO1 Pin=P1_IO1-92
Added Pin To Net: NetName=GPIO_46_IO1 Pin=R26_VOLT47-1
Added Net: Name=GPIO_46_IO1
Added Pin To Net: NetName=GPIO_46_IO2 Pin=P1_IO2-92
Added Pin To Net: NetName=GPIO_46_IO2 Pin=R26_VOLT122-1
Added Net: Name=GPIO_46_IO2
Added Pin To Net: NetName=GPIO_47_IO1 Pin=P1_IO1-93
Added Pin To Net: NetName=GPIO_47_IO1 Pin=R26_VOLT48-1
Added Net: Name=GPIO_47_IO1
Added Pin To Net: NetName=GPIO_47_IO2 Pin=P1_IO2-93
Added Pin To Net: NetName=GPIO_47_IO2 Pin=R26_VOLT123-1
Added Net: Name=GPIO_47_IO2
Added Pin To Net: NetName=GPIO_48_IO1 Pin=P1_IO1-99
Added Pin To Net: NetName=GPIO_48_IO1 Pin=R26_VOLT49-1
Added Net: Name=GPIO_48_IO1
Added Pin To Net: NetName=GPIO_48_IO2 Pin=P1_IO2-99
Added Pin To Net: NetName=GPIO_48_IO2 Pin=R26_VOLT124-1
Added Net: Name=GPIO_48_IO2
Added Pin To Net: NetName=GPIO_49_IO1 Pin=P1_IO1-100
Added Pin To Net: NetName=GPIO_49_IO1 Pin=R26_VOLT50-1
Added Net: Name=GPIO_49_IO1
Added Pin To Net: NetName=GPIO_49_IO2 Pin=P1_IO2-100
Added Pin To Net: NetName=GPIO_49_IO2 Pin=R26_VOLT125-1
Added Net: Name=GPIO_49_IO2
Added Pin To Net: NetName=GPIO_50_IO1 Pin=P1_IO1-101
Added Pin To Net: NetName=GPIO_50_IO1 Pin=R26_VOLT51-1
Added Net: Name=GPIO_50_IO1
Added Pin To Net: NetName=GPIO_50_IO2 Pin=P1_IO2-101
Added Pin To Net: NetName=GPIO_50_IO2 Pin=R26_VOLT126-1
Added Net: Name=GPIO_50_IO2
Added Pin To Net: NetName=GPIO_51_IO1 Pin=P1_IO1-102
Added Pin To Net: NetName=GPIO_51_IO1 Pin=R26_VOLT52-1
Added Net: Name=GPIO_51_IO1
Added Pin To Net: NetName=GPIO_51_IO2 Pin=P1_IO2-102
Added Pin To Net: NetName=GPIO_51_IO2 Pin=R26_VOLT127-1
Added Net: Name=GPIO_51_IO2
Added Pin To Net: NetName=GPIO_52_IO1 Pin=P1_IO1-105
Added Pin To Net: NetName=GPIO_52_IO1 Pin=R26_VOLT53-1
Added Net: Name=GPIO_52_IO1
Added Pin To Net: NetName=GPIO_52_IO2 Pin=P1_IO2-105
Added Pin To Net: NetName=GPIO_52_IO2 Pin=R26_VOLT128-1
Added Net: Name=GPIO_52_IO2
Added Pin To Net: NetName=GPIO_53_IO1 Pin=P1_IO1-106
Added Pin To Net: NetName=GPIO_53_IO1 Pin=R26_VOLT54-1
Added Net: Name=GPIO_53_IO1
Added Pin To Net: NetName=GPIO_53_IO2 Pin=P1_IO2-106
Added Pin To Net: NetName=GPIO_53_IO2 Pin=R26_VOLT129-1
Added Net: Name=GPIO_53_IO2
Added Pin To Net: NetName=GPIO_54_IO1 Pin=P1_IO1-110
Added Pin To Net: NetName=GPIO_54_IO1 Pin=R26_VOLT55-1
Added Net: Name=GPIO_54_IO1
Added Pin To Net: NetName=GPIO_54_IO2 Pin=P1_IO2-110
Added Pin To Net: NetName=GPIO_54_IO2 Pin=R26_VOLT130-1
Added Net: Name=GPIO_54_IO2
Added Pin To Net: NetName=GPIO_55_IO1 Pin=P1_IO1-111
Added Pin To Net: NetName=GPIO_55_IO1 Pin=R26_VOLT56-1
Added Net: Name=GPIO_55_IO1
Added Pin To Net: NetName=GPIO_55_IO2 Pin=P1_IO2-111
Added Pin To Net: NetName=GPIO_55_IO2 Pin=R26_VOLT131-1
Added Net: Name=GPIO_55_IO2
Added Pin To Net: NetName=GPIO_56_IO1 Pin=P1_IO1-113
Added Pin To Net: NetName=GPIO_56_IO1 Pin=R26_VOLT57-1
Added Net: Name=GPIO_56_IO1
Added Pin To Net: NetName=GPIO_56_IO2 Pin=P1_IO2-113
Added Pin To Net: NetName=GPIO_56_IO2 Pin=R26_VOLT132-1
Added Net: Name=GPIO_56_IO2
Added Pin To Net: NetName=GPIO_57_IO1 Pin=P1_IO1-114
Added Pin To Net: NetName=GPIO_57_IO1 Pin=R26_VOLT58-1
Added Net: Name=GPIO_57_IO1
Added Pin To Net: NetName=GPIO_57_IO2 Pin=P1_IO2-114
Added Pin To Net: NetName=GPIO_57_IO2 Pin=R26_VOLT133-1
Added Net: Name=GPIO_57_IO2
Added Pin To Net: NetName=GPIO_58_IO1 Pin=P1_IO1-118
Added Pin To Net: NetName=GPIO_58_IO1 Pin=R26_VOLT59-1
Added Net: Name=GPIO_58_IO1
Added Pin To Net: NetName=GPIO_58_IO2 Pin=P1_IO2-118
Added Pin To Net: NetName=GPIO_58_IO2 Pin=R26_VOLT134-1
Added Net: Name=GPIO_58_IO2
Added Pin To Net: NetName=GPIO_59_IO1 Pin=P1_IO1-119
Added Pin To Net: NetName=GPIO_59_IO1 Pin=R26_VOLT60-1
Added Net: Name=GPIO_59_IO1
Added Pin To Net: NetName=GPIO_59_IO2 Pin=P1_IO2-119
Added Pin To Net: NetName=GPIO_59_IO2 Pin=R26_VOLT135-1
Added Net: Name=GPIO_59_IO2
Added Pin To Net: NetName=GPIO_60_IO1 Pin=P1_IO1-120
Added Pin To Net: NetName=GPIO_60_IO1 Pin=R26_VOLT61-1
Added Net: Name=GPIO_60_IO1
Added Pin To Net: NetName=GPIO_60_IO2 Pin=P1_IO2-120
Added Pin To Net: NetName=GPIO_60_IO2 Pin=R26_VOLT136-1
Added Net: Name=GPIO_60_IO2
Added Pin To Net: NetName=GPIO_61_IO1 Pin=P1_IO1-124
Added Pin To Net: NetName=GPIO_61_IO1 Pin=R26_VOLT62-1
Added Net: Name=GPIO_61_IO1
Added Pin To Net: NetName=GPIO_61_IO2 Pin=P1_IO2-124
Added Pin To Net: NetName=GPIO_61_IO2 Pin=R26_VOLT137-1
Added Net: Name=GPIO_61_IO2
Added Pin To Net: NetName=GPIO_62_IO1 Pin=P1_IO1-127
Added Pin To Net: NetName=GPIO_62_IO1 Pin=R26_VOLT63-1
Added Net: Name=GPIO_62_IO1
Added Pin To Net: NetName=GPIO_62_IO2 Pin=P1_IO2-127
Added Pin To Net: NetName=GPIO_62_IO2 Pin=R26_VOLT138-1
Added Net: Name=GPIO_62_IO2
Added Pin To Net: NetName=GPIO_63_IO1 Pin=P1_IO1-130
Added Pin To Net: NetName=GPIO_63_IO1 Pin=R26_VOLT64-1
Added Net: Name=GPIO_63_IO1
Added Pin To Net: NetName=GPIO_63_IO2 Pin=P1_IO2-130
Added Pin To Net: NetName=GPIO_63_IO2 Pin=R26_VOLT139-1
Added Net: Name=GPIO_63_IO2
Added Pin To Net: NetName=GPIO_64_IO1 Pin=P1_IO1-131
Added Pin To Net: NetName=GPIO_64_IO1 Pin=R26_VOLT65-1
Added Net: Name=GPIO_64_IO1
Added Pin To Net: NetName=GPIO_64_IO2 Pin=P1_IO2-131
Added Pin To Net: NetName=GPIO_64_IO2 Pin=R26_VOLT140-1
Added Net: Name=GPIO_64_IO2
Added Pin To Net: NetName=GPIO_65_IO1 Pin=P1_IO1-132
Added Pin To Net: NetName=GPIO_65_IO1 Pin=R26_VOLT66-1
Added Net: Name=GPIO_65_IO1
Added Pin To Net: NetName=GPIO_65_IO2 Pin=P1_IO2-132
Added Pin To Net: NetName=GPIO_65_IO2 Pin=R26_VOLT141-1
Added Net: Name=GPIO_65_IO2
Added Pin To Net: NetName=GPIO_66_IO1 Pin=P1_IO1-135
Added Pin To Net: NetName=GPIO_66_IO1 Pin=R26_VOLT67-1
Added Net: Name=GPIO_66_IO1
Added Pin To Net: NetName=GPIO_66_IO2 Pin=P1_IO2-135
Added Pin To Net: NetName=GPIO_66_IO2 Pin=R26_VOLT142-1
Added Net: Name=GPIO_66_IO2
Added Pin To Net: NetName=GPIO_67_IO1 Pin=P1_IO1-140
Added Pin To Net: NetName=GPIO_67_IO1 Pin=R26_VOLT68-1
Added Net: Name=GPIO_67_IO1
Added Pin To Net: NetName=GPIO_67_IO2 Pin=P1_IO2-140
Added Pin To Net: NetName=GPIO_67_IO2 Pin=R26_VOLT143-1
Added Net: Name=GPIO_67_IO2
Added Pin To Net: NetName=GPIO_68_IO1 Pin=P1_IO1-141
Added Pin To Net: NetName=GPIO_68_IO1 Pin=R26_VOLT69-1
Added Net: Name=GPIO_68_IO1
Added Pin To Net: NetName=GPIO_68_IO2 Pin=P1_IO2-141
Added Pin To Net: NetName=GPIO_68_IO2 Pin=R26_VOLT144-1
Added Net: Name=GPIO_68_IO2
Added Pin To Net: NetName=GPIO_69_IO1 Pin=P1_IO1-28
Added Pin To Net: NetName=GPIO_69_IO1 Pin=R26_VOLT70-1
Added Net: Name=GPIO_69_IO1
Added Pin To Net: NetName=GPIO_69_IO2 Pin=P1_IO2-28
Added Pin To Net: NetName=GPIO_69_IO2 Pin=R26_VOLT145-1
Added Net: Name=GPIO_69_IO2
Added Pin To Net: NetName=GPIO_70_IO1 Pin=P1_IO1-29
Added Pin To Net: NetName=GPIO_70_IO1 Pin=R26_VOLT71-1
Added Net: Name=GPIO_70_IO1
Added Pin To Net: NetName=GPIO_70_IO2 Pin=P1_IO2-29
Added Pin To Net: NetName=GPIO_70_IO2 Pin=R26_VOLT146-1
Added Net: Name=GPIO_70_IO2
Added Pin To Net: NetName=GPIO_71_IO1 Pin=P1_IO1-88
Added Pin To Net: NetName=GPIO_71_IO1 Pin=R26_VOLT72-1
Added Net: Name=GPIO_71_IO1
Added Pin To Net: NetName=GPIO_71_IO2 Pin=P1_IO2-88
Added Pin To Net: NetName=GPIO_71_IO2 Pin=R26_VOLT147-1
Added Net: Name=GPIO_71_IO2
Added Pin To Net: NetName=GPIO_72_IO1 Pin=P1_IO1-89
Added Pin To Net: NetName=GPIO_72_IO1 Pin=R26_VOLT73-1
Added Net: Name=GPIO_72_IO1
Added Pin To Net: NetName=GPIO_72_IO2 Pin=P1_IO2-89
Added Pin To Net: NetName=GPIO_72_IO2 Pin=R26_VOLT148-1
Added Net: Name=GPIO_72_IO2
Added Pin To Net: NetName=GPIO_73_IO1 Pin=P1_IO1-90
Added Pin To Net: NetName=GPIO_73_IO1 Pin=R26_VOLT74-1
Added Net: Name=GPIO_73_IO1
Added Pin To Net: NetName=GPIO_73_IO2 Pin=P1_IO2-90
Added Pin To Net: NetName=GPIO_73_IO2 Pin=R26_VOLT149-1
Added Net: Name=GPIO_73_IO2
Added Pin To Net: NetName=GPIO_74_IO1 Pin=P1_IO1-91
Added Pin To Net: NetName=GPIO_74_IO1 Pin=R26_VOLT75-1
Added Net: Name=GPIO_74_IO1
Added Pin To Net: NetName=GPIO_74_IO2 Pin=P1_IO2-91
Added Pin To Net: NetName=GPIO_74_IO2 Pin=R26_VOLT150-1
Added Net: Name=GPIO_74_IO2
Change Class Name : Old Net Name=VIN[300..1] New Net Name=VIN[300..151]
