Change Component Designator: OldDesignator=C1_IO1 NewDesignator=C1_IO4
Change Component Designator: OldDesignator=C1_IO2 NewDesignator=C1_IO3
Change Component Designator: OldDesignator=C1_IO3 NewDesignator=C1_IO2
Change Component Designator: OldDesignator=C1_IO4 NewDesignator=C1_IO1
Change Component Designator: OldDesignator=C2_POWER1 NewDesignator=C2_POWER4
Change Component Designator: OldDesignator=C2_POWER2 NewDesignator=C2_POWER3
Change Component Designator: OldDesignator=C2_POWER3 NewDesignator=C2_POWER2
Change Component Designator: OldDesignator=C2_POWER4 NewDesignator=C2_POWER1
Change Component Designator: OldDesignator=C3_POWER1 NewDesignator=C3_POWER4
Change Component Designator: OldDesignator=C3_POWER2 NewDesignator=C3_POWER3
Change Component Designator: OldDesignator=C3_POWER3 NewDesignator=C3_POWER2
Change Component Designator: OldDesignator=C3_POWER4 NewDesignator=C3_POWER1
Change Component Designator: OldDesignator=C4_POWER1 NewDesignator=C4_POWER4
Change Component Designator: OldDesignator=C4_POWER2 NewDesignator=C4_POWER3
Change Component Designator: OldDesignator=C4_POWER3 NewDesignator=C4_POWER2
Change Component Designator: OldDesignator=C4_POWER4 NewDesignator=C4_POWER1
Change Component Designator: OldDesignator=C5_POWER1 NewDesignator=C5_POWER4
Change Component Designator: OldDesignator=C5_POWER2 NewDesignator=C5_POWER3
Change Component Designator: OldDesignator=C5_POWER3 NewDesignator=C5_POWER2
Change Component Designator: OldDesignator=C5_POWER4 NewDesignator=C5_POWER1
Change Component Designator: OldDesignator=C6_POWER1 NewDesignator=C6_POWER4
Change Component Designator: OldDesignator=C6_POWER2 NewDesignator=C6_POWER3
Change Component Designator: OldDesignator=C6_POWER3 NewDesignator=C6_POWER2
Change Component Designator: OldDesignator=C6_POWER4 NewDesignator=C6_POWER1
Change Component Designator: OldDesignator=C7_POWER1 NewDesignator=C7_POWER4
Change Component Designator: OldDesignator=C7_POWER2 NewDesignator=C7_POWER3
Change Component Designator: OldDesignator=C7_POWER3 NewDesignator=C7_POWER2
Change Component Designator: OldDesignator=C7_POWER4 NewDesignator=C7_POWER1
Change Component Designator: OldDesignator=C9_POWER1 NewDesignator=C9_POWER4
Change Component Designator: OldDesignator=C9_POWER2 NewDesignator=C9_POWER3
Change Component Designator: OldDesignator=C9_POWER3 NewDesignator=C9_POWER2
Change Component Designator: OldDesignator=C9_POWER4 NewDesignator=C9_POWER1
Change Component Designator: OldDesignator=C10_POWER1 NewDesignator=C10_POWER4
Change Component Designator: OldDesignator=C10_POWER2 NewDesignator=C10_POWER3
Change Component Designator: OldDesignator=C10_POWER3 NewDesignator=C10_POWER2
Change Component Designator: OldDesignator=C10_POWER4 NewDesignator=C10_POWER1
Change Component Designator: OldDesignator=C11_POWER1 NewDesignator=C11_POWER4
Change Component Designator: OldDesignator=C11_POWER2 NewDesignator=C11_POWER3
Change Component Designator: OldDesignator=C11_POWER3 NewDesignator=C11_POWER2
Change Component Designator: OldDesignator=C11_POWER4 NewDesignator=C11_POWER1
Change Component Designator: OldDesignator=C12_POWER1 NewDesignator=C12_POWER4
Change Component Designator: OldDesignator=C12_POWER2 NewDesignator=C12_POWER3
Change Component Designator: OldDesignator=C12_POWER3 NewDesignator=C12_POWER2
Change Component Designator: OldDesignator=C12_POWER4 NewDesignator=C12_POWER1
Change Component Designator: OldDesignator=C13_POWER1 NewDesignator=C13_POWER4
Change Component Designator: OldDesignator=C13_POWER2 NewDesignator=C13_POWER3
Change Component Designator: OldDesignator=C13_POWER3 NewDesignator=C13_POWER2
Change Component Designator: OldDesignator=C13_POWER4 NewDesignator=C13_POWER1
Change Component Designator: OldDesignator=C15_POWER1 NewDesignator=C15_POWER4
Change Component Designator: OldDesignator=C15_POWER2 NewDesignator=C15_POWER3
Change Component Designator: OldDesignator=C15_POWER3 NewDesignator=C15_POWER2
Change Component Designator: OldDesignator=C15_POWER4 NewDesignator=C15_POWER1
Change Component Designator: OldDesignator=C16_POWER1 NewDesignator=C16_POWER4
Change Component Designator: OldDesignator=C16_POWER2 NewDesignator=C16_POWER3
Change Component Designator: OldDesignator=C16_POWER3 NewDesignator=C16_POWER2
Change Component Designator: OldDesignator=C16_POWER4 NewDesignator=C16_POWER1
Change Component Designator: OldDesignator=C17_POWER1 NewDesignator=C17_POWER4
Change Component Designator: OldDesignator=C17_POWER2 NewDesignator=C17_POWER3
Change Component Designator: OldDesignator=C17_POWER3 NewDesignator=C17_POWER2
Change Component Designator: OldDesignator=C17_POWER4 NewDesignator=C17_POWER1
Change Component Designator: OldDesignator=C23_POWER1 NewDesignator=C23_POWER4
Change Component Designator: OldDesignator=C23_POWER2 NewDesignator=C23_POWER3
Change Component Designator: OldDesignator=C23_POWER3 NewDesignator=C23_POWER2
Change Component Designator: OldDesignator=C23_POWER4 NewDesignator=C23_POWER1
Change Component Designator: OldDesignator=C24_POWER1 NewDesignator=C24_POWER4
Change Component Designator: OldDesignator=C24_POWER2 NewDesignator=C24_POWER3
Change Component Designator: OldDesignator=C24_POWER3 NewDesignator=C24_POWER2
Change Component Designator: OldDesignator=C24_POWER4 NewDesignator=C24_POWER1
Change Component Designator: OldDesignator=C45_POWER1 NewDesignator=C45_POWER4
Change Component Designator: OldDesignator=C45_POWER2 NewDesignator=C45_POWER3
Change Component Designator: OldDesignator=C45_POWER3 NewDesignator=C45_POWER2
Change Component Designator: OldDesignator=C45_POWER4 NewDesignator=C45_POWER1
Change Component Designator: OldDesignator=C46_POWER1 NewDesignator=C46_POWER4
Change Component Designator: OldDesignator=C46_POWER2 NewDesignator=C46_POWER3
Change Component Designator: OldDesignator=C46_POWER3 NewDesignator=C46_POWER2
Change Component Designator: OldDesignator=C46_POWER4 NewDesignator=C46_POWER1
Change Component Designator: OldDesignator=C47_POWER1 NewDesignator=C47_POWER4
Change Component Designator: OldDesignator=C47_POWER2 NewDesignator=C47_POWER3
Change Component Designator: OldDesignator=C47_POWER3 NewDesignator=C47_POWER2
Change Component Designator: OldDesignator=C47_POWER4 NewDesignator=C47_POWER1
Change Component Designator: OldDesignator=C48_POWER1 NewDesignator=C48_POWER4
Change Component Designator: OldDesignator=C48_POWER2 NewDesignator=C48_POWER3
Change Component Designator: OldDesignator=C48_POWER3 NewDesignator=C48_POWER2
Change Component Designator: OldDesignator=C48_POWER4 NewDesignator=C48_POWER1
Change Component Designator: OldDesignator=C49_POWER1 NewDesignator=C49_POWER4
Change Component Designator: OldDesignator=C49_POWER2 NewDesignator=C49_POWER3
Change Component Designator: OldDesignator=C49_POWER3 NewDesignator=C49_POWER2
Change Component Designator: OldDesignator=C49_POWER4 NewDesignator=C49_POWER1
Change Component Designator: OldDesignator=C51_POWER1 NewDesignator=C51_POWER4
Change Component Designator: OldDesignator=C51_POWER2 NewDesignator=C51_POWER3
Change Component Designator: OldDesignator=C51_POWER3 NewDesignator=C51_POWER2
Change Component Designator: OldDesignator=C51_POWER4 NewDesignator=C51_POWER1
Change Component Designator: OldDesignator=C52_POWER1 NewDesignator=C52_POWER4
Change Component Designator: OldDesignator=C52_POWER2 NewDesignator=C52_POWER3
Change Component Designator: OldDesignator=C52_POWER3 NewDesignator=C52_POWER2
Change Component Designator: OldDesignator=C52_POWER4 NewDesignator=C52_POWER1
Change Component Designator: OldDesignator=C53_POWER1 NewDesignator=C53_POWER4
Change Component Designator: OldDesignator=C53_POWER2 NewDesignator=C53_POWER3
Change Component Designator: OldDesignator=C53_POWER3 NewDesignator=C53_POWER2
Change Component Designator: OldDesignator=C53_POWER4 NewDesignator=C53_POWER1
Change Component Designator: OldDesignator=C54_POWER1 NewDesignator=C54_POWER4
Change Component Designator: OldDesignator=C54_POWER2 NewDesignator=C54_POWER3
Change Component Designator: OldDesignator=C54_POWER3 NewDesignator=C54_POWER2
Change Component Designator: OldDesignator=C54_POWER4 NewDesignator=C54_POWER1
Change Component Designator: OldDesignator=C55_POWER1 NewDesignator=C55_POWER4
Change Component Designator: OldDesignator=C55_POWER2 NewDesignator=C55_POWER3
Change Component Designator: OldDesignator=C55_POWER3 NewDesignator=C55_POWER2
Change Component Designator: OldDesignator=C55_POWER4 NewDesignator=C55_POWER1
Change Component Designator: OldDesignator=C56_POWER1 NewDesignator=C56_POWER4
Change Component Designator: OldDesignator=C56_POWER2 NewDesignator=C56_POWER3
Change Component Designator: OldDesignator=C56_POWER3 NewDesignator=C56_POWER2
Change Component Designator: OldDesignator=C56_POWER4 NewDesignator=C56_POWER1
Change Component Designator: OldDesignator=C57_POWER1 NewDesignator=C57_POWER4
Change Component Designator: OldDesignator=C57_POWER2 NewDesignator=C57_POWER3
Change Component Designator: OldDesignator=C57_POWER3 NewDesignator=C57_POWER2
Change Component Designator: OldDesignator=C57_POWER4 NewDesignator=C57_POWER1
Change Component Designator: OldDesignator=C58_POWER1 NewDesignator=C58_POWER4
Change Component Designator: OldDesignator=C58_POWER2 NewDesignator=C58_POWER3
Change Component Designator: OldDesignator=C58_POWER3 NewDesignator=C58_POWER2
Change Component Designator: OldDesignator=C58_POWER4 NewDesignator=C58_POWER1
Change Component Designator: OldDesignator=C59_POWER1 NewDesignator=C59_POWER4
Change Component Designator: OldDesignator=C59_POWER2 NewDesignator=C59_POWER3
Change Component Designator: OldDesignator=C59_POWER3 NewDesignator=C59_POWER2
Change Component Designator: OldDesignator=C59_POWER4 NewDesignator=C59_POWER1
Change Component Designator: OldDesignator=C60_POWER1 NewDesignator=C60_POWER4
Change Component Designator: OldDesignator=C60_POWER2 NewDesignator=C60_POWER3
Change Component Designator: OldDesignator=C60_POWER3 NewDesignator=C60_POWER2
Change Component Designator: OldDesignator=C60_POWER4 NewDesignator=C60_POWER1
Change Component Designator: OldDesignator=C61_POWER1 NewDesignator=C61_POWER4
Change Component Designator: OldDesignator=C61_POWER2 NewDesignator=C61_POWER3
Change Component Designator: OldDesignator=C61_POWER3 NewDesignator=C61_POWER2
Change Component Designator: OldDesignator=C61_POWER4 NewDesignator=C61_POWER1
Change Component Designator: OldDesignator=C62_POWER1 NewDesignator=C62_POWER4
Change Component Designator: OldDesignator=C62_POWER2 NewDesignator=C62_POWER3
Change Component Designator: OldDesignator=C62_POWER3 NewDesignator=C62_POWER2
Change Component Designator: OldDesignator=C62_POWER4 NewDesignator=C62_POWER1
Change Component Designator: OldDesignator=C64_POWER1 NewDesignator=C64_POWER4
Change Component Designator: OldDesignator=C64_POWER2 NewDesignator=C64_POWER3
Change Component Designator: OldDesignator=C64_POWER3 NewDesignator=C64_POWER2
Change Component Designator: OldDesignator=C64_POWER4 NewDesignator=C64_POWER1
Change Component Designator: OldDesignator=C65_POWER1 NewDesignator=C65_POWER4
Change Component Designator: OldDesignator=C65_POWER2 NewDesignator=C65_POWER3
Change Component Designator: OldDesignator=C65_POWER3 NewDesignator=C65_POWER2
Change Component Designator: OldDesignator=C65_POWER4 NewDesignator=C65_POWER1
Change Component Designator: OldDesignator=C66_POWER1 NewDesignator=C66_POWER4
Change Component Designator: OldDesignator=C66_POWER2 NewDesignator=C66_POWER3
Change Component Designator: OldDesignator=C66_POWER3 NewDesignator=C66_POWER2
Change Component Designator: OldDesignator=C66_POWER4 NewDesignator=C66_POWER1
Change Component Designator: OldDesignator=C67_POWER1 NewDesignator=C67_POWER4
Change Component Designator: OldDesignator=C67_POWER2 NewDesignator=C67_POWER3
Change Component Designator: OldDesignator=C67_POWER3 NewDesignator=C67_POWER2
Change Component Designator: OldDesignator=C67_POWER4 NewDesignator=C67_POWER1
Change Component Designator: OldDesignator=C68_POWER1 NewDesignator=C68_POWER4
Change Component Designator: OldDesignator=C68_POWER2 NewDesignator=C68_POWER3
Change Component Designator: OldDesignator=C68_POWER3 NewDesignator=C68_POWER2
Change Component Designator: OldDesignator=C68_POWER4 NewDesignator=C68_POWER1
Change Component Designator: OldDesignator=C69_POWER1 NewDesignator=C69_POWER4
Change Component Designator: OldDesignator=C69_POWER2 NewDesignator=C69_POWER3
Change Component Designator: OldDesignator=C69_POWER3 NewDesignator=C69_POWER2
Change Component Designator: OldDesignator=C69_POWER4 NewDesignator=C69_POWER1
Change Component Designator: OldDesignator=C70_POWER1 NewDesignator=C70_POWER4
Change Component Designator: OldDesignator=C70_POWER2 NewDesignator=C70_POWER3
Change Component Designator: OldDesignator=C70_POWER3 NewDesignator=C70_POWER2
Change Component Designator: OldDesignator=C70_POWER4 NewDesignator=C70_POWER1
Change Component Designator: OldDesignator=C71_POWER1 NewDesignator=C71_POWER4
Change Component Designator: OldDesignator=C71_POWER2 NewDesignator=C71_POWER3
Change Component Designator: OldDesignator=C71_POWER3 NewDesignator=C71_POWER2
Change Component Designator: OldDesignator=C71_POWER4 NewDesignator=C71_POWER1
Change Component Designator: OldDesignator=C72_POWER1 NewDesignator=C72_POWER4
Change Component Designator: OldDesignator=C72_POWER2 NewDesignator=C72_POWER3
Change Component Designator: OldDesignator=C72_POWER3 NewDesignator=C72_POWER2
Change Component Designator: OldDesignator=C72_POWER4 NewDesignator=C72_POWER1
Change Component Designator: OldDesignator=D1_IO1 NewDesignator=D1_IO4
Change Component Designator: OldDesignator=D1_IO2 NewDesignator=D1_IO3
Change Component Designator: OldDesignator=D1_IO3 NewDesignator=D1_IO2
Change Component Designator: OldDesignator=D1_IO4 NewDesignator=D1_IO1
Change Component Designator: OldDesignator=D2_IO1 NewDesignator=D2_IO4
Change Component Designator: OldDesignator=D2_IO2 NewDesignator=D2_IO3
Change Component Designator: OldDesignator=D2_IO3 NewDesignator=D2_IO2
Change Component Designator: OldDesignator=D2_IO4 NewDesignator=D2_IO1
Change Component Designator: OldDesignator=L1_POWER1 NewDesignator=L1_POWER4
Change Component Designator: OldDesignator=L1_POWER2 NewDesignator=L1_POWER3
Change Component Designator: OldDesignator=L1_POWER3 NewDesignator=L1_POWER2
Change Component Designator: OldDesignator=L1_POWER4 NewDesignator=L1_POWER1
Change Component Designator: OldDesignator=L2_POWER1 NewDesignator=L2_POWER4
Change Component Designator: OldDesignator=L2_POWER2 NewDesignator=L2_POWER3
Change Component Designator: OldDesignator=L2_POWER3 NewDesignator=L2_POWER2
Change Component Designator: OldDesignator=L2_POWER4 NewDesignator=L2_POWER1
Change Component Designator: OldDesignator=L3_POWER1 NewDesignator=L3_POWER4
Change Component Designator: OldDesignator=L3_POWER2 NewDesignator=L3_POWER3
Change Component Designator: OldDesignator=L3_POWER3 NewDesignator=L3_POWER2
Change Component Designator: OldDesignator=L3_POWER4 NewDesignator=L3_POWER1
Change Component Designator: OldDesignator=P1_IO1 NewDesignator=P1_IO4
Change Component Designator: OldDesignator=P1_IO2 NewDesignator=P1_IO3
Change Component Designator: OldDesignator=P1_IO3 NewDesignator=P1_IO2
Change Component Designator: OldDesignator=P1_IO4 NewDesignator=P1_IO1
Change Component Designator: OldDesignator=R1_IO1 NewDesignator=R1_IO4
Change Component Designator: OldDesignator=R1_IO2 NewDesignator=R1_IO3
Change Component Designator: OldDesignator=R1_IO3 NewDesignator=R1_IO2
Change Component Designator: OldDesignator=R1_IO4 NewDesignator=R1_IO1
Change Component Designator: OldDesignator=R2_IO1 NewDesignator=R2_IO4
Change Component Designator: OldDesignator=R2_IO2 NewDesignator=R2_IO3
Change Component Designator: OldDesignator=R2_IO3 NewDesignator=R2_IO2
Change Component Designator: OldDesignator=R2_IO4 NewDesignator=R2_IO1
Change Component Designator: OldDesignator=R3_IO1 NewDesignator=R3_IO4
Change Component Designator: OldDesignator=R3_IO2 NewDesignator=R3_IO3
Change Component Designator: OldDesignator=R3_IO3 NewDesignator=R3_IO2
Change Component Designator: OldDesignator=R3_IO4 NewDesignator=R3_IO1
Change Component Designator: OldDesignator=R4_IO1 NewDesignator=R4_IO4
Change Component Designator: OldDesignator=R4_IO2 NewDesignator=R4_IO3
Change Component Designator: OldDesignator=R4_IO3 NewDesignator=R4_IO2
Change Component Designator: OldDesignator=R4_IO4 NewDesignator=R4_IO1
Change Component Designator: OldDesignator=R5_IO1 NewDesignator=R5_IO4
Change Component Designator: OldDesignator=R5_IO2 NewDesignator=R5_IO3
Change Component Designator: OldDesignator=R5_IO3 NewDesignator=R5_IO2
Change Component Designator: OldDesignator=R5_IO4 NewDesignator=R5_IO1
Change Component Designator: OldDesignator=R6_IO1 NewDesignator=R6_IO4
Change Component Designator: OldDesignator=R6_IO2 NewDesignator=R6_IO3
Change Component Designator: OldDesignator=R6_IO3 NewDesignator=R6_IO2
Change Component Designator: OldDesignator=R6_IO4 NewDesignator=R6_IO1
Change Component Designator: OldDesignator=R7_IO1 NewDesignator=R7_IO4
Change Component Designator: OldDesignator=R7_IO2 NewDesignator=R7_IO3
Change Component Designator: OldDesignator=R7_IO3 NewDesignator=R7_IO2
Change Component Designator: OldDesignator=R7_IO4 NewDesignator=R7_IO1
Change Component Designator: OldDesignator=R8_IO1 NewDesignator=R8_IO4
Change Component Designator: OldDesignator=R8_IO2 NewDesignator=R8_IO3
Change Component Designator: OldDesignator=R8_IO3 NewDesignator=R8_IO2
Change Component Designator: OldDesignator=R8_IO4 NewDesignator=R8_IO1
Change Component Designator: OldDesignator=R13_IO1 NewDesignator=R13_IO4
Change Component Designator: OldDesignator=R13_IO2 NewDesignator=R13_IO3
Change Component Designator: OldDesignator=R13_IO3 NewDesignator=R13_IO2
Change Component Designator: OldDesignator=R13_IO4 NewDesignator=R13_IO1
Change Component Designator: OldDesignator=R14_IO1 NewDesignator=R14_IO4
Change Component Designator: OldDesignator=R14_IO2 NewDesignator=R14_IO3
Change Component Designator: OldDesignator=R14_IO3 NewDesignator=R14_IO2
Change Component Designator: OldDesignator=R14_IO4 NewDesignator=R14_IO1
Change Component Designator: OldDesignator=R20_IO1 NewDesignator=R20_IO4
Change Component Designator: OldDesignator=R20_IO2 NewDesignator=R20_IO3
Change Component Designator: OldDesignator=R20_IO3 NewDesignator=R20_IO2
Change Component Designator: OldDesignator=R20_IO4 NewDesignator=R20_IO1
Change Component Designator: OldDesignator=R21_IO1 NewDesignator=R21_IO4
Change Component Designator: OldDesignator=R21_IO2 NewDesignator=R21_IO3
Change Component Designator: OldDesignator=R21_IO3 NewDesignator=R21_IO2
Change Component Designator: OldDesignator=R21_IO4 NewDesignator=R21_IO1
Change Component Designator: OldDesignator=U1_IO1 NewDesignator=U1_IO4
Change Component Designator: OldDesignator=U1_IO2 NewDesignator=U1_IO3
Change Component Designator: OldDesignator=U1_IO3 NewDesignator=U1_IO2
Change Component Designator: OldDesignator=U1_IO4 NewDesignator=U1_IO1
Change Net Name : Old Net Name=BANK_EN0_IO1 New Net Name=BANK_EN0_IO4
Change Net Name : Old Net Name=BANK_EN0_IO2 New Net Name=BANK_EN0_IO3
Change Net Name : Old Net Name=BANK_EN0_IO3 New Net Name=BANK_EN0_IO2
Change Net Name : Old Net Name=BANK_EN1_IO1 New Net Name=BANK_EN1_IO4
Change Net Name : Old Net Name=BANK_EN1_IO2 New Net Name=BANK_EN1_IO3
Change Net Name : Old Net Name=BANK_EN1_IO3 New Net Name=BANK_EN1_IO2
Change Net Name : Old Net Name=BANK_EN2_IO1 New Net Name=BANK_EN2_IO4
Change Net Name : Old Net Name=BANK_EN2_IO2 New Net Name=BANK_EN2_IO3
Change Net Name : Old Net Name=BANK_EN2_IO3 New Net Name=BANK_EN2_IO2
Change Net Name : Old Net Name=BANK_EN2_IO4 New Net Name=BANK_EN2_IO1
Change Net Name : Old Net Name=CMD_TX_IO1 New Net Name=CMD_TX4
Change Net Name : Old Net Name=CMD_TX_IO2 New Net Name=CMD_TX3
Change Net Name : Old Net Name=CMD_TX_IO3 New Net Name=CMD_TX2
Change Net Name : Old Net Name=CMD_TX_IO4 New Net Name=CMD_TX1
Change Net Name : Old Net Name=ID0_IO1 New Net Name=IDD0
Change Net Name : Old Net Name=ID0_IO2 New Net Name=IDC0
Change Net Name : Old Net Name=ID0_IO3 New Net Name=IDB0
Change Net Name : Old Net Name=ID0_IO4 New Net Name=IDA0
Change Net Name : Old Net Name=ID1_IO1 New Net Name=IDD1
Change Net Name : Old Net Name=ID1_IO2 New Net Name=IDC1
Change Net Name : Old Net Name=ID1_IO3 New Net Name=IDB1
Change Net Name : Old Net Name=ID1_IO4 New Net Name=IDA1
Change Net Name : Old Net Name=LED0_IO1 New Net Name=LED0_IO4
Change Net Name : Old Net Name=LED0_IO2 New Net Name=LED0_IO3
Change Net Name : Old Net Name=LED0_IO3 New Net Name=LED0_IO2
Change Net Name : Old Net Name=LED0_IO4 New Net Name=LED0_IO1
Change Net Name : Old Net Name=LED1_IO1 New Net Name=LED1_IO4
Change Net Name : Old Net Name=LED1_IO2 New Net Name=LED1_IO3
Change Net Name : Old Net Name=LED1_IO3 New Net Name=LED1_IO2
Change Net Name : Old Net Name=LED1_IO4 New Net Name=LED1_IO1
Change Net Name : Old Net Name=NetD1_IO1_1 New Net Name=NetD1_IO4_1
Change Net Name : Old Net Name=NetD1_IO2_1 New Net Name=NetD1_IO3_1
Change Net Name : Old Net Name=NetD1_IO3_1 New Net Name=NetD1_IO2_1
Change Net Name : Old Net Name=NetD1_IO4_1 New Net Name=NetD1_IO1_1
Change Net Name : Old Net Name=NetD2_IO1_1 New Net Name=NetD2_IO4_1
Change Net Name : Old Net Name=NetD2_IO2_1 New Net Name=NetD2_IO3_1
Change Net Name : Old Net Name=NetD2_IO3_1 New Net Name=NetD2_IO2_1
Change Net Name : Old Net Name=NetD2_IO4_1 New Net Name=NetD2_IO1_1
Change Net Name : Old Net Name=NetP1_IO1_15 New Net Name=NetP1_IO4_15
Change Net Name : Old Net Name=NetP1_IO1_121 New Net Name=NetP1_IO4_121
Change Net Name : Old Net Name=NetP1_IO1_122 New Net Name=NetP1_IO4_122
Change Net Name : Old Net Name=NetP1_IO1_126 New Net Name=NetP1_IO4_126
Change Net Name : Old Net Name=NetP1_IO1_129 New Net Name=NetP1_IO4_129
Change Net Name : Old Net Name=NetP1_IO1_134 New Net Name=NetP1_IO4_134
Change Net Name : Old Net Name=NetP1_IO1_136 New Net Name=NetP1_IO4_136
Change Net Name : Old Net Name=NetP1_IO1_138 New Net Name=NetP1_IO4_138
Change Net Name : Old Net Name=NetP1_IO2_15 New Net Name=NetP1_IO3_15
Change Net Name : Old Net Name=NetP1_IO2_121 New Net Name=NetP1_IO3_121
Change Net Name : Old Net Name=NetP1_IO2_122 New Net Name=NetP1_IO3_122
Change Net Name : Old Net Name=NetP1_IO2_126 New Net Name=NetP1_IO3_126
Change Net Name : Old Net Name=NetP1_IO2_129 New Net Name=NetP1_IO3_129
Change Net Name : Old Net Name=NetP1_IO2_134 New Net Name=NetP1_IO3_134
Change Net Name : Old Net Name=NetP1_IO2_136 New Net Name=NetP1_IO3_136
Change Net Name : Old Net Name=NetP1_IO2_138 New Net Name=NetP1_IO3_138
Change Net Name : Old Net Name=NetP1_IO3_15 New Net Name=NetP1_IO2_15
Change Net Name : Old Net Name=NetP1_IO3_121 New Net Name=NetP1_IO2_121
Change Net Name : Old Net Name=NetP1_IO3_122 New Net Name=NetP1_IO2_122
Change Net Name : Old Net Name=NetP1_IO3_126 New Net Name=NetP1_IO2_126
Change Net Name : Old Net Name=NetP1_IO3_129 New Net Name=NetP1_IO2_129
Change Net Name : Old Net Name=NetP1_IO3_134 New Net Name=NetP1_IO2_134
Change Net Name : Old Net Name=NetP1_IO3_136 New Net Name=NetP1_IO2_136
Change Net Name : Old Net Name=NetP1_IO3_138 New Net Name=NetP1_IO2_138
Change Net Name : Old Net Name=NetP1_IO4_15 New Net Name=NetP1_IO1_15
Change Net Name : Old Net Name=NetP1_IO4_121 New Net Name=NetP1_IO1_121
Change Net Name : Old Net Name=NetP1_IO4_122 New Net Name=NetP1_IO1_122
Change Net Name : Old Net Name=NetP1_IO4_126 New Net Name=NetP1_IO1_126
Change Net Name : Old Net Name=NetP1_IO4_129 New Net Name=NetP1_IO1_129
Change Net Name : Old Net Name=NetP1_IO4_134 New Net Name=NetP1_IO1_134
Change Net Name : Old Net Name=NetP1_IO4_136 New Net Name=NetP1_IO1_136
Change Net Name : Old Net Name=NetP1_IO4_138 New Net Name=NetP1_IO1_138
Change Net Name : Old Net Name=SCL_IO1 New Net Name=SCL_IO4
Change Net Name : Old Net Name=SCL_IO2 New Net Name=SCL_IO3
Change Net Name : Old Net Name=SCL_IO3 New Net Name=SCL_IO2
Change Net Name : Old Net Name=SDA_IO1 New Net Name=SDA_IO4
Change Net Name : Old Net Name=SDA_IO2 New Net Name=SDA_IO3
Change Net Name : Old Net Name=SDA_IO3 New Net Name=SDA_IO2
Change Net Name : Old Net Name=TDI_IO1 New Net Name=TDI_IO4
Change Net Name : Old Net Name=TDI_IO2 New Net Name=TDI_IO3
Change Net Name : Old Net Name=TDI_IO3 New Net Name=TDI_IO2
Change Net Name : Old Net Name=X_25M_IO1 New Net Name=X_25M_IO4
Change Net Name : Old Net Name=X_25M_IO2 New Net Name=X_25M_IO3
Change Net Name : Old Net Name=X_25M_IO3 New Net Name=X_25M_IO2
Change Net Name : Old Net Name=X_25M_IO4 New Net Name=X_25M_IO1
Added Pin To Net: NetName=VIN1 Pin=P1_IO1-6
Added Net: Name=VIN1
Added Pin To Net: NetName=VIN2 Pin=P1_IO1-7
Added Net: Name=VIN2
Added Pin To Net: NetName=VIN3 Pin=P1_IO1-8
Added Net: Name=VIN3
Added Pin To Net: NetName=VIN4 Pin=P1_IO1-10
Added Net: Name=VIN4
Added Pin To Net: NetName=VIN5 Pin=P1_IO1-11
Added Net: Name=VIN5
Added Pin To Net: NetName=VIN6 Pin=P1_IO1-12
Added Net: Name=VIN6
Added Pin To Net: NetName=VIN7 Pin=P1_IO1-13
Added Net: Name=VIN7
Added Pin To Net: NetName=VIN8 Pin=P1_IO1-14
Added Net: Name=VIN8
Added Pin To Net: NetName=VIN9 Pin=P1_IO1-21
Added Net: Name=VIN9
Added Pin To Net: NetName=VIN10 Pin=P1_IO1-22
Added Net: Name=VIN10
Added Pin To Net: NetName=VIN11 Pin=P1_IO1-24
Added Net: Name=VIN11
Added Pin To Net: NetName=VIN12 Pin=P1_IO1-25
Added Net: Name=VIN12
Added Pin To Net: NetName=VIN13 Pin=P1_IO1-38
Added Net: Name=VIN13
Added Pin To Net: NetName=VIN14 Pin=P1_IO1-39
Added Net: Name=VIN14
Added Pin To Net: NetName=VIN15 Pin=P1_IO1-41
Added Net: Name=VIN15
Added Pin To Net: NetName=VIN16 Pin=P1_IO1-43
Added Net: Name=VIN16
Added Pin To Net: NetName=VIN17 Pin=P1_IO1-44
Added Net: Name=VIN17
Added Pin To Net: NetName=VIN18 Pin=P1_IO1-45
Added Net: Name=VIN18
Added Pin To Net: NetName=VIN19 Pin=P1_IO1-46
Added Net: Name=VIN19
Added Pin To Net: NetName=VIN20 Pin=P1_IO1-47
Added Net: Name=VIN20
Added Pin To Net: NetName=VIN21 Pin=P1_IO1-50
Added Net: Name=VIN21
Added Pin To Net: NetName=VIN22 Pin=P1_IO1-52
Added Net: Name=VIN22
Added Pin To Net: NetName=VIN23 Pin=P1_IO1-54
Added Net: Name=VIN23
Added Pin To Net: NetName=VIN24 Pin=P1_IO1-55
Added Net: Name=VIN24
Added Pin To Net: NetName=VIN25 Pin=P1_IO1-56
Added Net: Name=VIN25
Added Pin To Net: NetName=VIN26 Pin=P1_IO1-57
Added Net: Name=VIN26
Added Pin To Net: NetName=VIN27 Pin=P1_IO1-58
Added Net: Name=VIN27
Added Pin To Net: NetName=VIN28 Pin=P1_IO1-59
Added Net: Name=VIN28
Added Pin To Net: NetName=VIN29 Pin=P1_IO1-60
Added Net: Name=VIN29
Added Pin To Net: NetName=VIN30 Pin=P1_IO1-62
Added Net: Name=VIN30
Added Pin To Net: NetName=VIN31 Pin=P1_IO1-64
Added Net: Name=VIN31
Added Pin To Net: NetName=VIN32 Pin=P1_IO1-65
Added Net: Name=VIN32
Added Pin To Net: NetName=VIN33 Pin=P1_IO1-66
Added Net: Name=VIN33
Added Pin To Net: NetName=VIN34 Pin=P1_IO1-69
Added Net: Name=VIN34
Added Pin To Net: NetName=VIN35 Pin=P1_IO1-70
Added Net: Name=VIN35
Added Pin To Net: NetName=VIN36 Pin=P1_IO1-75
Added Net: Name=VIN36
Added Pin To Net: NetName=VIN37 Pin=P1_IO1-74
Added Net: Name=VIN37
Added Pin To Net: NetName=VIN38 Pin=P1_IO1-77
Added Net: Name=VIN38
Added Pin To Net: NetName=VIN39 Pin=P1_IO1-76
Added Net: Name=VIN39
Added Pin To Net: NetName=VIN40 Pin=P1_IO1-79
Added Net: Name=VIN40
Added Pin To Net: NetName=VIN41 Pin=P1_IO1-78
Added Net: Name=VIN41
Added Pin To Net: NetName=VIN42 Pin=P1_IO1-81
Added Net: Name=VIN42
Added Pin To Net: NetName=VIN43 Pin=P1_IO1-85
Added Net: Name=VIN43
Added Pin To Net: NetName=VIN44 Pin=P1_IO1-87
Added Net: Name=VIN44
Added Pin To Net: NetName=VIN45 Pin=P1_IO1-84
Added Net: Name=VIN45
Added Pin To Net: NetName=VIN46 Pin=P1_IO1-86
Added Net: Name=VIN46
Added Pin To Net: NetName=VIN47 Pin=P1_IO1-92
Added Net: Name=VIN47
Added Pin To Net: NetName=VIN48 Pin=P1_IO1-93
Added Net: Name=VIN48
Added Pin To Net: NetName=VIN49 Pin=P1_IO1-99
Added Net: Name=VIN49
Added Pin To Net: NetName=VIN50 Pin=P1_IO1-100
Added Net: Name=VIN50
Added Pin To Net: NetName=VIN51 Pin=P1_IO1-101
Added Net: Name=VIN51
Added Pin To Net: NetName=VIN52 Pin=P1_IO1-102
Added Net: Name=VIN52
Added Pin To Net: NetName=VIN53 Pin=P1_IO1-105
Added Net: Name=VIN53
Added Pin To Net: NetName=VIN54 Pin=P1_IO1-106
Added Net: Name=VIN54
Added Pin To Net: NetName=VIN55 Pin=P1_IO1-110
Added Net: Name=VIN55
Added Pin To Net: NetName=VIN56 Pin=P1_IO1-111
Added Net: Name=VIN56
Added Pin To Net: NetName=VIN57 Pin=P1_IO1-113
Added Net: Name=VIN57
Added Pin To Net: NetName=VIN58 Pin=P1_IO1-114
Added Net: Name=VIN58
Added Pin To Net: NetName=VIN59 Pin=P1_IO1-118
Added Net: Name=VIN59
Added Pin To Net: NetName=VIN60 Pin=P1_IO1-119
Added Net: Name=VIN60
Added Pin To Net: NetName=VIN61 Pin=P1_IO1-120
Added Net: Name=VIN61
Added Pin To Net: NetName=VIN62 Pin=P1_IO1-124
Added Net: Name=VIN62
Added Pin To Net: NetName=VIN63 Pin=P1_IO1-127
Added Net: Name=VIN63
Added Pin To Net: NetName=VIN64 Pin=P1_IO1-130
Added Net: Name=VIN64
Added Pin To Net: NetName=VIN65 Pin=P1_IO1-131
Added Net: Name=VIN65
Added Pin To Net: NetName=VIN66 Pin=P1_IO1-132
Added Net: Name=VIN66
Added Pin To Net: NetName=VIN67 Pin=P1_IO1-135
Added Net: Name=VIN67
Added Pin To Net: NetName=VIN68 Pin=P1_IO1-140
Added Net: Name=VIN68
Added Pin To Net: NetName=VIN69 Pin=P1_IO1-141
Added Net: Name=VIN69
Added Pin To Net: NetName=VIN70 Pin=P1_IO1-28
Added Net: Name=VIN70
Added Pin To Net: NetName=VIN71 Pin=P1_IO1-29
Added Net: Name=VIN71
Added Pin To Net: NetName=VIN72 Pin=P1_IO1-88
Added Net: Name=VIN72
Added Pin To Net: NetName=VIN73 Pin=P1_IO1-89
Added Net: Name=VIN73
Added Pin To Net: NetName=VIN74 Pin=P1_IO1-90
Added Net: Name=VIN74
Added Pin To Net: NetName=VIN75 Pin=P1_IO1-91
Added Net: Name=VIN75
Added Pin To Net: NetName=VIN76 Pin=P1_IO2-6
Added Net: Name=VIN76
Added Pin To Net: NetName=VIN77 Pin=P1_IO2-7
Added Net: Name=VIN77
Added Pin To Net: NetName=VIN78 Pin=P1_IO2-8
Added Net: Name=VIN78
Added Pin To Net: NetName=VIN79 Pin=P1_IO2-10
Added Net: Name=VIN79
Added Pin To Net: NetName=VIN80 Pin=P1_IO2-11
Added Net: Name=VIN80
Added Pin To Net: NetName=VIN81 Pin=P1_IO2-12
Added Net: Name=VIN81
Added Pin To Net: NetName=VIN82 Pin=P1_IO2-13
Added Net: Name=VIN82
Added Pin To Net: NetName=VIN83 Pin=P1_IO2-14
Added Net: Name=VIN83
Added Pin To Net: NetName=VIN84 Pin=P1_IO2-21
Added Net: Name=VIN84
Added Pin To Net: NetName=VIN85 Pin=P1_IO2-22
Added Net: Name=VIN85
Added Pin To Net: NetName=VIN86 Pin=P1_IO2-24
Added Net: Name=VIN86
Added Pin To Net: NetName=VIN87 Pin=P1_IO2-25
Added Net: Name=VIN87
Added Pin To Net: NetName=VIN88 Pin=P1_IO2-38
Added Net: Name=VIN88
Added Pin To Net: NetName=VIN89 Pin=P1_IO2-39
Added Net: Name=VIN89
Added Pin To Net: NetName=VIN90 Pin=P1_IO2-41
Added Net: Name=VIN90
Added Pin To Net: NetName=VIN91 Pin=P1_IO2-43
Added Net: Name=VIN91
Added Pin To Net: NetName=VIN92 Pin=P1_IO2-44
Added Net: Name=VIN92
Added Pin To Net: NetName=VIN93 Pin=P1_IO2-45
Added Net: Name=VIN93
Added Pin To Net: NetName=VIN94 Pin=P1_IO2-46
Added Net: Name=VIN94
Added Pin To Net: NetName=VIN95 Pin=P1_IO2-47
Added Net: Name=VIN95
Added Pin To Net: NetName=VIN96 Pin=P1_IO2-50
Added Net: Name=VIN96
Added Pin To Net: NetName=VIN97 Pin=P1_IO2-52
Added Net: Name=VIN97
Added Pin To Net: NetName=VIN98 Pin=P1_IO2-54
Added Net: Name=VIN98
Added Pin To Net: NetName=VIN99 Pin=P1_IO2-55
Added Net: Name=VIN99
Added Pin To Net: NetName=VIN100 Pin=P1_IO2-56
Added Net: Name=VIN100
Added Pin To Net: NetName=VIN101 Pin=P1_IO2-57
Added Net: Name=VIN101
Added Pin To Net: NetName=VIN102 Pin=P1_IO2-58
Added Net: Name=VIN102
Added Pin To Net: NetName=VIN103 Pin=P1_IO2-59
Added Net: Name=VIN103
Added Pin To Net: NetName=VIN104 Pin=P1_IO2-60
Added Net: Name=VIN104
Added Pin To Net: NetName=VIN105 Pin=P1_IO2-62
Added Net: Name=VIN105
Added Pin To Net: NetName=VIN106 Pin=P1_IO2-64
Added Net: Name=VIN106
Added Pin To Net: NetName=VIN107 Pin=P1_IO2-65
Added Net: Name=VIN107
Added Pin To Net: NetName=VIN108 Pin=P1_IO2-66
Added Net: Name=VIN108
Added Pin To Net: NetName=VIN109 Pin=P1_IO2-69
Added Net: Name=VIN109
Added Pin To Net: NetName=VIN110 Pin=P1_IO2-70
Added Net: Name=VIN110
Added Pin To Net: NetName=VIN111 Pin=P1_IO2-75
Added Net: Name=VIN111
Added Pin To Net: NetName=VIN112 Pin=P1_IO2-74
Added Net: Name=VIN112
Added Pin To Net: NetName=VIN113 Pin=P1_IO2-77
Added Net: Name=VIN113
Added Pin To Net: NetName=VIN114 Pin=P1_IO2-76
Added Net: Name=VIN114
Added Pin To Net: NetName=VIN115 Pin=P1_IO2-79
Added Net: Name=VIN115
Added Pin To Net: NetName=VIN116 Pin=P1_IO2-78
Added Net: Name=VIN116
Added Pin To Net: NetName=VIN117 Pin=P1_IO2-81
Added Net: Name=VIN117
Added Pin To Net: NetName=VIN118 Pin=P1_IO2-85
Added Net: Name=VIN118
Added Pin To Net: NetName=VIN119 Pin=P1_IO2-87
Added Net: Name=VIN119
Added Pin To Net: NetName=VIN120 Pin=P1_IO2-84
Added Net: Name=VIN120
Added Pin To Net: NetName=VIN121 Pin=P1_IO2-86
Added Net: Name=VIN121
Added Pin To Net: NetName=VIN122 Pin=P1_IO2-92
Added Net: Name=VIN122
Added Pin To Net: NetName=VIN123 Pin=P1_IO2-93
Added Net: Name=VIN123
Added Pin To Net: NetName=VIN124 Pin=P1_IO2-99
Added Net: Name=VIN124
Added Pin To Net: NetName=VIN125 Pin=P1_IO2-100
Added Net: Name=VIN125
Added Pin To Net: NetName=VIN126 Pin=P1_IO2-101
Added Net: Name=VIN126
Added Pin To Net: NetName=VIN127 Pin=P1_IO2-102
Added Net: Name=VIN127
Added Pin To Net: NetName=VIN128 Pin=P1_IO2-105
Added Net: Name=VIN128
Added Pin To Net: NetName=VIN129 Pin=P1_IO2-106
Added Net: Name=VIN129
Added Pin To Net: NetName=VIN130 Pin=P1_IO2-110
Added Net: Name=VIN130
Added Pin To Net: NetName=VIN131 Pin=P1_IO2-111
Added Net: Name=VIN131
Added Pin To Net: NetName=VIN132 Pin=P1_IO2-113
Added Net: Name=VIN132
Added Pin To Net: NetName=VIN133 Pin=P1_IO2-114
Added Net: Name=VIN133
Added Pin To Net: NetName=VIN134 Pin=P1_IO2-118
Added Net: Name=VIN134
Added Pin To Net: NetName=VIN135 Pin=P1_IO2-119
Added Net: Name=VIN135
Added Pin To Net: NetName=VIN136 Pin=P1_IO2-120
Added Net: Name=VIN136
Added Pin To Net: NetName=VIN137 Pin=P1_IO2-124
Added Net: Name=VIN137
Added Pin To Net: NetName=VIN138 Pin=P1_IO2-127
Added Net: Name=VIN138
Added Pin To Net: NetName=VIN139 Pin=P1_IO2-130
Added Net: Name=VIN139
Added Pin To Net: NetName=VIN140 Pin=P1_IO2-131
Added Net: Name=VIN140
Added Pin To Net: NetName=VIN141 Pin=P1_IO2-132
Added Net: Name=VIN141
Added Pin To Net: NetName=VIN142 Pin=P1_IO2-135
Added Net: Name=VIN142
Added Pin To Net: NetName=VIN143 Pin=P1_IO2-140
Added Net: Name=VIN143
Added Pin To Net: NetName=VIN144 Pin=P1_IO2-141
Added Net: Name=VIN144
Added Pin To Net: NetName=VIN145 Pin=P1_IO2-28
Added Net: Name=VIN145
Added Pin To Net: NetName=VIN146 Pin=P1_IO2-29
Added Net: Name=VIN146
Added Pin To Net: NetName=VIN147 Pin=P1_IO2-88
Added Net: Name=VIN147
Added Pin To Net: NetName=VIN148 Pin=P1_IO2-89
Added Net: Name=VIN148
Added Pin To Net: NetName=VIN149 Pin=P1_IO2-90
Added Net: Name=VIN149
Added Pin To Net: NetName=VIN150 Pin=P1_IO2-91
Added Net: Name=VIN150
Added Pin To Net: NetName=VIN151 Pin=P1_IO3-6
Added Net: Name=VIN151
Added Pin To Net: NetName=VIN152 Pin=P1_IO3-7
Added Net: Name=VIN152
Added Pin To Net: NetName=VIN153 Pin=P1_IO3-8
Added Net: Name=VIN153
Added Pin To Net: NetName=VIN154 Pin=P1_IO3-10
Added Net: Name=VIN154
Added Pin To Net: NetName=VIN155 Pin=P1_IO3-11
Added Net: Name=VIN155
Added Pin To Net: NetName=VIN156 Pin=P1_IO3-12
Added Net: Name=VIN156
Added Pin To Net: NetName=VIN157 Pin=P1_IO3-13
Added Net: Name=VIN157
Added Pin To Net: NetName=VIN158 Pin=P1_IO3-14
Added Net: Name=VIN158
Added Pin To Net: NetName=VIN159 Pin=P1_IO3-21
Added Net: Name=VIN159
Added Pin To Net: NetName=VIN160 Pin=P1_IO3-22
Added Net: Name=VIN160
Added Pin To Net: NetName=VIN161 Pin=P1_IO3-24
Added Net: Name=VIN161
Added Pin To Net: NetName=VIN162 Pin=P1_IO3-25
Added Net: Name=VIN162
Added Pin To Net: NetName=VIN163 Pin=P1_IO3-38
Added Net: Name=VIN163
Added Pin To Net: NetName=VIN164 Pin=P1_IO3-39
Added Net: Name=VIN164
Added Pin To Net: NetName=VIN165 Pin=P1_IO3-41
Added Net: Name=VIN165
Added Pin To Net: NetName=VIN166 Pin=P1_IO3-43
Added Net: Name=VIN166
Added Pin To Net: NetName=VIN167 Pin=P1_IO3-44
Added Net: Name=VIN167
Added Pin To Net: NetName=VIN168 Pin=P1_IO3-45
Added Net: Name=VIN168
Added Pin To Net: NetName=VIN169 Pin=P1_IO3-46
Added Net: Name=VIN169
Added Pin To Net: NetName=VIN170 Pin=P1_IO3-47
Added Net: Name=VIN170
Added Pin To Net: NetName=VIN171 Pin=P1_IO3-50
Added Net: Name=VIN171
Added Pin To Net: NetName=VIN172 Pin=P1_IO3-52
Added Net: Name=VIN172
Added Pin To Net: NetName=VIN173 Pin=P1_IO3-54
Added Net: Name=VIN173
Added Pin To Net: NetName=VIN174 Pin=P1_IO3-55
Added Net: Name=VIN174
Added Pin To Net: NetName=VIN175 Pin=P1_IO3-56
Added Net: Name=VIN175
Added Pin To Net: NetName=VIN176 Pin=P1_IO3-57
Added Net: Name=VIN176
Added Pin To Net: NetName=VIN177 Pin=P1_IO3-58
Added Net: Name=VIN177
Added Pin To Net: NetName=VIN178 Pin=P1_IO3-59
Added Net: Name=VIN178
Added Pin To Net: NetName=VIN179 Pin=P1_IO3-60
Added Net: Name=VIN179
Added Pin To Net: NetName=VIN180 Pin=P1_IO3-62
Added Net: Name=VIN180
Added Pin To Net: NetName=VIN181 Pin=P1_IO3-64
Added Net: Name=VIN181
Added Pin To Net: NetName=VIN182 Pin=P1_IO3-65
Added Net: Name=VIN182
Added Pin To Net: NetName=VIN183 Pin=P1_IO3-66
Added Net: Name=VIN183
Added Pin To Net: NetName=VIN184 Pin=P1_IO3-69
Added Net: Name=VIN184
Added Pin To Net: NetName=VIN185 Pin=P1_IO3-70
Added Net: Name=VIN185
Added Pin To Net: NetName=VIN186 Pin=P1_IO3-75
Added Net: Name=VIN186
Added Pin To Net: NetName=VIN187 Pin=P1_IO3-74
Added Net: Name=VIN187
Added Pin To Net: NetName=VIN188 Pin=P1_IO3-77
Added Net: Name=VIN188
Added Pin To Net: NetName=VIN189 Pin=P1_IO3-76
Added Net: Name=VIN189
Added Pin To Net: NetName=VIN190 Pin=P1_IO3-79
Added Net: Name=VIN190
Added Pin To Net: NetName=VIN191 Pin=P1_IO3-78
Added Net: Name=VIN191
Added Pin To Net: NetName=VIN192 Pin=P1_IO3-81
Added Net: Name=VIN192
Added Pin To Net: NetName=VIN193 Pin=P1_IO3-85
Added Net: Name=VIN193
Added Pin To Net: NetName=VIN194 Pin=P1_IO3-87
Added Net: Name=VIN194
Added Pin To Net: NetName=VIN195 Pin=P1_IO3-84
Added Net: Name=VIN195
Added Pin To Net: NetName=VIN196 Pin=P1_IO3-86
Added Net: Name=VIN196
Added Pin To Net: NetName=VIN197 Pin=P1_IO3-92
Added Net: Name=VIN197
Added Pin To Net: NetName=VIN198 Pin=P1_IO3-93
Added Net: Name=VIN198
Added Pin To Net: NetName=VIN199 Pin=P1_IO3-99
Added Net: Name=VIN199
Added Pin To Net: NetName=VIN200 Pin=P1_IO3-100
Added Net: Name=VIN200
Added Pin To Net: NetName=VIN201 Pin=P1_IO3-101
Added Net: Name=VIN201
Added Pin To Net: NetName=VIN202 Pin=P1_IO3-102
Added Net: Name=VIN202
Added Pin To Net: NetName=VIN203 Pin=P1_IO3-105
Added Net: Name=VIN203
Added Pin To Net: NetName=VIN204 Pin=P1_IO3-106
Added Net: Name=VIN204
Added Pin To Net: NetName=VIN205 Pin=P1_IO3-110
Added Net: Name=VIN205
Added Pin To Net: NetName=VIN206 Pin=P1_IO3-111
Added Net: Name=VIN206
Added Pin To Net: NetName=VIN207 Pin=P1_IO3-113
Added Net: Name=VIN207
Added Pin To Net: NetName=VIN208 Pin=P1_IO3-114
Added Net: Name=VIN208
Added Pin To Net: NetName=VIN209 Pin=P1_IO3-118
Added Net: Name=VIN209
Added Pin To Net: NetName=VIN210 Pin=P1_IO3-119
Added Net: Name=VIN210
Added Pin To Net: NetName=VIN211 Pin=P1_IO3-120
Added Net: Name=VIN211
Added Pin To Net: NetName=VIN212 Pin=P1_IO3-124
Added Net: Name=VIN212
Added Pin To Net: NetName=VIN213 Pin=P1_IO3-127
Added Net: Name=VIN213
Added Pin To Net: NetName=VIN214 Pin=P1_IO3-130
Added Net: Name=VIN214
Added Pin To Net: NetName=VIN215 Pin=P1_IO3-131
Added Net: Name=VIN215
Added Pin To Net: NetName=VIN216 Pin=P1_IO3-132
Added Net: Name=VIN216
Added Pin To Net: NetName=VIN217 Pin=P1_IO3-135
Added Net: Name=VIN217
Added Pin To Net: NetName=VIN218 Pin=P1_IO3-140
Added Net: Name=VIN218
Added Pin To Net: NetName=VIN219 Pin=P1_IO3-141
Added Net: Name=VIN219
Added Pin To Net: NetName=VIN220 Pin=P1_IO3-28
Added Net: Name=VIN220
Added Pin To Net: NetName=VIN221 Pin=P1_IO3-29
Added Net: Name=VIN221
Added Pin To Net: NetName=VIN222 Pin=P1_IO3-88
Added Net: Name=VIN222
Added Pin To Net: NetName=VIN223 Pin=P1_IO3-89
Added Net: Name=VIN223
Added Pin To Net: NetName=VIN224 Pin=P1_IO3-90
Added Net: Name=VIN224
Added Pin To Net: NetName=VIN225 Pin=P1_IO3-91
Added Net: Name=VIN225
Added Pin To Net: NetName=VIN226 Pin=P1_IO4-6
Added Net: Name=VIN226
Added Pin To Net: NetName=VIN227 Pin=P1_IO4-7
Added Net: Name=VIN227
Added Pin To Net: NetName=VIN228 Pin=P1_IO4-8
Added Net: Name=VIN228
Added Pin To Net: NetName=VIN229 Pin=P1_IO4-10
Added Net: Name=VIN229
Added Pin To Net: NetName=VIN230 Pin=P1_IO4-11
Added Net: Name=VIN230
Added Pin To Net: NetName=VIN231 Pin=P1_IO4-12
Added Net: Name=VIN231
Added Pin To Net: NetName=VIN232 Pin=P1_IO4-13
Added Net: Name=VIN232
Added Pin To Net: NetName=VIN233 Pin=P1_IO4-14
Added Net: Name=VIN233
Added Pin To Net: NetName=VIN234 Pin=P1_IO4-21
Added Net: Name=VIN234
Added Pin To Net: NetName=VIN235 Pin=P1_IO4-22
Added Net: Name=VIN235
Added Pin To Net: NetName=VIN236 Pin=P1_IO4-24
Added Net: Name=VIN236
Added Pin To Net: NetName=VIN237 Pin=P1_IO4-25
Added Net: Name=VIN237
Added Pin To Net: NetName=VIN238 Pin=P1_IO4-38
Added Net: Name=VIN238
Added Pin To Net: NetName=VIN239 Pin=P1_IO4-39
Added Net: Name=VIN239
Added Pin To Net: NetName=VIN240 Pin=P1_IO4-41
Added Net: Name=VIN240
Added Pin To Net: NetName=VIN241 Pin=P1_IO4-43
Added Net: Name=VIN241
Added Pin To Net: NetName=VIN242 Pin=P1_IO4-44
Added Net: Name=VIN242
Added Pin To Net: NetName=VIN243 Pin=P1_IO4-45
Added Net: Name=VIN243
Added Pin To Net: NetName=VIN244 Pin=P1_IO4-46
Added Net: Name=VIN244
Added Pin To Net: NetName=VIN245 Pin=P1_IO4-47
Added Net: Name=VIN245
Added Pin To Net: NetName=VIN246 Pin=P1_IO4-50
Added Net: Name=VIN246
Added Pin To Net: NetName=VIN247 Pin=P1_IO4-52
Added Net: Name=VIN247
Added Pin To Net: NetName=VIN248 Pin=P1_IO4-54
Added Net: Name=VIN248
Added Pin To Net: NetName=VIN249 Pin=P1_IO4-55
Added Net: Name=VIN249
Added Pin To Net: NetName=VIN250 Pin=P1_IO4-56
Added Net: Name=VIN250
Added Pin To Net: NetName=VIN251 Pin=P1_IO4-57
Added Net: Name=VIN251
Added Pin To Net: NetName=VIN252 Pin=P1_IO4-58
Added Net: Name=VIN252
Added Pin To Net: NetName=VIN253 Pin=P1_IO4-59
Added Net: Name=VIN253
Added Pin To Net: NetName=VIN254 Pin=P1_IO4-60
Added Net: Name=VIN254
Added Pin To Net: NetName=VIN255 Pin=P1_IO4-62
Added Net: Name=VIN255
Added Pin To Net: NetName=VIN256 Pin=P1_IO4-64
Added Net: Name=VIN256
Added Pin To Net: NetName=VIN257 Pin=P1_IO4-65
Added Net: Name=VIN257
Added Pin To Net: NetName=VIN258 Pin=P1_IO4-66
Added Net: Name=VIN258
Added Pin To Net: NetName=VIN259 Pin=P1_IO4-69
Added Net: Name=VIN259
Added Pin To Net: NetName=VIN260 Pin=P1_IO4-70
Added Net: Name=VIN260
Added Pin To Net: NetName=VIN261 Pin=P1_IO4-75
Added Net: Name=VIN261
Added Pin To Net: NetName=VIN262 Pin=P1_IO4-74
Added Net: Name=VIN262
Added Pin To Net: NetName=VIN263 Pin=P1_IO4-77
Added Net: Name=VIN263
Added Pin To Net: NetName=VIN264 Pin=P1_IO4-76
Added Net: Name=VIN264
Added Pin To Net: NetName=VIN265 Pin=P1_IO4-79
Added Net: Name=VIN265
Added Pin To Net: NetName=VIN266 Pin=P1_IO4-78
Added Net: Name=VIN266
Added Pin To Net: NetName=VIN267 Pin=P1_IO4-81
Added Net: Name=VIN267
Added Pin To Net: NetName=VIN268 Pin=P1_IO4-85
Added Net: Name=VIN268
Added Pin To Net: NetName=VIN269 Pin=P1_IO4-87
Added Net: Name=VIN269
Added Pin To Net: NetName=VIN270 Pin=P1_IO4-84
Added Net: Name=VIN270
Added Pin To Net: NetName=VIN271 Pin=P1_IO4-86
Added Net: Name=VIN271
Added Pin To Net: NetName=VIN272 Pin=P1_IO4-92
Added Net: Name=VIN272
Added Pin To Net: NetName=VIN273 Pin=P1_IO4-93
Added Net: Name=VIN273
Added Pin To Net: NetName=VIN274 Pin=P1_IO4-99
Added Net: Name=VIN274
Added Pin To Net: NetName=VIN275 Pin=P1_IO4-100
Added Net: Name=VIN275
Added Pin To Net: NetName=VIN276 Pin=P1_IO4-101
Added Net: Name=VIN276
Added Pin To Net: NetName=VIN277 Pin=P1_IO4-102
Added Net: Name=VIN277
Added Pin To Net: NetName=VIN278 Pin=P1_IO4-105
Added Net: Name=VIN278
Added Pin To Net: NetName=VIN279 Pin=P1_IO4-106
Added Net: Name=VIN279
Added Pin To Net: NetName=VIN280 Pin=P1_IO4-110
Added Net: Name=VIN280
Added Pin To Net: NetName=VIN281 Pin=P1_IO4-111
Added Net: Name=VIN281
Added Pin To Net: NetName=VIN282 Pin=P1_IO4-113
Added Net: Name=VIN282
Added Pin To Net: NetName=VIN283 Pin=P1_IO4-114
Added Net: Name=VIN283
Added Pin To Net: NetName=VIN284 Pin=P1_IO4-118
Added Net: Name=VIN284
Added Pin To Net: NetName=VIN285 Pin=P1_IO4-119
Added Net: Name=VIN285
Added Pin To Net: NetName=VIN286 Pin=P1_IO4-120
Added Net: Name=VIN286
Added Pin To Net: NetName=VIN287 Pin=P1_IO4-124
Added Net: Name=VIN287
Added Pin To Net: NetName=VIN288 Pin=P1_IO4-127
Added Net: Name=VIN288
Added Pin To Net: NetName=VIN289 Pin=P1_IO4-130
Added Net: Name=VIN289
Added Pin To Net: NetName=VIN290 Pin=P1_IO4-131
Added Net: Name=VIN290
Added Pin To Net: NetName=VIN291 Pin=P1_IO4-132
Added Net: Name=VIN291
Added Pin To Net: NetName=VIN292 Pin=P1_IO4-135
Added Net: Name=VIN292
Added Pin To Net: NetName=VIN293 Pin=P1_IO4-140
Added Net: Name=VIN293
Added Pin To Net: NetName=VIN294 Pin=P1_IO4-141
Added Net: Name=VIN294
Added Pin To Net: NetName=VIN295 Pin=P1_IO4-28
Added Net: Name=VIN295
Added Pin To Net: NetName=VIN296 Pin=P1_IO4-29
Added Net: Name=VIN296
Added Pin To Net: NetName=VIN297 Pin=P1_IO4-88
Added Net: Name=VIN297
Added Pin To Net: NetName=VIN298 Pin=P1_IO4-89
Added Net: Name=VIN298
Added Pin To Net: NetName=VIN299 Pin=P1_IO4-90
Added Net: Name=VIN299
Added Pin To Net: NetName=VIN300 Pin=P1_IO4-91
Added Net: Name=VIN300
Added Class: Name=VIN[300..1]
