Removed Pin From Net: NetName=VCC_3V3 Pin=C25-1
Removed Pin From Net: NetName=VCC_3V3 Pin=C26-2
Removed Pin From Net: NetName=VCC_3V3 Pin=C27-2
Removed Pin From Net: NetName=VCC_3V3 Pin=L4-2
Removed Pin From Net: NetName=VCC_3V3 Pin=R18-2
Removed Member From Class: ClassName=U_VoltageHeaders Member=P5
Removed Member From Class: ClassName=U_VoltageHeaders Member=P6
Removed Member From Class: ClassName=U_VoltageHeaders Member=P7
Removed Member From Class: ClassName=U_VoltageHeaders Member=P8
Removed Member From Class: ClassName=U_VoltageHeaders Member=P9
Removed Member From Class: ClassName=U_VoltageHeaders Member=P10
Change Component Comment : Designator=L4 Old Comment=1.5uH New Comment=2.2uH
Change Component Comment : Designator=R19 Old Comment=13K New Comment=7.68K
Change Component Comment : Designator=R17 Old Comment=20K New Comment=10K
Change Component Designator: OldDesignator=P2 NewDesignator=P_E_1
Change Component Designator: OldDesignator=P4 NewDesignator=P_O_1
Change component parameters: Designator = "L4"; UniqueID = "\XPPYRIPU\VSIWWECW"
Change component parameters. Clean all parameters for all variants
Change component parameters (AddParameter): Name = "Mfr"; Value = "Vishay / Dale"; VariantName = "[No Variations]"
Change component parameters (AddParameter): Name = "Mfr Part No"; Value = "IHLP1616BZER2R2M5A"; VariantName = "[No Variations]"
Change component parameters (AddParameter): Name = "Package"; Value = ""; VariantName = "[No Variations]"
Change component parameters (AddParameter): Name = "Price"; Value = "1.36"; VariantName = "[No Variations]"
Change component parameters (AddParameter): Name = "Stockiest"; Value = "MOUSER"; VariantName = "[No Variations]"
Change component parameters (AddParameter): Name = "Stockiest Part No"; Value = "70-IHLP1616BZR2R2M5A"; VariantName = "[No Variations]"
Change component parameters (AddParameter): Name = "Value"; Value = "2.2uH"; VariantName = "[No Variations]"
Change component parameters: Designator = "R17"; UniqueID = "\XPPYRIPU\UMWJSRPP"
Change component parameters. Clean all parameters for all variants
Change component parameters (AddParameter): Name = "Mfr"; Value = "ROHM Semiconductor"; VariantName = "[No Variations]"
Change component parameters (AddParameter): Name = "Mfr Part No"; Value = "SFR03EZPF1002"; VariantName = "[No Variations]"
Change component parameters (AddParameter): Name = "Package"; Value = "0603"; VariantName = "[No Variations]"
Change component parameters (AddParameter): Name = "Price"; Value = "0.101"; VariantName = "[No Variations]"
Change component parameters (AddParameter): Name = "Stockiest"; Value = "MOUSER"; VariantName = "[No Variations]"
Change component parameters (AddParameter): Name = "Stockiest Part No"; Value = "755-SFR03EZPF1002"; VariantName = "[No Variations]"
Change component parameters (AddParameter): Name = "Value"; Value = "10K"; VariantName = "[No Variations]"
Change component parameters: Designator = "R19"; UniqueID = "\XPPYRIPU\XPTDFQUV"
Change component parameters. Clean all parameters for all variants
Change component parameters (AddParameter): Name = "Mfr"; Value = "Panasonic"; VariantName = "[No Variations]"
Change component parameters (AddParameter): Name = "Mfr Part No"; Value = "ERJ-PB3B7681V"; VariantName = "[No Variations]"
Change component parameters (AddParameter): Name = "Package"; Value = "0603"; VariantName = "[No Variations]"
Change component parameters (AddParameter): Name = "Price"; Value = "0.252"; VariantName = "[No Variations]"
Change component parameters (AddParameter): Name = "Stockiest"; Value = "MOUSER"; VariantName = "[No Variations]"
Change component parameters (AddParameter): Name = "Stockiest Part No"; Value = "667-ERJ-PB3B7681V"; VariantName = "[No Variations]"
Change component parameters (AddParameter): Name = "Value"; Value = "7.68K"; VariantName = "[No Variations]"
Added Component: Designator=C8(1210C)
Add component. Clean all parameters for all variants
Add component (AddParameter): Name = "Mfr"; Value = "Taiyo Yuden"; VariantName = "[No Variations]"
Add component (AddParameter): Name = "Mfr Part No"; Value = "TMK325B7226MMHP"; VariantName = "[No Variations]"
Add component (AddParameter): Name = "Package"; Value = "1210"; VariantName = "[No Variations]"
Add component (AddParameter): Name = "Price"; Value = "0.807"; VariantName = "[No Variations]"
Add component (AddParameter): Name = "Stockiest"; Value = "MOUSER"; VariantName = "[No Variations]"
Add component (AddParameter): Name = "Stockiest Part No"; Value = "963-TMK325B7226MMHP"; VariantName = "[No Variations]"
Add component (AddParameter): Name = "Value"; Value = "22uF/25V"; VariantName = "[No Variations]"
Added Component: Designator=C14(1210C)
Add component. Clean all parameters for all variants
Add component (AddParameter): Name = "Mfr"; Value = "Taiyo Yuden"; VariantName = "[No Variations]"
Add component (AddParameter): Name = "Mfr Part No"; Value = "TMK325B7226MMHP"; VariantName = "[No Variations]"
Add component (AddParameter): Name = "Package"; Value = "1210"; VariantName = "[No Variations]"
Add component (AddParameter): Name = "Price"; Value = "0.807"; VariantName = "[No Variations]"
Add component (AddParameter): Name = "Stockiest"; Value = "MOUSER"; VariantName = "[No Variations]"
Add component (AddParameter): Name = "Stockiest Part No"; Value = "963-TMK325B7226MMHP"; VariantName = "[No Variations]"
Add component (AddParameter): Name = "Value"; Value = "22uF/25V"; VariantName = "[No Variations]"
Added Component: Designator=P_E_2(HDR2X20)
Add component. Clean all parameters for all variants
Add component (AddParameter): Name = "Mfr"; Value = "TE Connectivity / AMP"; VariantName = "[No Variations]"
Add component (AddParameter): Name = "Mfr Part No"; Value = "2-826942-0"; VariantName = "[No Variations]"
Add component (AddParameter): Name = "Package"; Value = "DIN"; VariantName = "[No Variations]"
Add component (AddParameter): Name = "Price"; Value = "2.5"; VariantName = "[No Variations]"
Add component (AddParameter): Name = "Stockiest"; Value = "MOUSER"; VariantName = "[No Variations]"
Add component (AddParameter): Name = "Stockiest Part No"; Value = "571-2-826942-0"; VariantName = "[No Variations]"
Add component (AddParameter): Name = "Value"; Value = "40"; VariantName = "[No Variations]"
Added Component: Designator=P_E_3(HDR2X20)
Add component. Clean all parameters for all variants
Add component (AddParameter): Name = "Mfr"; Value = "TE Connectivity / AMP"; VariantName = "[No Variations]"
Add component (AddParameter): Name = "Mfr Part No"; Value = "2-826942-0"; VariantName = "[No Variations]"
Add component (AddParameter): Name = "Package"; Value = "DIN"; VariantName = "[No Variations]"
Add component (AddParameter): Name = "Price"; Value = "2.5"; VariantName = "[No Variations]"
Add component (AddParameter): Name = "Stockiest"; Value = "MOUSER"; VariantName = "[No Variations]"
Add component (AddParameter): Name = "Stockiest Part No"; Value = "571-2-826942-0"; VariantName = "[No Variations]"
Add component (AddParameter): Name = "Value"; Value = "40"; VariantName = "[No Variations]"
Added Component: Designator=P_E_4(HDR2X20)
Add component. Clean all parameters for all variants
Add component (AddParameter): Name = "Mfr"; Value = "TE Connectivity / AMP"; VariantName = "[No Variations]"
Add component (AddParameter): Name = "Mfr Part No"; Value = "2-826942-0"; VariantName = "[No Variations]"
Add component (AddParameter): Name = "Package"; Value = "DIN"; VariantName = "[No Variations]"
Add component (AddParameter): Name = "Price"; Value = "2.5"; VariantName = "[No Variations]"
Add component (AddParameter): Name = "Stockiest"; Value = "MOUSER"; VariantName = "[No Variations]"
Add component (AddParameter): Name = "Stockiest Part No"; Value = "571-2-826942-0"; VariantName = "[No Variations]"
Add component (AddParameter): Name = "Value"; Value = "40"; VariantName = "[No Variations]"
Added Component: Designator=P_O_2(HDR2X20)
Add component. Clean all parameters for all variants
Add component (AddParameter): Name = "Mfr"; Value = "TE Connectivity / AMP"; VariantName = "[No Variations]"
Add component (AddParameter): Name = "Mfr Part No"; Value = "2-826942-0"; VariantName = "[No Variations]"
Add component (AddParameter): Name = "Package"; Value = "DIN"; VariantName = "[No Variations]"
Add component (AddParameter): Name = "Price"; Value = "2.5"; VariantName = "[No Variations]"
Add component (AddParameter): Name = "Stockiest"; Value = "MOUSER"; VariantName = "[No Variations]"
Add component (AddParameter): Name = "Stockiest Part No"; Value = "571-2-826942-0"; VariantName = "[No Variations]"
Add component (AddParameter): Name = "Value"; Value = "40"; VariantName = "[No Variations]"
Added Component: Designator=P_O_3(HDR2X20)
Add component. Clean all parameters for all variants
Add component (AddParameter): Name = "Mfr"; Value = "TE Connectivity / AMP"; VariantName = "[No Variations]"
Add component (AddParameter): Name = "Mfr Part No"; Value = "2-826942-0"; VariantName = "[No Variations]"
Add component (AddParameter): Name = "Package"; Value = "DIN"; VariantName = "[No Variations]"
Add component (AddParameter): Name = "Price"; Value = "2.5"; VariantName = "[No Variations]"
Add component (AddParameter): Name = "Stockiest"; Value = "MOUSER"; VariantName = "[No Variations]"
Add component (AddParameter): Name = "Stockiest Part No"; Value = "571-2-826942-0"; VariantName = "[No Variations]"
Add component (AddParameter): Name = "Value"; Value = "40"; VariantName = "[No Variations]"
Added Component: Designator=P_O_4(HDR2X20)
Add component. Clean all parameters for all variants
Add component (AddParameter): Name = "Mfr"; Value = "TE Connectivity / AMP"; VariantName = "[No Variations]"
Add component (AddParameter): Name = "Mfr Part No"; Value = "2-826942-0"; VariantName = "[No Variations]"
Add component (AddParameter): Name = "Package"; Value = "DIN"; VariantName = "[No Variations]"
Add component (AddParameter): Name = "Price"; Value = "2.5"; VariantName = "[No Variations]"
Add component (AddParameter): Name = "Stockiest"; Value = "MOUSER"; VariantName = "[No Variations]"
Add component (AddParameter): Name = "Stockiest Part No"; Value = "571-2-826942-0"; VariantName = "[No Variations]"
Add component (AddParameter): Name = "Value"; Value = "40"; VariantName = "[No Variations]"
Added Component: Designator=U6(LD1085D2T33R)
Add component. Clean all parameters for all variants
Add component (AddParameter): Name = "Mfr"; Value = "STMicroelectronics"; VariantName = "[No Variations]"
Add component (AddParameter): Name = "Mfr Part No"; Value = "LD1085D2T33R"; VariantName = "[No Variations]"
Add component (AddParameter): Name = "Package"; Value = ""; VariantName = "[No Variations]"
Add component (AddParameter): Name = "Price"; Value = "1.30"; VariantName = "[No Variations]"
Add component (AddParameter): Name = "Stockiest"; Value = "MOUSER"; VariantName = "[No Variations]"
Add component (AddParameter): Name = "Stockiest Part No"; Value = "511-LD1085D2T33-TR"; VariantName = "[No Variations]"
Add component (AddParameter): Name = "Value"; Value = "3.3V"; VariantName = "[No Variations]"
Added Pin To Net: NetName=GND Pin=C8-1
Added Pin To Net: NetName=GND Pin=C14-1
Added Pin To Net: NetName=VCC_3V3 Pin=C14-2
Added Pin To Net: NetName=GND Pin=U6-1
Added Pin To Net: NetName=VCC_3V3 Pin=U6-4
Change Net Name : Old Net Name=V_OUT_151 New Net Name=V_EVEN1
Change Net Name : Old Net Name=V_OUT_152 New Net Name=V_EVEN2
Change Net Name : Old Net Name=V_OUT_153 New Net Name=V_EVEN3
Change Net Name : Old Net Name=V_OUT_154 New Net Name=V_EVEN4
Added Pin To Net: NetName=V_ODD1 Pin=P_O_1-1
Added Net: Name=V_ODD1
Added Pin To Net: NetName=V_ODD2 Pin=P_O_1-2
Added Net: Name=V_ODD2
Added Pin To Net: NetName=V_ODD3 Pin=P_O_1-3
Added Net: Name=V_ODD3
Added Pin To Net: NetName=V_ODD4 Pin=P_O_1-4
Added Net: Name=V_ODD4
Added Pin To Net: NetName=VCC_5V Pin=C8-2
Added Pin To Net: NetName=VCC_5V Pin=C25-1
Added Pin To Net: NetName=VCC_5V Pin=C26-2
Added Pin To Net: NetName=VCC_5V Pin=C27-2
Added Pin To Net: NetName=VCC_5V Pin=L4-2
Added Pin To Net: NetName=VCC_5V Pin=R18-2
Added Pin To Net: NetName=VCC_5V Pin=U6-3
Added Net: Name=VCC_5V
Added Class: Name=V_EVEN[150..1]
Added Class: Name=V_ODD[150..1]
Added Member To Class: ClassName=U_POWER_VOLTAGE Member=Component C8 22uF/25V
Added Member To Class: ClassName=U_POWER_VOLTAGE Member=Component C14 22uF/25V
Added Member To Class: ClassName=U_VoltageHeaders Member=Component P_E_2 Header 20X2
Added Member To Class: ClassName=U_VoltageHeaders Member=Component P_E_3 Header 20X2
Added Member To Class: ClassName=U_VoltageHeaders Member=Component P_E_4 Header 20X2
Added Member To Class: ClassName=U_VoltageHeaders Member=Component P_O_2 Header 20X2
Added Member To Class: ClassName=U_VoltageHeaders Member=Component P_O_3 Header 20X2
Added Member To Class: ClassName=U_VoltageHeaders Member=Component P_O_4 Header 20X2
Added Member To Class: ClassName=U_POWER_VOLTAGE Member=Component U6 LD1085D2T33R
