Removed Pin From Net: NetName=VCC_3V3 Pin=L3_POWER1-1
Removed Pin From Net: NetName=VCC_3V3 Pin=L3_POWER1-1
Removed Pin From Net: NetName=VCC_IO Pin=L3_POWER1-2
Removed Pin From Net: NetName=VCC_IO Pin=L3_POWER1-2
Removed Member From Class: ClassName=POWER2 Member=L3_POWER1
Removed Member From Class: ClassName=POWER3 Member=L3_POWER1
Removed Member From Class: ClassName=POWER4 Member=L3_POWER1
Added Component: Designator=L3_POWER2(0603L)
Add component (AddParameter): Name = "Mfr"; Value = "TDK"; VariantName = "[No Variations]"
Add component (AddParameter): Name = "Mfr Part No"; Value = "MPZ1608D101BTA00"; VariantName = "[No Variations]"
Add component (AddParameter): Name = "Package"; Value = "0603"; VariantName = "[No Variations]"
Add component (AddParameter): Name = "Price"; Value = "0.10"; VariantName = "[No Variations]"
Add component (AddParameter): Name = "Stockiest"; Value = "MOUSER"; VariantName = "[No Variations]"
Add component (AddParameter): Name = "Stockiest Part No"; Value = "810-MPZ1608D101BTA00"; VariantName = "[No Variations]"
Add component (AddParameter): Name = "Value"; Value = "100R/1A"; VariantName = "[No Variations]"
Added Component: Designator=L3_POWER3(0603L)
Add component (AddParameter): Name = "Mfr"; Value = "TDK"; VariantName = "[No Variations]"
Add component (AddParameter): Name = "Mfr Part No"; Value = "MPZ1608D101BTA00"; VariantName = "[No Variations]"
Add component (AddParameter): Name = "Package"; Value = "0603"; VariantName = "[No Variations]"
Add component (AddParameter): Name = "Price"; Value = "0.10"; VariantName = "[No Variations]"
Add component (AddParameter): Name = "Stockiest"; Value = "MOUSER"; VariantName = "[No Variations]"
Add component (AddParameter): Name = "Stockiest Part No"; Value = "810-MPZ1608D101BTA00"; VariantName = "[No Variations]"
Add component (AddParameter): Name = "Value"; Value = "100R/1A"; VariantName = "[No Variations]"
Added Component: Designator=L3_POWER4(0603L)
Add component (AddParameter): Name = "Mfr"; Value = "TDK"; VariantName = "[No Variations]"
Add component (AddParameter): Name = "Mfr Part No"; Value = "MPZ1608D101BTA00"; VariantName = "[No Variations]"
Add component (AddParameter): Name = "Package"; Value = "0603"; VariantName = "[No Variations]"
Add component (AddParameter): Name = "Price"; Value = "0.10"; VariantName = "[No Variations]"
Add component (AddParameter): Name = "Stockiest"; Value = "MOUSER"; VariantName = "[No Variations]"
Add component (AddParameter): Name = "Stockiest Part No"; Value = "810-MPZ1608D101BTA00"; VariantName = "[No Variations]"
Add component (AddParameter): Name = "Value"; Value = "100R/1A"; VariantName = "[No Variations]"
Added Pin To Net: NetName=VCC_3V3 Pin=L3_POWER2-1
Added Pin To Net: NetName=VCC_IO Pin=L3_POWER2-2
Added Pin To Net: NetName=VCC_3V3 Pin=L3_POWER3-1
Added Pin To Net: NetName=VCC_IO Pin=L3_POWER3-2
Added Pin To Net: NetName=VCC_3V3 Pin=L3_POWER4-1
Added Pin To Net: NetName=VCC_IO Pin=L3_POWER4-2
Added Member To Class: ClassName=POWER2 Member=Component L3_POWER2 (L3) 100R,1A
Added Member To Class: ClassName=POWER3 Member=Component L3_POWER3 (L3) 100R,1A
Added Member To Class: ClassName=POWER4 Member=Component L3_POWER4 (L3) 100R,1A
