Change Component Designator: OldDesignator=C1_IO1 NewDesignator=C1_IO4
Change Component Designator: OldDesignator=C1_IO2 NewDesignator=C1_IO3
Change Component Designator: OldDesignator=C1_IO3 NewDesignator=C1_IO2
Change Component Designator: OldDesignator=C1_IO4 NewDesignator=C1_IO1
Change Component Designator: OldDesignator=C2_POWER1 NewDesignator=C2_POWER4
Change Component Designator: OldDesignator=C2_POWER2 NewDesignator=C2_POWER3
Change Component Designator: OldDesignator=C2_POWER3 NewDesignator=C2_POWER2
Change Component Designator: OldDesignator=C2_POWER4 NewDesignator=C2_POWER1
Change Component Designator: OldDesignator=C3_POWER1 NewDesignator=C3_POWER4
Change Component Designator: OldDesignator=C3_POWER2 NewDesignator=C3_POWER3
Change Component Designator: OldDesignator=C3_POWER3 NewDesignator=C3_POWER2
Change Component Designator: OldDesignator=C3_POWER4 NewDesignator=C3_POWER1
Change Component Designator: OldDesignator=C4_POWER1 NewDesignator=C4_POWER4
Change Component Designator: OldDesignator=C4_POWER2 NewDesignator=C4_POWER3
Change Component Designator: OldDesignator=C4_POWER3 NewDesignator=C4_POWER2
Change Component Designator: OldDesignator=C4_POWER4 NewDesignator=C4_POWER1
Change Component Designator: OldDesignator=C5_POWER1 NewDesignator=C5_POWER4
Change Component Designator: OldDesignator=C5_POWER2 NewDesignator=C5_POWER3
Change Component Designator: OldDesignator=C5_POWER3 NewDesignator=C5_POWER2
Change Component Designator: OldDesignator=C5_POWER4 NewDesignator=C5_POWER1
Change Component Designator: OldDesignator=C6_POWER1 NewDesignator=C6_POWER4
Change Component Designator: OldDesignator=C6_POWER2 NewDesignator=C6_POWER3
Change Component Designator: OldDesignator=C6_POWER3 NewDesignator=C6_POWER2
Change Component Designator: OldDesignator=C6_POWER4 NewDesignator=C6_POWER1
Change Component Designator: OldDesignator=C7_POWER1 NewDesignator=C7_POWER4
Change Component Designator: OldDesignator=C7_POWER2 NewDesignator=C7_POWER3
Change Component Designator: OldDesignator=C7_POWER3 NewDesignator=C7_POWER2
Change Component Designator: OldDesignator=C7_POWER4 NewDesignator=C7_POWER1
Change Component Designator: OldDesignator=C9_POWER1 NewDesignator=C9_POWER4
Change Component Designator: OldDesignator=C9_POWER2 NewDesignator=C9_POWER3
Change Component Designator: OldDesignator=C9_POWER3 NewDesignator=C9_POWER2
Change Component Designator: OldDesignator=C9_POWER4 NewDesignator=C9_POWER1
Change Component Designator: OldDesignator=C10_POWER1 NewDesignator=C10_POWER4
Change Component Designator: OldDesignator=C10_POWER2 NewDesignator=C10_POWER3
Change Component Designator: OldDesignator=C10_POWER3 NewDesignator=C10_POWER2
Change Component Designator: OldDesignator=C10_POWER4 NewDesignator=C10_POWER1
Change Component Designator: OldDesignator=C11_POWER1 NewDesignator=C11_POWER4
Change Component Designator: OldDesignator=C11_POWER2 NewDesignator=C11_POWER3
Change Component Designator: OldDesignator=C11_POWER3 NewDesignator=C11_POWER2
Change Component Designator: OldDesignator=C11_POWER4 NewDesignator=C11_POWER1
Change Component Designator: OldDesignator=C12_POWER1 NewDesignator=C12_POWER4
Change Component Designator: OldDesignator=C12_POWER2 NewDesignator=C12_POWER3
Change Component Designator: OldDesignator=C12_POWER3 NewDesignator=C12_POWER2
Change Component Designator: OldDesignator=C12_POWER4 NewDesignator=C12_POWER1
Change Component Designator: OldDesignator=C13_POWER1 NewDesignator=C13_POWER4
Change Component Designator: OldDesignator=C13_POWER2 NewDesignator=C13_POWER3
Change Component Designator: OldDesignator=C13_POWER3 NewDesignator=C13_POWER2
Change Component Designator: OldDesignator=C13_POWER4 NewDesignator=C13_POWER1
Change Component Designator: OldDesignator=C15_POWER1 NewDesignator=C15_POWER4
Change Component Designator: OldDesignator=C15_POWER2 NewDesignator=C15_POWER3
Change Component Designator: OldDesignator=C15_POWER3 NewDesignator=C15_POWER2
Change Component Designator: OldDesignator=C15_POWER4 NewDesignator=C15_POWER1
Change Component Designator: OldDesignator=C16_POWER1 NewDesignator=C16_POWER4
Change Component Designator: OldDesignator=C16_POWER2 NewDesignator=C16_POWER3
Change Component Designator: OldDesignator=C16_POWER3 NewDesignator=C16_POWER2
Change Component Designator: OldDesignator=C16_POWER4 NewDesignator=C16_POWER1
Change Component Designator: OldDesignator=C17_POWER1 NewDesignator=C17_POWER4
Change Component Designator: OldDesignator=C17_POWER2 NewDesignator=C17_POWER3
Change Component Designator: OldDesignator=C17_POWER3 NewDesignator=C17_POWER2
Change Component Designator: OldDesignator=C17_POWER4 NewDesignator=C17_POWER1
Change Component Designator: OldDesignator=C23_POWER1 NewDesignator=C23_POWER4
Change Component Designator: OldDesignator=C23_POWER2 NewDesignator=C23_POWER3
Change Component Designator: OldDesignator=C23_POWER3 NewDesignator=C23_POWER2
Change Component Designator: OldDesignator=C23_POWER4 NewDesignator=C23_POWER1
Change Component Designator: OldDesignator=C24_POWER1 NewDesignator=C24_POWER4
Change Component Designator: OldDesignator=C24_POWER2 NewDesignator=C24_POWER3
Change Component Designator: OldDesignator=C24_POWER3 NewDesignator=C24_POWER2
Change Component Designator: OldDesignator=C24_POWER4 NewDesignator=C24_POWER1
Change Component Designator: OldDesignator=C45_POWER1 NewDesignator=C45_POWER4
Change Component Designator: OldDesignator=C45_POWER2 NewDesignator=C45_POWER3
Change Component Designator: OldDesignator=C45_POWER3 NewDesignator=C45_POWER2
Change Component Designator: OldDesignator=C45_POWER4 NewDesignator=C45_POWER1
Change Component Designator: OldDesignator=C46_POWER1 NewDesignator=C46_POWER4
Change Component Designator: OldDesignator=C46_POWER2 NewDesignator=C46_POWER3
Change Component Designator: OldDesignator=C46_POWER3 NewDesignator=C46_POWER2
Change Component Designator: OldDesignator=C46_POWER4 NewDesignator=C46_POWER1
Change Component Designator: OldDesignator=C47_POWER1 NewDesignator=C47_POWER4
Change Component Designator: OldDesignator=C47_POWER2 NewDesignator=C47_POWER3
Change Component Designator: OldDesignator=C47_POWER3 NewDesignator=C47_POWER2
Change Component Designator: OldDesignator=C47_POWER4 NewDesignator=C47_POWER1
Change Component Designator: OldDesignator=C48_POWER1 NewDesignator=C48_POWER4
Change Component Designator: OldDesignator=C48_POWER2 NewDesignator=C48_POWER3
Change Component Designator: OldDesignator=C48_POWER3 NewDesignator=C48_POWER2
Change Component Designator: OldDesignator=C48_POWER4 NewDesignator=C48_POWER1
Change Component Designator: OldDesignator=C49_POWER1 NewDesignator=C49_POWER4
Change Component Designator: OldDesignator=C49_POWER2 NewDesignator=C49_POWER3
Change Component Designator: OldDesignator=C49_POWER3 NewDesignator=C49_POWER2
Change Component Designator: OldDesignator=C49_POWER4 NewDesignator=C49_POWER1
Change Component Designator: OldDesignator=C51_POWER1 NewDesignator=C51_POWER4
Change Component Designator: OldDesignator=C51_POWER2 NewDesignator=C51_POWER3
Change Component Designator: OldDesignator=C51_POWER3 NewDesignator=C51_POWER2
Change Component Designator: OldDesignator=C51_POWER4 NewDesignator=C51_POWER1
Change Component Designator: OldDesignator=C52_POWER1 NewDesignator=C52_POWER4
Change Component Designator: OldDesignator=C52_POWER2 NewDesignator=C52_POWER3
Change Component Designator: OldDesignator=C52_POWER3 NewDesignator=C52_POWER2
Change Component Designator: OldDesignator=C52_POWER4 NewDesignator=C52_POWER1
Change Component Designator: OldDesignator=C53_POWER1 NewDesignator=C53_POWER4
Change Component Designator: OldDesignator=C53_POWER2 NewDesignator=C53_POWER3
Change Component Designator: OldDesignator=C53_POWER3 NewDesignator=C53_POWER2
Change Component Designator: OldDesignator=C53_POWER4 NewDesignator=C53_POWER1
Change Component Designator: OldDesignator=C54_POWER1 NewDesignator=C54_POWER4
Change Component Designator: OldDesignator=C54_POWER2 NewDesignator=C54_POWER3
Change Component Designator: OldDesignator=C54_POWER3 NewDesignator=C54_POWER2
Change Component Designator: OldDesignator=C54_POWER4 NewDesignator=C54_POWER1
Change Component Designator: OldDesignator=C55_POWER1 NewDesignator=C55_POWER4
Change Component Designator: OldDesignator=C55_POWER2 NewDesignator=C55_POWER3
Change Component Designator: OldDesignator=C55_POWER3 NewDesignator=C55_POWER2
Change Component Designator: OldDesignator=C55_POWER4 NewDesignator=C55_POWER1
Change Component Designator: OldDesignator=C56_POWER1 NewDesignator=C56_POWER4
Change Component Designator: OldDesignator=C56_POWER2 NewDesignator=C56_POWER3
Change Component Designator: OldDesignator=C56_POWER3 NewDesignator=C56_POWER2
Change Component Designator: OldDesignator=C56_POWER4 NewDesignator=C56_POWER1
Change Component Designator: OldDesignator=C57_POWER1 NewDesignator=C57_POWER4
Change Component Designator: OldDesignator=C57_POWER2 NewDesignator=C57_POWER3
Change Component Designator: OldDesignator=C57_POWER3 NewDesignator=C57_POWER2
Change Component Designator: OldDesignator=C57_POWER4 NewDesignator=C57_POWER1
Change Component Designator: OldDesignator=C58_POWER1 NewDesignator=C58_POWER4
Change Component Designator: OldDesignator=C58_POWER2 NewDesignator=C58_POWER3
Change Component Designator: OldDesignator=C58_POWER3 NewDesignator=C58_POWER2
Change Component Designator: OldDesignator=C58_POWER4 NewDesignator=C58_POWER1
Change Component Designator: OldDesignator=C59_POWER1 NewDesignator=C59_POWER4
Change Component Designator: OldDesignator=C59_POWER2 NewDesignator=C59_POWER3
Change Component Designator: OldDesignator=C59_POWER3 NewDesignator=C59_POWER2
Change Component Designator: OldDesignator=C59_POWER4 NewDesignator=C59_POWER1
Change Component Designator: OldDesignator=C60_POWER1 NewDesignator=C60_POWER4
Change Component Designator: OldDesignator=C60_POWER2 NewDesignator=C60_POWER3
Change Component Designator: OldDesignator=C60_POWER3 NewDesignator=C60_POWER2
Change Component Designator: OldDesignator=C60_POWER4 NewDesignator=C60_POWER1
Change Component Designator: OldDesignator=C61_POWER1 NewDesignator=C61_POWER4
Change Component Designator: OldDesignator=C61_POWER2 NewDesignator=C61_POWER3
Change Component Designator: OldDesignator=C61_POWER3 NewDesignator=C61_POWER2
Change Component Designator: OldDesignator=C61_POWER4 NewDesignator=C61_POWER1
Change Component Designator: OldDesignator=C62_POWER1 NewDesignator=C62_POWER4
Change Component Designator: OldDesignator=C62_POWER2 NewDesignator=C62_POWER3
Change Component Designator: OldDesignator=C62_POWER3 NewDesignator=C62_POWER2
Change Component Designator: OldDesignator=C62_POWER4 NewDesignator=C62_POWER1
Change Component Designator: OldDesignator=C64_POWER1 NewDesignator=C64_POWER4
Change Component Designator: OldDesignator=C64_POWER2 NewDesignator=C64_POWER3
Change Component Designator: OldDesignator=C64_POWER3 NewDesignator=C64_POWER2
Change Component Designator: OldDesignator=C64_POWER4 NewDesignator=C64_POWER1
Change Component Designator: OldDesignator=C65_POWER1 NewDesignator=C65_POWER4
Change Component Designator: OldDesignator=C65_POWER2 NewDesignator=C65_POWER3
Change Component Designator: OldDesignator=C65_POWER3 NewDesignator=C65_POWER2
Change Component Designator: OldDesignator=C65_POWER4 NewDesignator=C65_POWER1
Change Component Designator: OldDesignator=C66_POWER1 NewDesignator=C66_POWER4
Change Component Designator: OldDesignator=C66_POWER2 NewDesignator=C66_POWER3
Change Component Designator: OldDesignator=C66_POWER3 NewDesignator=C66_POWER2
Change Component Designator: OldDesignator=C66_POWER4 NewDesignator=C66_POWER1
Change Component Designator: OldDesignator=C67_POWER1 NewDesignator=C67_POWER4
Change Component Designator: OldDesignator=C67_POWER2 NewDesignator=C67_POWER3
Change Component Designator: OldDesignator=C67_POWER3 NewDesignator=C67_POWER2
Change Component Designator: OldDesignator=C67_POWER4 NewDesignator=C67_POWER1
Change Component Designator: OldDesignator=C68_POWER1 NewDesignator=C68_POWER4
Change Component Designator: OldDesignator=C68_POWER2 NewDesignator=C68_POWER3
Change Component Designator: OldDesignator=C68_POWER3 NewDesignator=C68_POWER2
Change Component Designator: OldDesignator=C68_POWER4 NewDesignator=C68_POWER1
Change Component Designator: OldDesignator=C69_POWER1 NewDesignator=C69_POWER4
Change Component Designator: OldDesignator=C69_POWER2 NewDesignator=C69_POWER3
Change Component Designator: OldDesignator=C69_POWER3 NewDesignator=C69_POWER2
Change Component Designator: OldDesignator=C69_POWER4 NewDesignator=C69_POWER1
Change Component Designator: OldDesignator=C70_POWER1 NewDesignator=C70_POWER4
Change Component Designator: OldDesignator=C70_POWER2 NewDesignator=C70_POWER3
Change Component Designator: OldDesignator=C70_POWER3 NewDesignator=C70_POWER2
Change Component Designator: OldDesignator=C70_POWER4 NewDesignator=C70_POWER1
Change Component Designator: OldDesignator=C71_POWER1 NewDesignator=C71_POWER4
Change Component Designator: OldDesignator=C71_POWER2 NewDesignator=C71_POWER3
Change Component Designator: OldDesignator=C71_POWER3 NewDesignator=C71_POWER2
Change Component Designator: OldDesignator=C71_POWER4 NewDesignator=C71_POWER1
Change Component Designator: OldDesignator=C72_POWER1 NewDesignator=C72_POWER4
Change Component Designator: OldDesignator=C72_POWER2 NewDesignator=C72_POWER3
Change Component Designator: OldDesignator=C72_POWER3 NewDesignator=C72_POWER2
Change Component Designator: OldDesignator=C72_POWER4 NewDesignator=C72_POWER1
Change Component Designator: OldDesignator=D1_IO1 NewDesignator=D1_IO4
Change Component Designator: OldDesignator=D1_IO2 NewDesignator=D1_IO3
Change Component Designator: OldDesignator=D1_IO3 NewDesignator=D1_IO2
Change Component Designator: OldDesignator=D1_IO4 NewDesignator=D1_IO1
Change Component Designator: OldDesignator=D2_IO1 NewDesignator=D2_IO4
Change Component Designator: OldDesignator=D2_IO2 NewDesignator=D2_IO3
Change Component Designator: OldDesignator=D2_IO3 NewDesignator=D2_IO2
Change Component Designator: OldDesignator=D2_IO4 NewDesignator=D2_IO1
Change Component Designator: OldDesignator=L1_POWER1 NewDesignator=L1_POWER4
Change Component Designator: OldDesignator=L1_POWER2 NewDesignator=L1_POWER3
Change Component Designator: OldDesignator=L1_POWER3 NewDesignator=L1_POWER2
Change Component Designator: OldDesignator=L1_POWER4 NewDesignator=L1_POWER1
Change Component Designator: OldDesignator=L2_POWER1 NewDesignator=L2_POWER4
Change Component Designator: OldDesignator=L2_POWER2 NewDesignator=L2_POWER3
Change Component Designator: OldDesignator=L2_POWER3 NewDesignator=L2_POWER2
Change Component Designator: OldDesignator=L2_POWER4 NewDesignator=L2_POWER1
Change Component Designator: OldDesignator=L3_POWER1 NewDesignator=L3_POWER4
Change Component Designator: OldDesignator=L3_POWER2 NewDesignator=L3_POWER3
Change Component Designator: OldDesignator=L3_POWER3 NewDesignator=L3_POWER2
Change Component Designator: OldDesignator=L3_POWER4 NewDesignator=L3_POWER1
Change Component Designator: OldDesignator=P1_IO1 NewDesignator=P1_IO4
Change Component Designator: OldDesignator=P1_IO2 NewDesignator=P1_IO3
Change Component Designator: OldDesignator=P1_IO3 NewDesignator=P1_IO2
Change Component Designator: OldDesignator=P1_IO4 NewDesignator=P1_IO1
Change Component Designator: OldDesignator=R1_IO1 NewDesignator=R1_IO4
Change Component Designator: OldDesignator=R1_IO2 NewDesignator=R1_IO3
Change Component Designator: OldDesignator=R1_IO3 NewDesignator=R1_IO2
Change Component Designator: OldDesignator=R1_IO4 NewDesignator=R1_IO1
Change Component Designator: OldDesignator=R2_IO1 NewDesignator=R2_IO4
Change Component Designator: OldDesignator=R2_IO2 NewDesignator=R2_IO3
Change Component Designator: OldDesignator=R2_IO3 NewDesignator=R2_IO2
Change Component Designator: OldDesignator=R2_IO4 NewDesignator=R2_IO1
Change Component Designator: OldDesignator=R3_IO1 NewDesignator=R3_IO4
Change Component Designator: OldDesignator=R3_IO2 NewDesignator=R3_IO3
Change Component Designator: OldDesignator=R3_IO3 NewDesignator=R3_IO2
Change Component Designator: OldDesignator=R3_IO4 NewDesignator=R3_IO1
Change Component Designator: OldDesignator=R4_IO1 NewDesignator=R4_IO4
Change Component Designator: OldDesignator=R4_IO2 NewDesignator=R4_IO3
Change Component Designator: OldDesignator=R4_IO3 NewDesignator=R4_IO2
Change Component Designator: OldDesignator=R4_IO4 NewDesignator=R4_IO1
Change Component Designator: OldDesignator=R5_IO1 NewDesignator=R5_IO4
Change Component Designator: OldDesignator=R5_IO2 NewDesignator=R5_IO3
Change Component Designator: OldDesignator=R5_IO3 NewDesignator=R5_IO2
Change Component Designator: OldDesignator=R5_IO4 NewDesignator=R5_IO1
Change Component Designator: OldDesignator=R6_IO1 NewDesignator=R6_IO4
Change Component Designator: OldDesignator=R6_IO2 NewDesignator=R6_IO3
Change Component Designator: OldDesignator=R6_IO3 NewDesignator=R6_IO2
Change Component Designator: OldDesignator=R6_IO4 NewDesignator=R6_IO1
Change Component Designator: OldDesignator=R7_IO1 NewDesignator=R7_IO4
Change Component Designator: OldDesignator=R7_IO2 NewDesignator=R7_IO3
Change Component Designator: OldDesignator=R7_IO3 NewDesignator=R7_IO2
Change Component Designator: OldDesignator=R7_IO4 NewDesignator=R7_IO1
Change Component Designator: OldDesignator=R8_IO1 NewDesignator=R8_IO4
Change Component Designator: OldDesignator=R8_IO2 NewDesignator=R8_IO3
Change Component Designator: OldDesignator=R8_IO3 NewDesignator=R8_IO2
Change Component Designator: OldDesignator=R8_IO4 NewDesignator=R8_IO1
Change Component Designator: OldDesignator=R13_IO1 NewDesignator=R13_IO4
Change Component Designator: OldDesignator=R13_IO2 NewDesignator=R13_IO3
Change Component Designator: OldDesignator=R13_IO3 NewDesignator=R13_IO2
Change Component Designator: OldDesignator=R13_IO4 NewDesignator=R13_IO1
Change Component Designator: OldDesignator=R14_IO1 NewDesignator=R14_IO4
Change Component Designator: OldDesignator=R14_IO2 NewDesignator=R14_IO3
Change Component Designator: OldDesignator=R14_IO3 NewDesignator=R14_IO2
Change Component Designator: OldDesignator=R14_IO4 NewDesignator=R14_IO1
Change Component Designator: OldDesignator=R20_IO1 NewDesignator=R20_IO4
Change Component Designator: OldDesignator=R20_IO2 NewDesignator=R20_IO3
Change Component Designator: OldDesignator=R20_IO3 NewDesignator=R20_IO2
Change Component Designator: OldDesignator=R20_IO4 NewDesignator=R20_IO1
Change Component Designator: OldDesignator=R21_IO1 NewDesignator=R21_IO4
Change Component Designator: OldDesignator=R21_IO2 NewDesignator=R21_IO3
Change Component Designator: OldDesignator=R21_IO3 NewDesignator=R21_IO2
Change Component Designator: OldDesignator=R21_IO4 NewDesignator=R21_IO1
Change Component Designator: OldDesignator=U1_IO1 NewDesignator=U1_IO4
Change Component Designator: OldDesignator=U1_IO2 NewDesignator=U1_IO3
Change Component Designator: OldDesignator=U1_IO3 NewDesignator=U1_IO2
Change Component Designator: OldDesignator=U1_IO4 NewDesignator=U1_IO1
Change Net Name : Old Net Name=BANK_EN0_IO1 New Net Name=BANK_EN0_IO4
Change Net Name : Old Net Name=BANK_EN0_IO2 New Net Name=BANK_EN0_IO3
Change Net Name : Old Net Name=BANK_EN0_IO3 New Net Name=BANK_EN0_IO2
Change Net Name : Old Net Name=BANK_EN1_IO1 New Net Name=BANK_EN1_IO4
Change Net Name : Old Net Name=BANK_EN1_IO2 New Net Name=BANK_EN1_IO3
Change Net Name : Old Net Name=BANK_EN1_IO3 New Net Name=BANK_EN1_IO2
Change Net Name : Old Net Name=BANK_EN2_IO1 New Net Name=BANK_EN2_IO4
Change Net Name : Old Net Name=BANK_EN2_IO2 New Net Name=BANK_EN2_IO3
Change Net Name : Old Net Name=BANK_EN2_IO3 New Net Name=BANK_EN2_IO2
Change Net Name : Old Net Name=BANK_EN2_IO4 New Net Name=BANK_EN2_IO1
Change Net Name : Old Net Name=CMD_TX_IO1 New Net Name=CMD_TX4
Change Net Name : Old Net Name=CMD_TX_IO2 New Net Name=CMD_TX3
Change Net Name : Old Net Name=CMD_TX_IO3 New Net Name=CMD_TX2
Change Net Name : Old Net Name=CMD_TX_IO4 New Net Name=CMD_TX1
Change Net Name : Old Net Name=GPIO_0_IO1 New Net Name=VIN226
Change Net Name : Old Net Name=GPIO_0_IO3 New Net Name=VIN76
Change Net Name : Old Net Name=GPIO_1_IO1 New Net Name=VIN227
Change Net Name : Old Net Name=GPIO_1_IO3 New Net Name=VIN77
Change Net Name : Old Net Name=GPIO_2_IO1 New Net Name=VIN228
Change Net Name : Old Net Name=GPIO_2_IO3 New Net Name=VIN78
Change Net Name : Old Net Name=GPIO_3_IO1 New Net Name=VIN229
Change Net Name : Old Net Name=GPIO_3_IO3 New Net Name=VIN79
Change Net Name : Old Net Name=GPIO_4_IO1 New Net Name=VIN230
Change Net Name : Old Net Name=GPIO_4_IO3 New Net Name=VIN80
Change Net Name : Old Net Name=GPIO_5_IO1 New Net Name=VIN231
Change Net Name : Old Net Name=GPIO_5_IO3 New Net Name=VIN81
Change Net Name : Old Net Name=GPIO_6_IO1 New Net Name=VIN232
Change Net Name : Old Net Name=GPIO_6_IO3 New Net Name=VIN82
Change Net Name : Old Net Name=GPIO_7_IO1 New Net Name=VIN233
Change Net Name : Old Net Name=GPIO_7_IO3 New Net Name=VIN83
Change Net Name : Old Net Name=GPIO_8_IO1 New Net Name=VIN234
Change Net Name : Old Net Name=GPIO_8_IO3 New Net Name=VIN84
Change Net Name : Old Net Name=GPIO_9_IO1 New Net Name=VIN235
Change Net Name : Old Net Name=GPIO_9_IO3 New Net Name=VIN85
Change Net Name : Old Net Name=GPIO_10_IO1 New Net Name=VIN236
Change Net Name : Old Net Name=GPIO_10_IO3 New Net Name=VIN86
Change Net Name : Old Net Name=GPIO_11_IO1 New Net Name=VIN237
Change Net Name : Old Net Name=GPIO_11_IO3 New Net Name=VIN87
Change Net Name : Old Net Name=GPIO_12_IO1 New Net Name=VIN238
Change Net Name : Old Net Name=GPIO_12_IO3 New Net Name=VIN88
Change Net Name : Old Net Name=GPIO_13_IO1 New Net Name=VIN239
Change Net Name : Old Net Name=GPIO_13_IO3 New Net Name=VIN89
Change Net Name : Old Net Name=GPIO_14_IO1 New Net Name=VIN240
Change Net Name : Old Net Name=GPIO_14_IO3 New Net Name=VIN90
Change Net Name : Old Net Name=GPIO_15_IO1 New Net Name=VIN241
Change Net Name : Old Net Name=GPIO_15_IO3 New Net Name=VIN91
Change Net Name : Old Net Name=GPIO_16_IO1 New Net Name=VIN242
Change Net Name : Old Net Name=GPIO_16_IO3 New Net Name=VIN92
Change Net Name : Old Net Name=GPIO_17_IO1 New Net Name=VIN243
Change Net Name : Old Net Name=GPIO_17_IO3 New Net Name=VIN93
Change Net Name : Old Net Name=GPIO_18_IO1 New Net Name=VIN244
Change Net Name : Old Net Name=GPIO_18_IO3 New Net Name=VIN94
Change Net Name : Old Net Name=GPIO_19_IO1 New Net Name=VIN245
Change Net Name : Old Net Name=GPIO_19_IO3 New Net Name=VIN95
Change Net Name : Old Net Name=GPIO_20_IO1 New Net Name=VIN246
Change Net Name : Old Net Name=GPIO_20_IO3 New Net Name=VIN96
Change Net Name : Old Net Name=GPIO_21_IO1 New Net Name=VIN247
Change Net Name : Old Net Name=GPIO_21_IO3 New Net Name=VIN97
Change Net Name : Old Net Name=GPIO_22_IO1 New Net Name=VIN248
Change Net Name : Old Net Name=GPIO_22_IO3 New Net Name=VIN98
Change Net Name : Old Net Name=GPIO_23_IO1 New Net Name=VIN249
Change Net Name : Old Net Name=GPIO_23_IO3 New Net Name=VIN99
Change Net Name : Old Net Name=GPIO_24_IO1 New Net Name=VIN250
Change Net Name : Old Net Name=GPIO_24_IO3 New Net Name=VIN100
Change Net Name : Old Net Name=GPIO_25_IO1 New Net Name=VIN251
Change Net Name : Old Net Name=GPIO_25_IO3 New Net Name=VIN101
Change Net Name : Old Net Name=GPIO_26_IO1 New Net Name=VIN252
Change Net Name : Old Net Name=GPIO_26_IO3 New Net Name=VIN102
Change Net Name : Old Net Name=GPIO_27_IO1 New Net Name=VIN253
Change Net Name : Old Net Name=GPIO_27_IO3 New Net Name=VIN103
Change Net Name : Old Net Name=GPIO_28_IO1 New Net Name=VIN254
Change Net Name : Old Net Name=GPIO_28_IO3 New Net Name=VIN104
Change Net Name : Old Net Name=GPIO_29_IO1 New Net Name=VIN255
Change Net Name : Old Net Name=GPIO_29_IO3 New Net Name=VIN105
Change Net Name : Old Net Name=GPIO_30_IO1 New Net Name=VIN256
Change Net Name : Old Net Name=GPIO_30_IO3 New Net Name=VIN106
Change Net Name : Old Net Name=GPIO_31_IO1 New Net Name=VIN257
Change Net Name : Old Net Name=GPIO_31_IO3 New Net Name=VIN107
Change Net Name : Old Net Name=GPIO_32_IO1 New Net Name=VIN258
Change Net Name : Old Net Name=GPIO_32_IO3 New Net Name=VIN108
Change Net Name : Old Net Name=GPIO_33_IO1 New Net Name=VIN259
Change Net Name : Old Net Name=GPIO_33_IO3 New Net Name=VIN109
Change Net Name : Old Net Name=GPIO_34_IO1 New Net Name=VIN260
Change Net Name : Old Net Name=GPIO_34_IO3 New Net Name=VIN110
Change Net Name : Old Net Name=GPIO_35_IO1 New Net Name=VIN261
Change Net Name : Old Net Name=GPIO_35_IO3 New Net Name=VIN111
Change Net Name : Old Net Name=GPIO_36_IO1 New Net Name=VIN262
Change Net Name : Old Net Name=GPIO_36_IO3 New Net Name=VIN112
Change Net Name : Old Net Name=GPIO_37_IO1 New Net Name=VIN263
Change Net Name : Old Net Name=GPIO_37_IO3 New Net Name=VIN113
Change Net Name : Old Net Name=GPIO_38_IO1 New Net Name=VIN264
Change Net Name : Old Net Name=GPIO_38_IO3 New Net Name=VIN114
Change Net Name : Old Net Name=GPIO_39_IO1 New Net Name=VIN265
Change Net Name : Old Net Name=GPIO_39_IO3 New Net Name=VIN115
Change Net Name : Old Net Name=GPIO_40_IO1 New Net Name=VIN266
Change Net Name : Old Net Name=GPIO_40_IO3 New Net Name=VIN116
Change Net Name : Old Net Name=GPIO_41_IO1 New Net Name=VIN267
Change Net Name : Old Net Name=GPIO_41_IO3 New Net Name=VIN117
Change Net Name : Old Net Name=GPIO_42_IO1 New Net Name=VIN268
Change Net Name : Old Net Name=GPIO_42_IO3 New Net Name=VIN118
Change Net Name : Old Net Name=GPIO_43_IO1 New Net Name=VIN269
Change Net Name : Old Net Name=GPIO_43_IO3 New Net Name=VIN119
Change Net Name : Old Net Name=GPIO_44_IO1 New Net Name=VIN270
Change Net Name : Old Net Name=GPIO_44_IO3 New Net Name=VIN120
Change Net Name : Old Net Name=GPIO_45_IO1 New Net Name=VIN271
Change Net Name : Old Net Name=GPIO_45_IO3 New Net Name=VIN121
Change Net Name : Old Net Name=GPIO_46_IO1 New Net Name=VIN272
Change Net Name : Old Net Name=GPIO_46_IO3 New Net Name=VIN122
Change Net Name : Old Net Name=GPIO_47_IO1 New Net Name=VIN273
Change Net Name : Old Net Name=GPIO_47_IO3 New Net Name=VIN123
Change Net Name : Old Net Name=GPIO_48_IO1 New Net Name=VIN274
Change Net Name : Old Net Name=GPIO_48_IO3 New Net Name=VIN124
Change Net Name : Old Net Name=GPIO_49_IO1 New Net Name=VIN275
Change Net Name : Old Net Name=GPIO_49_IO3 New Net Name=VIN125
Change Net Name : Old Net Name=GPIO_50_IO1 New Net Name=VIN276
Change Net Name : Old Net Name=GPIO_50_IO3 New Net Name=VIN126
Change Net Name : Old Net Name=GPIO_51_IO1 New Net Name=VIN277
Change Net Name : Old Net Name=GPIO_51_IO3 New Net Name=VIN127
Change Net Name : Old Net Name=GPIO_52_IO1 New Net Name=VIN278
Change Net Name : Old Net Name=GPIO_52_IO3 New Net Name=VIN128
Change Net Name : Old Net Name=GPIO_53_IO1 New Net Name=VIN279
Change Net Name : Old Net Name=GPIO_53_IO3 New Net Name=VIN129
Change Net Name : Old Net Name=GPIO_54_IO1 New Net Name=VIN280
Change Net Name : Old Net Name=GPIO_54_IO3 New Net Name=VIN130
Change Net Name : Old Net Name=GPIO_55_IO1 New Net Name=VIN281
Change Net Name : Old Net Name=GPIO_55_IO3 New Net Name=VIN131
Change Net Name : Old Net Name=GPIO_56_IO1 New Net Name=VIN282
Change Net Name : Old Net Name=GPIO_56_IO3 New Net Name=VIN132
Change Net Name : Old Net Name=GPIO_57_IO1 New Net Name=VIN283
Change Net Name : Old Net Name=GPIO_57_IO3 New Net Name=VIN133
Change Net Name : Old Net Name=GPIO_58_IO1 New Net Name=VIN284
Change Net Name : Old Net Name=GPIO_58_IO3 New Net Name=VIN134
Change Net Name : Old Net Name=GPIO_59_IO1 New Net Name=VIN285
Change Net Name : Old Net Name=GPIO_59_IO3 New Net Name=VIN135
Change Net Name : Old Net Name=GPIO_60_IO1 New Net Name=VIN286
Change Net Name : Old Net Name=GPIO_60_IO3 New Net Name=VIN136
Change Net Name : Old Net Name=GPIO_61_IO1 New Net Name=VIN287
Change Net Name : Old Net Name=GPIO_61_IO3 New Net Name=VIN137
Change Net Name : Old Net Name=GPIO_62_IO1 New Net Name=VIN288
Change Net Name : Old Net Name=GPIO_62_IO3 New Net Name=VIN138
Change Net Name : Old Net Name=GPIO_63_IO1 New Net Name=VIN289
Change Net Name : Old Net Name=GPIO_63_IO3 New Net Name=VIN139
Change Net Name : Old Net Name=GPIO_64_IO1 New Net Name=VIN290
Change Net Name : Old Net Name=GPIO_64_IO3 New Net Name=VIN140
Change Net Name : Old Net Name=GPIO_65_IO1 New Net Name=VIN291
Change Net Name : Old Net Name=GPIO_65_IO3 New Net Name=VIN141
Change Net Name : Old Net Name=GPIO_66_IO1 New Net Name=VIN292
Change Net Name : Old Net Name=GPIO_66_IO3 New Net Name=VIN142
Change Net Name : Old Net Name=GPIO_67_IO1 New Net Name=VIN293
Change Net Name : Old Net Name=GPIO_67_IO3 New Net Name=VIN143
Change Net Name : Old Net Name=GPIO_68_IO1 New Net Name=VIN294
Change Net Name : Old Net Name=GPIO_68_IO3 New Net Name=VIN144
Change Net Name : Old Net Name=GPIO_69_IO1 New Net Name=VIN295
Change Net Name : Old Net Name=GPIO_69_IO3 New Net Name=VIN145
Change Net Name : Old Net Name=GPIO_70_IO1 New Net Name=VIN296
Change Net Name : Old Net Name=GPIO_70_IO3 New Net Name=VIN146
Change Net Name : Old Net Name=GPIO_71_IO1 New Net Name=VIN297
Change Net Name : Old Net Name=GPIO_71_IO3 New Net Name=VIN147
Change Net Name : Old Net Name=GPIO_72_IO1 New Net Name=VIN298
Change Net Name : Old Net Name=GPIO_72_IO3 New Net Name=VIN148
Change Net Name : Old Net Name=GPIO_73_IO1 New Net Name=VIN299
Change Net Name : Old Net Name=GPIO_73_IO3 New Net Name=VIN149
Change Net Name : Old Net Name=GPIO_74_IO1 New Net Name=VIN300
Change Net Name : Old Net Name=GPIO_74_IO3 New Net Name=VIN150
Change Net Name : Old Net Name=ID0_IO1 New Net Name=IDD0
Change Net Name : Old Net Name=ID0_IO2 New Net Name=IDC0
Change Net Name : Old Net Name=ID0_IO3 New Net Name=IDB0
Change Net Name : Old Net Name=ID0_IO4 New Net Name=IDA0
Change Net Name : Old Net Name=ID1_IO1 New Net Name=IDD1
Change Net Name : Old Net Name=ID1_IO2 New Net Name=IDC1
Change Net Name : Old Net Name=ID1_IO3 New Net Name=IDB1
Change Net Name : Old Net Name=ID1_IO4 New Net Name=IDA1
Change Net Name : Old Net Name=LED0_IO1 New Net Name=LED0_IO4
Change Net Name : Old Net Name=LED0_IO2 New Net Name=LED0_IO3
Change Net Name : Old Net Name=LED0_IO3 New Net Name=LED0_IO2
Change Net Name : Old Net Name=LED0_IO4 New Net Name=LED0_IO1
Change Net Name : Old Net Name=LED1_IO1 New Net Name=LED1_IO4
Change Net Name : Old Net Name=LED1_IO2 New Net Name=LED1_IO3
Change Net Name : Old Net Name=LED1_IO3 New Net Name=LED1_IO2
Change Net Name : Old Net Name=LED1_IO4 New Net Name=LED1_IO1
Change Net Name : Old Net Name=NetD1_IO1_1 New Net Name=NetD1_IO4_1
Change Net Name : Old Net Name=NetD1_IO2_1 New Net Name=NetD1_IO3_1
Change Net Name : Old Net Name=NetD1_IO3_1 New Net Name=NetD1_IO2_1
Change Net Name : Old Net Name=NetD1_IO4_1 New Net Name=NetD1_IO1_1
Change Net Name : Old Net Name=NetD2_IO1_1 New Net Name=NetD2_IO4_1
Change Net Name : Old Net Name=NetD2_IO2_1 New Net Name=NetD2_IO3_1
Change Net Name : Old Net Name=NetD2_IO3_1 New Net Name=NetD2_IO2_1
Change Net Name : Old Net Name=NetD2_IO4_1 New Net Name=NetD2_IO1_1
Change Net Name : Old Net Name=NetP1_IO1_15 New Net Name=NetP1_IO4_15
Change Net Name : Old Net Name=NetP1_IO1_121 New Net Name=NetP1_IO4_121
Change Net Name : Old Net Name=NetP1_IO1_122 New Net Name=NetP1_IO4_122
Change Net Name : Old Net Name=NetP1_IO1_126 New Net Name=NetP1_IO4_126
Change Net Name : Old Net Name=NetP1_IO1_129 New Net Name=NetP1_IO4_129
Change Net Name : Old Net Name=NetP1_IO1_134 New Net Name=NetP1_IO4_134
Change Net Name : Old Net Name=NetP1_IO1_136 New Net Name=NetP1_IO4_136
Change Net Name : Old Net Name=NetP1_IO1_138 New Net Name=NetP1_IO4_138
Change Net Name : Old Net Name=NetP1_IO2_15 New Net Name=NetP1_IO3_15
Change Net Name : Old Net Name=NetP1_IO2_121 New Net Name=NetP1_IO3_121
Change Net Name : Old Net Name=NetP1_IO2_122 New Net Name=NetP1_IO3_122
Change Net Name : Old Net Name=NetP1_IO2_126 New Net Name=NetP1_IO3_126
Change Net Name : Old Net Name=NetP1_IO2_129 New Net Name=NetP1_IO3_129
Change Net Name : Old Net Name=NetP1_IO2_134 New Net Name=NetP1_IO3_134
Change Net Name : Old Net Name=NetP1_IO2_136 New Net Name=NetP1_IO3_136
Change Net Name : Old Net Name=NetP1_IO2_138 New Net Name=NetP1_IO3_138
Change Net Name : Old Net Name=NetP1_IO3_15 New Net Name=NetP1_IO2_15
Change Net Name : Old Net Name=NetP1_IO3_121 New Net Name=NetP1_IO2_121
Change Net Name : Old Net Name=NetP1_IO3_122 New Net Name=NetP1_IO2_122
Change Net Name : Old Net Name=NetP1_IO3_126 New Net Name=NetP1_IO2_126
Change Net Name : Old Net Name=NetP1_IO3_129 New Net Name=NetP1_IO2_129
Change Net Name : Old Net Name=NetP1_IO3_134 New Net Name=NetP1_IO2_134
Change Net Name : Old Net Name=NetP1_IO3_136 New Net Name=NetP1_IO2_136
Change Net Name : Old Net Name=NetP1_IO3_138 New Net Name=NetP1_IO2_138
Change Net Name : Old Net Name=NetP1_IO4_15 New Net Name=NetP1_IO1_15
Change Net Name : Old Net Name=NetP1_IO4_121 New Net Name=NetP1_IO1_121
Change Net Name : Old Net Name=NetP1_IO4_122 New Net Name=NetP1_IO1_122
Change Net Name : Old Net Name=NetP1_IO4_126 New Net Name=NetP1_IO1_126
Change Net Name : Old Net Name=NetP1_IO4_129 New Net Name=NetP1_IO1_129
Change Net Name : Old Net Name=NetP1_IO4_134 New Net Name=NetP1_IO1_134
Change Net Name : Old Net Name=NetP1_IO4_136 New Net Name=NetP1_IO1_136
Change Net Name : Old Net Name=NetP1_IO4_138 New Net Name=NetP1_IO1_138
Change Net Name : Old Net Name=SCL_IO1 New Net Name=SCL_IO4
Change Net Name : Old Net Name=SCL_IO2 New Net Name=SCL_IO3
Change Net Name : Old Net Name=SCL_IO3 New Net Name=SCL_IO2
Change Net Name : Old Net Name=SDA_IO1 New Net Name=SDA_IO4
Change Net Name : Old Net Name=SDA_IO2 New Net Name=SDA_IO3
Change Net Name : Old Net Name=SDA_IO3 New Net Name=SDA_IO2
Change Net Name : Old Net Name=TDI_IO1 New Net Name=TDI_IO4
Change Net Name : Old Net Name=TDI_IO2 New Net Name=TDI_IO3
Change Net Name : Old Net Name=TDI_IO3 New Net Name=TDI_IO2
Change Net Name : Old Net Name=X_25M_IO1 New Net Name=X_25M_IO4
Change Net Name : Old Net Name=X_25M_IO2 New Net Name=X_25M_IO3
Change Net Name : Old Net Name=X_25M_IO3 New Net Name=X_25M_IO2
Change Net Name : Old Net Name=X_25M_IO4 New Net Name=X_25M_IO1
