Added Pin To Net: NetName=V_EVEN1 Pin=R27_VOLT1-2
Added Pin To Net: NetName=V_EVEN2 Pin=R27_VOLT2-2
Added Pin To Net: NetName=V_EVEN3 Pin=R27_VOLT3-2
Added Pin To Net: NetName=V_EVEN4 Pin=R27_VOLT4-2
Added Pin To Net: NetName=V_ODD1 Pin=R29_VOLT1-2
Added Pin To Net: NetName=V_ODD2 Pin=R29_VOLT2-2
Added Pin To Net: NetName=V_ODD3 Pin=R29_VOLT3-2
Added Pin To Net: NetName=V_ODD4 Pin=R29_VOLT4-2
Change Net Name : Old Net Name=V_OUT_0_VOLT5 New Net Name=V_EVEN5
Change Net Name : Old Net Name=V_OUT_0_VOLT6 New Net Name=V_EVEN6
Change Net Name : Old Net Name=V_OUT_0_VOLT7 New Net Name=V_EVEN7
Change Net Name : Old Net Name=V_OUT_0_VOLT8 New Net Name=V_EVEN8
Change Net Name : Old Net Name=V_OUT_0_VOLT9 New Net Name=V_EVEN9
Change Net Name : Old Net Name=V_OUT_0_VOLT10 New Net Name=V_EVEN10
Change Net Name : Old Net Name=V_OUT_0_VOLT11 New Net Name=V_EVEN11
Change Net Name : Old Net Name=V_OUT_0_VOLT12 New Net Name=V_EVEN12
Change Net Name : Old Net Name=V_OUT_0_VOLT13 New Net Name=V_EVEN13
Change Net Name : Old Net Name=V_OUT_0_VOLT14 New Net Name=V_EVEN14
Change Net Name : Old Net Name=V_OUT_0_VOLT15 New Net Name=V_EVEN15
Change Net Name : Old Net Name=V_OUT_0_VOLT16 New Net Name=V_EVEN16
Change Net Name : Old Net Name=V_OUT_0_VOLT17 New Net Name=V_EVEN17
Change Net Name : Old Net Name=V_OUT_0_VOLT18 New Net Name=V_EVEN18
Change Net Name : Old Net Name=V_OUT_0_VOLT19 New Net Name=V_EVEN19
Change Net Name : Old Net Name=V_OUT_0_VOLT20 New Net Name=V_EVEN20
Change Net Name : Old Net Name=V_OUT_0_VOLT21 New Net Name=V_EVEN21
Change Net Name : Old Net Name=V_OUT_0_VOLT22 New Net Name=V_EVEN22
Change Net Name : Old Net Name=V_OUT_0_VOLT23 New Net Name=V_EVEN23
Change Net Name : Old Net Name=V_OUT_0_VOLT24 New Net Name=V_EVEN24
Change Net Name : Old Net Name=V_OUT_0_VOLT25 New Net Name=V_EVEN25
Change Net Name : Old Net Name=V_OUT_0_VOLT26 New Net Name=V_EVEN26
Change Net Name : Old Net Name=V_OUT_0_VOLT27 New Net Name=V_EVEN27
Change Net Name : Old Net Name=V_OUT_0_VOLT28 New Net Name=V_EVEN28
Change Net Name : Old Net Name=V_OUT_0_VOLT29 New Net Name=V_EVEN29
Change Net Name : Old Net Name=V_OUT_0_VOLT30 New Net Name=V_EVEN30
Change Net Name : Old Net Name=V_OUT_0_VOLT31 New Net Name=V_EVEN31
Change Net Name : Old Net Name=V_OUT_0_VOLT32 New Net Name=V_EVEN32
Change Net Name : Old Net Name=V_OUT_0_VOLT33 New Net Name=V_EVEN33
Change Net Name : Old Net Name=V_OUT_0_VOLT34 New Net Name=V_EVEN34
Change Net Name : Old Net Name=V_OUT_0_VOLT35 New Net Name=V_EVEN35
Change Net Name : Old Net Name=V_OUT_0_VOLT36 New Net Name=V_EVEN36
Change Net Name : Old Net Name=V_OUT_0_VOLT37 New Net Name=V_EVEN37
Change Net Name : Old Net Name=V_OUT_0_VOLT38 New Net Name=V_EVEN38
Change Net Name : Old Net Name=V_OUT_0_VOLT39 New Net Name=V_EVEN39
Change Net Name : Old Net Name=V_OUT_0_VOLT40 New Net Name=V_EVEN40
Change Net Name : Old Net Name=V_OUT_0_VOLT41 New Net Name=V_EVEN41
Change Net Name : Old Net Name=V_OUT_0_VOLT42 New Net Name=V_EVEN42
Change Net Name : Old Net Name=V_OUT_0_VOLT43 New Net Name=V_EVEN43
Change Net Name : Old Net Name=V_OUT_0_VOLT44 New Net Name=V_EVEN44
Change Net Name : Old Net Name=V_OUT_0_VOLT45 New Net Name=V_EVEN45
Change Net Name : Old Net Name=V_OUT_0_VOLT46 New Net Name=V_EVEN46
Change Net Name : Old Net Name=V_OUT_0_VOLT47 New Net Name=V_EVEN47
Change Net Name : Old Net Name=V_OUT_0_VOLT48 New Net Name=V_EVEN48
Change Net Name : Old Net Name=V_OUT_0_VOLT49 New Net Name=V_EVEN49
Change Net Name : Old Net Name=V_OUT_0_VOLT50 New Net Name=V_EVEN50
Change Net Name : Old Net Name=V_OUT_0_VOLT51 New Net Name=V_EVEN51
Change Net Name : Old Net Name=V_OUT_0_VOLT52 New Net Name=V_EVEN52
Change Net Name : Old Net Name=V_OUT_0_VOLT53 New Net Name=V_EVEN53
Change Net Name : Old Net Name=V_OUT_0_VOLT54 New Net Name=V_EVEN54
Change Net Name : Old Net Name=V_OUT_0_VOLT55 New Net Name=V_EVEN55
Change Net Name : Old Net Name=V_OUT_0_VOLT56 New Net Name=V_EVEN56
Change Net Name : Old Net Name=V_OUT_0_VOLT57 New Net Name=V_EVEN57
Change Net Name : Old Net Name=V_OUT_0_VOLT58 New Net Name=V_EVEN58
Change Net Name : Old Net Name=V_OUT_0_VOLT59 New Net Name=V_EVEN59
Change Net Name : Old Net Name=V_OUT_0_VOLT60 New Net Name=V_EVEN60
Change Net Name : Old Net Name=V_OUT_0_VOLT61 New Net Name=V_EVEN61
Change Net Name : Old Net Name=V_OUT_0_VOLT62 New Net Name=V_EVEN62
Change Net Name : Old Net Name=V_OUT_0_VOLT63 New Net Name=V_EVEN63
Change Net Name : Old Net Name=V_OUT_0_VOLT64 New Net Name=V_EVEN64
Change Net Name : Old Net Name=V_OUT_0_VOLT65 New Net Name=V_EVEN65
Change Net Name : Old Net Name=V_OUT_0_VOLT66 New Net Name=V_EVEN66
Change Net Name : Old Net Name=V_OUT_0_VOLT67 New Net Name=V_EVEN67
Change Net Name : Old Net Name=V_OUT_0_VOLT68 New Net Name=V_EVEN68
Change Net Name : Old Net Name=V_OUT_0_VOLT69 New Net Name=V_EVEN69
Change Net Name : Old Net Name=V_OUT_0_VOLT70 New Net Name=V_EVEN70
Change Net Name : Old Net Name=V_OUT_0_VOLT71 New Net Name=V_EVEN71
Change Net Name : Old Net Name=V_OUT_0_VOLT72 New Net Name=V_EVEN72
Change Net Name : Old Net Name=V_OUT_0_VOLT73 New Net Name=V_EVEN73
Change Net Name : Old Net Name=V_OUT_0_VOLT74 New Net Name=V_EVEN74
Change Net Name : Old Net Name=V_OUT_0_VOLT75 New Net Name=V_EVEN75
Change Net Name : Old Net Name=V_OUT_0_VOLT76 New Net Name=V_EVEN76
Change Net Name : Old Net Name=V_OUT_0_VOLT77 New Net Name=V_EVEN77
Change Net Name : Old Net Name=V_OUT_0_VOLT78 New Net Name=V_EVEN78
Change Net Name : Old Net Name=V_OUT_0_VOLT79 New Net Name=V_EVEN79
Change Net Name : Old Net Name=V_OUT_0_VOLT80 New Net Name=V_EVEN80
Change Net Name : Old Net Name=V_OUT_0_VOLT81 New Net Name=V_EVEN81
Change Net Name : Old Net Name=V_OUT_0_VOLT82 New Net Name=V_EVEN82
Change Net Name : Old Net Name=V_OUT_0_VOLT83 New Net Name=V_EVEN83
Change Net Name : Old Net Name=V_OUT_0_VOLT84 New Net Name=V_EVEN84
Change Net Name : Old Net Name=V_OUT_0_VOLT85 New Net Name=V_EVEN85
Change Net Name : Old Net Name=V_OUT_0_VOLT86 New Net Name=V_EVEN86
Change Net Name : Old Net Name=V_OUT_0_VOLT87 New Net Name=V_EVEN87
Change Net Name : Old Net Name=V_OUT_0_VOLT88 New Net Name=V_EVEN88
Change Net Name : Old Net Name=V_OUT_0_VOLT89 New Net Name=V_EVEN89
Change Net Name : Old Net Name=V_OUT_0_VOLT90 New Net Name=V_EVEN90
Change Net Name : Old Net Name=V_OUT_0_VOLT91 New Net Name=V_EVEN91
Change Net Name : Old Net Name=V_OUT_0_VOLT92 New Net Name=V_EVEN92
Change Net Name : Old Net Name=V_OUT_0_VOLT93 New Net Name=V_EVEN93
Change Net Name : Old Net Name=V_OUT_0_VOLT94 New Net Name=V_EVEN94
Change Net Name : Old Net Name=V_OUT_0_VOLT95 New Net Name=V_EVEN95
Change Net Name : Old Net Name=V_OUT_0_VOLT96 New Net Name=V_EVEN96
Change Net Name : Old Net Name=V_OUT_0_VOLT97 New Net Name=V_EVEN97
Change Net Name : Old Net Name=V_OUT_0_VOLT98 New Net Name=V_EVEN98
Change Net Name : Old Net Name=V_OUT_0_VOLT99 New Net Name=V_EVEN99
Change Net Name : Old Net Name=V_OUT_0_VOLT100 New Net Name=V_EVEN100
Change Net Name : Old Net Name=V_OUT_0_VOLT101 New Net Name=V_EVEN101
Change Net Name : Old Net Name=V_OUT_0_VOLT102 New Net Name=V_EVEN102
Change Net Name : Old Net Name=V_OUT_0_VOLT103 New Net Name=V_EVEN103
Change Net Name : Old Net Name=V_OUT_0_VOLT104 New Net Name=V_EVEN104
Change Net Name : Old Net Name=V_OUT_0_VOLT105 New Net Name=V_EVEN105
Change Net Name : Old Net Name=V_OUT_0_VOLT106 New Net Name=V_EVEN106
Change Net Name : Old Net Name=V_OUT_0_VOLT107 New Net Name=V_EVEN107
Change Net Name : Old Net Name=V_OUT_0_VOLT108 New Net Name=V_EVEN108
Change Net Name : Old Net Name=V_OUT_0_VOLT109 New Net Name=V_EVEN109
Change Net Name : Old Net Name=V_OUT_0_VOLT110 New Net Name=V_EVEN110
Change Net Name : Old Net Name=V_OUT_0_VOLT111 New Net Name=V_EVEN111
Change Net Name : Old Net Name=V_OUT_0_VOLT112 New Net Name=V_EVEN112
Change Net Name : Old Net Name=V_OUT_0_VOLT113 New Net Name=V_EVEN113
Change Net Name : Old Net Name=V_OUT_0_VOLT114 New Net Name=V_EVEN114
Change Net Name : Old Net Name=V_OUT_0_VOLT115 New Net Name=V_EVEN115
Change Net Name : Old Net Name=V_OUT_0_VOLT116 New Net Name=V_EVEN116
Change Net Name : Old Net Name=V_OUT_0_VOLT117 New Net Name=V_EVEN117
Change Net Name : Old Net Name=V_OUT_0_VOLT118 New Net Name=V_EVEN118
Change Net Name : Old Net Name=V_OUT_0_VOLT119 New Net Name=V_EVEN119
Change Net Name : Old Net Name=V_OUT_0_VOLT120 New Net Name=V_EVEN120
Change Net Name : Old Net Name=V_OUT_0_VOLT121 New Net Name=V_EVEN121
Change Net Name : Old Net Name=V_OUT_0_VOLT122 New Net Name=V_EVEN122
Change Net Name : Old Net Name=V_OUT_0_VOLT123 New Net Name=V_EVEN123
Change Net Name : Old Net Name=V_OUT_0_VOLT124 New Net Name=V_EVEN124
Change Net Name : Old Net Name=V_OUT_0_VOLT125 New Net Name=V_EVEN125
Change Net Name : Old Net Name=V_OUT_0_VOLT126 New Net Name=V_EVEN126
Change Net Name : Old Net Name=V_OUT_0_VOLT127 New Net Name=V_EVEN127
Change Net Name : Old Net Name=V_OUT_0_VOLT128 New Net Name=V_EVEN128
Change Net Name : Old Net Name=V_OUT_0_VOLT129 New Net Name=V_EVEN129
Change Net Name : Old Net Name=V_OUT_0_VOLT130 New Net Name=V_EVEN130
Change Net Name : Old Net Name=V_OUT_0_VOLT131 New Net Name=V_EVEN131
Change Net Name : Old Net Name=V_OUT_0_VOLT132 New Net Name=V_EVEN132
Change Net Name : Old Net Name=V_OUT_0_VOLT133 New Net Name=V_EVEN133
Change Net Name : Old Net Name=V_OUT_0_VOLT134 New Net Name=V_EVEN134
Change Net Name : Old Net Name=V_OUT_0_VOLT135 New Net Name=V_EVEN135
Change Net Name : Old Net Name=V_OUT_0_VOLT136 New Net Name=V_EVEN136
Change Net Name : Old Net Name=V_OUT_0_VOLT137 New Net Name=V_EVEN137
Change Net Name : Old Net Name=V_OUT_0_VOLT138 New Net Name=V_EVEN138
Change Net Name : Old Net Name=V_OUT_0_VOLT139 New Net Name=V_EVEN139
Change Net Name : Old Net Name=V_OUT_0_VOLT140 New Net Name=V_EVEN140
Change Net Name : Old Net Name=V_OUT_0_VOLT141 New Net Name=V_EVEN141
Change Net Name : Old Net Name=V_OUT_0_VOLT142 New Net Name=V_EVEN142
Change Net Name : Old Net Name=V_OUT_0_VOLT143 New Net Name=V_EVEN143
Change Net Name : Old Net Name=V_OUT_0_VOLT144 New Net Name=V_EVEN144
Change Net Name : Old Net Name=V_OUT_0_VOLT145 New Net Name=V_EVEN145
Change Net Name : Old Net Name=V_OUT_0_VOLT146 New Net Name=V_EVEN146
Change Net Name : Old Net Name=V_OUT_0_VOLT147 New Net Name=V_EVEN147
Change Net Name : Old Net Name=V_OUT_0_VOLT148 New Net Name=V_EVEN148
Change Net Name : Old Net Name=V_OUT_0_VOLT149 New Net Name=V_EVEN149
Change Net Name : Old Net Name=V_OUT_0_VOLT150 New Net Name=V_EVEN150
Change Net Name : Old Net Name=V_OUT_1_VOLT5 New Net Name=V_ODD5
Change Net Name : Old Net Name=V_OUT_1_VOLT6 New Net Name=V_ODD6
Change Net Name : Old Net Name=V_OUT_1_VOLT7 New Net Name=V_ODD7
Change Net Name : Old Net Name=V_OUT_1_VOLT8 New Net Name=V_ODD8
Change Net Name : Old Net Name=V_OUT_1_VOLT9 New Net Name=V_ODD9
Change Net Name : Old Net Name=V_OUT_1_VOLT10 New Net Name=V_ODD10
Change Net Name : Old Net Name=V_OUT_1_VOLT11 New Net Name=V_ODD11
Change Net Name : Old Net Name=V_OUT_1_VOLT12 New Net Name=V_ODD12
Change Net Name : Old Net Name=V_OUT_1_VOLT13 New Net Name=V_ODD13
Change Net Name : Old Net Name=V_OUT_1_VOLT14 New Net Name=V_ODD14
Change Net Name : Old Net Name=V_OUT_1_VOLT15 New Net Name=V_ODD15
Change Net Name : Old Net Name=V_OUT_1_VOLT16 New Net Name=V_ODD16
Change Net Name : Old Net Name=V_OUT_1_VOLT17 New Net Name=V_ODD17
Change Net Name : Old Net Name=V_OUT_1_VOLT18 New Net Name=V_ODD18
Change Net Name : Old Net Name=V_OUT_1_VOLT19 New Net Name=V_ODD19
Change Net Name : Old Net Name=V_OUT_1_VOLT20 New Net Name=V_ODD20
Change Net Name : Old Net Name=V_OUT_1_VOLT21 New Net Name=V_ODD21
Change Net Name : Old Net Name=V_OUT_1_VOLT22 New Net Name=V_ODD22
Change Net Name : Old Net Name=V_OUT_1_VOLT23 New Net Name=V_ODD23
Change Net Name : Old Net Name=V_OUT_1_VOLT24 New Net Name=V_ODD24
Change Net Name : Old Net Name=V_OUT_1_VOLT25 New Net Name=V_ODD25
Change Net Name : Old Net Name=V_OUT_1_VOLT26 New Net Name=V_ODD26
Change Net Name : Old Net Name=V_OUT_1_VOLT27 New Net Name=V_ODD27
Change Net Name : Old Net Name=V_OUT_1_VOLT28 New Net Name=V_ODD28
Change Net Name : Old Net Name=V_OUT_1_VOLT29 New Net Name=V_ODD29
Change Net Name : Old Net Name=V_OUT_1_VOLT30 New Net Name=V_ODD30
Change Net Name : Old Net Name=V_OUT_1_VOLT31 New Net Name=V_ODD31
Change Net Name : Old Net Name=V_OUT_1_VOLT32 New Net Name=V_ODD32
Change Net Name : Old Net Name=V_OUT_1_VOLT33 New Net Name=V_ODD33
Change Net Name : Old Net Name=V_OUT_1_VOLT34 New Net Name=V_ODD34
Change Net Name : Old Net Name=V_OUT_1_VOLT35 New Net Name=V_ODD35
Change Net Name : Old Net Name=V_OUT_1_VOLT36 New Net Name=V_ODD36
Change Net Name : Old Net Name=V_OUT_1_VOLT37 New Net Name=V_ODD37
Change Net Name : Old Net Name=V_OUT_1_VOLT38 New Net Name=V_ODD38
Change Net Name : Old Net Name=V_OUT_1_VOLT39 New Net Name=V_ODD39
Change Net Name : Old Net Name=V_OUT_1_VOLT40 New Net Name=V_ODD40
Change Net Name : Old Net Name=V_OUT_1_VOLT41 New Net Name=V_ODD41
Change Net Name : Old Net Name=V_OUT_1_VOLT42 New Net Name=V_ODD42
Change Net Name : Old Net Name=V_OUT_1_VOLT43 New Net Name=V_ODD43
Change Net Name : Old Net Name=V_OUT_1_VOLT44 New Net Name=V_ODD44
Change Net Name : Old Net Name=V_OUT_1_VOLT45 New Net Name=V_ODD45
Change Net Name : Old Net Name=V_OUT_1_VOLT46 New Net Name=V_ODD46
Change Net Name : Old Net Name=V_OUT_1_VOLT47 New Net Name=V_ODD47
Change Net Name : Old Net Name=V_OUT_1_VOLT48 New Net Name=V_ODD48
Change Net Name : Old Net Name=V_OUT_1_VOLT49 New Net Name=V_ODD49
Change Net Name : Old Net Name=V_OUT_1_VOLT50 New Net Name=V_ODD50
Change Net Name : Old Net Name=V_OUT_1_VOLT51 New Net Name=V_ODD51
Change Net Name : Old Net Name=V_OUT_1_VOLT52 New Net Name=V_ODD52
Change Net Name : Old Net Name=V_OUT_1_VOLT53 New Net Name=V_ODD53
Change Net Name : Old Net Name=V_OUT_1_VOLT54 New Net Name=V_ODD54
Change Net Name : Old Net Name=V_OUT_1_VOLT55 New Net Name=V_ODD55
Change Net Name : Old Net Name=V_OUT_1_VOLT56 New Net Name=V_ODD56
Change Net Name : Old Net Name=V_OUT_1_VOLT57 New Net Name=V_ODD57
Change Net Name : Old Net Name=V_OUT_1_VOLT58 New Net Name=V_ODD58
Change Net Name : Old Net Name=V_OUT_1_VOLT59 New Net Name=V_ODD59
Change Net Name : Old Net Name=V_OUT_1_VOLT60 New Net Name=V_ODD60
Change Net Name : Old Net Name=V_OUT_1_VOLT61 New Net Name=V_ODD61
Change Net Name : Old Net Name=V_OUT_1_VOLT62 New Net Name=V_ODD62
Change Net Name : Old Net Name=V_OUT_1_VOLT63 New Net Name=V_ODD63
Change Net Name : Old Net Name=V_OUT_1_VOLT64 New Net Name=V_ODD64
Change Net Name : Old Net Name=V_OUT_1_VOLT65 New Net Name=V_ODD65
Change Net Name : Old Net Name=V_OUT_1_VOLT66 New Net Name=V_ODD66
Change Net Name : Old Net Name=V_OUT_1_VOLT67 New Net Name=V_ODD67
Change Net Name : Old Net Name=V_OUT_1_VOLT68 New Net Name=V_ODD68
Change Net Name : Old Net Name=V_OUT_1_VOLT69 New Net Name=V_ODD69
Change Net Name : Old Net Name=V_OUT_1_VOLT70 New Net Name=V_ODD70
Change Net Name : Old Net Name=V_OUT_1_VOLT71 New Net Name=V_ODD71
Change Net Name : Old Net Name=V_OUT_1_VOLT72 New Net Name=V_ODD72
Change Net Name : Old Net Name=V_OUT_1_VOLT73 New Net Name=V_ODD73
Change Net Name : Old Net Name=V_OUT_1_VOLT74 New Net Name=V_ODD74
Change Net Name : Old Net Name=V_OUT_1_VOLT75 New Net Name=V_ODD75
Change Net Name : Old Net Name=V_OUT_1_VOLT76 New Net Name=V_ODD76
Change Net Name : Old Net Name=V_OUT_1_VOLT77 New Net Name=V_ODD77
Change Net Name : Old Net Name=V_OUT_1_VOLT78 New Net Name=V_ODD78
Change Net Name : Old Net Name=V_OUT_1_VOLT79 New Net Name=V_ODD79
Change Net Name : Old Net Name=V_OUT_1_VOLT80 New Net Name=V_ODD80
Change Net Name : Old Net Name=V_OUT_1_VOLT81 New Net Name=V_ODD81
Change Net Name : Old Net Name=V_OUT_1_VOLT82 New Net Name=V_ODD82
Change Net Name : Old Net Name=V_OUT_1_VOLT83 New Net Name=V_ODD83
Change Net Name : Old Net Name=V_OUT_1_VOLT84 New Net Name=V_ODD84
Change Net Name : Old Net Name=V_OUT_1_VOLT85 New Net Name=V_ODD85
Change Net Name : Old Net Name=V_OUT_1_VOLT86 New Net Name=V_ODD86
Change Net Name : Old Net Name=V_OUT_1_VOLT87 New Net Name=V_ODD87
Change Net Name : Old Net Name=V_OUT_1_VOLT88 New Net Name=V_ODD88
Change Net Name : Old Net Name=V_OUT_1_VOLT89 New Net Name=V_ODD89
Change Net Name : Old Net Name=V_OUT_1_VOLT90 New Net Name=V_ODD90
Change Net Name : Old Net Name=V_OUT_1_VOLT91 New Net Name=V_ODD91
Change Net Name : Old Net Name=V_OUT_1_VOLT92 New Net Name=V_ODD92
Change Net Name : Old Net Name=V_OUT_1_VOLT93 New Net Name=V_ODD93
Change Net Name : Old Net Name=V_OUT_1_VOLT94 New Net Name=V_ODD94
Change Net Name : Old Net Name=V_OUT_1_VOLT95 New Net Name=V_ODD95
Change Net Name : Old Net Name=V_OUT_1_VOLT96 New Net Name=V_ODD96
Change Net Name : Old Net Name=V_OUT_1_VOLT97 New Net Name=V_ODD97
Change Net Name : Old Net Name=V_OUT_1_VOLT98 New Net Name=V_ODD98
Change Net Name : Old Net Name=V_OUT_1_VOLT99 New Net Name=V_ODD99
Change Net Name : Old Net Name=V_OUT_1_VOLT100 New Net Name=V_ODD100
Change Net Name : Old Net Name=V_OUT_1_VOLT101 New Net Name=V_ODD101
Change Net Name : Old Net Name=V_OUT_1_VOLT102 New Net Name=V_ODD102
Change Net Name : Old Net Name=V_OUT_1_VOLT103 New Net Name=V_ODD103
Change Net Name : Old Net Name=V_OUT_1_VOLT104 New Net Name=V_ODD104
Change Net Name : Old Net Name=V_OUT_1_VOLT105 New Net Name=V_ODD105
Change Net Name : Old Net Name=V_OUT_1_VOLT106 New Net Name=V_ODD106
Change Net Name : Old Net Name=V_OUT_1_VOLT107 New Net Name=V_ODD107
Change Net Name : Old Net Name=V_OUT_1_VOLT108 New Net Name=V_ODD108
Change Net Name : Old Net Name=V_OUT_1_VOLT109 New Net Name=V_ODD109
Change Net Name : Old Net Name=V_OUT_1_VOLT110 New Net Name=V_ODD110
Change Net Name : Old Net Name=V_OUT_1_VOLT111 New Net Name=V_ODD111
Change Net Name : Old Net Name=V_OUT_1_VOLT112 New Net Name=V_ODD112
Change Net Name : Old Net Name=V_OUT_1_VOLT113 New Net Name=V_ODD113
Change Net Name : Old Net Name=V_OUT_1_VOLT114 New Net Name=V_ODD114
Change Net Name : Old Net Name=V_OUT_1_VOLT115 New Net Name=V_ODD115
Change Net Name : Old Net Name=V_OUT_1_VOLT116 New Net Name=V_ODD116
Change Net Name : Old Net Name=V_OUT_1_VOLT117 New Net Name=V_ODD117
Change Net Name : Old Net Name=V_OUT_1_VOLT118 New Net Name=V_ODD118
Change Net Name : Old Net Name=V_OUT_1_VOLT119 New Net Name=V_ODD119
Change Net Name : Old Net Name=V_OUT_1_VOLT120 New Net Name=V_ODD120
Change Net Name : Old Net Name=V_OUT_1_VOLT121 New Net Name=V_ODD121
Change Net Name : Old Net Name=V_OUT_1_VOLT122 New Net Name=V_ODD122
Change Net Name : Old Net Name=V_OUT_1_VOLT123 New Net Name=V_ODD123
Change Net Name : Old Net Name=V_OUT_1_VOLT124 New Net Name=V_ODD124
Change Net Name : Old Net Name=V_OUT_1_VOLT125 New Net Name=V_ODD125
Change Net Name : Old Net Name=V_OUT_1_VOLT126 New Net Name=V_ODD126
Change Net Name : Old Net Name=V_OUT_1_VOLT127 New Net Name=V_ODD127
Change Net Name : Old Net Name=V_OUT_1_VOLT128 New Net Name=V_ODD128
Change Net Name : Old Net Name=V_OUT_1_VOLT129 New Net Name=V_ODD129
Change Net Name : Old Net Name=V_OUT_1_VOLT130 New Net Name=V_ODD130
Change Net Name : Old Net Name=V_OUT_1_VOLT131 New Net Name=V_ODD131
Change Net Name : Old Net Name=V_OUT_1_VOLT132 New Net Name=V_ODD132
Change Net Name : Old Net Name=V_OUT_1_VOLT133 New Net Name=V_ODD133
Change Net Name : Old Net Name=V_OUT_1_VOLT134 New Net Name=V_ODD134
Change Net Name : Old Net Name=V_OUT_1_VOLT135 New Net Name=V_ODD135
Change Net Name : Old Net Name=V_OUT_1_VOLT136 New Net Name=V_ODD136
Change Net Name : Old Net Name=V_OUT_1_VOLT137 New Net Name=V_ODD137
Change Net Name : Old Net Name=V_OUT_1_VOLT138 New Net Name=V_ODD138
Change Net Name : Old Net Name=V_OUT_1_VOLT139 New Net Name=V_ODD139
Change Net Name : Old Net Name=V_OUT_1_VOLT140 New Net Name=V_ODD140
Change Net Name : Old Net Name=V_OUT_1_VOLT141 New Net Name=V_ODD141
Change Net Name : Old Net Name=V_OUT_1_VOLT142 New Net Name=V_ODD142
Change Net Name : Old Net Name=V_OUT_1_VOLT143 New Net Name=V_ODD143
Change Net Name : Old Net Name=V_OUT_1_VOLT144 New Net Name=V_ODD144
Change Net Name : Old Net Name=V_OUT_1_VOLT145 New Net Name=V_ODD145
Change Net Name : Old Net Name=V_OUT_1_VOLT146 New Net Name=V_ODD146
Change Net Name : Old Net Name=V_OUT_1_VOLT147 New Net Name=V_ODD147
Change Net Name : Old Net Name=V_OUT_1_VOLT148 New Net Name=V_ODD148
Change Net Name : Old Net Name=V_OUT_1_VOLT149 New Net Name=V_ODD149
Change Net Name : Old Net Name=V_OUT_1_VOLT150 New Net Name=V_ODD150
Added Member To Class: ClassName=V_EVEN[150..1] Member=Element[5]: V_EVEN
Added Member To Class: ClassName=V_EVEN[150..1] Member=Element[6]: V_EVEN
Added Member To Class: ClassName=V_EVEN[150..1] Member=Element[7]: V_EVEN
Added Member To Class: ClassName=V_EVEN[150..1] Member=Element[8]: V_EVEN
Added Member To Class: ClassName=V_EVEN[150..1] Member=Element[9]: V_EVEN
Added Member To Class: ClassName=V_EVEN[150..1] Member=Element[10]: V_EVEN
Added Member To Class: ClassName=V_EVEN[150..1] Member=Element[11]: V_EVEN
Added Member To Class: ClassName=V_EVEN[150..1] Member=Element[12]: V_EVEN
Added Member To Class: ClassName=V_EVEN[150..1] Member=Element[13]: V_EVEN
Added Member To Class: ClassName=V_EVEN[150..1] Member=Element[14]: V_EVEN
Added Member To Class: ClassName=V_EVEN[150..1] Member=Element[15]: V_EVEN
Added Member To Class: ClassName=V_EVEN[150..1] Member=Element[16]: V_EVEN
Added Member To Class: ClassName=V_EVEN[150..1] Member=Element[17]: V_EVEN
Added Member To Class: ClassName=V_EVEN[150..1] Member=Element[18]: V_EVEN
Added Member To Class: ClassName=V_EVEN[150..1] Member=Element[19]: V_EVEN
Added Member To Class: ClassName=V_EVEN[150..1] Member=Element[20]: V_EVEN
Added Member To Class: ClassName=V_EVEN[150..1] Member=Element[21]: V_EVEN
Added Member To Class: ClassName=V_EVEN[150..1] Member=Element[22]: V_EVEN
Added Member To Class: ClassName=V_EVEN[150..1] Member=Element[23]: V_EVEN
Added Member To Class: ClassName=V_EVEN[150..1] Member=Element[24]: V_EVEN
Added Member To Class: ClassName=V_EVEN[150..1] Member=Element[25]: V_EVEN
Added Member To Class: ClassName=V_EVEN[150..1] Member=Element[26]: V_EVEN
Added Member To Class: ClassName=V_EVEN[150..1] Member=Element[27]: V_EVEN
Added Member To Class: ClassName=V_EVEN[150..1] Member=Element[28]: V_EVEN
Added Member To Class: ClassName=V_EVEN[150..1] Member=Element[29]: V_EVEN
Added Member To Class: ClassName=V_EVEN[150..1] Member=Element[30]: V_EVEN
Added Member To Class: ClassName=V_EVEN[150..1] Member=Element[31]: V_EVEN
Added Member To Class: ClassName=V_EVEN[150..1] Member=Element[32]: V_EVEN
Added Member To Class: ClassName=V_EVEN[150..1] Member=Element[33]: V_EVEN
Added Member To Class: ClassName=V_EVEN[150..1] Member=Element[34]: V_EVEN
Added Member To Class: ClassName=V_EVEN[150..1] Member=Element[35]: V_EVEN
Added Member To Class: ClassName=V_EVEN[150..1] Member=Element[36]: V_EVEN
Added Member To Class: ClassName=V_EVEN[150..1] Member=Element[37]: V_EVEN
Added Member To Class: ClassName=V_EVEN[150..1] Member=Element[38]: V_EVEN
Added Member To Class: ClassName=V_EVEN[150..1] Member=Element[39]: V_EVEN
Added Member To Class: ClassName=V_EVEN[150..1] Member=Element[40]: V_EVEN
Added Member To Class: ClassName=V_EVEN[150..1] Member=Element[41]: V_EVEN
Added Member To Class: ClassName=V_EVEN[150..1] Member=Element[42]: V_EVEN
Added Member To Class: ClassName=V_EVEN[150..1] Member=Element[43]: V_EVEN
Added Member To Class: ClassName=V_EVEN[150..1] Member=Element[44]: V_EVEN
Added Member To Class: ClassName=V_EVEN[150..1] Member=Element[45]: V_EVEN
Added Member To Class: ClassName=V_EVEN[150..1] Member=Element[46]: V_EVEN
Added Member To Class: ClassName=V_EVEN[150..1] Member=Element[47]: V_EVEN
Added Member To Class: ClassName=V_EVEN[150..1] Member=Element[48]: V_EVEN
Added Member To Class: ClassName=V_EVEN[150..1] Member=Element[49]: V_EVEN
Added Member To Class: ClassName=V_EVEN[150..1] Member=Element[50]: V_EVEN
Added Member To Class: ClassName=V_EVEN[150..1] Member=Element[51]: V_EVEN
Added Member To Class: ClassName=V_EVEN[150..1] Member=Element[52]: V_EVEN
Added Member To Class: ClassName=V_EVEN[150..1] Member=Element[53]: V_EVEN
Added Member To Class: ClassName=V_EVEN[150..1] Member=Element[54]: V_EVEN
Added Member To Class: ClassName=V_EVEN[150..1] Member=Element[55]: V_EVEN
Added Member To Class: ClassName=V_EVEN[150..1] Member=Element[56]: V_EVEN
Added Member To Class: ClassName=V_EVEN[150..1] Member=Element[57]: V_EVEN
Added Member To Class: ClassName=V_EVEN[150..1] Member=Element[58]: V_EVEN
Added Member To Class: ClassName=V_EVEN[150..1] Member=Element[59]: V_EVEN
Added Member To Class: ClassName=V_EVEN[150..1] Member=Element[60]: V_EVEN
Added Member To Class: ClassName=V_EVEN[150..1] Member=Element[61]: V_EVEN
Added Member To Class: ClassName=V_EVEN[150..1] Member=Element[62]: V_EVEN
Added Member To Class: ClassName=V_EVEN[150..1] Member=Element[63]: V_EVEN
Added Member To Class: ClassName=V_EVEN[150..1] Member=Element[64]: V_EVEN
Added Member To Class: ClassName=V_EVEN[150..1] Member=Element[65]: V_EVEN
Added Member To Class: ClassName=V_EVEN[150..1] Member=Element[66]: V_EVEN
Added Member To Class: ClassName=V_EVEN[150..1] Member=Element[67]: V_EVEN
Added Member To Class: ClassName=V_EVEN[150..1] Member=Element[68]: V_EVEN
Added Member To Class: ClassName=V_EVEN[150..1] Member=Element[69]: V_EVEN
Added Member To Class: ClassName=V_EVEN[150..1] Member=Element[70]: V_EVEN
Added Member To Class: ClassName=V_EVEN[150..1] Member=Element[71]: V_EVEN
Added Member To Class: ClassName=V_EVEN[150..1] Member=Element[72]: V_EVEN
Added Member To Class: ClassName=V_EVEN[150..1] Member=Element[73]: V_EVEN
Added Member To Class: ClassName=V_EVEN[150..1] Member=Element[74]: V_EVEN
Added Member To Class: ClassName=V_EVEN[150..1] Member=Element[75]: V_EVEN
Added Member To Class: ClassName=V_EVEN[150..1] Member=Element[76]: V_EVEN
Added Member To Class: ClassName=V_EVEN[150..1] Member=Element[77]: V_EVEN
Added Member To Class: ClassName=V_EVEN[150..1] Member=Element[78]: V_EVEN
Added Member To Class: ClassName=V_EVEN[150..1] Member=Element[79]: V_EVEN
Added Member To Class: ClassName=V_EVEN[150..1] Member=Element[80]: V_EVEN
Added Member To Class: ClassName=V_EVEN[150..1] Member=Element[81]: V_EVEN
Added Member To Class: ClassName=V_EVEN[150..1] Member=Element[82]: V_EVEN
Added Member To Class: ClassName=V_EVEN[150..1] Member=Element[83]: V_EVEN
Added Member To Class: ClassName=V_EVEN[150..1] Member=Element[84]: V_EVEN
Added Member To Class: ClassName=V_EVEN[150..1] Member=Element[85]: V_EVEN
Added Member To Class: ClassName=V_EVEN[150..1] Member=Element[86]: V_EVEN
Added Member To Class: ClassName=V_EVEN[150..1] Member=Element[87]: V_EVEN
Added Member To Class: ClassName=V_EVEN[150..1] Member=Element[88]: V_EVEN
Added Member To Class: ClassName=V_EVEN[150..1] Member=Element[89]: V_EVEN
Added Member To Class: ClassName=V_EVEN[150..1] Member=Element[90]: V_EVEN
Added Member To Class: ClassName=V_EVEN[150..1] Member=Element[91]: V_EVEN
Added Member To Class: ClassName=V_EVEN[150..1] Member=Element[92]: V_EVEN
Added Member To Class: ClassName=V_EVEN[150..1] Member=Element[93]: V_EVEN
Added Member To Class: ClassName=V_EVEN[150..1] Member=Element[94]: V_EVEN
Added Member To Class: ClassName=V_EVEN[150..1] Member=Element[95]: V_EVEN
Added Member To Class: ClassName=V_EVEN[150..1] Member=Element[96]: V_EVEN
Added Member To Class: ClassName=V_EVEN[150..1] Member=Element[97]: V_EVEN
Added Member To Class: ClassName=V_EVEN[150..1] Member=Element[98]: V_EVEN
Added Member To Class: ClassName=V_EVEN[150..1] Member=Element[99]: V_EVEN
Added Member To Class: ClassName=V_EVEN[150..1] Member=Element[100]: V_EVEN
Added Member To Class: ClassName=V_EVEN[150..1] Member=Element[101]: V_EVEN
Added Member To Class: ClassName=V_EVEN[150..1] Member=Element[102]: V_EVEN
Added Member To Class: ClassName=V_EVEN[150..1] Member=Element[103]: V_EVEN
Added Member To Class: ClassName=V_EVEN[150..1] Member=Element[104]: V_EVEN
Added Member To Class: ClassName=V_EVEN[150..1] Member=Element[105]: V_EVEN
Added Member To Class: ClassName=V_EVEN[150..1] Member=Element[106]: V_EVEN
Added Member To Class: ClassName=V_EVEN[150..1] Member=Element[107]: V_EVEN
Added Member To Class: ClassName=V_EVEN[150..1] Member=Element[108]: V_EVEN
Added Member To Class: ClassName=V_EVEN[150..1] Member=Element[109]: V_EVEN
Added Member To Class: ClassName=V_EVEN[150..1] Member=Element[110]: V_EVEN
Added Member To Class: ClassName=V_EVEN[150..1] Member=Element[111]: V_EVEN
Added Member To Class: ClassName=V_EVEN[150..1] Member=Element[112]: V_EVEN
Added Member To Class: ClassName=V_EVEN[150..1] Member=Element[113]: V_EVEN
Added Member To Class: ClassName=V_EVEN[150..1] Member=Element[114]: V_EVEN
Added Member To Class: ClassName=V_EVEN[150..1] Member=Element[115]: V_EVEN
Added Member To Class: ClassName=V_EVEN[150..1] Member=Element[116]: V_EVEN
Added Member To Class: ClassName=V_EVEN[150..1] Member=Element[117]: V_EVEN
Added Member To Class: ClassName=V_EVEN[150..1] Member=Element[118]: V_EVEN
Added Member To Class: ClassName=V_EVEN[150..1] Member=Element[119]: V_EVEN
Added Member To Class: ClassName=V_EVEN[150..1] Member=Element[120]: V_EVEN
Added Member To Class: ClassName=V_EVEN[150..1] Member=Element[121]: V_EVEN
Added Member To Class: ClassName=V_EVEN[150..1] Member=Element[122]: V_EVEN
Added Member To Class: ClassName=V_EVEN[150..1] Member=Element[123]: V_EVEN
Added Member To Class: ClassName=V_EVEN[150..1] Member=Element[124]: V_EVEN
Added Member To Class: ClassName=V_EVEN[150..1] Member=Element[125]: V_EVEN
Added Member To Class: ClassName=V_EVEN[150..1] Member=Element[126]: V_EVEN
Added Member To Class: ClassName=V_EVEN[150..1] Member=Element[127]: V_EVEN
Added Member To Class: ClassName=V_EVEN[150..1] Member=Element[128]: V_EVEN
Added Member To Class: ClassName=V_EVEN[150..1] Member=Element[129]: V_EVEN
Added Member To Class: ClassName=V_EVEN[150..1] Member=Element[130]: V_EVEN
Added Member To Class: ClassName=V_EVEN[150..1] Member=Element[131]: V_EVEN
Added Member To Class: ClassName=V_EVEN[150..1] Member=Element[132]: V_EVEN
Added Member To Class: ClassName=V_EVEN[150..1] Member=Element[133]: V_EVEN
Added Member To Class: ClassName=V_EVEN[150..1] Member=Element[134]: V_EVEN
Added Member To Class: ClassName=V_EVEN[150..1] Member=Element[135]: V_EVEN
Added Member To Class: ClassName=V_EVEN[150..1] Member=Element[136]: V_EVEN
Added Member To Class: ClassName=V_EVEN[150..1] Member=Element[137]: V_EVEN
Added Member To Class: ClassName=V_EVEN[150..1] Member=Element[138]: V_EVEN
Added Member To Class: ClassName=V_EVEN[150..1] Member=Element[139]: V_EVEN
Added Member To Class: ClassName=V_EVEN[150..1] Member=Element[140]: V_EVEN
Added Member To Class: ClassName=V_EVEN[150..1] Member=Element[141]: V_EVEN
Added Member To Class: ClassName=V_EVEN[150..1] Member=Element[142]: V_EVEN
Added Member To Class: ClassName=V_EVEN[150..1] Member=Element[143]: V_EVEN
Added Member To Class: ClassName=V_EVEN[150..1] Member=Element[144]: V_EVEN
Added Member To Class: ClassName=V_EVEN[150..1] Member=Element[145]: V_EVEN
Added Member To Class: ClassName=V_EVEN[150..1] Member=Element[146]: V_EVEN
Added Member To Class: ClassName=V_EVEN[150..1] Member=Element[147]: V_EVEN
Added Member To Class: ClassName=V_EVEN[150..1] Member=Element[148]: V_EVEN
Added Member To Class: ClassName=V_EVEN[150..1] Member=Element[149]: V_EVEN
Added Member To Class: ClassName=V_EVEN[150..1] Member=Element[150]: V_EVEN
Added Member To Class: ClassName=V_ODD[150..1] Member=Element[5]: V_ODD
Added Member To Class: ClassName=V_ODD[150..1] Member=Element[6]: V_ODD
Added Member To Class: ClassName=V_ODD[150..1] Member=Element[7]: V_ODD
Added Member To Class: ClassName=V_ODD[150..1] Member=Element[8]: V_ODD
Added Member To Class: ClassName=V_ODD[150..1] Member=Element[9]: V_ODD
Added Member To Class: ClassName=V_ODD[150..1] Member=Element[10]: V_ODD
Added Member To Class: ClassName=V_ODD[150..1] Member=Element[11]: V_ODD
Added Member To Class: ClassName=V_ODD[150..1] Member=Element[12]: V_ODD
Added Member To Class: ClassName=V_ODD[150..1] Member=Element[13]: V_ODD
Added Member To Class: ClassName=V_ODD[150..1] Member=Element[14]: V_ODD
Added Member To Class: ClassName=V_ODD[150..1] Member=Element[15]: V_ODD
Added Member To Class: ClassName=V_ODD[150..1] Member=Element[16]: V_ODD
Added Member To Class: ClassName=V_ODD[150..1] Member=Element[17]: V_ODD
Added Member To Class: ClassName=V_ODD[150..1] Member=Element[18]: V_ODD
Added Member To Class: ClassName=V_ODD[150..1] Member=Element[19]: V_ODD
Added Member To Class: ClassName=V_ODD[150..1] Member=Element[20]: V_ODD
Added Member To Class: ClassName=V_ODD[150..1] Member=Element[21]: V_ODD
Added Member To Class: ClassName=V_ODD[150..1] Member=Element[22]: V_ODD
Added Member To Class: ClassName=V_ODD[150..1] Member=Element[23]: V_ODD
Added Member To Class: ClassName=V_ODD[150..1] Member=Element[24]: V_ODD
Added Member To Class: ClassName=V_ODD[150..1] Member=Element[25]: V_ODD
Added Member To Class: ClassName=V_ODD[150..1] Member=Element[26]: V_ODD
Added Member To Class: ClassName=V_ODD[150..1] Member=Element[27]: V_ODD
Added Member To Class: ClassName=V_ODD[150..1] Member=Element[28]: V_ODD
Added Member To Class: ClassName=V_ODD[150..1] Member=Element[29]: V_ODD
Added Member To Class: ClassName=V_ODD[150..1] Member=Element[30]: V_ODD
Added Member To Class: ClassName=V_ODD[150..1] Member=Element[31]: V_ODD
Added Member To Class: ClassName=V_ODD[150..1] Member=Element[32]: V_ODD
Added Member To Class: ClassName=V_ODD[150..1] Member=Element[33]: V_ODD
Added Member To Class: ClassName=V_ODD[150..1] Member=Element[34]: V_ODD
Added Member To Class: ClassName=V_ODD[150..1] Member=Element[35]: V_ODD
Added Member To Class: ClassName=V_ODD[150..1] Member=Element[36]: V_ODD
Added Member To Class: ClassName=V_ODD[150..1] Member=Element[37]: V_ODD
Added Member To Class: ClassName=V_ODD[150..1] Member=Element[38]: V_ODD
Added Member To Class: ClassName=V_ODD[150..1] Member=Element[39]: V_ODD
Added Member To Class: ClassName=V_ODD[150..1] Member=Element[40]: V_ODD
Added Member To Class: ClassName=V_ODD[150..1] Member=Element[41]: V_ODD
Added Member To Class: ClassName=V_ODD[150..1] Member=Element[42]: V_ODD
Added Member To Class: ClassName=V_ODD[150..1] Member=Element[43]: V_ODD
Added Member To Class: ClassName=V_ODD[150..1] Member=Element[44]: V_ODD
Added Member To Class: ClassName=V_ODD[150..1] Member=Element[45]: V_ODD
Added Member To Class: ClassName=V_ODD[150..1] Member=Element[46]: V_ODD
Added Member To Class: ClassName=V_ODD[150..1] Member=Element[47]: V_ODD
Added Member To Class: ClassName=V_ODD[150..1] Member=Element[48]: V_ODD
Added Member To Class: ClassName=V_ODD[150..1] Member=Element[49]: V_ODD
Added Member To Class: ClassName=V_ODD[150..1] Member=Element[50]: V_ODD
Added Member To Class: ClassName=V_ODD[150..1] Member=Element[51]: V_ODD
Added Member To Class: ClassName=V_ODD[150..1] Member=Element[52]: V_ODD
Added Member To Class: ClassName=V_ODD[150..1] Member=Element[53]: V_ODD
Added Member To Class: ClassName=V_ODD[150..1] Member=Element[54]: V_ODD
Added Member To Class: ClassName=V_ODD[150..1] Member=Element[55]: V_ODD
Added Member To Class: ClassName=V_ODD[150..1] Member=Element[56]: V_ODD
Added Member To Class: ClassName=V_ODD[150..1] Member=Element[57]: V_ODD
Added Member To Class: ClassName=V_ODD[150..1] Member=Element[58]: V_ODD
Added Member To Class: ClassName=V_ODD[150..1] Member=Element[59]: V_ODD
Added Member To Class: ClassName=V_ODD[150..1] Member=Element[60]: V_ODD
Added Member To Class: ClassName=V_ODD[150..1] Member=Element[61]: V_ODD
Added Member To Class: ClassName=V_ODD[150..1] Member=Element[62]: V_ODD
Added Member To Class: ClassName=V_ODD[150..1] Member=Element[63]: V_ODD
Added Member To Class: ClassName=V_ODD[150..1] Member=Element[64]: V_ODD
Added Member To Class: ClassName=V_ODD[150..1] Member=Element[65]: V_ODD
Added Member To Class: ClassName=V_ODD[150..1] Member=Element[66]: V_ODD
Added Member To Class: ClassName=V_ODD[150..1] Member=Element[67]: V_ODD
Added Member To Class: ClassName=V_ODD[150..1] Member=Element[68]: V_ODD
Added Member To Class: ClassName=V_ODD[150..1] Member=Element[69]: V_ODD
Added Member To Class: ClassName=V_ODD[150..1] Member=Element[70]: V_ODD
Added Member To Class: ClassName=V_ODD[150..1] Member=Element[71]: V_ODD
Added Member To Class: ClassName=V_ODD[150..1] Member=Element[72]: V_ODD
Added Member To Class: ClassName=V_ODD[150..1] Member=Element[73]: V_ODD
Added Member To Class: ClassName=V_ODD[150..1] Member=Element[74]: V_ODD
Added Member To Class: ClassName=V_ODD[150..1] Member=Element[75]: V_ODD
Added Member To Class: ClassName=V_ODD[150..1] Member=Element[76]: V_ODD
Added Member To Class: ClassName=V_ODD[150..1] Member=Element[77]: V_ODD
Added Member To Class: ClassName=V_ODD[150..1] Member=Element[78]: V_ODD
Added Member To Class: ClassName=V_ODD[150..1] Member=Element[79]: V_ODD
Added Member To Class: ClassName=V_ODD[150..1] Member=Element[80]: V_ODD
Added Member To Class: ClassName=V_ODD[150..1] Member=Element[81]: V_ODD
Added Member To Class: ClassName=V_ODD[150..1] Member=Element[82]: V_ODD
Added Member To Class: ClassName=V_ODD[150..1] Member=Element[83]: V_ODD
Added Member To Class: ClassName=V_ODD[150..1] Member=Element[84]: V_ODD
Added Member To Class: ClassName=V_ODD[150..1] Member=Element[85]: V_ODD
Added Member To Class: ClassName=V_ODD[150..1] Member=Element[86]: V_ODD
Added Member To Class: ClassName=V_ODD[150..1] Member=Element[87]: V_ODD
Added Member To Class: ClassName=V_ODD[150..1] Member=Element[88]: V_ODD
Added Member To Class: ClassName=V_ODD[150..1] Member=Element[89]: V_ODD
Added Member To Class: ClassName=V_ODD[150..1] Member=Element[90]: V_ODD
Added Member To Class: ClassName=V_ODD[150..1] Member=Element[91]: V_ODD
Added Member To Class: ClassName=V_ODD[150..1] Member=Element[92]: V_ODD
Added Member To Class: ClassName=V_ODD[150..1] Member=Element[93]: V_ODD
Added Member To Class: ClassName=V_ODD[150..1] Member=Element[94]: V_ODD
Added Member To Class: ClassName=V_ODD[150..1] Member=Element[95]: V_ODD
Added Member To Class: ClassName=V_ODD[150..1] Member=Element[96]: V_ODD
Added Member To Class: ClassName=V_ODD[150..1] Member=Element[97]: V_ODD
Added Member To Class: ClassName=V_ODD[150..1] Member=Element[98]: V_ODD
Added Member To Class: ClassName=V_ODD[150..1] Member=Element[99]: V_ODD
Added Member To Class: ClassName=V_ODD[150..1] Member=Element[100]: V_ODD
Added Member To Class: ClassName=V_ODD[150..1] Member=Element[101]: V_ODD
Added Member To Class: ClassName=V_ODD[150..1] Member=Element[102]: V_ODD
Added Member To Class: ClassName=V_ODD[150..1] Member=Element[103]: V_ODD
Added Member To Class: ClassName=V_ODD[150..1] Member=Element[104]: V_ODD
Added Member To Class: ClassName=V_ODD[150..1] Member=Element[105]: V_ODD
Added Member To Class: ClassName=V_ODD[150..1] Member=Element[106]: V_ODD
Added Member To Class: ClassName=V_ODD[150..1] Member=Element[107]: V_ODD
Added Member To Class: ClassName=V_ODD[150..1] Member=Element[108]: V_ODD
Added Member To Class: ClassName=V_ODD[150..1] Member=Element[109]: V_ODD
Added Member To Class: ClassName=V_ODD[150..1] Member=Element[110]: V_ODD
Added Member To Class: ClassName=V_ODD[150..1] Member=Element[111]: V_ODD
Added Member To Class: ClassName=V_ODD[150..1] Member=Element[112]: V_ODD
Added Member To Class: ClassName=V_ODD[150..1] Member=Element[113]: V_ODD
Added Member To Class: ClassName=V_ODD[150..1] Member=Element[114]: V_ODD
Added Member To Class: ClassName=V_ODD[150..1] Member=Element[115]: V_ODD
Added Member To Class: ClassName=V_ODD[150..1] Member=Element[116]: V_ODD
Added Member To Class: ClassName=V_ODD[150..1] Member=Element[117]: V_ODD
Added Member To Class: ClassName=V_ODD[150..1] Member=Element[118]: V_ODD
Added Member To Class: ClassName=V_ODD[150..1] Member=Element[119]: V_ODD
Added Member To Class: ClassName=V_ODD[150..1] Member=Element[120]: V_ODD
Added Member To Class: ClassName=V_ODD[150..1] Member=Element[121]: V_ODD
Added Member To Class: ClassName=V_ODD[150..1] Member=Element[122]: V_ODD
Added Member To Class: ClassName=V_ODD[150..1] Member=Element[123]: V_ODD
Added Member To Class: ClassName=V_ODD[150..1] Member=Element[124]: V_ODD
Added Member To Class: ClassName=V_ODD[150..1] Member=Element[125]: V_ODD
Added Member To Class: ClassName=V_ODD[150..1] Member=Element[126]: V_ODD
Added Member To Class: ClassName=V_ODD[150..1] Member=Element[127]: V_ODD
Added Member To Class: ClassName=V_ODD[150..1] Member=Element[128]: V_ODD
Added Member To Class: ClassName=V_ODD[150..1] Member=Element[129]: V_ODD
Added Member To Class: ClassName=V_ODD[150..1] Member=Element[130]: V_ODD
Added Member To Class: ClassName=V_ODD[150..1] Member=Element[131]: V_ODD
Added Member To Class: ClassName=V_ODD[150..1] Member=Element[132]: V_ODD
Added Member To Class: ClassName=V_ODD[150..1] Member=Element[133]: V_ODD
Added Member To Class: ClassName=V_ODD[150..1] Member=Element[134]: V_ODD
Added Member To Class: ClassName=V_ODD[150..1] Member=Element[135]: V_ODD
Added Member To Class: ClassName=V_ODD[150..1] Member=Element[136]: V_ODD
Added Member To Class: ClassName=V_ODD[150..1] Member=Element[137]: V_ODD
Added Member To Class: ClassName=V_ODD[150..1] Member=Element[138]: V_ODD
Added Member To Class: ClassName=V_ODD[150..1] Member=Element[139]: V_ODD
Added Member To Class: ClassName=V_ODD[150..1] Member=Element[140]: V_ODD
Added Member To Class: ClassName=V_ODD[150..1] Member=Element[141]: V_ODD
Added Member To Class: ClassName=V_ODD[150..1] Member=Element[142]: V_ODD
Added Member To Class: ClassName=V_ODD[150..1] Member=Element[143]: V_ODD
Added Member To Class: ClassName=V_ODD[150..1] Member=Element[144]: V_ODD
Added Member To Class: ClassName=V_ODD[150..1] Member=Element[145]: V_ODD
Added Member To Class: ClassName=V_ODD[150..1] Member=Element[146]: V_ODD
Added Member To Class: ClassName=V_ODD[150..1] Member=Element[147]: V_ODD
Added Member To Class: ClassName=V_ODD[150..1] Member=Element[148]: V_ODD
Added Member To Class: ClassName=V_ODD[150..1] Member=Element[149]: V_ODD
Added Member To Class: ClassName=V_ODD[150..1] Member=Element[150]: V_ODD
