Removed Member From Class: ClassName=IO4 Member=C1_IO1
Removed Member From Class: ClassName=IO2 Member=C1_IO3
Removed Member From Class: ClassName=POWER2 Member=C2_POWER3
Removed Member From Class: ClassName=POWER1 Member=C2_POWER4
Removed Member From Class: ClassName=POWER2 Member=C3_POWER3
Removed Member From Class: ClassName=POWER1 Member=C3_POWER4
Removed Member From Class: ClassName=POWER4 Member=C4_POWER1
Removed Member From Class: ClassName=POWER2 Member=C4_POWER3
Removed Member From Class: ClassName=POWER4 Member=C5_POWER1
Removed Member From Class: ClassName=POWER3 Member=C5_POWER2
Removed Member From Class: ClassName=POWER4 Member=C6_POWER1
Removed Member From Class: ClassName=POWER3 Member=C6_POWER2
Removed Member From Class: ClassName=POWER3 Member=C7_POWER2
Removed Member From Class: ClassName=POWER1 Member=C7_POWER4
Removed Member From Class: ClassName=POWER3 Member=C9_POWER2
Removed Member From Class: ClassName=POWER1 Member=C9_POWER4
Removed Member From Class: ClassName=POWER4 Member=C10_POWER1
Removed Member From Class: ClassName=POWER2 Member=C10_POWER3
Removed Member From Class: ClassName=POWER2 Member=C11_POWER3
Removed Member From Class: ClassName=POWER1 Member=C11_POWER4
Removed Member From Class: ClassName=POWER4 Member=C12_POWER1
Removed Member From Class: ClassName=POWER2 Member=C12_POWER3
Removed Member From Class: ClassName=POWER4 Member=C13_POWER1
Removed Member From Class: ClassName=POWER3 Member=C13_POWER2
Removed Member From Class: ClassName=POWER4 Member=C15_POWER1
Removed Member From Class: ClassName=POWER3 Member=C15_POWER2
Removed Member From Class: ClassName=POWER4 Member=C16_POWER1
Removed Member From Class: ClassName=POWER3 Member=C16_POWER2
Removed Member From Class: ClassName=POWER4 Member=C17_POWER1
Removed Member From Class: ClassName=POWER3 Member=C17_POWER2
Removed Member From Class: ClassName=POWER3 Member=C23_POWER2
Removed Member From Class: ClassName=POWER1 Member=C23_POWER4
Removed Member From Class: ClassName=POWER4 Member=C24_POWER1
Removed Member From Class: ClassName=POWER3 Member=C24_POWER2
Removed Member From Class: ClassName=POWER3 Member=C45_POWER2
Removed Member From Class: ClassName=POWER1 Member=C45_POWER4
Removed Member From Class: ClassName=POWER2 Member=C46_POWER3
Removed Member From Class: ClassName=POWER1 Member=C46_POWER4
Removed Member From Class: ClassName=POWER4 Member=C47_POWER1
Removed Member From Class: ClassName=POWER2 Member=C47_POWER3
Removed Member From Class: ClassName=POWER2 Member=C48_POWER3
Removed Member From Class: ClassName=POWER1 Member=C48_POWER4
Removed Member From Class: ClassName=POWER3 Member=C49_POWER2
Removed Member From Class: ClassName=POWER1 Member=C49_POWER4
Removed Member From Class: ClassName=POWER4 Member=C51_POWER1
Removed Member From Class: ClassName=POWER2 Member=C51_POWER3
Removed Member From Class: ClassName=POWER2 Member=C52_POWER3
Removed Member From Class: ClassName=POWER1 Member=C52_POWER4
Removed Member From Class: ClassName=POWER4 Member=C53_POWER1
Removed Member From Class: ClassName=POWER2 Member=C53_POWER3
Removed Member From Class: ClassName=POWER4 Member=C54_POWER1
Removed Member From Class: ClassName=POWER3 Member=C54_POWER2
Removed Member From Class: ClassName=POWER4 Member=C55_POWER1
Removed Member From Class: ClassName=POWER3 Member=C55_POWER2
Removed Member From Class: ClassName=POWER3 Member=C56_POWER2
Removed Member From Class: ClassName=POWER1 Member=C56_POWER4
Removed Member From Class: ClassName=POWER3 Member=C57_POWER2
Removed Member From Class: ClassName=POWER1 Member=C57_POWER4
Removed Member From Class: ClassName=POWER4 Member=C58_POWER1
Removed Member From Class: ClassName=POWER2 Member=C58_POWER3
Removed Member From Class: ClassName=POWER4 Member=C59_POWER1
Removed Member From Class: ClassName=POWER2 Member=C59_POWER3
Removed Member From Class: ClassName=POWER2 Member=C60_POWER3
Removed Member From Class: ClassName=POWER1 Member=C60_POWER4
Removed Member From Class: ClassName=POWER4 Member=C61_POWER1
Removed Member From Class: ClassName=POWER3 Member=C61_POWER2
Removed Member From Class: ClassName=POWER4 Member=C62_POWER1
Removed Member From Class: ClassName=POWER3 Member=C62_POWER2
Removed Member From Class: ClassName=POWER3 Member=C64_POWER2
Removed Member From Class: ClassName=POWER1 Member=C64_POWER4
Removed Member From Class: ClassName=POWER4 Member=C65_POWER1
Removed Member From Class: ClassName=POWER3 Member=C65_POWER2
Removed Member From Class: ClassName=POWER2 Member=C66_POWER3
Removed Member From Class: ClassName=POWER1 Member=C66_POWER4
Removed Member From Class: ClassName=POWER4 Member=C67_POWER1
Removed Member From Class: ClassName=POWER2 Member=C67_POWER3
Removed Member From Class: ClassName=POWER4 Member=C68_POWER1
Removed Member From Class: ClassName=POWER2 Member=C68_POWER3
Removed Member From Class: ClassName=POWER4 Member=C69_POWER1
Removed Member From Class: ClassName=POWER3 Member=C69_POWER2
Removed Member From Class: ClassName=POWER4 Member=C70_POWER1
Removed Member From Class: ClassName=POWER3 Member=C70_POWER2
Removed Member From Class: ClassName=POWER3 Member=C71_POWER2
Removed Member From Class: ClassName=POWER1 Member=C71_POWER4
Removed Member From Class: ClassName=POWER3 Member=C72_POWER2
Removed Member From Class: ClassName=POWER1 Member=C72_POWER4
Removed Member From Class: ClassName=IO4 Member=D1_IO1
Removed Member From Class: ClassName=IO2 Member=D1_IO3
Removed Member From Class: ClassName=IO3 Member=D2_IO2
Removed Member From Class: ClassName=IO1 Member=D2_IO4
Removed Member From Class: ClassName=POWER4 Member=L1_POWER1
Removed Member From Class: ClassName=POWER2 Member=L1_POWER3
Removed Member From Class: ClassName=POWER2 Member=L2_POWER3
Removed Member From Class: ClassName=POWER1 Member=L2_POWER4
Removed Member From Class: ClassName=POWER4 Member=L3_POWER1
Removed Member From Class: ClassName=POWER2 Member=L3_POWER3
Removed Member From Class: ClassName=IO1 Member=P1_IO4
Removed Member From Class: ClassName=IO3 Member=R1_IO2
Removed Member From Class: ClassName=IO1 Member=R1_IO4
Removed Member From Class: ClassName=IO4 Member=R2_IO1
Removed Member From Class: ClassName=IO2 Member=R2_IO3
Removed Member From Class: ClassName=IO3 Member=R3_IO2
Removed Member From Class: ClassName=IO1 Member=R3_IO4
Removed Member From Class: ClassName=IO4 Member=R4_IO1
Removed Member From Class: ClassName=IO2 Member=R4_IO3
Removed Member From Class: ClassName=IO3 Member=R5_IO2
Removed Member From Class: ClassName=IO1 Member=R5_IO4
Removed Member From Class: ClassName=IO4 Member=R6_IO1
Removed Member From Class: ClassName=IO2 Member=R6_IO3
Removed Member From Class: ClassName=IO4 Member=R7_IO1
Removed Member From Class: ClassName=IO3 Member=R7_IO2
Removed Member From Class: ClassName=IO4 Member=R8_IO1
Removed Member From Class: ClassName=IO2 Member=R8_IO3
Removed Member From Class: ClassName=IO4 Member=R13_IO1
Removed Member From Class: ClassName=IO2 Member=R13_IO3
Removed Member From Class: ClassName=IO4 Member=R14_IO1
Removed Member From Class: ClassName=IO3 Member=R14_IO2
Removed Member From Class: ClassName=IO4 Member=R20_IO1
Removed Member From Class: ClassName=IO2 Member=R20_IO3
Removed Member From Class: ClassName=IO4 Member=R21_IO1
Removed Member From Class: ClassName=IO3 Member=R21_IO2
Removed Member From Class: ClassName=IO4 Member=U1_IO1
Removed Member From Class: ClassName=IO3 Member=U1_IO2
Added Component: Designator=P1_IO1(10M04SCE144C8G)
Add component. Clean all parameters for all variants
Add component (AddParameter): Name = "Mfr"; Value = "Intel / Altera"; VariantName = "[No Variations]"
Add component (AddParameter): Name = "Mfr Part No"; Value = "10M04SCE144C8G"; VariantName = "[No Variations]"
Add component (AddParameter): Name = "Package"; Value = "EQFP144"; VariantName = "[No Variations]"
Add component (AddParameter): Name = "Price"; Value = "11.52"; VariantName = "[No Variations]"
Add component (AddParameter): Name = "Stockiest"; Value = "MOUSER"; VariantName = "[No Variations]"
Add component (AddParameter): Name = "Stockiest Part No"; Value = "989-10M04SCE144C8G"; VariantName = "[No Variations]"
Add component (AddParameter): Name = "Value"; Value = ""; VariantName = "[No Variations]"
Added Component: Designator=P1_IO2(10M04SCE144C8G)
Add component. Clean all parameters for all variants
Add component (AddParameter): Name = "Mfr"; Value = "Intel / Altera"; VariantName = "[No Variations]"
Add component (AddParameter): Name = "Mfr Part No"; Value = "10M04SCE144C8G"; VariantName = "[No Variations]"
Add component (AddParameter): Name = "Package"; Value = "EQFP144"; VariantName = "[No Variations]"
Add component (AddParameter): Name = "Price"; Value = "11.52"; VariantName = "[No Variations]"
Add component (AddParameter): Name = "Stockiest"; Value = "MOUSER"; VariantName = "[No Variations]"
Add component (AddParameter): Name = "Stockiest Part No"; Value = "989-10M04SCE144C8G"; VariantName = "[No Variations]"
Add component (AddParameter): Name = "Value"; Value = ""; VariantName = "[No Variations]"
Added Component: Designator=P1_IO3(10M04SCE144C8G)
Add component. Clean all parameters for all variants
Add component (AddParameter): Name = "Mfr"; Value = "Intel / Altera"; VariantName = "[No Variations]"
Add component (AddParameter): Name = "Mfr Part No"; Value = "10M04SCE144C8G"; VariantName = "[No Variations]"
Add component (AddParameter): Name = "Package"; Value = "EQFP144"; VariantName = "[No Variations]"
Add component (AddParameter): Name = "Price"; Value = "11.52"; VariantName = "[No Variations]"
Add component (AddParameter): Name = "Stockiest"; Value = "MOUSER"; VariantName = "[No Variations]"
Add component (AddParameter): Name = "Stockiest Part No"; Value = "989-10M04SCE144C8G"; VariantName = "[No Variations]"
Add component (AddParameter): Name = "Value"; Value = ""; VariantName = "[No Variations]"
Added Pin To Net: NetName=VCC_ONE Pin=P1_IO1-1
Added Pin To Net: NetName=VCC_A Pin=P1_IO1-2
Added Pin To Net: NetName=GND Pin=P1_IO1-3
Added Pin To Net: NetName=GND Pin=P1_IO1-4
Added Pin To Net: NetName=VCC_A Pin=P1_IO1-5
Added Pin To Net: NetName=VIN76 Pin=P1_IO1-6
Added Pin To Net: NetName=VIN77 Pin=P1_IO1-7
Added Pin To Net: NetName=VIN78 Pin=P1_IO1-8
Added Pin To Net: NetName=VCC_IO Pin=P1_IO1-9
Added Pin To Net: NetName=VIN79 Pin=P1_IO1-10
Added Pin To Net: NetName=VIN80 Pin=P1_IO1-11
Added Pin To Net: NetName=VIN81 Pin=P1_IO1-12
Added Pin To Net: NetName=VIN82 Pin=P1_IO1-13
Added Pin To Net: NetName=VIN83 Pin=P1_IO1-14
Added Pin To Net: NetName=NetP1_IO1_15 Pin=P1_IO1-15
Added Pin To Net: NetName=TMS Pin=P1_IO1-16
Added Pin To Net: NetName=BANK_EN0 Pin=P1_IO1-17
Added Pin To Net: NetName=TCK Pin=P1_IO1-18
Added Pin To Net: NetName=TDI Pin=P1_IO1-19
Added Pin To Net: NetName=TDI_IO2 Pin=P1_IO1-20
Added Pin To Net: NetName=VIN84 Pin=P1_IO1-21
Added Pin To Net: NetName=VIN85 Pin=P1_IO1-22
Added Pin To Net: NetName=VCC_IO Pin=P1_IO1-23
Added Pin To Net: NetName=VIN86 Pin=P1_IO1-24
Added Pin To Net: NetName=VIN87 Pin=P1_IO1-25
Added Pin To Net: NetName=XSIG Pin=P1_IO1-26
Added Pin To Net: NetName=X_25M_IO1 Pin=P1_IO1-27
Added Pin To Net: NetName=VIN145 Pin=P1_IO1-28
Added Pin To Net: NetName=VIN146 Pin=P1_IO1-29
Added Pin To Net: NetName=BANK_EN1 Pin=P1_IO1-30
Added Pin To Net: NetName=VCC_IO Pin=P1_IO1-31
Added Pin To Net: NetName=LED0_IO1 Pin=P1_IO1-32
Added Pin To Net: NetName=LED1_IO1 Pin=P1_IO1-33
Added Pin To Net: NetName=VCC_A Pin=P1_IO1-34
Added Pin To Net: NetName=VCC_A Pin=P1_IO1-35
Added Pin To Net: NetName=VCC_ONE Pin=P1_IO1-36
Added Pin To Net: NetName=VCC_ONE Pin=P1_IO1-37
Added Pin To Net: NetName=VIN88 Pin=P1_IO1-38
Added Pin To Net: NetName=VIN89 Pin=P1_IO1-39
Added Pin To Net: NetName=VCC_IO Pin=P1_IO1-40
Added Pin To Net: NetName=VIN90 Pin=P1_IO1-41
Added Pin To Net: NetName=GND Pin=P1_IO1-42
Added Pin To Net: NetName=VIN91 Pin=P1_IO1-43
Added Pin To Net: NetName=VIN92 Pin=P1_IO1-44
Added Pin To Net: NetName=VIN93 Pin=P1_IO1-45
Added Pin To Net: NetName=VIN94 Pin=P1_IO1-46
Added Pin To Net: NetName=VIN95 Pin=P1_IO1-47
Added Pin To Net: NetName=BANK_EN2_IO1 Pin=P1_IO1-48
Added Pin To Net: NetName=VCC_IO Pin=P1_IO1-49
Added Pin To Net: NetName=VIN96 Pin=P1_IO1-50
Added Pin To Net: NetName=VCC_ONE Pin=P1_IO1-51
Added Pin To Net: NetName=VIN97 Pin=P1_IO1-52
Added Pin To Net: NetName=GND Pin=P1_IO1-53
Added Pin To Net: NetName=VIN98 Pin=P1_IO1-54
Added Pin To Net: NetName=VIN99 Pin=P1_IO1-55
Added Pin To Net: NetName=VIN100 Pin=P1_IO1-56
Added Pin To Net: NetName=VIN101 Pin=P1_IO1-57
Added Pin To Net: NetName=VIN102 Pin=P1_IO1-58
Added Pin To Net: NetName=VIN103 Pin=P1_IO1-59
Added Pin To Net: NetName=VIN104 Pin=P1_IO1-60
Added Pin To Net: NetName=CMD_INT Pin=P1_IO1-61
Added Pin To Net: NetName=VIN105 Pin=P1_IO1-62
Added Pin To Net: NetName=GND Pin=P1_IO1-63
Added Pin To Net: NetName=VIN106 Pin=P1_IO1-64
Added Pin To Net: NetName=VIN107 Pin=P1_IO1-65
Added Pin To Net: NetName=VIN108 Pin=P1_IO1-66
Added Pin To Net: NetName=VCC_IO Pin=P1_IO1-67
Added Pin To Net: NetName=GND Pin=P1_IO1-68
Added Pin To Net: NetName=VIN109 Pin=P1_IO1-69
Added Pin To Net: NetName=VIN110 Pin=P1_IO1-70
Added Pin To Net: NetName=VCC_A Pin=P1_IO1-71
Added Pin To Net: NetName=VCC_ONE Pin=P1_IO1-72
Added Pin To Net: NetName=VCC_ONE Pin=P1_IO1-73
Added Pin To Net: NetName=VIN112 Pin=P1_IO1-74
Added Pin To Net: NetName=VIN111 Pin=P1_IO1-75
Added Pin To Net: NetName=VIN114 Pin=P1_IO1-76
Added Pin To Net: NetName=VIN113 Pin=P1_IO1-77
Added Pin To Net: NetName=VIN116 Pin=P1_IO1-78
Added Pin To Net: NetName=VIN115 Pin=P1_IO1-79
Added Pin To Net: NetName=SDA Pin=P1_IO1-80
Added Pin To Net: NetName=VIN117 Pin=P1_IO1-81
Added Pin To Net: NetName=VCC_IO Pin=P1_IO1-82
Added Pin To Net: NetName=GND Pin=P1_IO1-83
Added Pin To Net: NetName=VIN120 Pin=P1_IO1-84
Added Pin To Net: NetName=VIN118 Pin=P1_IO1-85
Added Pin To Net: NetName=VIN121 Pin=P1_IO1-86
Added Pin To Net: NetName=VIN119 Pin=P1_IO1-87
Added Pin To Net: NetName=VIN147 Pin=P1_IO1-88
Added Pin To Net: NetName=VIN148 Pin=P1_IO1-89
Added Pin To Net: NetName=VIN149 Pin=P1_IO1-90
Added Pin To Net: NetName=VIN150 Pin=P1_IO1-91
Added Pin To Net: NetName=VIN122 Pin=P1_IO1-92
Added Pin To Net: NetName=VIN123 Pin=P1_IO1-93
Added Pin To Net: NetName=VCC_IO Pin=P1_IO1-94
Added Pin To Net: NetName=GND Pin=P1_IO1-95
Added Pin To Net: NetName=CMD_TX1 Pin=P1_IO1-96
Added Pin To Net: NetName=SCL Pin=P1_IO1-97
Added Pin To Net: NetName=CMD_RX Pin=P1_IO1-98
Added Pin To Net: NetName=VIN124 Pin=P1_IO1-99
Added Pin To Net: NetName=VIN125 Pin=P1_IO1-100
Added Pin To Net: NetName=VIN126 Pin=P1_IO1-101
Added Pin To Net: NetName=VIN127 Pin=P1_IO1-102
Added Pin To Net: NetName=VCC_IO Pin=P1_IO1-103
Added Pin To Net: NetName=GND Pin=P1_IO1-104
Added Pin To Net: NetName=VIN128 Pin=P1_IO1-105
Added Pin To Net: NetName=VIN129 Pin=P1_IO1-106
Added Pin To Net: NetName=VCC_A Pin=P1_IO1-107
Added Pin To Net: NetName=VCC_ONE Pin=P1_IO1-108
Added Pin To Net: NetName=VCC_ONE Pin=P1_IO1-109
Added Pin To Net: NetName=VIN130 Pin=P1_IO1-110
Added Pin To Net: NetName=VIN131 Pin=P1_IO1-111
Added Pin To Net: NetName=IDA0 Pin=P1_IO1-112
Added Pin To Net: NetName=VIN132 Pin=P1_IO1-113
Added Pin To Net: NetName=VIN133 Pin=P1_IO1-114
Added Pin To Net: NetName=VCC_ONE Pin=P1_IO1-115
Added Pin To Net: NetName=GND Pin=P1_IO1-116
Added Pin To Net: NetName=VCC_IO Pin=P1_IO1-117
Added Pin To Net: NetName=VIN134 Pin=P1_IO1-118
Added Pin To Net: NetName=VIN135 Pin=P1_IO1-119
Added Pin To Net: NetName=VIN136 Pin=P1_IO1-120
Added Pin To Net: NetName=NetP1_IO1_121 Pin=P1_IO1-121
Added Pin To Net: NetName=NetP1_IO1_122 Pin=P1_IO1-122
Added Pin To Net: NetName=IDA1 Pin=P1_IO1-123
Added Pin To Net: NetName=VIN137 Pin=P1_IO1-124
Added Pin To Net: NetName=GND Pin=P1_IO1-125
Added Pin To Net: NetName=NetP1_IO1_126 Pin=P1_IO1-126
Added Pin To Net: NetName=VIN138 Pin=P1_IO1-127
Added Pin To Net: NetName=VCC_IO Pin=P1_IO1-128
Added Pin To Net: NetName=NetP1_IO1_129 Pin=P1_IO1-129
Added Pin To Net: NetName=VIN139 Pin=P1_IO1-130
Added Pin To Net: NetName=VIN140 Pin=P1_IO1-131
Added Pin To Net: NetName=VIN141 Pin=P1_IO1-132
Added Pin To Net: NetName=GND Pin=P1_IO1-133
Added Pin To Net: NetName=NetP1_IO1_134 Pin=P1_IO1-134
Added Pin To Net: NetName=VIN142 Pin=P1_IO1-135
Added Pin To Net: NetName=NetP1_IO1_136 Pin=P1_IO1-136
Added Pin To Net: NetName=GND Pin=P1_IO1-137
Added Pin To Net: NetName=NetP1_IO1_138 Pin=P1_IO1-138
Added Pin To Net: NetName=VCC_IO Pin=P1_IO1-139
Added Pin To Net: NetName=VIN143 Pin=P1_IO1-140
Added Pin To Net: NetName=VIN144 Pin=P1_IO1-141
Added Pin To Net: NetName=GND Pin=P1_IO1-142
Added Pin To Net: NetName=VCC_A Pin=P1_IO1-143
Added Pin To Net: NetName=VCC_ONE Pin=P1_IO1-144
Added Pin To Net: NetName=VCC_ONE Pin=P1_IO2-1
Added Pin To Net: NetName=VCC_A Pin=P1_IO2-2
Added Pin To Net: NetName=GND Pin=P1_IO2-3
Added Pin To Net: NetName=GND Pin=P1_IO2-4
Added Pin To Net: NetName=VCC_A Pin=P1_IO2-5
Added Pin To Net: NetName=VIN76 Pin=P1_IO2-6
Added Pin To Net: NetName=VIN77 Pin=P1_IO2-7
Added Pin To Net: NetName=VIN78 Pin=P1_IO2-8
Added Pin To Net: NetName=VCC_IO Pin=P1_IO2-9
Added Pin To Net: NetName=VIN79 Pin=P1_IO2-10
Added Pin To Net: NetName=VIN80 Pin=P1_IO2-11
Added Pin To Net: NetName=VIN81 Pin=P1_IO2-12
Added Pin To Net: NetName=VIN82 Pin=P1_IO2-13
Added Pin To Net: NetName=VIN83 Pin=P1_IO2-14
Added Pin To Net: NetName=NetP1_IO2_15 Pin=P1_IO2-15
Added Pin To Net: NetName=TMS Pin=P1_IO2-16
Added Pin To Net: NetName=BANK_EN0_IO2 Pin=P1_IO2-17
Added Pin To Net: NetName=TCK Pin=P1_IO2-18
Added Pin To Net: NetName=TDI_IO2 Pin=P1_IO2-19
Added Pin To Net: NetName=TDI_IO3 Pin=P1_IO2-20
Added Pin To Net: NetName=VIN84 Pin=P1_IO2-21
Added Pin To Net: NetName=VIN85 Pin=P1_IO2-22
Added Pin To Net: NetName=VCC_IO Pin=P1_IO2-23
Added Pin To Net: NetName=VIN86 Pin=P1_IO2-24
Added Pin To Net: NetName=VIN87 Pin=P1_IO2-25
Added Pin To Net: NetName=XSIG Pin=P1_IO2-26
Added Pin To Net: NetName=X_25M_IO2 Pin=P1_IO2-27
Added Pin To Net: NetName=VIN145 Pin=P1_IO2-28
Added Pin To Net: NetName=VIN146 Pin=P1_IO2-29
Added Pin To Net: NetName=BANK_EN1_IO2 Pin=P1_IO2-30
Added Pin To Net: NetName=VCC_IO Pin=P1_IO2-31
Added Pin To Net: NetName=LED0_IO2 Pin=P1_IO2-32
Added Pin To Net: NetName=LED1_IO2 Pin=P1_IO2-33
Added Pin To Net: NetName=VCC_A Pin=P1_IO2-34
Added Pin To Net: NetName=VCC_A Pin=P1_IO2-35
Added Pin To Net: NetName=VCC_ONE Pin=P1_IO2-36
Added Pin To Net: NetName=VCC_ONE Pin=P1_IO2-37
Added Pin To Net: NetName=VIN88 Pin=P1_IO2-38
Added Pin To Net: NetName=VIN89 Pin=P1_IO2-39
Added Pin To Net: NetName=VCC_IO Pin=P1_IO2-40
Added Pin To Net: NetName=VIN90 Pin=P1_IO2-41
Added Pin To Net: NetName=GND Pin=P1_IO2-42
Added Pin To Net: NetName=VIN91 Pin=P1_IO2-43
Added Pin To Net: NetName=VIN92 Pin=P1_IO2-44
Added Pin To Net: NetName=VIN93 Pin=P1_IO2-45
Added Pin To Net: NetName=VIN94 Pin=P1_IO2-46
Added Pin To Net: NetName=VIN95 Pin=P1_IO2-47
Added Pin To Net: NetName=BANK_EN2_IO2 Pin=P1_IO2-48
Added Pin To Net: NetName=VCC_IO Pin=P1_IO2-49
Added Pin To Net: NetName=VIN96 Pin=P1_IO2-50
Added Pin To Net: NetName=VCC_ONE Pin=P1_IO2-51
Added Pin To Net: NetName=VIN97 Pin=P1_IO2-52
Added Pin To Net: NetName=GND Pin=P1_IO2-53
Added Pin To Net: NetName=VIN98 Pin=P1_IO2-54
Added Pin To Net: NetName=VIN99 Pin=P1_IO2-55
Added Pin To Net: NetName=VIN100 Pin=P1_IO2-56
Added Pin To Net: NetName=VIN101 Pin=P1_IO2-57
Added Pin To Net: NetName=VIN102 Pin=P1_IO2-58
Added Pin To Net: NetName=VIN103 Pin=P1_IO2-59
Added Pin To Net: NetName=VIN104 Pin=P1_IO2-60
Added Pin To Net: NetName=CMD_INT Pin=P1_IO2-61
Added Pin To Net: NetName=VIN105 Pin=P1_IO2-62
Added Pin To Net: NetName=GND Pin=P1_IO2-63
Added Pin To Net: NetName=VIN106 Pin=P1_IO2-64
Added Pin To Net: NetName=VIN107 Pin=P1_IO2-65
Added Pin To Net: NetName=VIN108 Pin=P1_IO2-66
Added Pin To Net: NetName=VCC_IO Pin=P1_IO2-67
Added Pin To Net: NetName=GND Pin=P1_IO2-68
Added Pin To Net: NetName=VIN109 Pin=P1_IO2-69
Added Pin To Net: NetName=VIN110 Pin=P1_IO2-70
Added Pin To Net: NetName=VCC_A Pin=P1_IO2-71
Added Pin To Net: NetName=VCC_ONE Pin=P1_IO2-72
Added Pin To Net: NetName=VCC_ONE Pin=P1_IO2-73
Added Pin To Net: NetName=VIN112 Pin=P1_IO2-74
Added Pin To Net: NetName=VIN111 Pin=P1_IO2-75
Added Pin To Net: NetName=VIN114 Pin=P1_IO2-76
Added Pin To Net: NetName=VIN113 Pin=P1_IO2-77
Added Pin To Net: NetName=VIN116 Pin=P1_IO2-78
Added Pin To Net: NetName=VIN115 Pin=P1_IO2-79
Added Pin To Net: NetName=SDA_IO2 Pin=P1_IO2-80
Added Pin To Net: NetName=VIN117 Pin=P1_IO2-81
Added Pin To Net: NetName=VCC_IO Pin=P1_IO2-82
Added Pin To Net: NetName=GND Pin=P1_IO2-83
Added Pin To Net: NetName=VIN120 Pin=P1_IO2-84
Added Pin To Net: NetName=VIN118 Pin=P1_IO2-85
Added Pin To Net: NetName=VIN121 Pin=P1_IO2-86
Added Pin To Net: NetName=VIN119 Pin=P1_IO2-87
Added Pin To Net: NetName=VIN147 Pin=P1_IO2-88
Added Pin To Net: NetName=VIN148 Pin=P1_IO2-89
Added Pin To Net: NetName=VIN149 Pin=P1_IO2-90
Added Pin To Net: NetName=VIN150 Pin=P1_IO2-91
Added Pin To Net: NetName=VIN122 Pin=P1_IO2-92
Added Pin To Net: NetName=VIN123 Pin=P1_IO2-93
Added Pin To Net: NetName=VCC_IO Pin=P1_IO2-94
Added Pin To Net: NetName=GND Pin=P1_IO2-95
Added Pin To Net: NetName=CMD_TX2 Pin=P1_IO2-96
Added Pin To Net: NetName=SCL_IO2 Pin=P1_IO2-97
Added Pin To Net: NetName=CMD_RX Pin=P1_IO2-98
Added Pin To Net: NetName=VIN124 Pin=P1_IO2-99
Added Pin To Net: NetName=VIN125 Pin=P1_IO2-100
Added Pin To Net: NetName=VIN126 Pin=P1_IO2-101
Added Pin To Net: NetName=VIN127 Pin=P1_IO2-102
Added Pin To Net: NetName=VCC_IO Pin=P1_IO2-103
Added Pin To Net: NetName=GND Pin=P1_IO2-104
Added Pin To Net: NetName=VIN128 Pin=P1_IO2-105
Added Pin To Net: NetName=VIN129 Pin=P1_IO2-106
Added Pin To Net: NetName=VCC_A Pin=P1_IO2-107
Added Pin To Net: NetName=VCC_ONE Pin=P1_IO2-108
Added Pin To Net: NetName=VCC_ONE Pin=P1_IO2-109
Added Pin To Net: NetName=VIN130 Pin=P1_IO2-110
Added Pin To Net: NetName=VIN131 Pin=P1_IO2-111
Added Pin To Net: NetName=IDB0 Pin=P1_IO2-112
Added Pin To Net: NetName=VIN132 Pin=P1_IO2-113
Added Pin To Net: NetName=VIN133 Pin=P1_IO2-114
Added Pin To Net: NetName=VCC_ONE Pin=P1_IO2-115
Added Pin To Net: NetName=GND Pin=P1_IO2-116
Added Pin To Net: NetName=VCC_IO Pin=P1_IO2-117
Added Pin To Net: NetName=VIN134 Pin=P1_IO2-118
Added Pin To Net: NetName=VIN135 Pin=P1_IO2-119
Added Pin To Net: NetName=VIN136 Pin=P1_IO2-120
Added Pin To Net: NetName=NetP1_IO2_121 Pin=P1_IO2-121
Added Pin To Net: NetName=NetP1_IO2_122 Pin=P1_IO2-122
Added Pin To Net: NetName=IDB1 Pin=P1_IO2-123
Added Pin To Net: NetName=VIN137 Pin=P1_IO2-124
Added Pin To Net: NetName=GND Pin=P1_IO2-125
Added Pin To Net: NetName=NetP1_IO2_126 Pin=P1_IO2-126
Added Pin To Net: NetName=VIN138 Pin=P1_IO2-127
Added Pin To Net: NetName=VCC_IO Pin=P1_IO2-128
Added Pin To Net: NetName=NetP1_IO2_129 Pin=P1_IO2-129
Added Pin To Net: NetName=VIN139 Pin=P1_IO2-130
Added Pin To Net: NetName=VIN140 Pin=P1_IO2-131
Added Pin To Net: NetName=VIN141 Pin=P1_IO2-132
Added Pin To Net: NetName=GND Pin=P1_IO2-133
Added Pin To Net: NetName=NetP1_IO2_134 Pin=P1_IO2-134
Added Pin To Net: NetName=VIN142 Pin=P1_IO2-135
Added Pin To Net: NetName=NetP1_IO2_136 Pin=P1_IO2-136
Added Pin To Net: NetName=GND Pin=P1_IO2-137
Added Pin To Net: NetName=NetP1_IO2_138 Pin=P1_IO2-138
Added Pin To Net: NetName=VCC_IO Pin=P1_IO2-139
Added Pin To Net: NetName=VIN143 Pin=P1_IO2-140
Added Pin To Net: NetName=VIN144 Pin=P1_IO2-141
Added Pin To Net: NetName=GND Pin=P1_IO2-142
Added Pin To Net: NetName=VCC_A Pin=P1_IO2-143
Added Pin To Net: NetName=VCC_ONE Pin=P1_IO2-144
Added Pin To Net: NetName=VCC_ONE Pin=P1_IO3-1
Added Pin To Net: NetName=VCC_A Pin=P1_IO3-2
Added Pin To Net: NetName=GND Pin=P1_IO3-3
Added Pin To Net: NetName=GND Pin=P1_IO3-4
Added Pin To Net: NetName=VCC_A Pin=P1_IO3-5
Added Pin To Net: NetName=VIN226 Pin=P1_IO3-6
Added Pin To Net: NetName=VIN227 Pin=P1_IO3-7
Added Pin To Net: NetName=VIN228 Pin=P1_IO3-8
Added Pin To Net: NetName=VCC_IO Pin=P1_IO3-9
Added Pin To Net: NetName=VIN229 Pin=P1_IO3-10
Added Pin To Net: NetName=VIN230 Pin=P1_IO3-11
Added Pin To Net: NetName=VIN231 Pin=P1_IO3-12
Added Pin To Net: NetName=VIN232 Pin=P1_IO3-13
Added Pin To Net: NetName=VIN233 Pin=P1_IO3-14
Added Pin To Net: NetName=NetP1_IO3_15 Pin=P1_IO3-15
Added Pin To Net: NetName=TMS Pin=P1_IO3-16
Added Pin To Net: NetName=BANK_EN0_IO3 Pin=P1_IO3-17
Added Pin To Net: NetName=TCK Pin=P1_IO3-18
Added Pin To Net: NetName=TDI_IO3 Pin=P1_IO3-19
Added Pin To Net: NetName=TDI_IO4 Pin=P1_IO3-20
Added Pin To Net: NetName=VIN234 Pin=P1_IO3-21
Added Pin To Net: NetName=VIN235 Pin=P1_IO3-22
Added Pin To Net: NetName=VCC_IO Pin=P1_IO3-23
Added Pin To Net: NetName=VIN236 Pin=P1_IO3-24
Added Pin To Net: NetName=VIN237 Pin=P1_IO3-25
Added Pin To Net: NetName=XSIG Pin=P1_IO3-26
Added Pin To Net: NetName=X_25M_IO3 Pin=P1_IO3-27
Added Pin To Net: NetName=VIN295 Pin=P1_IO3-28
Added Pin To Net: NetName=VIN296 Pin=P1_IO3-29
Added Pin To Net: NetName=BANK_EN1_IO3 Pin=P1_IO3-30
Added Pin To Net: NetName=VCC_IO Pin=P1_IO3-31
Added Pin To Net: NetName=LED0_IO3 Pin=P1_IO3-32
Added Pin To Net: NetName=LED1_IO3 Pin=P1_IO3-33
Added Pin To Net: NetName=VCC_A Pin=P1_IO3-34
Added Pin To Net: NetName=VCC_A Pin=P1_IO3-35
Added Pin To Net: NetName=VCC_ONE Pin=P1_IO3-36
Added Pin To Net: NetName=VCC_ONE Pin=P1_IO3-37
Added Pin To Net: NetName=VIN238 Pin=P1_IO3-38
Added Pin To Net: NetName=VIN239 Pin=P1_IO3-39
Added Pin To Net: NetName=VCC_IO Pin=P1_IO3-40
Added Pin To Net: NetName=VIN240 Pin=P1_IO3-41
Added Pin To Net: NetName=GND Pin=P1_IO3-42
Added Pin To Net: NetName=VIN241 Pin=P1_IO3-43
Added Pin To Net: NetName=VIN242 Pin=P1_IO3-44
Added Pin To Net: NetName=VIN243 Pin=P1_IO3-45
Added Pin To Net: NetName=VIN244 Pin=P1_IO3-46
Added Pin To Net: NetName=VIN245 Pin=P1_IO3-47
Added Pin To Net: NetName=BANK_EN2_IO3 Pin=P1_IO3-48
Added Pin To Net: NetName=VCC_IO Pin=P1_IO3-49
Added Pin To Net: NetName=VIN246 Pin=P1_IO3-50
Added Pin To Net: NetName=VCC_ONE Pin=P1_IO3-51
Added Pin To Net: NetName=VIN247 Pin=P1_IO3-52
Added Pin To Net: NetName=GND Pin=P1_IO3-53
Added Pin To Net: NetName=VIN248 Pin=P1_IO3-54
Added Pin To Net: NetName=VIN249 Pin=P1_IO3-55
Added Pin To Net: NetName=VIN250 Pin=P1_IO3-56
Added Pin To Net: NetName=VIN251 Pin=P1_IO3-57
Added Pin To Net: NetName=VIN252 Pin=P1_IO3-58
Added Pin To Net: NetName=VIN253 Pin=P1_IO3-59
Added Pin To Net: NetName=VIN254 Pin=P1_IO3-60
Added Pin To Net: NetName=CMD_INT Pin=P1_IO3-61
Added Pin To Net: NetName=VIN255 Pin=P1_IO3-62
Added Pin To Net: NetName=GND Pin=P1_IO3-63
Added Pin To Net: NetName=VIN256 Pin=P1_IO3-64
Added Pin To Net: NetName=VIN257 Pin=P1_IO3-65
Added Pin To Net: NetName=VIN258 Pin=P1_IO3-66
Added Pin To Net: NetName=VCC_IO Pin=P1_IO3-67
Added Pin To Net: NetName=GND Pin=P1_IO3-68
Added Pin To Net: NetName=VIN259 Pin=P1_IO3-69
Added Pin To Net: NetName=VIN260 Pin=P1_IO3-70
Added Pin To Net: NetName=VCC_A Pin=P1_IO3-71
Added Pin To Net: NetName=VCC_ONE Pin=P1_IO3-72
Added Pin To Net: NetName=VCC_ONE Pin=P1_IO3-73
Added Pin To Net: NetName=VIN262 Pin=P1_IO3-74
Added Pin To Net: NetName=VIN261 Pin=P1_IO3-75
Added Pin To Net: NetName=VIN264 Pin=P1_IO3-76
Added Pin To Net: NetName=VIN263 Pin=P1_IO3-77
Added Pin To Net: NetName=VIN266 Pin=P1_IO3-78
Added Pin To Net: NetName=VIN265 Pin=P1_IO3-79
Added Pin To Net: NetName=SDA_IO3 Pin=P1_IO3-80
Added Pin To Net: NetName=VIN267 Pin=P1_IO3-81
Added Pin To Net: NetName=VCC_IO Pin=P1_IO3-82
Added Pin To Net: NetName=GND Pin=P1_IO3-83
Added Pin To Net: NetName=VIN270 Pin=P1_IO3-84
Added Pin To Net: NetName=VIN268 Pin=P1_IO3-85
Added Pin To Net: NetName=VIN271 Pin=P1_IO3-86
Added Pin To Net: NetName=VIN269 Pin=P1_IO3-87
Added Pin To Net: NetName=VIN297 Pin=P1_IO3-88
Added Pin To Net: NetName=VIN298 Pin=P1_IO3-89
Added Pin To Net: NetName=VIN299 Pin=P1_IO3-90
Added Pin To Net: NetName=VIN300 Pin=P1_IO3-91
Added Pin To Net: NetName=VIN272 Pin=P1_IO3-92
Added Pin To Net: NetName=VIN273 Pin=P1_IO3-93
Added Pin To Net: NetName=VCC_IO Pin=P1_IO3-94
Added Pin To Net: NetName=GND Pin=P1_IO3-95
Added Pin To Net: NetName=CMD_TX3 Pin=P1_IO3-96
Added Pin To Net: NetName=SCL_IO3 Pin=P1_IO3-97
Added Pin To Net: NetName=CMD_RX Pin=P1_IO3-98
Added Pin To Net: NetName=VIN274 Pin=P1_IO3-99
Added Pin To Net: NetName=VIN275 Pin=P1_IO3-100
Added Pin To Net: NetName=VIN276 Pin=P1_IO3-101
Added Pin To Net: NetName=VIN277 Pin=P1_IO3-102
Added Pin To Net: NetName=VCC_IO Pin=P1_IO3-103
Added Pin To Net: NetName=GND Pin=P1_IO3-104
Added Pin To Net: NetName=VIN278 Pin=P1_IO3-105
Added Pin To Net: NetName=VIN279 Pin=P1_IO3-106
Added Pin To Net: NetName=VCC_A Pin=P1_IO3-107
Added Pin To Net: NetName=VCC_ONE Pin=P1_IO3-108
Added Pin To Net: NetName=VCC_ONE Pin=P1_IO3-109
Added Pin To Net: NetName=VIN280 Pin=P1_IO3-110
Added Pin To Net: NetName=VIN281 Pin=P1_IO3-111
Added Pin To Net: NetName=IDC0 Pin=P1_IO3-112
Added Pin To Net: NetName=VIN282 Pin=P1_IO3-113
Added Pin To Net: NetName=VIN283 Pin=P1_IO3-114
Added Pin To Net: NetName=VCC_ONE Pin=P1_IO3-115
Added Pin To Net: NetName=GND Pin=P1_IO3-116
Added Pin To Net: NetName=VCC_IO Pin=P1_IO3-117
Added Pin To Net: NetName=VIN284 Pin=P1_IO3-118
Added Pin To Net: NetName=VIN285 Pin=P1_IO3-119
Added Pin To Net: NetName=VIN286 Pin=P1_IO3-120
Added Pin To Net: NetName=NetP1_IO3_121 Pin=P1_IO3-121
Added Pin To Net: NetName=NetP1_IO3_122 Pin=P1_IO3-122
Added Pin To Net: NetName=IDC1 Pin=P1_IO3-123
Added Pin To Net: NetName=VIN287 Pin=P1_IO3-124
Added Pin To Net: NetName=GND Pin=P1_IO3-125
Added Pin To Net: NetName=NetP1_IO3_126 Pin=P1_IO3-126
Added Pin To Net: NetName=VIN288 Pin=P1_IO3-127
Added Pin To Net: NetName=VCC_IO Pin=P1_IO3-128
Added Pin To Net: NetName=NetP1_IO3_129 Pin=P1_IO3-129
Added Pin To Net: NetName=VIN289 Pin=P1_IO3-130
Added Pin To Net: NetName=VIN290 Pin=P1_IO3-131
Added Pin To Net: NetName=VIN291 Pin=P1_IO3-132
Added Pin To Net: NetName=GND Pin=P1_IO3-133
Added Pin To Net: NetName=NetP1_IO3_134 Pin=P1_IO3-134
Added Pin To Net: NetName=VIN292 Pin=P1_IO3-135
Added Pin To Net: NetName=NetP1_IO3_136 Pin=P1_IO3-136
Added Pin To Net: NetName=GND Pin=P1_IO3-137
Added Pin To Net: NetName=NetP1_IO3_138 Pin=P1_IO3-138
Added Pin To Net: NetName=VCC_IO Pin=P1_IO3-139
Added Pin To Net: NetName=VIN293 Pin=P1_IO3-140
Added Pin To Net: NetName=VIN294 Pin=P1_IO3-141
Added Pin To Net: NetName=GND Pin=P1_IO3-142
Added Pin To Net: NetName=VCC_A Pin=P1_IO3-143
Added Pin To Net: NetName=VCC_ONE Pin=P1_IO3-144
Added Member To Class: ClassName=IO2 Member=Component C1_IO2 (C1) 0.1uF/16V
Added Member To Class: ClassName=IO4 Member=Component C1_IO4 (C1) 0.1uF/16V
Added Member To Class: ClassName=POWER1 Member=Component C2_POWER1 (C2) 0.01uF/16V
Added Member To Class: ClassName=POWER2 Member=Component C2_POWER2 (C2) 0.01uF/16V
Added Member To Class: ClassName=POWER1 Member=Component C3_POWER1 (C3) 0.01uF/16V
Added Member To Class: ClassName=POWER2 Member=Component C3_POWER2 (C3) 0.01uF/16V
Added Member To Class: ClassName=POWER2 Member=Component C4_POWER2 (C4) 0.1uF/16V
Added Member To Class: ClassName=POWER4 Member=Component C4_POWER4 (C4) 0.1uF/16V
Added Member To Class: ClassName=POWER3 Member=Component C5_POWER3 (C5) 0.1uF/16V
Added Member To Class: ClassName=POWER4 Member=Component C5_POWER4 (C5) 0.1uF/16V
Added Member To Class: ClassName=POWER3 Member=Component C6_POWER3 (C6) 0.1uF/16V
Added Member To Class: ClassName=POWER4 Member=Component C6_POWER4 (C6) 0.1uF/16V
Added Member To Class: ClassName=POWER1 Member=Component C7_POWER1 (C7) 0.47uF/16V
Added Member To Class: ClassName=POWER3 Member=Component C7_POWER3 (C7) 0.47uF/16V
Added Member To Class: ClassName=POWER1 Member=Component C9_POWER1 (C9) 0.1uF/16V
Added Member To Class: ClassName=POWER3 Member=Component C9_POWER3 (C9) 0.1uF/16V
Added Member To Class: ClassName=POWER2 Member=Component C10_POWER2 (C10) 10uF/25V
Added Member To Class: ClassName=POWER4 Member=Component C10_POWER4 (C10) 10uF/25V
Added Member To Class: ClassName=POWER1 Member=Component C11_POWER1 (C11) 22uF/10V
Added Member To Class: ClassName=POWER2 Member=Component C11_POWER2 (C11) 22uF/10V
Added Member To Class: ClassName=POWER2 Member=Component C12_POWER2 (C12) 0.1uF/16V
Added Member To Class: ClassName=POWER4 Member=Component C12_POWER4 (C12) 0.1uF/16V
Added Member To Class: ClassName=POWER3 Member=Component C13_POWER3 (C13) 0.1uF/16V
Added Member To Class: ClassName=POWER4 Member=Component C13_POWER4 (C13) 0.1uF/16V
Added Member To Class: ClassName=POWER3 Member=Component C15_POWER3 (C15) 0.1uF/16V
Added Member To Class: ClassName=POWER4 Member=Component C15_POWER4 (C15) 0.1uF/16V
Added Member To Class: ClassName=POWER3 Member=Component C16_POWER3 (C16) 0.1uF/16V
Added Member To Class: ClassName=POWER4 Member=Component C16_POWER4 (C16) 0.1uF/16V
Added Member To Class: ClassName=POWER3 Member=Component C17_POWER3 (C17) 0.1uF/16V
Added Member To Class: ClassName=POWER4 Member=Component C17_POWER4 (C17) 0.1uF/16V
Added Member To Class: ClassName=POWER1 Member=Component C23_POWER1 (C23) 0.1uF/16V
Added Member To Class: ClassName=POWER3 Member=Component C23_POWER3 (C23) 0.1uF/16V
Added Member To Class: ClassName=POWER3 Member=Component C24_POWER3 (C24) 0.1uF/16V
Added Member To Class: ClassName=POWER4 Member=Component C24_POWER4 (C24) 0.1uF/16V
Added Member To Class: ClassName=POWER1 Member=Component C45_POWER1 (C45) 0.1uF/16V
Added Member To Class: ClassName=POWER3 Member=Component C45_POWER3 (C45) 0.1uF/16V
Added Member To Class: ClassName=POWER1 Member=Component C46_POWER1 (C46) 10uF/25V
Added Member To Class: ClassName=POWER2 Member=Component C46_POWER2 (C46) 10uF/25V
Added Member To Class: ClassName=POWER2 Member=Component C47_POWER2 (C47) 0.47uF/16V
Added Member To Class: ClassName=POWER4 Member=Component C47_POWER4 (C47) 0.47uF/16V
Added Member To Class: ClassName=POWER1 Member=Component C48_POWER1 (C48) 0.1uF/16V
Added Member To Class: ClassName=POWER2 Member=Component C48_POWER2 (C48) 0.1uF/16V
Added Member To Class: ClassName=POWER1 Member=Component C49_POWER1 (C49) 0.1uF/16V
Added Member To Class: ClassName=POWER3 Member=Component C49_POWER3 (C49) 0.1uF/16V
Added Member To Class: ClassName=POWER2 Member=Component C51_POWER2 (C51) 0.1uF/16V
Added Member To Class: ClassName=POWER4 Member=Component C51_POWER4 (C51) 0.1uF/16V
Added Member To Class: ClassName=POWER1 Member=Component C52_POWER1 (C52) 0.1uF/16V
Added Member To Class: ClassName=POWER2 Member=Component C52_POWER2 (C52) 0.1uF/16V
Added Member To Class: ClassName=POWER2 Member=Component C53_POWER2 (C53) 0.01uF/16V
Added Member To Class: ClassName=POWER4 Member=Component C53_POWER4 (C53) 0.01uF/16V
Added Member To Class: ClassName=POWER3 Member=Component C54_POWER3 (C54) 0.47uF/16V
Added Member To Class: ClassName=POWER4 Member=Component C54_POWER4 (C54) 0.47uF/16V
Added Member To Class: ClassName=POWER3 Member=Component C55_POWER3 (C55) 10uF/25V
Added Member To Class: ClassName=POWER4 Member=Component C55_POWER4 (C55) 10uF/25V
Added Member To Class: ClassName=POWER1 Member=Component C56_POWER1 (C56) 22uF/10V
Added Member To Class: ClassName=POWER3 Member=Component C56_POWER3 (C56) 22uF/10V
Added Member To Class: ClassName=POWER1 Member=Component C57_POWER1 (C57) 0.1uF/16V
Added Member To Class: ClassName=POWER3 Member=Component C57_POWER3 (C57) 0.1uF/16V
Added Member To Class: ClassName=POWER2 Member=Component C58_POWER2 (C58) 0.1uF/16V
Added Member To Class: ClassName=POWER4 Member=Component C58_POWER4 (C58) 0.1uF/16V
Added Member To Class: ClassName=POWER2 Member=Component C59_POWER2 (C59) 0.1uF/16V
Added Member To Class: ClassName=POWER4 Member=Component C59_POWER4 (C59) 0.1uF/16V
Added Member To Class: ClassName=POWER1 Member=Component C60_POWER1 (C60) 0.1uF/16V
Added Member To Class: ClassName=POWER2 Member=Component C60_POWER2 (C60) 0.1uF/16V
Added Member To Class: ClassName=POWER3 Member=Component C61_POWER3 (C61) 0.1uF/16V
Added Member To Class: ClassName=POWER4 Member=Component C61_POWER4 (C61) 0.1uF/16V
Added Member To Class: ClassName=POWER3 Member=Component C62_POWER3 (C62) 0.1uF/16V
Added Member To Class: ClassName=POWER4 Member=Component C62_POWER4 (C62) 0.1uF/16V
Added Member To Class: ClassName=POWER1 Member=Component C64_POWER1 (C64) 0.1uF/16V
Added Member To Class: ClassName=POWER3 Member=Component C64_POWER3 (C64) 0.1uF/16V
Added Member To Class: ClassName=POWER3 Member=Component C65_POWER3 (C65) 0.1uF/16V
Added Member To Class: ClassName=POWER4 Member=Component C65_POWER4 (C65) 0.1uF/16V
Added Member To Class: ClassName=POWER1 Member=Component C66_POWER1 (C66) 0.1uF/16V
Added Member To Class: ClassName=POWER2 Member=Component C66_POWER2 (C66) 0.1uF/16V
Added Member To Class: ClassName=POWER2 Member=Component C67_POWER2 (C67) 0.1uF/16V
Added Member To Class: ClassName=POWER4 Member=Component C67_POWER4 (C67) 0.1uF/16V
Added Member To Class: ClassName=POWER2 Member=Component C68_POWER2 (C68) 0.47uF/16V
Added Member To Class: ClassName=POWER4 Member=Component C68_POWER4 (C68) 0.47uF/16V
Added Member To Class: ClassName=POWER3 Member=Component C69_POWER3 (C69) 10uF/25V
Added Member To Class: ClassName=POWER4 Member=Component C69_POWER4 (C69) 10uF/25V
Added Member To Class: ClassName=POWER3 Member=Component C70_POWER3 (C70) 10uF/25V
Added Member To Class: ClassName=POWER4 Member=Component C70_POWER4 (C70) 10uF/25V
Added Member To Class: ClassName=POWER1 Member=Component C71_POWER1 (C71) 22uF/10V
Added Member To Class: ClassName=POWER3 Member=Component C71_POWER3 (C71) 22uF/10V
Added Member To Class: ClassName=POWER1 Member=Component C72_POWER1 (C72) 22uF/10V
Added Member To Class: ClassName=POWER3 Member=Component C72_POWER3 (C72) 22uF/10V
Added Member To Class: ClassName=IO2 Member=Component D1_IO2 (D1) LEDR
Added Member To Class: ClassName=IO4 Member=Component D1_IO4 (D1) LEDR
Added Member To Class: ClassName=IO1 Member=Component D2_IO1 (D2) LEDR
Added Member To Class: ClassName=IO3 Member=Component D2_IO3 (D2) LEDR
Added Member To Class: ClassName=POWER2 Member=Component L1_POWER2 (L1) 100R,1A
Added Member To Class: ClassName=POWER4 Member=Component L1_POWER4 (L1) 100R,1A
Added Member To Class: ClassName=POWER1 Member=Component L2_POWER1 (L2) 100R,1A
Added Member To Class: ClassName=POWER2 Member=Component L2_POWER2 (L2) 100R,1A
Added Member To Class: ClassName=POWER2 Member=Component L3_POWER2 (L3) 100R,1A
Added Member To Class: ClassName=POWER4 Member=Component L3_POWER4 (L3) 100R,1A
Added Member To Class: ClassName=IO1 Member=Component P1_IO1 (P1A) 10M04SC E144
Added Member To Class: ClassName=IO2 Member=Component P1_IO2 (P1A) 10M04SC E144
Added Member To Class: ClassName=IO3 Member=Component P1_IO3 (P1A) 10M04SC E144
Added Member To Class: ClassName=IO1 Member=Component R1_IO1 (R1) 10K
Added Member To Class: ClassName=IO3 Member=Component R1_IO3 (R1) 10K
Added Member To Class: ClassName=IO2 Member=Component R2_IO2 (R2) 10K
Added Member To Class: ClassName=IO4 Member=Component R2_IO4 (R2) 10K
Added Member To Class: ClassName=IO1 Member=Component R3_IO1 (R3) 10K
Added Member To Class: ClassName=IO3 Member=Component R3_IO3 (R3) 10K
Added Member To Class: ClassName=IO2 Member=Component R4_IO2 (R4) 10K
Added Member To Class: ClassName=IO4 Member=Component R4_IO4 (R4) 10K
Added Member To Class: ClassName=IO1 Member=Component R5_IO1 (R5) 10K
Added Member To Class: ClassName=IO3 Member=Component R5_IO3 (R5) 10K
Added Member To Class: ClassName=IO2 Member=Component R6_IO2 (R6) 10K
Added Member To Class: ClassName=IO4 Member=Component R6_IO4 (R6) 10K
Added Member To Class: ClassName=IO3 Member=Component R7_IO3 (R7) 10K
Added Member To Class: ClassName=IO4 Member=Component R7_IO4 (R7) 10K
Added Member To Class: ClassName=IO2 Member=Component R8_IO2 (R8) 220R
Added Member To Class: ClassName=IO4 Member=Component R8_IO4 (R8) 220R
Added Member To Class: ClassName=IO2 Member=Component R13_IO2 (R13) 1K
Added Member To Class: ClassName=IO4 Member=Component R13_IO4 (R13) 1K
Added Member To Class: ClassName=IO3 Member=Component R14_IO3 (R14) 4.7K
Added Member To Class: ClassName=IO4 Member=Component R14_IO4 (R14) 4.7K
Added Member To Class: ClassName=IO2 Member=Component R20_IO2 (R20) 4.7K
Added Member To Class: ClassName=IO4 Member=Component R20_IO4 (R20) 4.7K
Added Member To Class: ClassName=IO3 Member=Component R21_IO3 (R21) 220R
Added Member To Class: ClassName=IO4 Member=Component R21_IO4 (R21) 220R
Added Member To Class: ClassName=IO3 Member=Component U1_IO3 (U1) OSC-25
Added Member To Class: ClassName=IO4 Member=Component U1_IO4 (U1) OSC-25
Added Room: Name=IO1
