Removed Pin From Net: NetName=CMD_INT Pin=J1-3
Removed Pin From Net: NetName=NetC18_1 Pin=L5-1
Removed Pin From Net: NetName=VCC_3V3 Pin=L5-2
Removed Pin From Net: NetName=ID0_IO1 Pin=P1_IO2-112
Removed Pin From Net: NetName=ID1_IO1 Pin=P1_IO2-123
Removed Pin From Net: NetName=FB Pin=R9-2
Removed Pin From Net: NetName=ID1_IO1 Pin=R31-2
Removed Pin From Net: NetName=ID0_IO1 Pin=R32-1
Removed Member From Class: ClassName=U_POWER_VOLTAGE Member=L5
Change Component Footprint: Designator=C26 Old Footprint=0603C New Footprint=1210C
Change Component Footprint: Designator=C27 Old Footprint=0603C New Footprint=1210C
Change Component Comment : Designator=R9 Old Comment=1K New Comment=10K
Change Component Comment : Designator=R19 Old Comment=7.68K New Comment=13K
Change Component Comment : Designator=R17 Old Comment=10K New Comment=20K
Change Component Comment : Designator=C26 Old Comment=22uF/10V New Comment=22uF/25V
Change Component Comment : Designator=C27 Old Comment=22uF/10V New Comment=22uF/25V
Change component parameters: Designator = "R17" ("R17"); Footprint = "0603R"; UniqueID = "\XPPYRIPU\DVHQTDDE" ("\XPPYRIPU\DVHQTDDE")
Change component parameters (AddParameter): Name = "Mfr"; Value = "KOA Speer"; VariantName = "[No Variations]"
Change component parameters (AddParameter): Name = "Mfr Part No"; Value = "RS73F1JTTD2002B"; VariantName = "[No Variations]"
Change component parameters (AddParameter): Name = "Package"; Value = "0603"; VariantName = "[No Variations]"
Change component parameters (AddParameter): Name = "Price"; Value = "0.61"; VariantName = "[No Variations]"
Change component parameters (AddParameter): Name = "Stockiest"; Value = "MOUSER"; VariantName = "[No Variations]"
Change component parameters (AddParameter): Name = "Stockiest Part No"; Value = "660-RS73F1JTTD2002B"; VariantName = "[No Variations]"
Change component parameters (AddParameter): Name = "Value"; Value = "20K"; VariantName = "[No Variations]"
Change component parameters: Designator = "R9" ("R9"); Footprint = "0603R"; UniqueID = "\XPPYRIPU\UPVOXCMS" ("\XPPYRIPU\UPVOXCMS")
Change component parameters (AddParameter): Name = "Mfr"; Value = "ROHM Semiconductor"; VariantName = "[No Variations]"
Change component parameters (AddParameter): Name = "Mfr Part No"; Value = "SFR03EZPF1002"; VariantName = "[No Variations]"
Change component parameters (AddParameter): Name = "Package"; Value = "0603"; VariantName = "[No Variations]"
Change component parameters (AddParameter): Name = "Price"; Value = "0.101"; VariantName = "[No Variations]"
Change component parameters (AddParameter): Name = "Stockiest"; Value = "MOUSER"; VariantName = "[No Variations]"
Change component parameters (AddParameter): Name = "Stockiest Part No"; Value = "755-SFR03EZPF1002"; VariantName = "[No Variations]"
Change component parameters (AddParameter): Name = "Value"; Value = "10K"; VariantName = "[No Variations]"
Change component parameters: Designator = "R19" ("R19"); Footprint = "0603R"; UniqueID = "\XPPYRIPU\PHPTPHCB" ("\XPPYRIPU\PHPTPHCB")
Change component parameters (AddParameter): Name = "Mfr"; Value = "KOA Speer"; VariantName = "[No Variations]"
Change component parameters (AddParameter): Name = "Mfr Part No"; Value = "RN73R1JTTD1302B25"; VariantName = "[No Variations]"
Change component parameters (AddParameter): Name = "Package"; Value = "0603"; VariantName = "[No Variations]"
Change component parameters (AddParameter): Name = "Price"; Value = "0.503"; VariantName = "[No Variations]"
Change component parameters (AddParameter): Name = "Stockiest"; Value = "MOUSER"; VariantName = "[No Variations]"
Change component parameters (AddParameter): Name = "Stockiest Part No"; Value = "660-RN73R1JTD1302B25"; VariantName = "[No Variations]"
Change component parameters (AddParameter): Name = "Value"; Value = "13K"; VariantName = "[No Variations]"
Change component parameters: Designator = "C26" ("C26"); Footprint = "0603C"; UniqueID = "\XPPYRIPU\UFBUDTQF" ("\XPPYRIPU\UFBUDTQF")
Change component parameters (AddParameter): Name = "Mfr"; Value = "Taiyo Yuden"; VariantName = "[No Variations]"
Change component parameters (AddParameter): Name = "Mfr Part No"; Value = "TMK325B7226MMHP"; VariantName = "[No Variations]"
Change component parameters (AddParameter): Name = "Package"; Value = "1210"; VariantName = "[No Variations]"
Change component parameters (AddParameter): Name = "Price"; Value = "0.807"; VariantName = "[No Variations]"
Change component parameters (AddParameter): Name = "Stockiest"; Value = "MOUSER"; VariantName = "[No Variations]"
Change component parameters (AddParameter): Name = "Stockiest Part No"; Value = "963-TMK325B7226MMHP"; VariantName = "[No Variations]"
Change component parameters (AddParameter): Name = "Value"; Value = "22uF/25V"; VariantName = "[No Variations]"
Change component parameters: Designator = "C27" ("C27"); Footprint = "0603C"; UniqueID = "\XPPYRIPU\TBMWDHBD" ("\XPPYRIPU\TBMWDHBD")
Change component parameters (AddParameter): Name = "Mfr"; Value = "Taiyo Yuden"; VariantName = "[No Variations]"
Change component parameters (AddParameter): Name = "Mfr Part No"; Value = "TMK325B7226MMHP"; VariantName = "[No Variations]"
Change component parameters (AddParameter): Name = "Package"; Value = "1210"; VariantName = "[No Variations]"
Change component parameters (AddParameter): Name = "Price"; Value = "0.807"; VariantName = "[No Variations]"
Change component parameters (AddParameter): Name = "Stockiest"; Value = "MOUSER"; VariantName = "[No Variations]"
Change component parameters (AddParameter): Name = "Stockiest Part No"; Value = "963-TMK325B7226MMHP"; VariantName = "[No Variations]"
Change component parameters (AddParameter): Name = "Value"; Value = "22uF/25V"; VariantName = "[No Variations]"
Added Component: Designator=C73(EEE-FN1J100L)
Add component (AddParameter): Name = "Mfr"; Value = "Panasonic"; VariantName = "[No Variations]"
Add component (AddParameter): Name = "Mfr Part No"; Value = "EEE-FN1J100L"; VariantName = "[No Variations]"
Add component (AddParameter): Name = "Package"; Value = "SMD"; VariantName = "[No Variations]"
Add component (AddParameter): Name = "Price"; Value = "0.484"; VariantName = "[No Variations]"
Add component (AddParameter): Name = "Stockiest"; Value = "MOUSER"; VariantName = "[No Variations]"
Add component (AddParameter): Name = "Stockiest Part No"; Value = "667-EEE-FN1J100L"; VariantName = "[No Variations]"
Add component (AddParameter): Name = "Value"; Value = "10uF/63V"; VariantName = "[No Variations]"
Added Component: Designator=C74(0603C)
Add component (AddParameter): Name = "Mfr"; Value = "Murata Electronics"; VariantName = "[No Variations]"
Add component (AddParameter): Name = "Mfr Part No"; Value = "GRM188R61H225ME11J"; VariantName = "[No Variations]"
Add component (AddParameter): Name = "Package"; Value = "0603"; VariantName = "[No Variations]"
Add component (AddParameter): Name = "Price"; Value = "0.333"; VariantName = "[No Variations]"
Add component (AddParameter): Name = "Stockiest"; Value = "MOUSER"; VariantName = "[No Variations]"
Add component (AddParameter): Name = "Stockiest Part No"; Value = "81-GRM188R61H225ME1J"; VariantName = "[No Variations]"
Add component (AddParameter): Name = "Value"; Value = "2.2uF/50V"; VariantName = "[No Variations]"
Added Component: Designator=C75(0603C)
Add component (AddParameter): Name = "Mfr"; Value = "Murata Electronics"; VariantName = "[No Variations]"
Add component (AddParameter): Name = "Mfr Part No"; Value = "GRM188R61H225ME11J"; VariantName = "[No Variations]"
Add component (AddParameter): Name = "Package"; Value = "0603"; VariantName = "[No Variations]"
Add component (AddParameter): Name = "Price"; Value = "0.333"; VariantName = "[No Variations]"
Add component (AddParameter): Name = "Stockiest"; Value = "MOUSER"; VariantName = "[No Variations]"
Add component (AddParameter): Name = "Stockiest Part No"; Value = "81-GRM188R61H225ME1J"; VariantName = "[No Variations]"
Add component (AddParameter): Name = "Value"; Value = "2.2uF/50V"; VariantName = "[No Variations]"
Added Component: Designator=C76(EEE-FN1J100L)
Add component (AddParameter): Name = "Mfr"; Value = "Panasonic"; VariantName = "[No Variations]"
Add component (AddParameter): Name = "Mfr Part No"; Value = "EEE-FN1J100L"; VariantName = "[No Variations]"
Add component (AddParameter): Name = "Package"; Value = "SMD"; VariantName = "[No Variations]"
Add component (AddParameter): Name = "Price"; Value = "0.484"; VariantName = "[No Variations]"
Add component (AddParameter): Name = "Stockiest"; Value = "MOUSER"; VariantName = "[No Variations]"
Add component (AddParameter): Name = "Stockiest Part No"; Value = "667-EEE-FN1J100L"; VariantName = "[No Variations]"
Add component (AddParameter): Name = "Value"; Value = "10uF/63V"; VariantName = "[No Variations]"
Added Component: Designator=C77(0603C)
Add component (AddParameter): Name = "Mfr"; Value = "Murata Electronics"; VariantName = "[No Variations]"
Add component (AddParameter): Name = "Mfr Part No"; Value = "GRM188R61H225ME11J"; VariantName = "[No Variations]"
Add component (AddParameter): Name = "Package"; Value = "0603"; VariantName = "[No Variations]"
Add component (AddParameter): Name = "Price"; Value = "0.333"; VariantName = "[No Variations]"
Add component (AddParameter): Name = "Stockiest"; Value = "MOUSER"; VariantName = "[No Variations]"
Add component (AddParameter): Name = "Stockiest Part No"; Value = "81-GRM188R61H225ME1J"; VariantName = "[No Variations]"
Add component (AddParameter): Name = "Value"; Value = "2.2uF/50V"; VariantName = "[No Variations]"
Added Component: Designator=C78(0603C)
Add component (AddParameter): Name = "Mfr"; Value = "Murata Electronics"; VariantName = "[No Variations]"
Add component (AddParameter): Name = "Mfr Part No"; Value = "GRM188R61H225ME11J"; VariantName = "[No Variations]"
Add component (AddParameter): Name = "Package"; Value = "0603"; VariantName = "[No Variations]"
Add component (AddParameter): Name = "Price"; Value = "0.333"; VariantName = "[No Variations]"
Add component (AddParameter): Name = "Stockiest"; Value = "MOUSER"; VariantName = "[No Variations]"
Add component (AddParameter): Name = "Stockiest Part No"; Value = "81-GRM188R61H225ME1J"; VariantName = "[No Variations]"
Add component (AddParameter): Name = "Value"; Value = "2.2uF/50V"; VariantName = "[No Variations]"
Added Component: Designator=C79(EEE-FN1J100L)
Add component (AddParameter): Name = "Mfr"; Value = "Panasonic"; VariantName = "[No Variations]"
Add component (AddParameter): Name = "Mfr Part No"; Value = "EEE-FN1J100L"; VariantName = "[No Variations]"
Add component (AddParameter): Name = "Package"; Value = "SMD"; VariantName = "[No Variations]"
Add component (AddParameter): Name = "Price"; Value = "0.484"; VariantName = "[No Variations]"
Add component (AddParameter): Name = "Stockiest"; Value = "MOUSER"; VariantName = "[No Variations]"
Add component (AddParameter): Name = "Stockiest Part No"; Value = "667-EEE-FN1J100L"; VariantName = "[No Variations]"
Add component (AddParameter): Name = "Value"; Value = "10uF/63V"; VariantName = "[No Variations]"
Added Component: Designator=D3(LED_0603)
Add component (AddParameter): Name = "Mfr"; Value = "Lite-On"; VariantName = "[No Variations]"
Add component (AddParameter): Name = "Mfr Part No"; Value = "LTST-C193KRKT-5A"; VariantName = "[No Variations]"
Add component (AddParameter): Name = "Package"; Value = "0603"; VariantName = "[No Variations]"
Add component (AddParameter): Name = "Price"; Value = "0.393"; VariantName = "[No Variations]"
Add component (AddParameter): Name = "Stockiest"; Value = "MOUSER"; VariantName = "[No Variations]"
Add component (AddParameter): Name = "Stockiest Part No"; Value = "859-LTSTC193KRKT5A"; VariantName = "[No Variations]"
Add component (AddParameter): Name = "Value"; Value = "RED"; VariantName = "[No Variations]"
Added Component: Designator=R35(0603R)
Add component (AddParameter): Name = "Mfr"; Value = "KOA Speer"; VariantName = "[No Variations]"
Add component (AddParameter): Name = "Mfr Part No"; Value = "RN73R1JTTD1302B25"; VariantName = "[No Variations]"
Add component (AddParameter): Name = "Package"; Value = "0603"; VariantName = "[No Variations]"
Add component (AddParameter): Name = "Price"; Value = "0.503"; VariantName = "[No Variations]"
Add component (AddParameter): Name = "Stockiest"; Value = "MOUSER"; VariantName = "[No Variations]"
Add component (AddParameter): Name = "Stockiest Part No"; Value = "660-RN73R1JTD1302B25"; VariantName = "[No Variations]"
Add component (AddParameter): Name = "Value"; Value = "13K"; VariantName = "[No Variations]"
Added Component: Designator=R36(0603R)
Add component (AddParameter): Name = "Mfr"; Value = "Panasonic"; VariantName = "[No Variations]"
Add component (AddParameter): Name = "Mfr Part No"; Value = "ERJ-PB3B4022V"; VariantName = "[No Variations]"
Add component (AddParameter): Name = "Package"; Value = "0603"; VariantName = "[No Variations]"
Add component (AddParameter): Name = "Price"; Value = "0.252"; VariantName = "[No Variations]"
Add component (AddParameter): Name = "Stockiest"; Value = "MOUSER"; VariantName = "[No Variations]"
Add component (AddParameter): Name = "Stockiest Part No"; Value = "667-ERJ-PB3B4022V"; VariantName = "[No Variations]"
Add component (AddParameter): Name = "Value"; Value = "40.2K"; VariantName = "[No Variations]"
Added Component: Designator=R37(0603R)
Add component (AddParameter): Name = "Mfr"; Value = "ROHM Semiconductor"; VariantName = "[No Variations]"
Add component (AddParameter): Name = "Mfr Part No"; Value = "SFR03EZPF1002"; VariantName = "[No Variations]"
Add component (AddParameter): Name = "Package"; Value = "0603"; VariantName = "[No Variations]"
Add component (AddParameter): Name = "Price"; Value = "0.101"; VariantName = "[No Variations]"
Add component (AddParameter): Name = "Stockiest"; Value = "MOUSER"; VariantName = "[No Variations]"
Add component (AddParameter): Name = "Stockiest Part No"; Value = "755-SFR03EZPF1002"; VariantName = "[No Variations]"
Add component (AddParameter): Name = "Value"; Value = "2K"; VariantName = "[No Variations]"
Added Component: Designator=R38(0603R)
Add component (AddParameter): Name = "Mfr"; Value = "Vishay / Dale"; VariantName = "[No Variations]"
Add component (AddParameter): Name = "Mfr Part No"; Value = "CRCW06031K00FKEAC"; VariantName = "[No Variations]"
Add component (AddParameter): Name = "Package"; Value = "0603"; VariantName = "[No Variations]"
Add component (AddParameter): Name = "Price"; Value = "0.1"; VariantName = "[No Variations]"
Add component (AddParameter): Name = "Stockiest"; Value = "MOUSER"; VariantName = "[No Variations]"
Add component (AddParameter): Name = "Stockiest Part No"; Value = "71-CRCW06031K00FKEAC"; VariantName = "[No Variations]"
Add component (AddParameter): Name = "Value"; Value = "1K"; VariantName = "[No Variations]"
Added Component: Designator=R39(0603R)
Add component (AddParameter): Name = "Mfr"; Value = "KOA Speer"; VariantName = "[No Variations]"
Add component (AddParameter): Name = "Mfr Part No"; Value = "RN73R1JTTD1302B25"; VariantName = "[No Variations]"
Add component (AddParameter): Name = "Package"; Value = "0603"; VariantName = "[No Variations]"
Add component (AddParameter): Name = "Price"; Value = "0.503"; VariantName = "[No Variations]"
Add component (AddParameter): Name = "Stockiest"; Value = "MOUSER"; VariantName = "[No Variations]"
Add component (AddParameter): Name = "Stockiest Part No"; Value = "660-RN73R1JTD1302B25"; VariantName = "[No Variations]"
Add component (AddParameter): Name = "Value"; Value = "13K"; VariantName = "[No Variations]"
Added Component: Designator=R40(0603R)
Add component (AddParameter): Name = "Mfr"; Value = "KOA Speer"; VariantName = "[No Variations]"
Add component (AddParameter): Name = "Mfr Part No"; Value = "RS73F1JTTD2002B"; VariantName = "[No Variations]"
Add component (AddParameter): Name = "Package"; Value = "0603"; VariantName = "[No Variations]"
Add component (AddParameter): Name = "Price"; Value = "0.61"; VariantName = "[No Variations]"
Add component (AddParameter): Name = "Stockiest"; Value = "MOUSER"; VariantName = "[No Variations]"
Add component (AddParameter): Name = "Stockiest Part No"; Value = "660-RS73F1JTTD2002B"; VariantName = "[No Variations]"
Add component (AddParameter): Name = "Value"; Value = "20K"; VariantName = "[No Variations]"
Added Component: Designator=R41(0603R)
Add component (AddParameter): Name = "Mfr"; Value = "KOA Speer"; VariantName = "[No Variations]"
Add component (AddParameter): Name = "Mfr Part No"; Value = "RN73R1JTTD1302B25"; VariantName = "[No Variations]"
Add component (AddParameter): Name = "Package"; Value = "0603"; VariantName = "[No Variations]"
Add component (AddParameter): Name = "Price"; Value = "0.503"; VariantName = "[No Variations]"
Add component (AddParameter): Name = "Stockiest"; Value = "MOUSER"; VariantName = "[No Variations]"
Add component (AddParameter): Name = "Stockiest Part No"; Value = "660-RN73R1JTD1302B25"; VariantName = "[No Variations]"
Add component (AddParameter): Name = "Value"; Value = "13K"; VariantName = "[No Variations]"
Added Component: Designator=R42(0603R)
Add component (AddParameter): Name = "Mfr"; Value = "Panasonic"; VariantName = "[No Variations]"
Add component (AddParameter): Name = "Mfr Part No"; Value = "ERJ-PB3B4022V"; VariantName = "[No Variations]"
Add component (AddParameter): Name = "Package"; Value = "0603"; VariantName = "[No Variations]"
Add component (AddParameter): Name = "Price"; Value = "0.252"; VariantName = "[No Variations]"
Add component (AddParameter): Name = "Stockiest"; Value = "MOUSER"; VariantName = "[No Variations]"
Add component (AddParameter): Name = "Stockiest Part No"; Value = "667-ERJ-PB3B4022V"; VariantName = "[No Variations]"
Add component (AddParameter): Name = "Value"; Value = "40.2K"; VariantName = "[No Variations]"
Added Component: Designator=R43(0603R)
Add component (AddParameter): Name = "Mfr"; Value = "Vishay / Dale"; VariantName = "[No Variations]"
Add component (AddParameter): Name = "Mfr Part No"; Value = "CRCW06031K00FKEAC"; VariantName = "[No Variations]"
Add component (AddParameter): Name = "Package"; Value = "0603"; VariantName = "[No Variations]"
Add component (AddParameter): Name = "Price"; Value = "0.1"; VariantName = "[No Variations]"
Add component (AddParameter): Name = "Stockiest"; Value = "MOUSER"; VariantName = "[No Variations]"
Add component (AddParameter): Name = "Stockiest Part No"; Value = "71-CRCW06031K00FKEAC"; VariantName = "[No Variations]"
Add component (AddParameter): Name = "Value"; Value = "1K"; VariantName = "[No Variations]"
Added Component: Designator=R44(0603R)
Add component (AddParameter): Name = "Mfr"; Value = "ROHM Semiconductor"; VariantName = "[No Variations]"
Add component (AddParameter): Name = "Mfr Part No"; Value = "SFR03EZPF1002"; VariantName = "[No Variations]"
Add component (AddParameter): Name = "Package"; Value = "0603"; VariantName = "[No Variations]"
Add component (AddParameter): Name = "Price"; Value = "0.101"; VariantName = "[No Variations]"
Add component (AddParameter): Name = "Stockiest"; Value = "MOUSER"; VariantName = "[No Variations]"
Add component (AddParameter): Name = "Stockiest Part No"; Value = "755-SFR03EZPF1002"; VariantName = "[No Variations]"
Add component (AddParameter): Name = "Value"; Value = "10K"; VariantName = "[No Variations]"
Added Component: Designator=R46(0603R)
Add component (AddParameter): Name = "Mfr"; Value = "ROHM Semiconductor"; VariantName = "[No Variations]"
Add component (AddParameter): Name = "Mfr Part No"; Value = "SFR03EZPF1002"; VariantName = "[No Variations]"
Add component (AddParameter): Name = "Package"; Value = "0603"; VariantName = "[No Variations]"
Add component (AddParameter): Name = "Price"; Value = "0.101"; VariantName = "[No Variations]"
Add component (AddParameter): Name = "Stockiest"; Value = "MOUSER"; VariantName = "[No Variations]"
Add component (AddParameter): Name = "Stockiest Part No"; Value = "755-SFR03EZPF1002"; VariantName = "[No Variations]"
Add component (AddParameter): Name = "Value"; Value = "10K"; VariantName = "[No Variations]"
Added Component: Designator=R49(0603R)
Add component (AddParameter): Name = "Mfr"; Value = "Vishay / Dale"; VariantName = "[No Variations]"
Add component (AddParameter): Name = "Mfr Part No"; Value = "CRCW06031K00FKEAC"; VariantName = "[No Variations]"
Add component (AddParameter): Name = "Package"; Value = "0603"; VariantName = "[No Variations]"
Add component (AddParameter): Name = "Price"; Value = "0.1"; VariantName = "[No Variations]"
Add component (AddParameter): Name = "Stockiest"; Value = "MOUSER"; VariantName = "[No Variations]"
Add component (AddParameter): Name = "Stockiest Part No"; Value = "71-CRCW06031K00FKEAC"; VariantName = "[No Variations]"
Add component (AddParameter): Name = "Value"; Value = "1K"; VariantName = "[No Variations]"
Added Pin To Net: NetName=GND Pin=C2_POWER1-2
Added Pin To Net: NetName=GND Pin=C2_POWER2-2
Added Pin To Net: NetName=GND Pin=C2_POWER3-2
Added Pin To Net: NetName=GND Pin=C2_POWER4-2
Added Pin To Net: NetName=GND Pin=C3_POWER1-2
Added Pin To Net: NetName=GND Pin=C3_POWER2-2
Added Pin To Net: NetName=GND Pin=C3_POWER3-2
Added Pin To Net: NetName=GND Pin=C3_POWER4-2
Added Pin To Net: NetName=GND Pin=C4_POWER1-2
Added Pin To Net: NetName=GND Pin=C4_POWER2-2
Added Pin To Net: NetName=GND Pin=C4_POWER3-2
Added Pin To Net: NetName=GND Pin=C4_POWER4-2
Added Pin To Net: NetName=GND Pin=C5_POWER1-2
Added Pin To Net: NetName=GND Pin=C5_POWER2-2
Added Pin To Net: NetName=GND Pin=C5_POWER3-2
Added Pin To Net: NetName=GND Pin=C5_POWER4-2
Added Pin To Net: NetName=GND Pin=C6_POWER1-2
Added Pin To Net: NetName=GND Pin=C6_POWER2-2
Added Pin To Net: NetName=GND Pin=C6_POWER3-2
Added Pin To Net: NetName=GND Pin=C6_POWER4-2
Added Pin To Net: NetName=GND Pin=C7_POWER1-2
Added Pin To Net: NetName=GND Pin=C7_POWER2-2
Added Pin To Net: NetName=GND Pin=C7_POWER3-2
Added Pin To Net: NetName=GND Pin=C7_POWER4-2
Added Pin To Net: NetName=GND Pin=C10_POWER1-1
Added Pin To Net: NetName=GND Pin=C10_POWER2-1
Added Pin To Net: NetName=GND Pin=C10_POWER3-1
Added Pin To Net: NetName=GND Pin=C10_POWER4-1
Added Pin To Net: NetName=GND Pin=C11_POWER1-1
Added Pin To Net: NetName=GND Pin=C11_POWER2-1
Added Pin To Net: NetName=GND Pin=C11_POWER3-1
Added Pin To Net: NetName=GND Pin=C11_POWER4-1
Added Pin To Net: NetName=GND Pin=C12_POWER1-2
Added Pin To Net: NetName=GND Pin=C12_POWER2-2
Added Pin To Net: NetName=GND Pin=C12_POWER3-2
Added Pin To Net: NetName=GND Pin=C12_POWER4-2
Added Pin To Net: NetName=GND Pin=C13_POWER1-2
Added Pin To Net: NetName=GND Pin=C13_POWER2-2
Added Pin To Net: NetName=GND Pin=C13_POWER3-2
Added Pin To Net: NetName=GND Pin=C13_POWER4-2
Added Pin To Net: NetName=GND Pin=C17_POWER1-2
Added Pin To Net: NetName=GND Pin=C17_POWER2-2
Added Pin To Net: NetName=GND Pin=C17_POWER3-2
Added Pin To Net: NetName=GND Pin=C17_POWER4-2
Added Pin To Net: NetName=GND Pin=C23_POWER1-2
Added Pin To Net: NetName=GND Pin=C23_POWER2-2
Added Pin To Net: NetName=GND Pin=C23_POWER3-2
Added Pin To Net: NetName=GND Pin=C23_POWER4-2
Added Pin To Net: NetName=GND Pin=C24_POWER1-2
Added Pin To Net: NetName=GND Pin=C24_POWER2-2
Added Pin To Net: NetName=GND Pin=C24_POWER3-2
Added Pin To Net: NetName=GND Pin=C24_POWER4-2
Added Pin To Net: NetName=GND Pin=C45_POWER1-2
Added Pin To Net: NetName=GND Pin=C45_POWER2-2
Added Pin To Net: NetName=GND Pin=C45_POWER3-2
Added Pin To Net: NetName=GND Pin=C45_POWER4-2
Added Pin To Net: NetName=GND Pin=C46_POWER1-1
Added Pin To Net: NetName=GND Pin=C46_POWER2-1
Added Pin To Net: NetName=GND Pin=C46_POWER3-1
Added Pin To Net: NetName=GND Pin=C46_POWER4-1
Added Pin To Net: NetName=GND Pin=C47_POWER1-2
Added Pin To Net: NetName=GND Pin=C47_POWER2-2
Added Pin To Net: NetName=GND Pin=C47_POWER3-2
Added Pin To Net: NetName=GND Pin=C47_POWER4-2
Added Pin To Net: NetName=VCC_12V Pin=C73-1
Added Pin To Net: NetName=GND Pin=C73-2
Added Pin To Net: NetName=GND Pin=C74-1
Added Pin To Net: NetName=VCC_12V Pin=C74-2
Added Pin To Net: NetName=GND Pin=C75-1
Added Pin To Net: NetName=GND Pin=C76-2
Added Pin To Net: NetName=GND Pin=C77-1
Added Pin To Net: NetName=GND Pin=C78-1
Added Pin To Net: NetName=GND Pin=C79-2
Added Pin To Net: NetName=FB Pin=R9-1
Added Pin To Net: NetName=GND Pin=R9-2
Added Pin To Net: NetName=ID1_IO1 Pin=R33-2
Added Pin To Net: NetName=ID0_IO1 Pin=R34-2
Added Pin To Net: NetName=VCC_12V Pin=R37-1
Added Pin To Net: NetName=GND Pin=R38-1
Added Pin To Net: NetName=GND Pin=R39-2
Added Pin To Net: NetName=GND Pin=R40-2
Added Pin To Net: NetName=GND Pin=R43-1
Added Pin To Net: NetName=GND Pin=R44-2
Added Pin To Net: NetName=VCC_OUT Pin=R46-1
Added Pin To Net: NetName=GND Pin=R49-1
Added Pin To Net: NetName=FB Pin=U4-6
Added Pin To Net: NetName=GND Pin=U14-9
Added Pin To Net: NetName=BANK_EN2_IO4 Pin=P1_IO4-48
Added Pin To Net: NetName=BANK_EN2_IO4 Pin=R22-2
Added Pin To Net: NetName=BANK_EN2_IO4 Pin=U15-4
Added Net: Name=BANK_EN2_IO4
Added Pin To Net: NetName=ID0_IO2 Pin=P1_IO2-112
Added Pin To Net: NetName=ID0_IO2 Pin=R32-1
Added Net: Name=ID0_IO2
Added Pin To Net: NetName=ID1_IO2 Pin=P1_IO2-123
Added Pin To Net: NetName=ID1_IO2 Pin=R31-2
Added Net: Name=ID1_IO2
Added Pin To Net: NetName=NetC77_2 Pin=C77-2
Added Net: Name=NetC77_2
Added Pin To Net: NetName=NetD3_1 Pin=D3-1
Added Pin To Net: NetName=NetD3_1 Pin=R37-2
Added Net: Name=NetD3_1
Added Pin To Net: NetName=NetD3_2 Pin=D3-2
Added Net: Name=NetD3_2
Added Net: Name=NetD4_1
Added Pin To Net: NetName=NetR35_2 Pin=R35-2
Added Pin To Net: NetName=NetR35_2 Pin=R38-2
Added Net: Name=NetR35_2
Added Pin To Net: NetName=NetR36_1 Pin=R36-1
Added Pin To Net: NetName=NetR36_1 Pin=R39-1
Added Net: Name=NetR36_1
Added Pin To Net: NetName=NetR40_1 Pin=R40-1
Added Net: Name=NetR40_1
Added Pin To Net: NetName=NetR41_2 Pin=R41-2
Added Pin To Net: NetName=NetR41_2 Pin=R43-2
Added Net: Name=NetR41_2
Added Pin To Net: NetName=NetR42_1 Pin=R42-1
Added Pin To Net: NetName=NetR42_1 Pin=R44-1
Added Net: Name=NetR42_1
Added Pin To Net: NetName=PWR_CNTRL Pin=C78-2
Added Pin To Net: NetName=PWR_CNTRL Pin=C79-1
Added Pin To Net: NetName=PWR_CNTRL Pin=J1-7
Added Pin To Net: NetName=PWR_CNTRL Pin=J1-8
Added Pin To Net: NetName=PWR_CNTRL Pin=R41-1
Added Pin To Net: NetName=PWR_CNTRL Pin=R42-2
Added Net: Name=PWR_CNTRL
Added Pin To Net: NetName=PWR_LOCAL Pin=C75-2
Added Pin To Net: NetName=PWR_LOCAL Pin=C76-1
Added Pin To Net: NetName=PWR_LOCAL Pin=R35-1
Added Pin To Net: NetName=PWR_LOCAL Pin=R36-2
Added Net: Name=PWR_LOCAL
Added Pin To Net: NetName=V_SENSE Pin=J1-3
Added Pin To Net: NetName=V_SENSE Pin=R46-2
Added Pin To Net: NetName=V_SENSE Pin=R49-2
Added Net: Name=V_SENSE
Added Class: Name=Power_ORing
Added Member To Class: ClassName=U_POWER_VOLTAGE Member=Component R46 10K
Added Member To Class: ClassName=U_POWER_VOLTAGE Member=Component R49 1K
Added Room: Name=IO1
Added Room: Name=IO2
Added Room: Name=IO4
Added Room: Name=POWER1
Added Room: Name=POWER2
Added Room: Name=POWER3
Added Room: Name=POWER4
Added Room: Name=Power_ORing
