Removed Parameter Arrow Part Number: from Part D7
Removed Parameter Arrow Part Number: from Part U3
Removed Parameter Arrow Part Number:MCP4011-103E/MS from Part U16
Removed Parameter Arrow Part Number:TPS61175PWP from Part U15
Removed Parameter Arrow Price/Stock: from Part D7
Removed Parameter Arrow Price/Stock: from Part U3
Removed Parameter Arrow Price/Stock:https://www.arrow.com/en/products/mcp4011-103ems/microchip-technology from Part U16
Removed Parameter Arrow Price/Stock:https://www.arrow.com/en/products/tps61175pwp/texas-instruments from Part U15
Removed Parameter Datasheet Link:http://docs-emea.rs-online.com/webdocs/0d2a/0900766b80d2a9fb.pdf from Part U16
Removed Parameter Datasheet Link:http://docs-emea.rs-online.com/webdocs/0e32/0900766b80e32258.pdf from Part U15
Removed Parameter Datasheet Link:https://4donline.ihs.com/images/VipMasterIC/IC/MONO/MONO-S-A0008397207/MONO-S-A0008397207-1.pdf?hkey=EF798316E3902B6ED9A73243A3159BB0 from Part U3
Removed Parameter Datasheet Link:https://www.vishay.com/docs/87013/v8pam10s.pdf from Part D7
Removed Parameter Height:0.6mm from Part U3
Removed Parameter Height:1.1mm from Part U16
Removed Parameter Height:1.2mm from Part U15
Removed Parameter Height:1mm from Part D7
Removed Parameter LatestRevisionDate:17-Jul-2002 from Part C18
Removed Parameter LatestRevisionDate:17-Jul-2002 from Part C19
Removed Parameter LatestRevisionDate:17-Jul-2002 from Part C20
Removed Parameter LatestRevisionDate:17-Jul-2002 from Part C21
Removed Parameter LatestRevisionDate:17-Jul-2002 from Part C22
Removed Parameter LatestRevisionDate:17-Jul-2002 from Part C23
Removed Parameter LatestRevisionDate:17-Jul-2002 from Part C24
Removed Parameter LatestRevisionDate:17-Jul-2002 from Part C25
Removed Parameter LatestRevisionDate:17-Jul-2002 from Part C59
Removed Parameter LatestRevisionDate:17-Jul-2002 from Part C60
Removed Parameter LatestRevisionDate:17-Jul-2002 from Part C61
Removed Parameter LatestRevisionDate:17-Jul-2002 from Part C62
Removed Parameter LatestRevisionDate:17-Jul-2002 from Part C63
Removed Parameter LatestRevisionDate:17-Jul-2002 from Part C64
Removed Parameter LatestRevisionDate:17-Jul-2002 from Part R15
Removed Parameter LatestRevisionDate:17-Jul-2002 from Part R16
Removed Parameter LatestRevisionDate:17-Jul-2002 from Part R17
Removed Parameter LatestRevisionDate:17-Jul-2002 from Part R18
Removed Parameter LatestRevisionDate:17-Jul-2002 from Part R19
Removed Parameter LatestRevisionDate:17-Jul-2002 from Part R44
Removed Parameter LatestRevisionDate:17-Jul-2002 from Part R45
Removed Parameter LatestRevisionDate:17-Jul-2002 from Part R46
Removed Parameter LatestRevisionDate:17-Jul-2002 from Part R47
Removed Parameter LatestRevisionDate:17-Jul-2002 from Part R48
Removed Parameter LatestRevisionNote:Re-released for DXP Platform. from Part C18
Removed Parameter LatestRevisionNote:Re-released for DXP Platform. from Part C19
Removed Parameter LatestRevisionNote:Re-released for DXP Platform. from Part C20
Removed Parameter LatestRevisionNote:Re-released for DXP Platform. from Part C21
Removed Parameter LatestRevisionNote:Re-released for DXP Platform. from Part C22
Removed Parameter LatestRevisionNote:Re-released for DXP Platform. from Part C23
Removed Parameter LatestRevisionNote:Re-released for DXP Platform. from Part C24
Removed Parameter LatestRevisionNote:Re-released for DXP Platform. from Part C25
Removed Parameter LatestRevisionNote:Re-released for DXP Platform. from Part C59
Removed Parameter LatestRevisionNote:Re-released for DXP Platform. from Part C60
Removed Parameter LatestRevisionNote:Re-released for DXP Platform. from Part C61
Removed Parameter LatestRevisionNote:Re-released for DXP Platform. from Part C62
Removed Parameter LatestRevisionNote:Re-released for DXP Platform. from Part C63
Removed Parameter LatestRevisionNote:Re-released for DXP Platform. from Part C64
Removed Parameter LatestRevisionNote:Re-released for DXP Platform. from Part R15
Removed Parameter LatestRevisionNote:Re-released for DXP Platform. from Part R16
Removed Parameter LatestRevisionNote:Re-released for DXP Platform. from Part R17
Removed Parameter LatestRevisionNote:Re-released for DXP Platform. from Part R18
Removed Parameter LatestRevisionNote:Re-released for DXP Platform. from Part R19
Removed Parameter LatestRevisionNote:Re-released for DXP Platform. from Part R44
Removed Parameter LatestRevisionNote:Re-released for DXP Platform. from Part R45
Removed Parameter LatestRevisionNote:Re-released for DXP Platform. from Part R46
Removed Parameter LatestRevisionNote:Re-released for DXP Platform. from Part R47
Removed Parameter LatestRevisionNote:Re-released for DXP Platform. from Part R48
Removed Parameter Manufacturer:Vishay from Part L5
Removed Parameter Manufacturer:Vishay from Part L6
Removed Parameter Manufacturer_Name:Microchip from Part U16
Removed Parameter Manufacturer_Name:Monolithic Power Systems (MPS) from Part U3
Removed Parameter Manufacturer_Name:Texas Instruments from Part U15
Removed Parameter Manufacturer_Name:Vishay from Part D7
Removed Parameter Manufacturer_Part_Number:MCP4011-103E/MS from Part U16
Removed Parameter Manufacturer_Part_Number:MP2333HGTL from Part U3
Removed Parameter Manufacturer_Part_Number:TPS61175PWP from Part U15
Removed Parameter Manufacturer_Part_Number:V8PAM10S-M3/H from Part D7
Removed Parameter Mfr Part No:IHLP1212ABEVR33M5A from Part L5
Removed Parameter Mfr Part No:IHLP1212ABEVR33M5A from Part L6
Removed Parameter Mouser Part Number:78-V8PAM10S-M3/H from Part D7
Removed Parameter Mouser Part Number:579-MCP4011-103E/MS from Part U16
Removed Parameter Mouser Part Number:595-TPS61175PWP from Part U15
Removed Parameter Mouser Part Number: from Part U3
Removed Parameter Mouser Price/Stock: from Part U3
Removed Parameter Mouser Price/Stock:https://www.mouser.co.uk/ProductDetail/Microchip-Technology/MCP4011-103E-MS?qs=usxtMOJb1RxX526ZmX1Hjw%3D%3D from Part U16
Removed Parameter Mouser Price/Stock:https://www.mouser.co.uk/ProductDetail/Texas-Instruments/TPS61175PWP?qs=7IaIRco65pkcG6%252BABCkf6A%3D%3D from Part U15
Removed Parameter Mouser Price/Stock:https://www.mouser.co.uk/ProductDetail/Vishay-General-Semiconductor/V8PAM10S-M3-H?qs=7MVldsJ5Uazp%2FkF6tV7Ktw%3D%3D from Part D7
Removed Parameter Package: from Part L5
Removed Parameter Package: from Part L6
Removed Parameter PackageDescription:Axial Device, Thru-Hole; 2 Leads; 0.3 in Pin Spacing from Part R15
Removed Parameter PackageDescription:Axial Device, Thru-Hole; 2 Leads; 0.3 in Pin Spacing from Part R16
Removed Parameter PackageDescription:Axial Device, Thru-Hole; 2 Leads; 0.3 in Pin Spacing from Part R17
Removed Parameter PackageDescription:Axial Device, Thru-Hole; 2 Leads; 0.3 in Pin Spacing from Part R18
Removed Parameter PackageDescription:Axial Device, Thru-Hole; 2 Leads; 0.3 in Pin Spacing from Part R19
Removed Parameter PackageDescription:Axial Device, Thru-Hole; 2 Leads; 0.3 in Pin Spacing from Part R44
Removed Parameter PackageDescription:Axial Device, Thru-Hole; 2 Leads; 0.3 in Pin Spacing from Part R45
Removed Parameter PackageDescription:Axial Device, Thru-Hole; 2 Leads; 0.3 in Pin Spacing from Part R46
Removed Parameter PackageDescription:Axial Device, Thru-Hole; 2 Leads; 0.3 in Pin Spacing from Part R47
Removed Parameter PackageDescription:Axial Device, Thru-Hole; 2 Leads; 0.3 in Pin Spacing from Part R48
Removed Parameter PackageDescription:Radial Cap, Thru-Hole; 2 Leads; 0.3 in Pin Spacing from Part C18
Removed Parameter PackageDescription:Radial Cap, Thru-Hole; 2 Leads; 0.3 in Pin Spacing from Part C19
Removed Parameter PackageDescription:Radial Cap, Thru-Hole; 2 Leads; 0.3 in Pin Spacing from Part C20
Removed Parameter PackageDescription:Radial Cap, Thru-Hole; 2 Leads; 0.3 in Pin Spacing from Part C21
Removed Parameter PackageDescription:Radial Cap, Thru-Hole; 2 Leads; 0.3 in Pin Spacing from Part C22
Removed Parameter PackageDescription:Radial Cap, Thru-Hole; 2 Leads; 0.3 in Pin Spacing from Part C23
Removed Parameter PackageDescription:Radial Cap, Thru-Hole; 2 Leads; 0.3 in Pin Spacing from Part C24
Removed Parameter PackageDescription:Radial Cap, Thru-Hole; 2 Leads; 0.3 in Pin Spacing from Part C25
Removed Parameter PackageDescription:Radial Cap, Thru-Hole; 2 Leads; 0.3 in Pin Spacing from Part C59
Removed Parameter PackageDescription:Radial Cap, Thru-Hole; 2 Leads; 0.3 in Pin Spacing from Part C60
Removed Parameter PackageDescription:Radial Cap, Thru-Hole; 2 Leads; 0.3 in Pin Spacing from Part C61
Removed Parameter PackageDescription:Radial Cap, Thru-Hole; 2 Leads; 0.3 in Pin Spacing from Part C62
Removed Parameter PackageDescription:Radial Cap, Thru-Hole; 2 Leads; 0.3 in Pin Spacing from Part C63
Removed Parameter PackageDescription:Radial Cap, Thru-Hole; 2 Leads; 0.3 in Pin Spacing from Part C64
Removed Parameter PackageReference:AXIAL-0.3 from Part R15
Removed Parameter PackageReference:AXIAL-0.3 from Part R16
Removed Parameter PackageReference:AXIAL-0.3 from Part R17
Removed Parameter PackageReference:AXIAL-0.3 from Part R18
Removed Parameter PackageReference:AXIAL-0.3 from Part R19
Removed Parameter PackageReference:AXIAL-0.3 from Part R44
Removed Parameter PackageReference:AXIAL-0.3 from Part R45
Removed Parameter PackageReference:AXIAL-0.3 from Part R46
Removed Parameter PackageReference:AXIAL-0.3 from Part R47
Removed Parameter PackageReference:AXIAL-0.3 from Part R48
Removed Parameter PackageReference:RAD-0.3 from Part C18
Removed Parameter PackageReference:RAD-0.3 from Part C19
Removed Parameter PackageReference:RAD-0.3 from Part C20
Removed Parameter PackageReference:RAD-0.3 from Part C21
Removed Parameter PackageReference:RAD-0.3 from Part C22
Removed Parameter PackageReference:RAD-0.3 from Part C23
Removed Parameter PackageReference:RAD-0.3 from Part C24
Removed Parameter PackageReference:RAD-0.3 from Part C25
Removed Parameter PackageReference:RAD-0.3 from Part C59
Removed Parameter PackageReference:RAD-0.3 from Part C60
Removed Parameter PackageReference:RAD-0.3 from Part C61
Removed Parameter PackageReference:RAD-0.3 from Part C62
Removed Parameter PackageReference:RAD-0.3 from Part C63
Removed Parameter PackageReference:RAD-0.3 from Part C64
Removed Parameter Price: from Part L5
Removed Parameter Price: from Part L6
Removed Parameter Published:8-Jun-2000 from Part C18
Removed Parameter Published:8-Jun-2000 from Part C19
Removed Parameter Published:8-Jun-2000 from Part C20
Removed Parameter Published:8-Jun-2000 from Part C21
Removed Parameter Published:8-Jun-2000 from Part C22
Removed Parameter Published:8-Jun-2000 from Part C23
Removed Parameter Published:8-Jun-2000 from Part C24
Removed Parameter Published:8-Jun-2000 from Part C25
Removed Parameter Published:8-Jun-2000 from Part C59
Removed Parameter Published:8-Jun-2000 from Part C60
Removed Parameter Published:8-Jun-2000 from Part C61
Removed Parameter Published:8-Jun-2000 from Part C62
Removed Parameter Published:8-Jun-2000 from Part C63
Removed Parameter Published:8-Jun-2000 from Part C64
Removed Parameter Published:8-Jun-2000 from Part R15
Removed Parameter Published:8-Jun-2000 from Part R16
Removed Parameter Published:8-Jun-2000 from Part R17
Removed Parameter Published:8-Jun-2000 from Part R18
Removed Parameter Published:8-Jun-2000 from Part R19
Removed Parameter Published:8-Jun-2000 from Part R44
Removed Parameter Published:8-Jun-2000 from Part R45
Removed Parameter Published:8-Jun-2000 from Part R46
Removed Parameter Published:8-Jun-2000 from Part R47
Removed Parameter Published:8-Jun-2000 from Part R48
Removed Parameter Publisher:Altium Limited from Part C18
Removed Parameter Publisher:Altium Limited from Part C19
Removed Parameter Publisher:Altium Limited from Part C20
Removed Parameter Publisher:Altium Limited from Part C21
Removed Parameter Publisher:Altium Limited from Part C22
Removed Parameter Publisher:Altium Limited from Part C23
Removed Parameter Publisher:Altium Limited from Part C24
Removed Parameter Publisher:Altium Limited from Part C25
Removed Parameter Publisher:Altium Limited from Part C59
Removed Parameter Publisher:Altium Limited from Part C60
Removed Parameter Publisher:Altium Limited from Part C61
Removed Parameter Publisher:Altium Limited from Part C62
Removed Parameter Publisher:Altium Limited from Part C63
Removed Parameter Publisher:Altium Limited from Part C64
Removed Parameter Publisher:Altium Limited from Part R15
Removed Parameter Publisher:Altium Limited from Part R16
Removed Parameter Publisher:Altium Limited from Part R17
Removed Parameter Publisher:Altium Limited from Part R18
Removed Parameter Publisher:Altium Limited from Part R19
Removed Parameter Publisher:Altium Limited from Part R44
Removed Parameter Publisher:Altium Limited from Part R45
Removed Parameter Publisher:Altium Limited from Part R46
Removed Parameter Publisher:Altium Limited from Part R47
Removed Parameter Publisher:Altium Limited from Part R48
Removed Parameter Stockiest:MOUSER from Part L5
Removed Parameter Stockiest:MOUSER from Part L6
Removed Parameter Stockiest Part No:70-IHLP1212ABVR33M5A from Part L5
Removed Parameter Stockiest Part No:70-IHLP1212ABVR33M5A from Part L6
Removed Parameter Value:0.1uF/16V from Part C20
Removed Parameter Value:0.1uF/16V from Part C60
Removed Parameter Value:1.5uH from Part L5
Removed Parameter Value:1.5uH from Part L6
Removed Parameter Value:1nF/16V from Part C21
Removed Parameter Value:1nF/16V from Part C63
Removed Parameter Value:1nF/16V from Part C64
Removed Parameter Value:1uF/16V from Part C18
Removed Parameter Value:6.8nF/16V from Part C22
Removed Parameter Value:10pF/16V from Part C25
Removed Parameter Value:13K from Part R19
Removed Parameter Value:20K from Part R17
Removed Parameter Value:20K from Part R44
Removed Parameter Value:20K from Part R45
Removed Parameter Value:20K from Part R46
Removed Parameter Value:20R from Part R16
Removed Parameter Value:22uF/16V from Part C19
Removed Parameter Value:22uF/16V from Part C23
Removed Parameter Value:22uF/16V from Part C24
Removed Parameter Value:22uF/16V from Part C59
Removed Parameter Value:22uF/16V from Part C61
Removed Parameter Value:22uF/16V from Part C62
Removed Parameter Value:40.2K from Part R18
Removed Parameter Value:604K from Part R15
Removed Parameter Value:604K from Part R47
Removed Parameter Value:604K from Part R48
