Change Value of Parameter Stockiest in Part C18 Old= New=MOUSER
Change Value of Parameter Stockiest in Part C19 Old= New=MOUSER
Change Value of Parameter Stockiest in Part C20 Old= New=MOUSER
Change Value of Parameter Stockiest in Part C21 Old= New=MOUSER
Change Value of Parameter Stockiest in Part C22 Old= New=MOUSER
Change Value of Parameter Stockiest in Part C23 Old= New=MOUSER
Change Value of Parameter Stockiest in Part C24 Old= New=MOUSER
Change Value of Parameter Stockiest in Part C25 Old= New=MOUSER
Change Value of Parameter Stockiest in Part C59 Old= New=MOUSER
Change Value of Parameter Stockiest in Part C60 Old= New=MOUSER
Change Value of Parameter Stockiest in Part C61 Old= New=MOUSER
Change Value of Parameter Stockiest in Part C62 Old= New=MOUSER
Change Value of Parameter Stockiest in Part C63 Old= New=MOUSER
Change Value of Parameter Stockiest in Part C64 Old= New=MOUSER
Change Value of Parameter Stockiest in Part D7 Old= New=MOUSER
Change Value of Parameter Stockiest in Part L5 Old= New=MOUSER
Change Value of Parameter Stockiest in Part L6 Old= New=MOUSER
Change Value of Parameter Stockiest in Part R15 Old= New=MOUSER
Change Value of Parameter Stockiest in Part R16 Old= New=MOUSER
Change Value of Parameter Stockiest in Part R17 Old= New=MOUSER
Change Value of Parameter Stockiest in Part R18 Old= New=MOUSER
Change Value of Parameter Stockiest in Part R19 Old= New=MOUSER
Change Value of Parameter Stockiest in Part R44 Old= New=MOUSER
Change Value of Parameter Stockiest in Part R45 Old= New=MOUSER
Change Value of Parameter Stockiest in Part R46 Old= New=MOUSER
Change Value of Parameter Stockiest in Part R47 Old= New=MOUSER
Change Value of Parameter Stockiest in Part R48 Old= New=MOUSER
Change Value of Parameter Stockiest in Part U3 Old= New=MOUSER
Change Value of Parameter Stockiest in Part U15 Old= New=MOUSER
Change Value of Parameter Stockiest in Part U16 Old= New=MOUSER
