Added Parameter Mfr= to Part C18
Added Parameter Mfr= to Part C19
Added Parameter Mfr= to Part C20
Added Parameter Mfr= to Part C21
Added Parameter Mfr= to Part C22
Added Parameter Mfr= to Part C23
Added Parameter Mfr= to Part C24
Added Parameter Mfr= to Part C25
Added Parameter Mfr= to Part C59
Added Parameter Mfr= to Part C60
Added Parameter Mfr= to Part C61
Added Parameter Mfr= to Part C62
Added Parameter Mfr= to Part C63
Added Parameter Mfr= to Part C64
Added Parameter Mfr= to Part D7
Added Parameter Mfr= to Part L5
Added Parameter Mfr= to Part L6
Added Parameter Mfr= to Part R15
Added Parameter Mfr= to Part R16
Added Parameter Mfr= to Part R17
Added Parameter Mfr= to Part R18
Added Parameter Mfr= to Part R19
Added Parameter Mfr= to Part R44
Added Parameter Mfr= to Part R45
Added Parameter Mfr= to Part R46
Added Parameter Mfr= to Part R47
Added Parameter Mfr= to Part R48
Added Parameter Mfr= to Part U3
Added Parameter Mfr= to Part U15
Added Parameter Mfr= to Part U16
Added Parameter Mfr Part No= to Part C18
Added Parameter Mfr Part No= to Part C19
Added Parameter Mfr Part No= to Part C20
Added Parameter Mfr Part No= to Part C21
Added Parameter Mfr Part No= to Part C22
Added Parameter Mfr Part No= to Part C23
Added Parameter Mfr Part No= to Part C24
Added Parameter Mfr Part No= to Part C25
Added Parameter Mfr Part No= to Part C59
Added Parameter Mfr Part No= to Part C60
Added Parameter Mfr Part No= to Part C61
Added Parameter Mfr Part No= to Part C62
Added Parameter Mfr Part No= to Part C63
Added Parameter Mfr Part No= to Part C64
Added Parameter Mfr Part No= to Part D7
Added Parameter Mfr Part No= to Part L5
Added Parameter Mfr Part No= to Part L6
Added Parameter Mfr Part No= to Part R15
Added Parameter Mfr Part No= to Part R16
Added Parameter Mfr Part No= to Part R17
Added Parameter Mfr Part No= to Part R18
Added Parameter Mfr Part No= to Part R19
Added Parameter Mfr Part No= to Part R44
Added Parameter Mfr Part No= to Part R45
Added Parameter Mfr Part No= to Part R46
Added Parameter Mfr Part No= to Part R47
Added Parameter Mfr Part No= to Part R48
Added Parameter Mfr Part No= to Part U3
Added Parameter Mfr Part No= to Part U15
Added Parameter Mfr Part No= to Part U16
Added Parameter Package= to Part C18
Added Parameter Package= to Part C19
Added Parameter Package= to Part C20
Added Parameter Package= to Part C21
Added Parameter Package= to Part C22
Added Parameter Package= to Part C23
Added Parameter Package= to Part C24
Added Parameter Package= to Part C25
Added Parameter Package= to Part C59
Added Parameter Package= to Part C60
Added Parameter Package= to Part C61
Added Parameter Package= to Part C62
Added Parameter Package= to Part C63
Added Parameter Package= to Part C64
Added Parameter Package= to Part D7
Added Parameter Package= to Part L5
Added Parameter Package= to Part L6
Added Parameter Package= to Part R15
Added Parameter Package= to Part R16
Added Parameter Package= to Part R17
Added Parameter Package= to Part R18
Added Parameter Package= to Part R19
Added Parameter Package= to Part R44
Added Parameter Package= to Part R45
Added Parameter Package= to Part R46
Added Parameter Package= to Part R47
Added Parameter Package= to Part R48
Added Parameter Package= to Part U3
Added Parameter Package= to Part U15
Added Parameter Package= to Part U16
Added Parameter Price= to Part C18
Added Parameter Price= to Part C19
Added Parameter Price= to Part C20
Added Parameter Price= to Part C21
Added Parameter Price= to Part C22
Added Parameter Price= to Part C23
Added Parameter Price= to Part C24
Added Parameter Price= to Part C25
Added Parameter Price= to Part C59
Added Parameter Price= to Part C60
Added Parameter Price= to Part C61
Added Parameter Price= to Part C62
Added Parameter Price= to Part C63
Added Parameter Price= to Part C64
Added Parameter Price= to Part D7
Added Parameter Price= to Part L5
Added Parameter Price= to Part L6
Added Parameter Price= to Part R15
Added Parameter Price= to Part R16
Added Parameter Price= to Part R17
Added Parameter Price= to Part R18
Added Parameter Price= to Part R19
Added Parameter Price= to Part R44
Added Parameter Price= to Part R45
Added Parameter Price= to Part R46
Added Parameter Price= to Part R47
Added Parameter Price= to Part R48
Added Parameter Price= to Part U3
Added Parameter Price= to Part U15
Added Parameter Price= to Part U16
Added Parameter Stockiest= to Part C18
Added Parameter Stockiest= to Part C19
Added Parameter Stockiest= to Part C20
Added Parameter Stockiest= to Part C21
Added Parameter Stockiest= to Part C22
Added Parameter Stockiest= to Part C23
Added Parameter Stockiest= to Part C24
Added Parameter Stockiest= to Part C25
Added Parameter Stockiest= to Part C59
Added Parameter Stockiest= to Part C60
Added Parameter Stockiest= to Part C61
Added Parameter Stockiest= to Part C62
Added Parameter Stockiest= to Part C63
Added Parameter Stockiest= to Part C64
Added Parameter Stockiest= to Part D7
Added Parameter Stockiest= to Part L5
Added Parameter Stockiest= to Part L6
Added Parameter Stockiest= to Part R15
Added Parameter Stockiest= to Part R16
Added Parameter Stockiest= to Part R17
Added Parameter Stockiest= to Part R18
Added Parameter Stockiest= to Part R19
Added Parameter Stockiest= to Part R44
Added Parameter Stockiest= to Part R45
Added Parameter Stockiest= to Part R46
Added Parameter Stockiest= to Part R47
Added Parameter Stockiest= to Part R48
Added Parameter Stockiest= to Part U3
Added Parameter Stockiest= to Part U15
Added Parameter Stockiest= to Part U16
Added Parameter Stockiest Part No= to Part C18
Added Parameter Stockiest Part No= to Part C19
Added Parameter Stockiest Part No= to Part C20
Added Parameter Stockiest Part No= to Part C21
Added Parameter Stockiest Part No= to Part C22
Added Parameter Stockiest Part No= to Part C23
Added Parameter Stockiest Part No= to Part C24
Added Parameter Stockiest Part No= to Part C25
Added Parameter Stockiest Part No= to Part C59
Added Parameter Stockiest Part No= to Part C60
Added Parameter Stockiest Part No= to Part C61
Added Parameter Stockiest Part No= to Part C62
Added Parameter Stockiest Part No= to Part C63
Added Parameter Stockiest Part No= to Part C64
Added Parameter Stockiest Part No= to Part D7
Added Parameter Stockiest Part No= to Part L5
Added Parameter Stockiest Part No= to Part L6
Added Parameter Stockiest Part No= to Part R15
Added Parameter Stockiest Part No= to Part R16
Added Parameter Stockiest Part No= to Part R17
Added Parameter Stockiest Part No= to Part R18
Added Parameter Stockiest Part No= to Part R19
Added Parameter Stockiest Part No= to Part R44
Added Parameter Stockiest Part No= to Part R45
Added Parameter Stockiest Part No= to Part R46
Added Parameter Stockiest Part No= to Part R47
Added Parameter Stockiest Part No= to Part R48
Added Parameter Stockiest Part No= to Part U3
Added Parameter Stockiest Part No= to Part U15
Added Parameter Stockiest Part No= to Part U16
Added Parameter Value= to Part C18
Added Parameter Value= to Part C19
Added Parameter Value= to Part C20
Added Parameter Value= to Part C21
Added Parameter Value= to Part C22
Added Parameter Value= to Part C23
Added Parameter Value= to Part C24
Added Parameter Value= to Part C25
Added Parameter Value= to Part C59
Added Parameter Value= to Part C60
Added Parameter Value= to Part C61
Added Parameter Value= to Part C62
Added Parameter Value= to Part C63
Added Parameter Value= to Part C64
Added Parameter Value= to Part D7
Added Parameter Value= to Part L5
Added Parameter Value= to Part L6
Added Parameter Value= to Part R15
Added Parameter Value= to Part R16
Added Parameter Value= to Part R17
Added Parameter Value= to Part R18
Added Parameter Value= to Part R19
Added Parameter Value= to Part R44
Added Parameter Value= to Part R45
Added Parameter Value= to Part R46
Added Parameter Value= to Part R47
Added Parameter Value= to Part R48
Added Parameter Value= to Part U3
Added Parameter Value= to Part U15
Added Parameter Value= to Part U16
