Removed Parameter Arrow Part Number:74HC151DB,118 from Part U14
Removed Parameter Arrow Part Number:MC74HC238ADTR2G from Part U13
Removed Parameter Arrow Price/Stock:https://www.arrow.com/en/products/74hc151db118/nexperia from Part U14
Removed Parameter Arrow Price/Stock:https://www.arrow.com/en/products/mc74hc238adtr2g/on-semiconductor from Part U13
Removed Parameter DatasheetDocument:1-Sep-99 from Part J4
Removed Parameter Datasheet Link:https://assets.nexperia.com/documents/data-sheet/74HC_HCT151.pdf from Part U14
Removed Parameter Datasheet Link:https://componentsearchengine.com/Datasheets/2/MC74HC238ADTR2G.pdf from Part U13
Removed Parameter Gender:Receptacle from Part J4
Removed Parameter Height:1.2mm from Part U13
Removed Parameter Height:2mm from Part U14
Removed Parameter LatestRevisionDate:17-Jul-2002 from Part J4
Removed Parameter LatestRevisionDate:17-Jul-2002 from Part P3
Removed Parameter LatestRevisionNote:Re-released for DXP Platform. from Part J4
Removed Parameter LatestRevisionNote:Re-released for DXP Platform. from Part P3
Removed Parameter Manufacturer:KEMET from Part C30
Removed Parameter Manufacturer:KEMET from Part C31
Removed Parameter Manufacturer:KEMET from Part C32
Removed Parameter Manufacturer:KEMET from Part C33
Removed Parameter Manufacturer:ON Semi from Part U8
Removed Parameter Manufacturer:Yageo from Part R23
Removed Parameter Manufacturer:Yageo from Part R24
Removed Parameter Manufacturer:Yageo from Part R25
Removed Parameter Manufacturer_Name:Nexperia from Part U14
Removed Parameter Manufacturer_Name:ON Semiconductor from Part U13
Removed Parameter Manufacturer_Part_Number:74HC151DB,118 from Part U14
Removed Parameter Manufacturer_Part_Number:MC74HC238ADTR2G from Part U13
Removed Parameter Mfr Part No:AA0402FR-071KL from Part R25
Removed Parameter Mfr Part No:C0603C100K4RACTU from Part C30
Removed Parameter Mfr Part No:C0603C100K4RACTU from Part C31
Removed Parameter Mfr Part No:C0603C100K4RACTU from Part C32
Removed Parameter Mfr Part No:C0603C100K4RACTU from Part C33
Removed Parameter Mfr Part No:NUP4114HMR6T1G from Part U8
Removed Parameter Mfr Part No:RC0402FR-0710KL from Part R23
Removed Parameter Mfr Part No:RC0402FR-0710KL from Part R24
Removed Parameter Mouser Part Number:771-HC151DB118 from Part U14
Removed Parameter Mouser Part Number:863-MC74HC238ADTR2G from Part U13
Removed Parameter Mouser Price/Stock:https://www.mouser.co.uk/ProductDetail/Nexperia/74HC151DB118?qs=P62ublwmbi%252BDFn2LoumROw%3D%3D from Part U14
Removed Parameter Mouser Price/Stock:https://www.mouser.co.uk/ProductDetail/ON-Semiconductor/MC74HC238ADTR2G?qs=mB5q98eOMcYIHVTp70gNug%3D%3D from Part U13
Removed Parameter Orientation:Right Angle from Part J4
Removed Parameter Package:0402 from Part R23
Removed Parameter Package:0402 from Part R24
Removed Parameter Package:0402 from Part R25
Removed Parameter Package:0603 from Part C30
Removed Parameter Package:0603 from Part C31
Removed Parameter Package:0603 from Part C32
Removed Parameter Package:0603 from Part C33
Removed Parameter Package:SMD from Part U8
Removed Parameter PackageDocument:O from Part J4
Removed Parameter PackageReference:788757 from Part J4
Removed Parameter Positions:15 from Part J4
Removed Parameter Price:0.1 from Part C30
Removed Parameter Price:0.1 from Part C31
Removed Parameter Price:0.1 from Part C32
Removed Parameter Price:0.1 from Part C33
Removed Parameter Price:0.1 from Part R23
Removed Parameter Price:0.1 from Part R24
Removed Parameter Price:0.1 from Part R25
Removed Parameter Price:0.529 from Part U8
Removed Parameter Published:15-Jun-2001 from Part J4
Removed Parameter Publisher:Altium Limited from Part J4
Removed Parameter Publisher:Altium Limited from Part P3
Removed Parameter Stockiest:MOUSER from Part C30
Removed Parameter Stockiest:MOUSER from Part C31
Removed Parameter Stockiest:MOUSER from Part C32
Removed Parameter Stockiest:MOUSER from Part C33
Removed Parameter Stockiest:MOUSER from Part R23
Removed Parameter Stockiest:MOUSER from Part R24
Removed Parameter Stockiest:MOUSER from Part R25
Removed Parameter Stockiest:MOUSER from Part U8
Removed Parameter Stockiest Part No:80-C0603C100K4RACTU from Part C30
Removed Parameter Stockiest Part No:80-C0603C100K4RACTU from Part C31
Removed Parameter Stockiest Part No:80-C0603C100K4RACTU from Part C32
Removed Parameter Stockiest Part No:80-C0603C100K4RACTU from Part C33
Removed Parameter Stockiest Part No:603-AA0402FR-071KL from Part R25
Removed Parameter Stockiest Part No:603-RC0402FR-0710KL from Part R23
Removed Parameter Stockiest Part No:603-RC0402FR-0710KL from Part R24
Removed Parameter Stockiest Part No:863-NUP4114HMR6T1G from Part U8
Removed Parameter Value:1k from Part R25
Removed Parameter Value:5.5V from Part U8
Removed Parameter Value:10k from Part R23
Removed Parameter Value:10k from Part R24
Removed Parameter Value:10pF/16V from Part C30
Removed Parameter Value:10pF/16V from Part C31
Removed Parameter Value:10pF/16V from Part C32
Removed Parameter Value:10pF/16V from Part C33
