Added Parameter Mfr= to Part C30
Added Parameter Mfr= to Part C31
Added Parameter Mfr= to Part C32
Added Parameter Mfr= to Part C33
Added Parameter Mfr= to Part J4
Added Parameter Mfr= to Part P3
Added Parameter Mfr= to Part R23
Added Parameter Mfr= to Part R24
Added Parameter Mfr= to Part R25
Added Parameter Mfr= to Part U8
Added Parameter Mfr= to Part U13
Added Parameter Mfr= to Part U14
Added Parameter Mfr Part No= to Part C30
Added Parameter Mfr Part No= to Part C31
Added Parameter Mfr Part No= to Part C32
Added Parameter Mfr Part No= to Part C33
Added Parameter Mfr Part No= to Part J4
Added Parameter Mfr Part No= to Part P3
Added Parameter Mfr Part No= to Part R23
Added Parameter Mfr Part No= to Part R24
Added Parameter Mfr Part No= to Part R25
Added Parameter Mfr Part No= to Part U8
Added Parameter Mfr Part No= to Part U13
Added Parameter Mfr Part No= to Part U14
Added Parameter Package= to Part C30
Added Parameter Package= to Part C31
Added Parameter Package= to Part C32
Added Parameter Package= to Part C33
Added Parameter Package= to Part J4
Added Parameter Package= to Part P3
Added Parameter Package= to Part R23
Added Parameter Package= to Part R24
Added Parameter Package= to Part R25
Added Parameter Package= to Part U8
Added Parameter Package= to Part U13
Added Parameter Package= to Part U14
Added Parameter Price= to Part C30
Added Parameter Price= to Part C31
Added Parameter Price= to Part C32
Added Parameter Price= to Part C33
Added Parameter Price= to Part J4
Added Parameter Price= to Part P3
Added Parameter Price= to Part R23
Added Parameter Price= to Part R24
Added Parameter Price= to Part R25
Added Parameter Price= to Part U8
Added Parameter Price= to Part U13
Added Parameter Price= to Part U14
Added Parameter Stockiest= to Part C30
Added Parameter Stockiest= to Part C31
Added Parameter Stockiest= to Part C32
Added Parameter Stockiest= to Part C33
Added Parameter Stockiest= to Part J4
Added Parameter Stockiest= to Part P3
Added Parameter Stockiest= to Part R23
Added Parameter Stockiest= to Part R24
Added Parameter Stockiest= to Part R25
Added Parameter Stockiest= to Part U8
Added Parameter Stockiest= to Part U13
Added Parameter Stockiest= to Part U14
Added Parameter Stockiest Part No= to Part C30
Added Parameter Stockiest Part No= to Part C31
Added Parameter Stockiest Part No= to Part C32
Added Parameter Stockiest Part No= to Part C33
Added Parameter Stockiest Part No= to Part J4
Added Parameter Stockiest Part No= to Part P3
Added Parameter Stockiest Part No= to Part R23
Added Parameter Stockiest Part No= to Part R24
Added Parameter Stockiest Part No= to Part R25
Added Parameter Stockiest Part No= to Part U8
Added Parameter Stockiest Part No= to Part U13
Added Parameter Stockiest Part No= to Part U14
Added Parameter Value= to Part C30
Added Parameter Value= to Part C31
Added Parameter Value= to Part C32
Added Parameter Value= to Part C33
Added Parameter Value= to Part J4
Added Parameter Value= to Part P3
Added Parameter Value= to Part R23
Added Parameter Value= to Part R24
Added Parameter Value= to Part R25
Added Parameter Value= to Part U8
Added Parameter Value= to Part U13
Added Parameter Value= to Part U14
