Removed Parameter Arrow Part Number: from Part J?
Removed Parameter Arrow Part Number: from Part J?
Removed Parameter Arrow Price/Stock: from Part J?
Removed Parameter Arrow Price/Stock: from Part J?
Removed Parameter Datasheet Link:https://belfuse.com/resources/StewartConnector/0826-1G1T-23-F.pdf from Part J?
Removed Parameter Datasheet Link:https://www.mouser.com/datasheet/2/18/rje172881x21-1395847.pdf from Part J?
Removed Parameter Height:13.31mm from Part J?
Removed Parameter Height:13.61mm from Part J?
Removed Parameter Manufacturer_Name:Amphenol from Part J?
Removed Parameter Manufacturer_Name:Bel from Part J?
Removed Parameter Manufacturer_Part_Number:0826-1G1T-23-F from Part J?
Removed Parameter Manufacturer_Part_Number:RJSSE5081 from Part J?
Removed Parameter Mouser Part Number:523-RJSSE5081 from Part J?
Removed Parameter Mouser Part Number:530-0826-1G1T-23-F from Part J?
Removed Parameter Mouser Price/Stock: from Part J?
Removed Parameter Mouser Price/Stock:https://www.mouser.co.uk/ProductDetail/Amphenol-Commercial-Products/RJSSE5081?qs=YfYJNAER0FrR8xJf3yp7Tw%3D%3D from Part J?
Added Parameter Mfr= to Part J?
Added Parameter Mfr= to Part J?
Added Parameter Mfr= to Part J?
Added Parameter Mfr Part No= to Part J?
Added Parameter Mfr Part No= to Part J?
Added Parameter Mfr Part No= to Part J?
Added Parameter Package= to Part J?
Added Parameter Package= to Part J?
Added Parameter Package= to Part J?
Added Parameter Price= to Part J?
Added Parameter Price= to Part J?
Added Parameter Price= to Part J?
Added Parameter Stockiest= to Part J?
Added Parameter Stockiest= to Part J?
Added Parameter Stockiest= to Part J?
Added Parameter Stockiest Part No= to Part J?
Added Parameter Stockiest Part No= to Part J?
Added Parameter Stockiest Part No= to Part J?
Added Parameter Value= to Part J?
Added Parameter Value= to Part J?
Added Parameter Value= to Part J?
