Removed Parameter Arrow Part Number:IX4427MTR from Part U9
Removed Parameter Arrow Price/Stock:https://www.arrow.com/en/products/ix4427mtr/ixys from Part U9
Removed Parameter Datasheet Link:http://www.ixysic.com/home/pdfs.nsf/www/IX4426-27-28.pdf/$file/IX4426-27-28.pdf from Part U9
Removed Parameter Height:0.9mm from Part U9
Removed Parameter LatestRevisionDate:17-Jul-2002 from Part C34
Removed Parameter LatestRevisionDate:17-Jul-2002 from Part R26
Removed Parameter LatestRevisionDate:17-Jul-2002 from Part R27
Removed Parameter LatestRevisionDate:17-Jul-2002 from Part R28
Removed Parameter LatestRevisionDate:17-Jul-2002 from Part R29
Removed Parameter LatestRevisionNote:Re-released for DXP Platform. from Part C34
Removed Parameter LatestRevisionNote:Re-released for DXP Platform. from Part R26
Removed Parameter LatestRevisionNote:Re-released for DXP Platform. from Part R27
Removed Parameter LatestRevisionNote:Re-released for DXP Platform. from Part R28
Removed Parameter LatestRevisionNote:Re-released for DXP Platform. from Part R29
Removed Parameter Manufacturer_Name:IXYS SEMICONDUCTOR from Part U9
Removed Parameter Manufacturer_Part_Number:IX4427MTR from Part U9
Removed Parameter Mouser Part Number:849-IX4427MTR from Part U9
Removed Parameter Mouser Price/Stock:https://www.mouser.co.uk/ProductDetail/IXYS-Integrated-Circuits/IX4427MTR/?qs=KD90HyCcfIn4cdMeKdxOsg%3D%3D from Part U9
Removed Parameter PackageDescription:Axial Device, Thru-Hole; 2 Leads; 0.3 in Pin Spacing from Part R26
Removed Parameter PackageDescription:Axial Device, Thru-Hole; 2 Leads; 0.3 in Pin Spacing from Part R27
Removed Parameter PackageDescription:Axial Device, Thru-Hole; 2 Leads; 0.3 in Pin Spacing from Part R28
Removed Parameter PackageDescription:Axial Device, Thru-Hole; 2 Leads; 0.3 in Pin Spacing from Part R29
Removed Parameter PackageDescription:Radial Cap, Thru-Hole; 2 Leads; 0.3 in Pin Spacing from Part C34
Removed Parameter PackageReference:AXIAL-0.3 from Part R26
Removed Parameter PackageReference:AXIAL-0.3 from Part R27
Removed Parameter PackageReference:AXIAL-0.3 from Part R28
Removed Parameter PackageReference:AXIAL-0.3 from Part R29
Removed Parameter PackageReference:RAD-0.3 from Part C34
Removed Parameter Published:8-Jun-2000 from Part C34
Removed Parameter Published:8-Jun-2000 from Part R26
Removed Parameter Published:8-Jun-2000 from Part R27
Removed Parameter Published:8-Jun-2000 from Part R28
Removed Parameter Published:8-Jun-2000 from Part R29
Removed Parameter Publisher:Altium Limited from Part C34
Removed Parameter Publisher:Altium Limited from Part R26
Removed Parameter Publisher:Altium Limited from Part R27
Removed Parameter Publisher:Altium Limited from Part R28
Removed Parameter Publisher:Altium Limited from Part R29
Removed Parameter Value:0.1uF/50V from Part C34
Removed Parameter Value:1K from Part R26
Removed Parameter Value:1K from Part R27
Removed Parameter Value:1K from Part R28
Removed Parameter Value:1K from Part R29
