Added Parameter Mfr= to Part C34
Added Parameter Mfr= to Part R26
Added Parameter Mfr= to Part R27
Added Parameter Mfr= to Part R28
Added Parameter Mfr= to Part R29
Added Parameter Mfr= to Part U9
Added Parameter Mfr Part No= to Part C34
Added Parameter Mfr Part No= to Part R26
Added Parameter Mfr Part No= to Part R27
Added Parameter Mfr Part No= to Part R28
Added Parameter Mfr Part No= to Part R29
Added Parameter Mfr Part No= to Part U9
Added Parameter Package= to Part C34
Added Parameter Package= to Part R26
Added Parameter Package= to Part R27
Added Parameter Package= to Part R28
Added Parameter Package= to Part R29
Added Parameter Package= to Part U9
Added Parameter Price= to Part C34
Added Parameter Price= to Part R26
Added Parameter Price= to Part R27
Added Parameter Price= to Part R28
Added Parameter Price= to Part R29
Added Parameter Price= to Part U9
Added Parameter Stockiest= to Part C34
Added Parameter Stockiest= to Part R26
Added Parameter Stockiest= to Part R27
Added Parameter Stockiest= to Part R28
Added Parameter Stockiest= to Part R29
Added Parameter Stockiest= to Part U9
Added Parameter Stockiest Part No= to Part C34
Added Parameter Stockiest Part No= to Part R26
Added Parameter Stockiest Part No= to Part R27
Added Parameter Stockiest Part No= to Part R28
Added Parameter Stockiest Part No= to Part R29
Added Parameter Stockiest Part No= to Part U9
Added Parameter Value= to Part C34
Added Parameter Value= to Part R26
Added Parameter Value= to Part R27
Added Parameter Value= to Part R28
Added Parameter Value= to Part R29
Added Parameter Value= to Part U9
