Added Parameter Mfr= to Part P2
Added Parameter Mfr= to Part P4
Added Parameter Mfr= to Part P5
Added Parameter Mfr= to Part P6
Added Parameter Mfr= to Part P7
Added Parameter Mfr= to Part P8
Added Parameter Mfr= to Part P9
Added Parameter Mfr= to Part P10
Added Parameter Mfr Part No= to Part P2
Added Parameter Mfr Part No= to Part P4
Added Parameter Mfr Part No= to Part P5
Added Parameter Mfr Part No= to Part P6
Added Parameter Mfr Part No= to Part P7
Added Parameter Mfr Part No= to Part P8
Added Parameter Mfr Part No= to Part P9
Added Parameter Mfr Part No= to Part P10
Added Parameter Package= to Part P2
Added Parameter Package= to Part P4
Added Parameter Package= to Part P5
Added Parameter Package= to Part P6
Added Parameter Package= to Part P7
Added Parameter Package= to Part P8
Added Parameter Package= to Part P9
Added Parameter Package= to Part P10
Added Parameter Price= to Part P2
Added Parameter Price= to Part P4
Added Parameter Price= to Part P5
Added Parameter Price= to Part P6
Added Parameter Price= to Part P7
Added Parameter Price= to Part P8
Added Parameter Price= to Part P9
Added Parameter Price= to Part P10
Added Parameter Stockiest= to Part P2
Added Parameter Stockiest= to Part P4
Added Parameter Stockiest= to Part P5
Added Parameter Stockiest= to Part P6
Added Parameter Stockiest= to Part P7
Added Parameter Stockiest= to Part P8
Added Parameter Stockiest= to Part P9
Added Parameter Stockiest= to Part P10
Added Parameter Stockiest Part No= to Part P2
Added Parameter Stockiest Part No= to Part P4
Added Parameter Stockiest Part No= to Part P5
Added Parameter Stockiest Part No= to Part P6
Added Parameter Stockiest Part No= to Part P7
Added Parameter Stockiest Part No= to Part P8
Added Parameter Stockiest Part No= to Part P9
Added Parameter Stockiest Part No= to Part P10
Added Parameter Value= to Part P2
Added Parameter Value= to Part P4
Added Parameter Value= to Part P5
Added Parameter Value= to Part P6
Added Parameter Value= to Part P7
Added Parameter Value= to Part P8
Added Parameter Value= to Part P9
Added Parameter Value= to Part P10
