Removed Parameter Arrow Part Number: from Part J1
Removed Parameter Arrow Part Number: from Part U2
Removed Parameter Arrow Price/Stock: from Part J1
Removed Parameter Arrow Price/Stock: from Part U2
Removed Parameter Datasheet Link:http://www.ftdichip.com/Support/Documents/DataSheets/ICs/DS_FT230X.pdf from Part U2
Removed Parameter Datasheet Link:https://cdn.amphenol-icc.com/media/wysiwyg/files/drawing/10033527.pdf from Part J1
Removed Parameter Height:1.753mm from Part U2
Removed Parameter Height:4.05mm from Part J1
Removed Parameter LatestRevisionDate:17-Jul-2002 from Part C11
Removed Parameter LatestRevisionDate:17-Jul-2002 from Part C12
Removed Parameter LatestRevisionDate:17-Jul-2002 from Part C13
Removed Parameter LatestRevisionDate:17-Jul-2002 from Part C14
Removed Parameter LatestRevisionDate:17-Jul-2002 from Part C15
Removed Parameter LatestRevisionDate:17-Jul-2002 from Part C16
Removed Parameter LatestRevisionDate:17-Jul-2002 from Part C17
Removed Parameter LatestRevisionDate:17-Jul-2002 from Part R9
Removed Parameter LatestRevisionDate:17-Jul-2002 from Part R10
Removed Parameter LatestRevisionDate:17-Jul-2002 from Part R11
Removed Parameter LatestRevisionDate:17-Jul-2002 from Part R12
Removed Parameter LatestRevisionDate:17-Jul-2002 from Part R13
Removed Parameter LatestRevisionDate:17-Jul-2002 from Part R14
Removed Parameter LatestRevisionNote:Re-released for DXP Platform. from Part C11
Removed Parameter LatestRevisionNote:Re-released for DXP Platform. from Part C12
Removed Parameter LatestRevisionNote:Re-released for DXP Platform. from Part C13
Removed Parameter LatestRevisionNote:Re-released for DXP Platform. from Part C14
Removed Parameter LatestRevisionNote:Re-released for DXP Platform. from Part C15
Removed Parameter LatestRevisionNote:Re-released for DXP Platform. from Part C16
Removed Parameter LatestRevisionNote:Re-released for DXP Platform. from Part C17
Removed Parameter LatestRevisionNote:Re-released for DXP Platform. from Part R9
Removed Parameter LatestRevisionNote:Re-released for DXP Platform. from Part R10
Removed Parameter LatestRevisionNote:Re-released for DXP Platform. from Part R11
Removed Parameter LatestRevisionNote:Re-released for DXP Platform. from Part R12
Removed Parameter LatestRevisionNote:Re-released for DXP Platform. from Part R13
Removed Parameter LatestRevisionNote:Re-released for DXP Platform. from Part R14
Removed Parameter Manufacturer:KEMET from Part C38
Removed Parameter Manufacturer:Lite-On from Part D2
Removed Parameter Manufacturer:Lite-On from Part D3
Removed Parameter Manufacturer:Panasonic from Part R32
Removed Parameter Manufacturer:TDK from Part L4
Removed Parameter Manufacturer_Name:Amphenol from Part J1
Removed Parameter Manufacturer_Name:FTDI Chip from Part U2
Removed Parameter Manufacturer_Part_Number:10033527-N3112LF from Part J1
Removed Parameter Manufacturer_Part_Number:FT230 from Part U2
Removed Parameter Mouser Part Number: from Part J1
Removed Parameter Mouser Part Number: from Part U2
Removed Parameter Mouser Price/Stock: from Part J1
Removed Parameter Mouser Price/Stock: from Part U2
Removed Parameter PackageDescription:Axial Device, Thru-Hole; 2 Leads; 0.3 in Pin Spacing from Part R9
Removed Parameter PackageDescription:Axial Device, Thru-Hole; 2 Leads; 0.3 in Pin Spacing from Part R10
Removed Parameter PackageDescription:Axial Device, Thru-Hole; 2 Leads; 0.3 in Pin Spacing from Part R11
Removed Parameter PackageDescription:Axial Device, Thru-Hole; 2 Leads; 0.3 in Pin Spacing from Part R12
Removed Parameter PackageDescription:Axial Device, Thru-Hole; 2 Leads; 0.3 in Pin Spacing from Part R13
Removed Parameter PackageDescription:Axial Device, Thru-Hole; 2 Leads; 0.3 in Pin Spacing from Part R14
Removed Parameter PackageDescription:Polarized Capacitor (Radial); 2 Leads from Part C11
Removed Parameter PackageDescription:Radial Cap, Thru-Hole; 2 Leads; 0.3 in Pin Spacing from Part C12
Removed Parameter PackageDescription:Radial Cap, Thru-Hole; 2 Leads; 0.3 in Pin Spacing from Part C13
Removed Parameter PackageDescription:Radial Cap, Thru-Hole; 2 Leads; 0.3 in Pin Spacing from Part C14
Removed Parameter PackageDescription:Radial Cap, Thru-Hole; 2 Leads; 0.3 in Pin Spacing from Part C15
Removed Parameter PackageDescription:Radial Cap, Thru-Hole; 2 Leads; 0.3 in Pin Spacing from Part C16
Removed Parameter PackageDescription:Radial Cap, Thru-Hole; 2 Leads; 0.3 in Pin Spacing from Part C17
Removed Parameter PackageReference:AXIAL-0.3 from Part R9
Removed Parameter PackageReference:AXIAL-0.3 from Part R10
Removed Parameter PackageReference:AXIAL-0.3 from Part R11
Removed Parameter PackageReference:AXIAL-0.3 from Part R12
Removed Parameter PackageReference:AXIAL-0.3 from Part R13
Removed Parameter PackageReference:AXIAL-0.3 from Part R14
Removed Parameter PackageReference:RAD-0.3 from Part C12
Removed Parameter PackageReference:RAD-0.3 from Part C13
Removed Parameter PackageReference:RAD-0.3 from Part C14
Removed Parameter PackageReference:RAD-0.3 from Part C15
Removed Parameter PackageReference:RAD-0.3 from Part C16
Removed Parameter PackageReference:RAD-0.3 from Part C17
Removed Parameter PackageReference:RB7.6-15 from Part C11
Removed Parameter Published:8-Jun-2000 from Part C11
Removed Parameter Published:8-Jun-2000 from Part C12
Removed Parameter Published:8-Jun-2000 from Part C13
Removed Parameter Published:8-Jun-2000 from Part C14
Removed Parameter Published:8-Jun-2000 from Part C15
Removed Parameter Published:8-Jun-2000 from Part C16
Removed Parameter Published:8-Jun-2000 from Part C17
Removed Parameter Published:8-Jun-2000 from Part R9
Removed Parameter Published:8-Jun-2000 from Part R10
Removed Parameter Published:8-Jun-2000 from Part R11
Removed Parameter Published:8-Jun-2000 from Part R12
Removed Parameter Published:8-Jun-2000 from Part R13
Removed Parameter Published:8-Jun-2000 from Part R14
Removed Parameter Publisher:Altium Limited from Part C11
Removed Parameter Publisher:Altium Limited from Part C12
Removed Parameter Publisher:Altium Limited from Part C13
Removed Parameter Publisher:Altium Limited from Part C14
Removed Parameter Publisher:Altium Limited from Part C15
Removed Parameter Publisher:Altium Limited from Part C16
Removed Parameter Publisher:Altium Limited from Part C17
Removed Parameter Publisher:Altium Limited from Part R9
Removed Parameter Publisher:Altium Limited from Part R10
Removed Parameter Publisher:Altium Limited from Part R11
Removed Parameter Publisher:Altium Limited from Part R12
Removed Parameter Publisher:Altium Limited from Part R13
Removed Parameter Publisher:Altium Limited from Part R14
Added Parameter Mfr= to Part C11
Added Parameter Mfr= to Part C12
Added Parameter Mfr= to Part C13
Added Parameter Mfr= to Part C14
Added Parameter Mfr= to Part C15
Added Parameter Mfr= to Part C16
Added Parameter Mfr= to Part C17
Added Parameter Mfr= to Part C38
Added Parameter Mfr= to Part D2
Added Parameter Mfr= to Part D3
Added Parameter Mfr= to Part J1
Added Parameter Mfr= to Part L4
Added Parameter Mfr= to Part R9
Added Parameter Mfr= to Part R10
Added Parameter Mfr= to Part R11
Added Parameter Mfr= to Part R12
Added Parameter Mfr= to Part R13
Added Parameter Mfr= to Part R14
Added Parameter Mfr= to Part R32
Added Parameter Mfr= to Part U2
Added Parameter Mfr Part No= to Part C11
Added Parameter Mfr Part No= to Part C12
Added Parameter Mfr Part No= to Part C13
Added Parameter Mfr Part No= to Part C14
Added Parameter Mfr Part No= to Part C15
Added Parameter Mfr Part No= to Part C16
Added Parameter Mfr Part No= to Part C17
Added Parameter Mfr Part No= to Part J1
Added Parameter Mfr Part No= to Part R9
Added Parameter Mfr Part No= to Part R10
Added Parameter Mfr Part No= to Part R11
Added Parameter Mfr Part No= to Part R12
Added Parameter Mfr Part No= to Part R13
Added Parameter Mfr Part No= to Part R14
Added Parameter Mfr Part No= to Part U2
Added Parameter Package= to Part C11
Added Parameter Package= to Part C12
Added Parameter Package= to Part C13
Added Parameter Package= to Part C14
Added Parameter Package= to Part C15
Added Parameter Package= to Part C16
Added Parameter Package= to Part C17
Added Parameter Package= to Part C38
Added Parameter Package= to Part J1
Added Parameter Package= to Part R9
Added Parameter Package= to Part R10
Added Parameter Package= to Part R11
Added Parameter Package= to Part R12
Added Parameter Package= to Part R13
Added Parameter Package= to Part R14
Added Parameter Package= to Part R32
Added Parameter Package= to Part U2
Added Parameter Price= to Part C11
Added Parameter Price= to Part C12
Added Parameter Price= to Part C13
Added Parameter Price= to Part C14
Added Parameter Price= to Part C15
Added Parameter Price= to Part C16
Added Parameter Price= to Part C17
Added Parameter Price= to Part J1
Added Parameter Price= to Part R9
Added Parameter Price= to Part R10
Added Parameter Price= to Part R11
Added Parameter Price= to Part R12
Added Parameter Price= to Part R13
Added Parameter Price= to Part R14
Added Parameter Price= to Part U2
Added Parameter Stockiest=MOUSER to Part C11
Added Parameter Stockiest=MOUSER to Part C12
Added Parameter Stockiest=MOUSER to Part C13
Added Parameter Stockiest=MOUSER to Part C14
Added Parameter Stockiest=MOUSER to Part C15
Added Parameter Stockiest=MOUSER to Part C16
Added Parameter Stockiest=MOUSER to Part C17
Added Parameter Stockiest=MOUSER to Part J1
Added Parameter Stockiest=MOUSER to Part R9
Added Parameter Stockiest=MOUSER to Part R10
Added Parameter Stockiest=MOUSER to Part R11
Added Parameter Stockiest=MOUSER to Part R12
Added Parameter Stockiest=MOUSER to Part R13
Added Parameter Stockiest=MOUSER to Part R14
Added Parameter Stockiest=MOUSER to Part U2
Added Parameter Stockiest Part No= to Part C11
Added Parameter Stockiest Part No= to Part C12
Added Parameter Stockiest Part No= to Part C13
Added Parameter Stockiest Part No= to Part C14
Added Parameter Stockiest Part No= to Part C15
Added Parameter Stockiest Part No= to Part C16
Added Parameter Stockiest Part No= to Part C17
Added Parameter Stockiest Part No= to Part J1
Added Parameter Stockiest Part No= to Part R9
Added Parameter Stockiest Part No= to Part R10
Added Parameter Stockiest Part No= to Part R11
Added Parameter Stockiest Part No= to Part R12
Added Parameter Stockiest Part No= to Part R13
Added Parameter Stockiest Part No= to Part R14
Added Parameter Stockiest Part No= to Part U2
Added Parameter Value= to Part J1
Added Parameter Value= to Part U2
