Removed Parameter Arrow Part Number: from Part U3
Removed Parameter Arrow Price/Stock: from Part U3
Removed Parameter Datasheet Link:https://4donline.ihs.com/images/VipMasterIC/IC/MONO/MONO-S-A0008397207/MONO-S-A0008397207-1.pdf?hkey=EF798316E3902B6ED9A73243A3159BB0 from Part U3
Removed Parameter Height:0.6mm from Part U3
Removed Parameter LatestRevisionDate:17-Jul-2002 from Part C18
Removed Parameter LatestRevisionDate:17-Jul-2002 from Part C19
Removed Parameter LatestRevisionDate:17-Jul-2002 from Part C20
Removed Parameter LatestRevisionDate:17-Jul-2002 from Part C21
Removed Parameter LatestRevisionDate:17-Jul-2002 from Part C22
Removed Parameter LatestRevisionDate:17-Jul-2002 from Part C23
Removed Parameter LatestRevisionDate:17-Jul-2002 from Part C24
Removed Parameter LatestRevisionDate:17-Jul-2002 from Part C25
Removed Parameter LatestRevisionDate:17-Jul-2002 from Part R15
Removed Parameter LatestRevisionDate:17-Jul-2002 from Part R16
Removed Parameter LatestRevisionDate:17-Jul-2002 from Part R17
Removed Parameter LatestRevisionDate:17-Jul-2002 from Part R18
Removed Parameter LatestRevisionDate:17-Jul-2002 from Part R19
Removed Parameter LatestRevisionNote:Re-released for DXP Platform. from Part C18
Removed Parameter LatestRevisionNote:Re-released for DXP Platform. from Part C19
Removed Parameter LatestRevisionNote:Re-released for DXP Platform. from Part C20
Removed Parameter LatestRevisionNote:Re-released for DXP Platform. from Part C21
Removed Parameter LatestRevisionNote:Re-released for DXP Platform. from Part C22
Removed Parameter LatestRevisionNote:Re-released for DXP Platform. from Part C23
Removed Parameter LatestRevisionNote:Re-released for DXP Platform. from Part C24
Removed Parameter LatestRevisionNote:Re-released for DXP Platform. from Part C25
Removed Parameter LatestRevisionNote:Re-released for DXP Platform. from Part R15
Removed Parameter LatestRevisionNote:Re-released for DXP Platform. from Part R16
Removed Parameter LatestRevisionNote:Re-released for DXP Platform. from Part R17
Removed Parameter LatestRevisionNote:Re-released for DXP Platform. from Part R18
Removed Parameter LatestRevisionNote:Re-released for DXP Platform. from Part R19
Removed Parameter Manufacturer:Vishay from Part L5
Removed Parameter Manufacturer_Name:Monolithic Power Systems (MPS) from Part U3
Removed Parameter Manufacturer_Part_Number:MP2333HGTL from Part U3
Removed Parameter Mouser Part Number: from Part U3
Removed Parameter Mouser Price/Stock: from Part U3
Removed Parameter PackageDescription:Axial Device, Thru-Hole; 2 Leads; 0.3 in Pin Spacing from Part R15
Removed Parameter PackageDescription:Axial Device, Thru-Hole; 2 Leads; 0.3 in Pin Spacing from Part R16
Removed Parameter PackageDescription:Axial Device, Thru-Hole; 2 Leads; 0.3 in Pin Spacing from Part R17
Removed Parameter PackageDescription:Axial Device, Thru-Hole; 2 Leads; 0.3 in Pin Spacing from Part R18
Removed Parameter PackageDescription:Axial Device, Thru-Hole; 2 Leads; 0.3 in Pin Spacing from Part R19
Removed Parameter PackageDescription:Radial Cap, Thru-Hole; 2 Leads; 0.3 in Pin Spacing from Part C18
Removed Parameter PackageDescription:Radial Cap, Thru-Hole; 2 Leads; 0.3 in Pin Spacing from Part C19
Removed Parameter PackageDescription:Radial Cap, Thru-Hole; 2 Leads; 0.3 in Pin Spacing from Part C20
Removed Parameter PackageDescription:Radial Cap, Thru-Hole; 2 Leads; 0.3 in Pin Spacing from Part C21
Removed Parameter PackageDescription:Radial Cap, Thru-Hole; 2 Leads; 0.3 in Pin Spacing from Part C22
Removed Parameter PackageDescription:Radial Cap, Thru-Hole; 2 Leads; 0.3 in Pin Spacing from Part C23
Removed Parameter PackageDescription:Radial Cap, Thru-Hole; 2 Leads; 0.3 in Pin Spacing from Part C24
Removed Parameter PackageDescription:Radial Cap, Thru-Hole; 2 Leads; 0.3 in Pin Spacing from Part C25
Removed Parameter PackageReference:AXIAL-0.3 from Part R15
Removed Parameter PackageReference:AXIAL-0.3 from Part R16
Removed Parameter PackageReference:AXIAL-0.3 from Part R17
Removed Parameter PackageReference:AXIAL-0.3 from Part R18
Removed Parameter PackageReference:AXIAL-0.3 from Part R19
Removed Parameter PackageReference:RAD-0.3 from Part C18
Removed Parameter PackageReference:RAD-0.3 from Part C19
Removed Parameter PackageReference:RAD-0.3 from Part C20
Removed Parameter PackageReference:RAD-0.3 from Part C21
Removed Parameter PackageReference:RAD-0.3 from Part C22
Removed Parameter PackageReference:RAD-0.3 from Part C23
Removed Parameter PackageReference:RAD-0.3 from Part C24
Removed Parameter PackageReference:RAD-0.3 from Part C25
Removed Parameter Published:8-Jun-2000 from Part C18
Removed Parameter Published:8-Jun-2000 from Part C19
Removed Parameter Published:8-Jun-2000 from Part C20
Removed Parameter Published:8-Jun-2000 from Part C21
Removed Parameter Published:8-Jun-2000 from Part C22
Removed Parameter Published:8-Jun-2000 from Part C23
Removed Parameter Published:8-Jun-2000 from Part C24
Removed Parameter Published:8-Jun-2000 from Part C25
Removed Parameter Published:8-Jun-2000 from Part R15
Removed Parameter Published:8-Jun-2000 from Part R16
Removed Parameter Published:8-Jun-2000 from Part R17
Removed Parameter Published:8-Jun-2000 from Part R18
Removed Parameter Published:8-Jun-2000 from Part R19
Removed Parameter Publisher:Altium Limited from Part C18
Removed Parameter Publisher:Altium Limited from Part C19
Removed Parameter Publisher:Altium Limited from Part C20
Removed Parameter Publisher:Altium Limited from Part C21
Removed Parameter Publisher:Altium Limited from Part C22
Removed Parameter Publisher:Altium Limited from Part C23
Removed Parameter Publisher:Altium Limited from Part C24
Removed Parameter Publisher:Altium Limited from Part C25
Removed Parameter Publisher:Altium Limited from Part R15
Removed Parameter Publisher:Altium Limited from Part R16
Removed Parameter Publisher:Altium Limited from Part R17
Removed Parameter Publisher:Altium Limited from Part R18
Removed Parameter Publisher:Altium Limited from Part R19
Added Parameter Mfr= to Part C18
Added Parameter Mfr= to Part C19
Added Parameter Mfr= to Part C20
Added Parameter Mfr= to Part C21
Added Parameter Mfr= to Part C22
Added Parameter Mfr= to Part C23
Added Parameter Mfr= to Part C24
Added Parameter Mfr= to Part C25
Added Parameter Mfr= to Part L5
Added Parameter Mfr= to Part R15
Added Parameter Mfr= to Part R16
Added Parameter Mfr= to Part R17
Added Parameter Mfr= to Part R18
Added Parameter Mfr= to Part R19
Added Parameter Mfr= to Part U3
Added Parameter Mfr Part No= to Part C18
Added Parameter Mfr Part No= to Part C19
Added Parameter Mfr Part No= to Part C20
Added Parameter Mfr Part No= to Part C21
Added Parameter Mfr Part No= to Part C22
Added Parameter Mfr Part No= to Part C23
Added Parameter Mfr Part No= to Part C24
Added Parameter Mfr Part No= to Part C25
Added Parameter Mfr Part No= to Part R15
Added Parameter Mfr Part No= to Part R16
Added Parameter Mfr Part No= to Part R17
Added Parameter Mfr Part No= to Part R18
Added Parameter Mfr Part No= to Part R19
Added Parameter Mfr Part No= to Part U3
Added Parameter Package= to Part C18
Added Parameter Package= to Part C19
Added Parameter Package= to Part C20
Added Parameter Package= to Part C21
Added Parameter Package= to Part C22
Added Parameter Package= to Part C23
Added Parameter Package= to Part C24
Added Parameter Package= to Part C25
Added Parameter Package= to Part R15
Added Parameter Package= to Part R16
Added Parameter Package= to Part R17
Added Parameter Package= to Part R18
Added Parameter Package= to Part R19
Added Parameter Package= to Part U3
Added Parameter Price= to Part C18
Added Parameter Price= to Part C19
Added Parameter Price= to Part C20
Added Parameter Price= to Part C21
Added Parameter Price= to Part C22
Added Parameter Price= to Part C23
Added Parameter Price= to Part C24
Added Parameter Price= to Part C25
Added Parameter Price= to Part R15
Added Parameter Price= to Part R16
Added Parameter Price= to Part R17
Added Parameter Price= to Part R18
Added Parameter Price= to Part R19
Added Parameter Price= to Part U3
Added Parameter Stockiest=MOUSER to Part C18
Added Parameter Stockiest=MOUSER to Part C19
Added Parameter Stockiest=MOUSER to Part C20
Added Parameter Stockiest=MOUSER to Part C21
Added Parameter Stockiest=MOUSER to Part C22
Added Parameter Stockiest=MOUSER to Part C23
Added Parameter Stockiest=MOUSER to Part C24
Added Parameter Stockiest=MOUSER to Part C25
Added Parameter Stockiest=MOUSER to Part R15
Added Parameter Stockiest=MOUSER to Part R16
Added Parameter Stockiest=MOUSER to Part R17
Added Parameter Stockiest=MOUSER to Part R18
Added Parameter Stockiest=MOUSER to Part R19
Added Parameter Stockiest=MOUSER to Part U3
Added Parameter Stockiest Part No= to Part C18
Added Parameter Stockiest Part No= to Part C19
Added Parameter Stockiest Part No= to Part C20
Added Parameter Stockiest Part No= to Part C21
Added Parameter Stockiest Part No= to Part C22
Added Parameter Stockiest Part No= to Part C23
Added Parameter Stockiest Part No= to Part C24
Added Parameter Stockiest Part No= to Part C25
Added Parameter Stockiest Part No= to Part R15
Added Parameter Stockiest Part No= to Part R16
Added Parameter Stockiest Part No= to Part R17
Added Parameter Stockiest Part No= to Part R18
Added Parameter Stockiest Part No= to Part R19
Added Parameter Stockiest Part No= to Part U3
Added Parameter Value= to Part U3
