Removed Parameter Arrow Part Number: from Part X1
Removed Parameter Arrow Price/Stock: from Part X1
Removed Parameter Datasheet Link:https://abracon.com/Resonators/AB26T.pdf from Part X1
Removed Parameter Height:8.2mm from Part X1
Removed Parameter LatestRevisionDate:17-Jul-2002 from Part C26
Removed Parameter LatestRevisionDate:17-Jul-2002 from Part C27
Removed Parameter LatestRevisionDate:17-Jul-2002 from Part C39
Removed Parameter LatestRevisionDate:17-Jul-2002 from Part R20
Removed Parameter LatestRevisionDate:17-Jul-2002 from Part R21
Removed Parameter LatestRevisionDate:17-Jul-2002 from Part R22
Removed Parameter LatestRevisionNote:Re-released for DXP Platform. from Part C26
Removed Parameter LatestRevisionNote:Re-released for DXP Platform. from Part C27
Removed Parameter LatestRevisionNote:Re-released for DXP Platform. from Part C39
Removed Parameter LatestRevisionNote:Re-released for DXP Platform. from Part R20
Removed Parameter LatestRevisionNote:Re-released for DXP Platform. from Part R21
Removed Parameter LatestRevisionNote:Re-released for DXP Platform. from Part R22
Removed Parameter Manufacturer:KEMET from Part C40
Removed Parameter Manufacturer:KEMET from Part C41
Removed Parameter Manufacturer:Keystone Electronics from Part J3
Removed Parameter Manufacturer_Name:ABRACON from Part X1
Removed Parameter Manufacturer_Part_Number:AB26T-32.768KHZ-6 from Part X1
Removed Parameter Mouser Part Number:815-AB26T-32.768K-6 from Part X1
Removed Parameter Mouser Price/Stock:https://www.mouser.co.uk/ProductDetail/ABRACON/AB26T-32768KHZ-6?qs=4ZuRpliPd6xfrWwj%252BakZdw%3D%3D from Part X1
Removed Parameter PackageDescription:Axial Device, Thru-Hole; 2 Leads; 0.3 in Pin Spacing from Part R20
Removed Parameter PackageDescription:Axial Device, Thru-Hole; 2 Leads; 0.3 in Pin Spacing from Part R21
Removed Parameter PackageDescription:Axial Device, Thru-Hole; 2 Leads; 0.3 in Pin Spacing from Part R22
Removed Parameter PackageDescription:Radial Cap, Thru-Hole; 2 Leads; 0.3 in Pin Spacing from Part C26
Removed Parameter PackageDescription:Radial Cap, Thru-Hole; 2 Leads; 0.3 in Pin Spacing from Part C27
Removed Parameter PackageDescription:Radial Cap, Thru-Hole; 2 Leads; 0.3 in Pin Spacing from Part C39
Removed Parameter PackageReference:AXIAL-0.3 from Part R20
Removed Parameter PackageReference:AXIAL-0.3 from Part R21
Removed Parameter PackageReference:AXIAL-0.3 from Part R22
Removed Parameter PackageReference:RAD-0.3 from Part C26
Removed Parameter PackageReference:RAD-0.3 from Part C27
Removed Parameter PackageReference:RAD-0.3 from Part C39
Removed Parameter Published:8-Jun-2000 from Part C26
Removed Parameter Published:8-Jun-2000 from Part C27
Removed Parameter Published:8-Jun-2000 from Part C39
Removed Parameter Published:8-Jun-2000 from Part R20
Removed Parameter Published:8-Jun-2000 from Part R21
Removed Parameter Published:8-Jun-2000 from Part R22
Removed Parameter Publisher:Altium Limited from Part C26
Removed Parameter Publisher:Altium Limited from Part C27
Removed Parameter Publisher:Altium Limited from Part C39
Removed Parameter Publisher:Altium Limited from Part R20
Removed Parameter Publisher:Altium Limited from Part R21
Removed Parameter Publisher:Altium Limited from Part R22
Added Parameter Mfr= to Part C26
Added Parameter Mfr= to Part C27
Added Parameter Mfr= to Part C39
Added Parameter Mfr= to Part C40
Added Parameter Mfr= to Part C41
Added Parameter Mfr= to Part J3
Added Parameter Mfr= to Part R20
Added Parameter Mfr= to Part R21
Added Parameter Mfr= to Part R22
Added Parameter Mfr= to Part U4
Added Parameter Mfr= to Part X1
Added Parameter Mfr Part No= to Part C26
Added Parameter Mfr Part No= to Part C27
Added Parameter Mfr Part No= to Part C39
Added Parameter Mfr Part No= to Part R20
Added Parameter Mfr Part No= to Part R21
Added Parameter Mfr Part No= to Part R22
Added Parameter Mfr Part No= to Part U4
Added Parameter Mfr Part No= to Part X1
Added Parameter Package= to Part C26
Added Parameter Package= to Part C27
Added Parameter Package= to Part C39
Added Parameter Package= to Part C40
Added Parameter Package= to Part C41
Added Parameter Package= to Part J3
Added Parameter Package= to Part R20
Added Parameter Package= to Part R21
Added Parameter Package= to Part R22
Added Parameter Package= to Part U4
Added Parameter Package= to Part X1
Added Parameter Price= to Part C26
Added Parameter Price= to Part C27
Added Parameter Price= to Part C39
Added Parameter Price= to Part R20
Added Parameter Price= to Part R21
Added Parameter Price= to Part R22
Added Parameter Price= to Part U4
Added Parameter Price= to Part X1
Added Parameter Stockiest=MOUSER to Part C26
Added Parameter Stockiest=MOUSER to Part C27
Added Parameter Stockiest=MOUSER to Part C39
Added Parameter Stockiest=MOUSER to Part R20
Added Parameter Stockiest=MOUSER to Part R21
Added Parameter Stockiest=MOUSER to Part R22
Added Parameter Stockiest=MOUSER to Part U4
Added Parameter Stockiest=MOUSER to Part X1
Added Parameter Stockiest Part No= to Part C26
Added Parameter Stockiest Part No= to Part C27
Added Parameter Stockiest Part No= to Part C39
Added Parameter Stockiest Part No= to Part R20
Added Parameter Stockiest Part No= to Part R21
Added Parameter Stockiest Part No= to Part R22
Added Parameter Stockiest Part No= to Part U4
Added Parameter Stockiest Part No= to Part X1
Added Parameter Value= to Part U4
Added Parameter Value= to Part X1
