Removed Parameter Arrow Part Number:74CB3Q3253PWJ from Part U?
Removed Parameter Arrow Part Number:74CB3Q3253PWJ from Part U?
Removed Parameter Arrow Part Number:74LV540APWJ from Part U?
Removed Parameter Arrow Part Number:ADG708BRUZ from Part U7
Removed Parameter Arrow Part Number:MC74HC238ADTR2G from Part U11
Removed Parameter Arrow Part Number:STM32F101RBT6 from Part U6
Removed Parameter Arrow Price/Stock:https://www.arrow.com/en/products/74cb3q3253pwj/nexperia from Part U?
Removed Parameter Arrow Price/Stock:https://www.arrow.com/en/products/74cb3q3253pwj/nexperia from Part U?
Removed Parameter Arrow Price/Stock:https://www.arrow.com/en/products/74lv540apwj/nexperia from Part U?
Removed Parameter Arrow Price/Stock:https://www.arrow.com/en/products/adg708bruz/analog-devices from Part U7
Removed Parameter Arrow Price/Stock:https://www.arrow.com/en/products/mc74hc238adtr2g/on-semiconductor from Part U11
Removed Parameter Arrow Price/Stock:https://www.arrow.com/en/products/stm32f101rbt6/stmicroelectronics from Part U6
Removed Parameter Datasheet Link:http://www.analog.com/static/imported-files/data_sheets/ADG708_709.pdf from Part U7
Removed Parameter Datasheet Link:http://www.st.com/st-web-ui/static/active/en/resource/technical/document/datasheet/CD00161561.pdf from Part U6
Removed Parameter Datasheet Link:https://assets.nexperia.com/documents/data-sheet/74CB3Q3253.pdf from Part U?
Removed Parameter Datasheet Link:https://assets.nexperia.com/documents/data-sheet/74CB3Q3253.pdf from Part U?
Removed Parameter Datasheet Link:https://assets.nexperia.com/documents/data-sheet/74LV540A.pdf from Part U?
Removed Parameter Datasheet Link:https://componentsearchengine.com/Datasheets/2/MC74HC238ADTR2G.pdf from Part U11
Removed Parameter Height:1.1mm from Part U?
Removed Parameter Height:1.1mm from Part U?
Removed Parameter Height:1.1mm from Part U?
Removed Parameter Height:1.2mm from Part U7
Removed Parameter Height:1.2mm from Part U11
Removed Parameter Height:1.6mm from Part U6
Removed Parameter LatestRevisionDate:17-Jul-2002 from Part C42
Removed Parameter LatestRevisionDate:17-Jul-2002 from Part C43
Removed Parameter LatestRevisionDate:17-Jul-2002 from Part C45
Removed Parameter LatestRevisionDate:17-Jul-2002 from Part C46
Removed Parameter LatestRevisionDate:17-Jul-2002 from Part C47
Removed Parameter LatestRevisionDate:17-Jul-2002 from Part C48
Removed Parameter LatestRevisionDate:17-Jul-2002 from Part C49
Removed Parameter LatestRevisionDate:17-Jul-2002 from Part C50
Removed Parameter LatestRevisionDate:17-Jul-2002 from Part C51
Removed Parameter LatestRevisionDate:17-Jul-2002 from Part C52
Removed Parameter LatestRevisionDate:17-Jul-2002 from Part C53
Removed Parameter LatestRevisionDate:17-Jul-2002 from Part C54
Removed Parameter LatestRevisionDate:17-Jul-2002 from Part C55
Removed Parameter LatestRevisionDate:17-Jul-2002 from Part C56
Removed Parameter LatestRevisionDate:17-Jul-2002 from Part P2
Removed Parameter LatestRevisionDate:17-Jul-2002 from Part R33
Removed Parameter LatestRevisionDate:17-Jul-2002 from Part R34
Removed Parameter LatestRevisionDate:17-Jul-2002 from Part R35
Removed Parameter LatestRevisionDate:17-Jul-2002 from Part R36
Removed Parameter LatestRevisionNote:Re-released for DXP Platform. from Part C42
Removed Parameter LatestRevisionNote:Re-released for DXP Platform. from Part C43
Removed Parameter LatestRevisionNote:Re-released for DXP Platform. from Part C45
Removed Parameter LatestRevisionNote:Re-released for DXP Platform. from Part C46
Removed Parameter LatestRevisionNote:Re-released for DXP Platform. from Part C47
Removed Parameter LatestRevisionNote:Re-released for DXP Platform. from Part C48
Removed Parameter LatestRevisionNote:Re-released for DXP Platform. from Part C49
Removed Parameter LatestRevisionNote:Re-released for DXP Platform. from Part C50
Removed Parameter LatestRevisionNote:Re-released for DXP Platform. from Part C51
Removed Parameter LatestRevisionNote:Re-released for DXP Platform. from Part C52
Removed Parameter LatestRevisionNote:Re-released for DXP Platform. from Part C53
Removed Parameter LatestRevisionNote:Re-released for DXP Platform. from Part C54
Removed Parameter LatestRevisionNote:Re-released for DXP Platform. from Part C55
Removed Parameter LatestRevisionNote:Re-released for DXP Platform. from Part C56
Removed Parameter LatestRevisionNote:Re-released for DXP Platform. from Part P2
Removed Parameter LatestRevisionNote:Re-released for DXP Platform. from Part R33
Removed Parameter LatestRevisionNote:Re-released for DXP Platform. from Part R34
Removed Parameter LatestRevisionNote:Re-released for DXP Platform. from Part R35
Removed Parameter LatestRevisionNote:Re-released for DXP Platform. from Part R36
Removed Parameter Manufacturer:Abracon from Part U12
Removed Parameter Manufacturer:Diodes from Part D5
Removed Parameter Manufacturer:Diodes from Part D6
Removed Parameter Manufacturer:KEMET from Part C44
Removed Parameter Manufacturer:Yageo from Part R37
Removed Parameter Manufacturer_Name:Analog Devices from Part U7
Removed Parameter Manufacturer_Name:Nexperia from Part U?
Removed Parameter Manufacturer_Name:Nexperia from Part U?
Removed Parameter Manufacturer_Name:Nexperia from Part U?
Removed Parameter Manufacturer_Name:ON Semiconductor from Part U11
Removed Parameter Manufacturer_Name:STMicroelectronics from Part U6
Removed Parameter Manufacturer_Part_Number:74CB3Q3253PWJ from Part U?
Removed Parameter Manufacturer_Part_Number:74CB3Q3253PWJ from Part U?
Removed Parameter Manufacturer_Part_Number:74LV540APWJ from Part U?
Removed Parameter Manufacturer_Part_Number:ADG708BRUZ from Part U7
Removed Parameter Manufacturer_Part_Number:MC74HC238ADTR2G from Part U11
Removed Parameter Manufacturer_Part_Number:STM32F101RBT6 from Part U6
Removed Parameter Mouser Part Number:511-STM32F101RBT6 from Part U6
Removed Parameter Mouser Part Number:584-ADG708BRUZ from Part U7
Removed Parameter Mouser Part Number:771-74CB3Q3253PWJ from Part U?
Removed Parameter Mouser Part Number:771-74CB3Q3253PWJ from Part U?
Removed Parameter Mouser Part Number:771-74LV540APWJ from Part U?
Removed Parameter Mouser Part Number:863-MC74HC238ADTR2G from Part U11
Removed Parameter Mouser Price/Stock:https://www.mouser.co.uk/ProductDetail/Analog-Devices/ADG708BRUZ?qs=BpaRKvA4VqE6s2wNpzXc6Q%3D%3D from Part U7
Removed Parameter Mouser Price/Stock:https://www.mouser.co.uk/ProductDetail/Nexperia/74CB3Q3253PWJ?qs=YCa%2FAAYMW0039vRtZ2fz%252BA%3D%3D from Part U?
Removed Parameter Mouser Price/Stock:https://www.mouser.co.uk/ProductDetail/Nexperia/74CB3Q3253PWJ?qs=YCa%2FAAYMW0039vRtZ2fz%252BA%3D%3D from Part U?
Removed Parameter Mouser Price/Stock:https://www.mouser.co.uk/ProductDetail/ON-Semiconductor/MC74HC238ADTR2G?qs=mB5q98eOMcYIHVTp70gNug%3D%3D from Part U11
Removed Parameter Mouser Price/Stock:https://www.mouser.co.uk/ProductDetail/STMicroelectronics/STM32F101RBT6?qs=bhCVus9SdFt0EKpQgWIkhA%3D%3D from Part U6
Removed Parameter Mouser Price/Stock:https://www.mouser.com/Search/Refine.aspx?Keyword=771-74LV540APWJ from Part U?
Removed Parameter PackageDescription:Axial Device, Thru-Hole; 2 Leads; 0.3 in Pin Spacing from Part R33
Removed Parameter PackageDescription:Axial Device, Thru-Hole; 2 Leads; 0.3 in Pin Spacing from Part R34
Removed Parameter PackageDescription:Axial Device, Thru-Hole; 2 Leads; 0.3 in Pin Spacing from Part R35
Removed Parameter PackageDescription:Axial Device, Thru-Hole; 2 Leads; 0.3 in Pin Spacing from Part R36
Removed Parameter PackageDescription:Radial Cap, Thru-Hole; 2 Leads; 0.3 in Pin Spacing from Part C42
Removed Parameter PackageDescription:Radial Cap, Thru-Hole; 2 Leads; 0.3 in Pin Spacing from Part C43
Removed Parameter PackageDescription:Radial Cap, Thru-Hole; 2 Leads; 0.3 in Pin Spacing from Part C45
Removed Parameter PackageDescription:Radial Cap, Thru-Hole; 2 Leads; 0.3 in Pin Spacing from Part C46
Removed Parameter PackageDescription:Radial Cap, Thru-Hole; 2 Leads; 0.3 in Pin Spacing from Part C47
Removed Parameter PackageDescription:Radial Cap, Thru-Hole; 2 Leads; 0.3 in Pin Spacing from Part C48
Removed Parameter PackageDescription:Radial Cap, Thru-Hole; 2 Leads; 0.3 in Pin Spacing from Part C49
Removed Parameter PackageDescription:Radial Cap, Thru-Hole; 2 Leads; 0.3 in Pin Spacing from Part C50
Removed Parameter PackageDescription:Radial Cap, Thru-Hole; 2 Leads; 0.3 in Pin Spacing from Part C51
Removed Parameter PackageDescription:Radial Cap, Thru-Hole; 2 Leads; 0.3 in Pin Spacing from Part C52
Removed Parameter PackageDescription:Radial Cap, Thru-Hole; 2 Leads; 0.3 in Pin Spacing from Part C53
Removed Parameter PackageDescription:Radial Cap, Thru-Hole; 2 Leads; 0.3 in Pin Spacing from Part C54
Removed Parameter PackageDescription:Radial Cap, Thru-Hole; 2 Leads; 0.3 in Pin Spacing from Part C55
Removed Parameter PackageDescription:Radial Cap, Thru-Hole; 2 Leads; 0.3 in Pin Spacing from Part C56
Removed Parameter PackageReference:AXIAL-0.3 from Part R33
Removed Parameter PackageReference:AXIAL-0.3 from Part R34
Removed Parameter PackageReference:AXIAL-0.3 from Part R35
Removed Parameter PackageReference:AXIAL-0.3 from Part R36
Removed Parameter PackageReference:RAD-0.3 from Part C42
Removed Parameter PackageReference:RAD-0.3 from Part C43
Removed Parameter PackageReference:RAD-0.3 from Part C45
Removed Parameter PackageReference:RAD-0.3 from Part C46
Removed Parameter PackageReference:RAD-0.3 from Part C47
Removed Parameter PackageReference:RAD-0.3 from Part C48
Removed Parameter PackageReference:RAD-0.3 from Part C49
Removed Parameter PackageReference:RAD-0.3 from Part C50
Removed Parameter PackageReference:RAD-0.3 from Part C51
Removed Parameter PackageReference:RAD-0.3 from Part C52
Removed Parameter PackageReference:RAD-0.3 from Part C53
Removed Parameter PackageReference:RAD-0.3 from Part C54
Removed Parameter PackageReference:RAD-0.3 from Part C55
Removed Parameter PackageReference:RAD-0.3 from Part C56
Removed Parameter Published:8-Jun-2000 from Part C42
Removed Parameter Published:8-Jun-2000 from Part C43
Removed Parameter Published:8-Jun-2000 from Part C45
Removed Parameter Published:8-Jun-2000 from Part C46
Removed Parameter Published:8-Jun-2000 from Part C47
Removed Parameter Published:8-Jun-2000 from Part C48
Removed Parameter Published:8-Jun-2000 from Part C49
Removed Parameter Published:8-Jun-2000 from Part C50
Removed Parameter Published:8-Jun-2000 from Part C51
Removed Parameter Published:8-Jun-2000 from Part C52
Removed Parameter Published:8-Jun-2000 from Part C53
Removed Parameter Published:8-Jun-2000 from Part C54
Removed Parameter Published:8-Jun-2000 from Part C55
Removed Parameter Published:8-Jun-2000 from Part C56
Removed Parameter Published:8-Jun-2000 from Part R33
Removed Parameter Published:8-Jun-2000 from Part R34
Removed Parameter Published:8-Jun-2000 from Part R35
Removed Parameter Published:8-Jun-2000 from Part R36
Removed Parameter Publisher:Altium Limited from Part C42
Removed Parameter Publisher:Altium Limited from Part C43
Removed Parameter Publisher:Altium Limited from Part C45
Removed Parameter Publisher:Altium Limited from Part C46
Removed Parameter Publisher:Altium Limited from Part C47
Removed Parameter Publisher:Altium Limited from Part C48
Removed Parameter Publisher:Altium Limited from Part C49
Removed Parameter Publisher:Altium Limited from Part C50
Removed Parameter Publisher:Altium Limited from Part C51
Removed Parameter Publisher:Altium Limited from Part C52
Removed Parameter Publisher:Altium Limited from Part C53
Removed Parameter Publisher:Altium Limited from Part C54
Removed Parameter Publisher:Altium Limited from Part C55
Removed Parameter Publisher:Altium Limited from Part C56
Removed Parameter Publisher:Altium Limited from Part P2
Removed Parameter Publisher:Altium Limited from Part R33
Removed Parameter Publisher:Altium Limited from Part R34
Removed Parameter Publisher:Altium Limited from Part R35
Removed Parameter Publisher:Altium Limited from Part R36
Added Parameter Mfr= to Part C42
Added Parameter Mfr= to Part C43
Added Parameter Mfr= to Part C44
Added Parameter Mfr= to Part C45
Added Parameter Mfr= to Part C46
Added Parameter Mfr= to Part C47
Added Parameter Mfr= to Part C48
Added Parameter Mfr= to Part C49
Added Parameter Mfr= to Part C50
Added Parameter Mfr= to Part C51
Added Parameter Mfr= to Part C52
Added Parameter Mfr= to Part C53
Added Parameter Mfr= to Part C54
Added Parameter Mfr= to Part C55
Added Parameter Mfr= to Part C56
Added Parameter Mfr= to Part D5
Added Parameter Mfr= to Part D6
Added Parameter Mfr= to Part P2
Added Parameter Mfr= to Part R33
Added Parameter Mfr= to Part R34
Added Parameter Mfr= to Part R35
Added Parameter Mfr= to Part R36
Added Parameter Mfr= to Part R37
Added Parameter Mfr= to Part U6
Added Parameter Mfr= to Part U7
Added Parameter Mfr= to Part U11
Added Parameter Mfr= to Part U12
Added Parameter Mfr= to Part U?
Added Parameter Mfr= to Part U?
Added Parameter Mfr= to Part U?
Added Parameter Mfr Part No= to Part C42
Added Parameter Mfr Part No= to Part C43
Added Parameter Mfr Part No= to Part C45
Added Parameter Mfr Part No= to Part C46
Added Parameter Mfr Part No= to Part C47
Added Parameter Mfr Part No= to Part C48
Added Parameter Mfr Part No= to Part C49
Added Parameter Mfr Part No= to Part C50
Added Parameter Mfr Part No= to Part C51
Added Parameter Mfr Part No= to Part C52
Added Parameter Mfr Part No= to Part C53
Added Parameter Mfr Part No= to Part C54
Added Parameter Mfr Part No= to Part C55
Added Parameter Mfr Part No= to Part C56
Added Parameter Mfr Part No= to Part P2
Added Parameter Mfr Part No= to Part R33
Added Parameter Mfr Part No= to Part R34
Added Parameter Mfr Part No= to Part R35
Added Parameter Mfr Part No= to Part R36
Added Parameter Mfr Part No= to Part U6
Added Parameter Mfr Part No= to Part U7
Added Parameter Mfr Part No= to Part U11
Added Parameter Mfr Part No= to Part U?
Added Parameter Mfr Part No= to Part U?
Added Parameter Mfr Part No= to Part U?
Added Parameter Package= to Part C42
Added Parameter Package= to Part C43
Added Parameter Package= to Part C45
Added Parameter Package= to Part C46
Added Parameter Package= to Part C47
Added Parameter Package= to Part C48
Added Parameter Package= to Part C49
Added Parameter Package= to Part C50
Added Parameter Package= to Part C51
Added Parameter Package= to Part C52
Added Parameter Package= to Part C53
Added Parameter Package= to Part C54
Added Parameter Package= to Part C55
Added Parameter Package= to Part C56
Added Parameter Package= to Part P2
Added Parameter Package= to Part R33
Added Parameter Package= to Part R34
Added Parameter Package= to Part R35
Added Parameter Package= to Part R36
Added Parameter Package= to Part U6
Added Parameter Package= to Part U7
Added Parameter Package= to Part U11
Added Parameter Package= to Part U?
Added Parameter Package= to Part U?
Added Parameter Package= to Part U?
Added Parameter Price= to Part C42
Added Parameter Price= to Part C43
Added Parameter Price= to Part C45
Added Parameter Price= to Part C46
Added Parameter Price= to Part C47
Added Parameter Price= to Part C48
Added Parameter Price= to Part C49
Added Parameter Price= to Part C50
Added Parameter Price= to Part C51
Added Parameter Price= to Part C52
Added Parameter Price= to Part C53
Added Parameter Price= to Part C54
Added Parameter Price= to Part C55
Added Parameter Price= to Part C56
Added Parameter Price= to Part P2
Added Parameter Price= to Part R33
Added Parameter Price= to Part R34
Added Parameter Price= to Part R35
Added Parameter Price= to Part R36
Added Parameter Price= to Part U6
Added Parameter Price= to Part U7
Added Parameter Price= to Part U11
Added Parameter Price= to Part U?
Added Parameter Price= to Part U?
Added Parameter Price= to Part U?
Added Parameter Stockiest=MOUSER to Part C42
Added Parameter Stockiest=MOUSER to Part C43
Added Parameter Stockiest=MOUSER to Part C45
Added Parameter Stockiest=MOUSER to Part C46
Added Parameter Stockiest=MOUSER to Part C47
Added Parameter Stockiest=MOUSER to Part C48
Added Parameter Stockiest=MOUSER to Part C49
Added Parameter Stockiest=MOUSER to Part C50
Added Parameter Stockiest=MOUSER to Part C51
Added Parameter Stockiest=MOUSER to Part C52
Added Parameter Stockiest=MOUSER to Part C53
Added Parameter Stockiest=MOUSER to Part C54
Added Parameter Stockiest=MOUSER to Part C55
Added Parameter Stockiest=MOUSER to Part C56
Added Parameter Stockiest=MOUSER to Part P2
Added Parameter Stockiest=MOUSER to Part R33
Added Parameter Stockiest=MOUSER to Part R34
Added Parameter Stockiest=MOUSER to Part R35
Added Parameter Stockiest=MOUSER to Part R36
Added Parameter Stockiest=MOUSER to Part U6
Added Parameter Stockiest=MOUSER to Part U7
Added Parameter Stockiest=MOUSER to Part U11
Added Parameter Stockiest=MOUSER to Part U?
Added Parameter Stockiest=MOUSER to Part U?
Added Parameter Stockiest=MOUSER to Part U?
Added Parameter Stockiest Part No= to Part C42
Added Parameter Stockiest Part No= to Part C43
Added Parameter Stockiest Part No= to Part C45
Added Parameter Stockiest Part No= to Part C46
Added Parameter Stockiest Part No= to Part C47
Added Parameter Stockiest Part No= to Part C48
Added Parameter Stockiest Part No= to Part C49
Added Parameter Stockiest Part No= to Part C50
Added Parameter Stockiest Part No= to Part C51
Added Parameter Stockiest Part No= to Part C52
Added Parameter Stockiest Part No= to Part C53
Added Parameter Stockiest Part No= to Part C54
Added Parameter Stockiest Part No= to Part C55
Added Parameter Stockiest Part No= to Part C56
Added Parameter Stockiest Part No= to Part P2
Added Parameter Stockiest Part No= to Part R33
Added Parameter Stockiest Part No= to Part R34
Added Parameter Stockiest Part No= to Part R35
Added Parameter Stockiest Part No= to Part R36
Added Parameter Stockiest Part No= to Part U6
Added Parameter Stockiest Part No= to Part U7
Added Parameter Stockiest Part No= to Part U11
Added Parameter Stockiest Part No= to Part U?
Added Parameter Stockiest Part No= to Part U?
Added Parameter Stockiest Part No= to Part U?
Added Parameter Value= to Part P2
Added Parameter Value= to Part U6
Added Parameter Value= to Part U7
Added Parameter Value= to Part U11
Added Parameter Value= to Part U?
Added Parameter Value= to Part U?
Added Parameter Value= to Part U?
