Removed Parameter Arrow Part Number: from Part U10
Removed Parameter Arrow Price/Stock: from Part U10
Removed Parameter Datasheet Link:https://www.mouser.com/datasheet/2/891/esp32-wroom-32e_esp32-wroom-32ue_datasheet_en-1855879.pdf from Part U10
Removed Parameter Height:3.25mm from Part U10
Removed Parameter LatestRevisionDate:17-Jul-2002 from Part C35
Removed Parameter LatestRevisionDate:17-Jul-2002 from Part C36
Removed Parameter LatestRevisionDate:17-Jul-2002 from Part C37
Removed Parameter LatestRevisionDate:17-Jul-2002 from Part R30
Removed Parameter LatestRevisionDate:17-Jul-2002 from Part R38
Removed Parameter LatestRevisionDate:17-Jul-2002 from Part R39
Removed Parameter LatestRevisionDate:17-Jul-2002 from Part R40
Removed Parameter LatestRevisionDate:17-Jul-2002 from Part R41
Removed Parameter LatestRevisionDate:17-Jul-2002 from Part R42
Removed Parameter LatestRevisionNote:Re-released for DXP Platform. from Part C35
Removed Parameter LatestRevisionNote:Re-released for DXP Platform. from Part C36
Removed Parameter LatestRevisionNote:Re-released for DXP Platform. from Part C37
Removed Parameter LatestRevisionNote:Re-released for DXP Platform. from Part R30
Removed Parameter LatestRevisionNote:Re-released for DXP Platform. from Part R38
Removed Parameter LatestRevisionNote:Re-released for DXP Platform. from Part R39
Removed Parameter LatestRevisionNote:Re-released for DXP Platform. from Part R40
Removed Parameter LatestRevisionNote:Re-released for DXP Platform. from Part R41
Removed Parameter LatestRevisionNote:Re-released for DXP Platform. from Part R42
Removed Parameter Manufacturer_Name:Espressif Systems from Part U10
Removed Parameter Manufacturer_Part_Number:ESP32-WROOM-32E(M113EH3200PH3Q0) from Part U10
Removed Parameter Mouser Part Number:356-ESP32WRM32E132PH from Part U10
Removed Parameter Mouser Price/Stock:https://www.mouser.co.uk/ProductDetail/Espressif-Systems/ESP32-WROOM-32EM113EH3200PH3Q0/?qs=vHuUswq2%252Bsx8Xcp7bzmaHA%3D%3D from Part U10
Removed Parameter PackageDescription:Axial Device, Thru-Hole; 2 Leads; 0.3 in Pin Spacing from Part R30
Removed Parameter PackageDescription:Axial Device, Thru-Hole; 2 Leads; 0.3 in Pin Spacing from Part R38
Removed Parameter PackageDescription:Axial Device, Thru-Hole; 2 Leads; 0.3 in Pin Spacing from Part R39
Removed Parameter PackageDescription:Axial Device, Thru-Hole; 2 Leads; 0.3 in Pin Spacing from Part R40
Removed Parameter PackageDescription:Axial Device, Thru-Hole; 2 Leads; 0.3 in Pin Spacing from Part R41
Removed Parameter PackageDescription:Axial Device, Thru-Hole; 2 Leads; 0.3 in Pin Spacing from Part R42
Removed Parameter PackageDescription:Radial Cap, Thru-Hole; 2 Leads; 0.3 in Pin Spacing from Part C35
Removed Parameter PackageDescription:Radial Cap, Thru-Hole; 2 Leads; 0.3 in Pin Spacing from Part C36
Removed Parameter PackageDescription:Radial Cap, Thru-Hole; 2 Leads; 0.3 in Pin Spacing from Part C37
Removed Parameter PackageReference:AXIAL-0.3 from Part R30
Removed Parameter PackageReference:AXIAL-0.3 from Part R38
Removed Parameter PackageReference:AXIAL-0.3 from Part R39
Removed Parameter PackageReference:AXIAL-0.3 from Part R40
Removed Parameter PackageReference:AXIAL-0.3 from Part R41
Removed Parameter PackageReference:AXIAL-0.3 from Part R42
Removed Parameter PackageReference:RAD-0.3 from Part C35
Removed Parameter PackageReference:RAD-0.3 from Part C36
Removed Parameter PackageReference:RAD-0.3 from Part C37
Removed Parameter Published:8-Jun-2000 from Part C35
Removed Parameter Published:8-Jun-2000 from Part C36
Removed Parameter Published:8-Jun-2000 from Part C37
Removed Parameter Published:8-Jun-2000 from Part R30
Removed Parameter Published:8-Jun-2000 from Part R38
Removed Parameter Published:8-Jun-2000 from Part R39
Removed Parameter Published:8-Jun-2000 from Part R40
Removed Parameter Published:8-Jun-2000 from Part R41
Removed Parameter Published:8-Jun-2000 from Part R42
Removed Parameter Publisher:Altium Limited from Part C35
Removed Parameter Publisher:Altium Limited from Part C36
Removed Parameter Publisher:Altium Limited from Part C37
Removed Parameter Publisher:Altium Limited from Part R30
Removed Parameter Publisher:Altium Limited from Part R38
Removed Parameter Publisher:Altium Limited from Part R39
Removed Parameter Publisher:Altium Limited from Part R40
Removed Parameter Publisher:Altium Limited from Part R41
Removed Parameter Publisher:Altium Limited from Part R42
Added Parameter Mfr= to Part C35
Added Parameter Mfr= to Part C36
Added Parameter Mfr= to Part C37
Added Parameter Mfr= to Part R30
Added Parameter Mfr= to Part R38
Added Parameter Mfr= to Part R39
Added Parameter Mfr= to Part R40
Added Parameter Mfr= to Part R41
Added Parameter Mfr= to Part R42
Added Parameter Mfr= to Part U10
Added Parameter Mfr Part No= to Part C35
Added Parameter Mfr Part No= to Part C36
Added Parameter Mfr Part No= to Part C37
Added Parameter Mfr Part No= to Part R30
Added Parameter Mfr Part No= to Part R38
Added Parameter Mfr Part No= to Part R39
Added Parameter Mfr Part No= to Part R40
Added Parameter Mfr Part No= to Part R41
Added Parameter Mfr Part No= to Part R42
Added Parameter Mfr Part No= to Part U10
Added Parameter Package= to Part C35
Added Parameter Package= to Part C36
Added Parameter Package= to Part C37
Added Parameter Package= to Part R30
Added Parameter Package= to Part R38
Added Parameter Package= to Part R39
Added Parameter Package= to Part R40
Added Parameter Package= to Part R41
Added Parameter Package= to Part R42
Added Parameter Package= to Part U10
Added Parameter Price= to Part C35
Added Parameter Price= to Part C36
Added Parameter Price= to Part C37
Added Parameter Price= to Part R30
Added Parameter Price= to Part R38
Added Parameter Price= to Part R39
Added Parameter Price= to Part R40
Added Parameter Price= to Part R41
Added Parameter Price= to Part R42
Added Parameter Price= to Part U10
Added Parameter Stockiest=MOUSER to Part C35
Added Parameter Stockiest=MOUSER to Part C36
Added Parameter Stockiest=MOUSER to Part C37
Added Parameter Stockiest=MOUSER to Part R30
Added Parameter Stockiest=MOUSER to Part R38
Added Parameter Stockiest=MOUSER to Part R39
Added Parameter Stockiest=MOUSER to Part R40
Added Parameter Stockiest=MOUSER to Part R41
Added Parameter Stockiest=MOUSER to Part R42
Added Parameter Stockiest=MOUSER to Part U10
Added Parameter Stockiest Part No= to Part C35
Added Parameter Stockiest Part No= to Part C36
Added Parameter Stockiest Part No= to Part C37
Added Parameter Stockiest Part No= to Part R30
Added Parameter Stockiest Part No= to Part R38
Added Parameter Stockiest Part No= to Part R39
Added Parameter Stockiest Part No= to Part R40
Added Parameter Stockiest Part No= to Part R41
Added Parameter Stockiest Part No= to Part R42
Added Parameter Stockiest Part No= to Part U10
Added Parameter Value= to Part U10
